[0.076s] Invoking command in '/home/kanika/kanika/build/turtlebot3_description': CMAKE_PREFIX_PATH=${CMAKE_PREFIX_PATH}:/home/kanika/tb3_ws/install/turtlebot3_teleop:/home/kanika/tb3_ws/install/turtlebot3_example:/opt/ros/jazzy /usr/bin/cmake /home/kanika/kanika/src/turtlebot3/turtlebot3_description -DCMAKE_INSTALL_PREFIX=/home/kanika/kanika/install/turtlebot3_description
[0.496s] -- The C compiler identification is GNU 13.3.0
[1.098s] -- The CXX compiler identification is GNU 13.3.0
[1.587s] -- Detecting C compiler ABI info
[1.943s] -- Detecting C compiler ABI info - done
[1.961s] -- Check for working C compiler: /usr/bin/cc - skipped
[1.962s] -- Detecting C compile features
[1.963s] -- Detecting C compile features - done
[2.084s] -- Detecting CXX compiler ABI info
[2.484s] -- Detecting CXX compiler ABI info - done
[2.497s] -- Check for working CXX compiler: /usr/bin/c++ - skipped
[2.498s] -- Detecting CXX compile features
[2.499s] -- Detecting CXX compile features - done
[2.532s] -- Found ament_cmake: 2.5.5 (/opt/ros/jazzy/share/ament_cmake/cmake)
[2.843s] -- Found Python3: /usr/bin/python3 (found version "3.12.3") found components: Interpreter 
[3.115s] -- Found urdf: 2.10.0 (/opt/ros/jazzy/share/urdf/cmake)
[3.532s] -- Found TinyXML2 via Config file: /usr/lib/x86_64-linux-gnu/cmake/tinyxml2
[3.705s] -- Configuring done (3.6s)
[3.710s] -- Generating done (0.0s)
[3.712s] -- Build files have been written to: /home/kanika/kanika/build/turtlebot3_description
[3.729s] Invoked command in '/home/kanika/kanika/build/turtlebot3_description' returned '0': CMAKE_PREFIX_PATH=${CMAKE_PREFIX_PATH}:/home/kanika/tb3_ws/install/turtlebot3_teleop:/home/kanika/tb3_ws/install/turtlebot3_example:/opt/ros/jazzy /usr/bin/cmake /home/kanika/kanika/src/turtlebot3/turtlebot3_description -DCMAKE_INSTALL_PREFIX=/home/kanika/kanika/install/turtlebot3_description
[3.731s] Invoking command in '/home/kanika/kanika/build/turtlebot3_description': CMAKE_PREFIX_PATH=${CMAKE_PREFIX_PATH}:/home/kanika/tb3_ws/install/turtlebot3_teleop:/home/kanika/tb3_ws/install/turtlebot3_example:/opt/ros/jazzy /usr/bin/cmake --build /home/kanika/kanika/build/turtlebot3_description -- -j8 -l8
[3.787s] Invoked command in '/home/kanika/kanika/build/turtlebot3_description' returned '0': CMAKE_PREFIX_PATH=${CMAKE_PREFIX_PATH}:/home/kanika/tb3_ws/install/turtlebot3_teleop:/home/kanika/tb3_ws/install/turtlebot3_example:/opt/ros/jazzy /usr/bin/cmake --build /home/kanika/kanika/build/turtlebot3_description -- -j8 -l8
[3.789s] Invoking command in '/home/kanika/kanika/build/turtlebot3_description': CMAKE_PREFIX_PATH=${CMAKE_PREFIX_PATH}:/home/kanika/tb3_ws/install/turtlebot3_teleop:/home/kanika/tb3_ws/install/turtlebot3_example:/opt/ros/jazzy /usr/bin/cmake --install /home/kanika/kanika/build/turtlebot3_description
[3.799s] -- Install configuration: ""
[3.799s] -- Installing: /home/kanika/kanika/install/turtlebot3_description/share/turtlebot3_description/meshes
[3.800s] -- Installing: /home/kanika/kanika/install/turtlebot3_description/share/turtlebot3_description/meshes/sensors
[3.801s] -- Installing: /home/kanika/kanika/install/turtlebot3_description/share/turtlebot3_description/meshes/sensors/r200.dae
[3.801s] -- Installing: /home/kanika/kanika/install/turtlebot3_description/share/turtlebot3_description/meshes/sensors/lds.stl
[3.802s] -- Installing: /home/kanika/kanika/install/turtlebot3_description/share/turtlebot3_description/meshes/sensors/r200.jpg
[3.803s] -- Installing: /home/kanika/kanika/install/turtlebot3_description/share/turtlebot3_description/meshes/sensors/astra.dae
[3.811s] -- Installing: /home/kanika/kanika/install/turtlebot3_description/share/turtlebot3_description/meshes/sensors/astra.jpg
[3.811s] -- Installing: /home/kanika/kanika/install/turtlebot3_description/share/turtlebot3_description/meshes/bases
[3.811s] -- Installing: /home/kanika/kanika/install/turtlebot3_description/share/turtlebot3_description/meshes/bases/waffle_pi_base.stl
[3.823s] -- Installing: /home/kanika/kanika/install/turtlebot3_description/share/turtlebot3_description/meshes/bases/burger_base.stl
[3.827s] -- Installing: /home/kanika/kanika/install/turtlebot3_description/share/turtlebot3_description/meshes/bases/waffle_base.stl
[3.846s] -- Installing: /home/kanika/kanika/install/turtlebot3_description/share/turtlebot3_description/meshes/wheels
[3.846s] -- Installing: /home/kanika/kanika/install/turtlebot3_description/share/turtlebot3_description/meshes/wheels/right_tire.stl
[3.848s] -- Installing: /home/kanika/kanika/install/turtlebot3_description/share/turtlebot3_description/meshes/wheels/left_tire.stl
[3.849s] -- Installing: /home/kanika/kanika/install/turtlebot3_description/share/turtlebot3_description/rviz
[3.850s] -- Installing: /home/kanika/kanika/install/turtlebot3_description/share/turtlebot3_description/rviz/model.rviz
[3.851s] -- Installing: /home/kanika/kanika/install/turtlebot3_description/share/turtlebot3_description/urdf
[3.851s] -- Installing: /home/kanika/kanika/install/turtlebot3_description/share/turtlebot3_description/urdf/turtlebot3_waffle.urdf
[3.852s] -- Installing: /home/kanika/kanika/install/turtlebot3_description/share/turtlebot3_description/urdf/common_properties.urdf
[3.852s] -- Installing: /home/kanika/kanika/install/turtlebot3_description/share/turtlebot3_description/urdf/turtlebot3_waffle_pi.urdf
[3.852s] -- Installing: /home/kanika/kanika/install/turtlebot3_description/share/turtlebot3_description/urdf/turtlebot3_burger.urdf
[3.853s] -- Installing: /home/kanika/kanika/install/turtlebot3_description/share/ament_index/resource_index/package_run_dependencies/turtlebot3_description
[3.854s] -- Installing: /home/kanika/kanika/install/turtlebot3_description/share/ament_index/resource_index/parent_prefix_path/turtlebot3_description
[3.854s] -- Installing: /home/kanika/kanika/install/turtlebot3_description/share/turtlebot3_description/environment/ament_prefix_path.sh
[3.854s] -- Installing: /home/kanika/kanika/install/turtlebot3_description/share/turtlebot3_description/environment/ament_prefix_path.dsv
[3.854s] -- Installing: /home/kanika/kanika/install/turtlebot3_description/share/turtlebot3_description/environment/path.sh
[3.855s] -- Installing: /home/kanika/kanika/install/turtlebot3_description/share/turtlebot3_description/environment/path.dsv
[3.855s] -- Installing: /home/kanika/kanika/install/turtlebot3_description/share/turtlebot3_description/local_setup.bash
[3.855s] -- Installing: /home/kanika/kanika/install/turtlebot3_description/share/turtlebot3_description/local_setup.sh
[3.855s] -- Installing: /home/kanika/kanika/install/turtlebot3_description/share/turtlebot3_description/local_setup.zsh
[3.856s] -- Installing: /home/kanika/kanika/install/turtlebot3_description/share/turtlebot3_description/local_setup.dsv
[3.856s] -- Installing: /home/kanika/kanika/install/turtlebot3_description/share/turtlebot3_description/package.dsv
[3.856s] -- Installing: /home/kanika/kanika/install/turtlebot3_description/share/ament_index/resource_index/packages/turtlebot3_description
[3.856s] -- Installing: /home/kanika/kanika/install/turtlebot3_description/share/turtlebot3_description/cmake/turtlebot3_descriptionConfig.cmake
[3.857s] -- Installing: /home/kanika/kanika/install/turtlebot3_description/share/turtlebot3_description/cmake/turtlebot3_descriptionConfig-version.cmake
[3.857s] -- Installing: /home/kanika/kanika/install/turtlebot3_description/share/turtlebot3_description/package.xml
[3.860s] Invoked command in '/home/kanika/kanika/build/turtlebot3_description' returned '0': CMAKE_PREFIX_PATH=${CMAKE_PREFIX_PATH}:/home/kanika/tb3_ws/install/turtlebot3_teleop:/home/kanika/tb3_ws/install/turtlebot3_example:/opt/ros/jazzy /usr/bin/cmake --install /home/kanika/kanika/build/turtlebot3_description
