[0.106s] Invoking command in '/home/kanika/kanika/build/turtlebot3_description': CMAKE_PREFIX_PATH=${CMAKE_PREFIX_PATH}:/home/kanika/kanika/install/turtlebot3_teleop:/home/kanika/kanika/install/turtlebot3_example:/home/kanika/tb3_ws/install/turtlebot3_teleop:/home/kanika/tb3_ws/install/turtlebot3_example:/opt/ros/jazzy /usr/bin/cmake --build /home/kanika/kanika/build/turtlebot3_description -- -j8 -l8
[0.617s] -- Found ament_cmake: 2.5.5 (/opt/ros/jazzy/share/ament_cmake/cmake)
[0.754s] -- Override CMake install command with custom implementation using symlinks instead of copying resources
[0.816s] -- Found urdf: 2.10.0 (/opt/ros/jazzy/share/urdf/cmake)
[1.634s] -- Found TinyXML2 via Config file: /usr/lib/x86_64-linux-gnu/cmake/tinyxml2
[1.852s] -- Configuring done (1.6s)
[1.866s] -- Generating done (0.0s)
[1.872s] -- Build files have been written to: /home/kanika/kanika/build/turtlebot3_description
[2.237s] Invoked command in '/home/kanika/kanika/build/turtlebot3_description' returned '0': CMAKE_PREFIX_PATH=${CMAKE_PREFIX_PATH}:/home/kanika/kanika/install/turtlebot3_teleop:/home/kanika/kanika/install/turtlebot3_example:/home/kanika/tb3_ws/install/turtlebot3_teleop:/home/kanika/tb3_ws/install/turtlebot3_example:/opt/ros/jazzy /usr/bin/cmake --build /home/kanika/kanika/build/turtlebot3_description -- -j8 -l8
[2.238s] Invoking command in '/home/kanika/kanika/build/turtlebot3_description': CMAKE_PREFIX_PATH=${CMAKE_PREFIX_PATH}:/home/kanika/kanika/install/turtlebot3_teleop:/home/kanika/kanika/install/turtlebot3_example:/home/kanika/tb3_ws/install/turtlebot3_teleop:/home/kanika/tb3_ws/install/turtlebot3_example:/opt/ros/jazzy /usr/bin/cmake --install /home/kanika/kanika/build/turtlebot3_description
[2.253s] -- Install configuration: ""
[2.254s] -- Execute custom install script
[2.260s] -- Up-to-date symlink: /home/kanika/kanika/install/turtlebot3_description/share/turtlebot3_description/meshes/bases/burger_base.stl
[2.261s] -- Up-to-date symlink: /home/kanika/kanika/install/turtlebot3_description/share/turtlebot3_description/meshes/bases/waffle_base.stl
[2.261s] -- Up-to-date symlink: /home/kanika/kanika/install/turtlebot3_description/share/turtlebot3_description/meshes/bases/waffle_pi_base.stl
[2.262s] -- Up-to-date symlink: /home/kanika/kanika/install/turtlebot3_description/share/turtlebot3_description/meshes/sensors/astra.dae
[2.265s] -- Up-to-date symlink: /home/kanika/kanika/install/turtlebot3_description/share/turtlebot3_description/meshes/sensors/astra.jpg
[2.265s] -- Up-to-date symlink: /home/kanika/kanika/install/turtlebot3_description/share/turtlebot3_description/meshes/sensors/lds.stl
[2.267s] -- Up-to-date symlink: /home/kanika/kanika/install/turtlebot3_description/share/turtlebot3_description/meshes/sensors/r200.dae
[2.268s] -- Up-to-date symlink: /home/kanika/kanika/install/turtlebot3_description/share/turtlebot3_description/meshes/sensors/r200.jpg
[2.268s] -- Up-to-date symlink: /home/kanika/kanika/install/turtlebot3_description/share/turtlebot3_description/meshes/wheels/left_tire.stl
[2.271s] -- Up-to-date symlink: /home/kanika/kanika/install/turtlebot3_description/share/turtlebot3_description/meshes/wheels/right_tire.stl
[2.273s] -- Up-to-date symlink: /home/kanika/kanika/install/turtlebot3_description/share/turtlebot3_description/rviz/model.rviz
[2.275s] -- Up-to-date symlink: /home/kanika/kanika/install/turtlebot3_description/share/turtlebot3_description/urdf/common_properties.urdf
[2.279s] -- Up-to-date symlink: /home/kanika/kanika/install/turtlebot3_description/share/turtlebot3_description/urdf/turtlebot3_burger.urdf
[2.279s] -- Up-to-date symlink: /home/kanika/kanika/install/turtlebot3_description/share/turtlebot3_description/urdf/turtlebot3_waffle.urdf
[2.280s] -- Up-to-date symlink: /home/kanika/kanika/install/turtlebot3_description/share/turtlebot3_description/urdf/turtlebot3_waffle_pi.urdf
[2.280s] -- Up-to-date symlink: /home/kanika/kanika/install/turtlebot3_description/share/ament_index/resource_index/package_run_dependencies/turtlebot3_description
[2.283s] -- Up-to-date symlink: /home/kanika/kanika/install/turtlebot3_description/share/ament_index/resource_index/parent_prefix_path/turtlebot3_description
[2.288s] -- Up-to-date symlink: /home/kanika/kanika/install/turtlebot3_description/share/turtlebot3_description/environment/ament_prefix_path.sh
[2.288s] -- Up-to-date symlink: /home/kanika/kanika/install/turtlebot3_description/share/turtlebot3_description/environment/ament_prefix_path.dsv
[2.290s] -- Up-to-date symlink: /home/kanika/kanika/install/turtlebot3_description/share/turtlebot3_description/environment/path.sh
[2.290s] -- Up-to-date symlink: /home/kanika/kanika/install/turtlebot3_description/share/turtlebot3_description/environment/path.dsv
[2.291s] -- Up-to-date symlink: /home/kanika/kanika/install/turtlebot3_description/share/turtlebot3_description/local_setup.bash
[2.291s] -- Up-to-date symlink: /home/kanika/kanika/install/turtlebot3_description/share/turtlebot3_description/local_setup.sh
[2.292s] -- Up-to-date symlink: /home/kanika/kanika/install/turtlebot3_description/share/turtlebot3_description/local_setup.zsh
[2.295s] -- Up-to-date symlink: /home/kanika/kanika/install/turtlebot3_description/share/turtlebot3_description/local_setup.dsv
[2.295s] -- Symlinking: /home/kanika/kanika/install/turtlebot3_description/share/turtlebot3_description/package.dsv
[2.324s] -- Up-to-date symlink: /home/kanika/kanika/install/turtlebot3_description/share/ament_index/resource_index/packages/turtlebot3_description
[2.326s] -- Up-to-date symlink: /home/kanika/kanika/install/turtlebot3_description/share/turtlebot3_description/cmake/turtlebot3_descriptionConfig.cmake
[2.327s] -- Up-to-date symlink: /home/kanika/kanika/install/turtlebot3_description/share/turtlebot3_description/cmake/turtlebot3_descriptionConfig-version.cmake
[2.327s] -- Up-to-date symlink: /home/kanika/kanika/install/turtlebot3_description/share/turtlebot3_description/package.xml
[2.334s] Invoked command in '/home/kanika/kanika/build/turtlebot3_description' returned '0': CMAKE_PREFIX_PATH=${CMAKE_PREFIX_PATH}:/home/kanika/kanika/install/turtlebot3_teleop:/home/kanika/kanika/install/turtlebot3_example:/home/kanika/tb3_ws/install/turtlebot3_teleop:/home/kanika/tb3_ws/install/turtlebot3_example:/opt/ros/jazzy /usr/bin/cmake --install /home/kanika/kanika/build/turtlebot3_description
