[0.057s] Invoking command in '/home/kanika/kanika/build/turtlebot3_node': CMAKE_PREFIX_PATH=${CMAKE_PREFIX_PATH}:/home/kanika/tb3_ws/install/turtlebot3_teleop:/home/kanika/tb3_ws/install/turtlebot3_example:/opt/ros/jazzy /usr/bin/cmake /home/kanika/kanika/src/turtlebot3/turtlebot3_node -DCMAKE_INSTALL_PREFIX=/home/kanika/kanika/install/turtlebot3_node
[0.477s] -- The C compiler identification is GNU 13.3.0
[1.182s] -- The CXX compiler identification is GNU 13.3.0
[1.802s] -- Detecting C compiler ABI info
[2.087s] -- Detecting C compiler ABI info - done
[2.108s] -- Check for working C compiler: /usr/bin/cc - skipped
[2.108s] -- Detecting C compile features
[2.109s] -- Detecting C compile features - done
[2.178s] -- Detecting CXX compiler ABI info
[2.500s] -- Detecting CXX compiler ABI info - done
[2.517s] -- Check for working CXX compiler: /usr/bin/c++ - skipped
[2.518s] -- Detecting CXX compile features
[2.519s] -- Detecting CXX compile features - done
[2.529s] -- Found ament_cmake: 2.5.5 (/opt/ros/jazzy/share/ament_cmake/cmake)
[2.811s] -- Found Python3: /usr/bin/python3 (found version "3.12.3") found components: Interpreter 
[3.087s] -- Found dynamixel_sdk: 4.0.3 (/opt/ros/jazzy/share/dynamixel_sdk/cmake)
[3.100s] -- Found geometry_msgs: 5.3.6 (/opt/ros/jazzy/share/geometry_msgs/cmake)
[3.546s] -- Found rosidl_generator_c: 4.6.7 (/opt/ros/jazzy/share/rosidl_generator_c/cmake)
[3.587s] -- Found rosidl_generator_cpp: 4.6.7 (/opt/ros/jazzy/share/rosidl_generator_cpp/cmake)
[3.640s] -- Using all available rosidl_typesupport_c: rosidl_typesupport_fastrtps_c;rosidl_typesupport_introspection_c
[3.689s] -- Using all available rosidl_typesupport_cpp: rosidl_typesupport_fastrtps_cpp;rosidl_typesupport_introspection_cpp
[3.795s] -- Found message_filters: 4.11.10 (/opt/ros/jazzy/share/message_filters/cmake)
[3.949s] -- Found rmw_implementation_cmake: 7.3.3 (/opt/ros/jazzy/share/rmw_implementation_cmake/cmake)
[3.957s] -- Found rmw_fastrtps_cpp: 8.4.3 (/opt/ros/jazzy/share/rmw_fastrtps_cpp/cmake)
[4.119s] -- Found OpenSSL: /usr/lib/x86_64-linux-gnu/libcrypto.so (found version "3.0.13")  
[4.407s] -- Found FastRTPS: /opt/ros/jazzy/include (Required is at least version "2.13") 
[4.567s] -- Using RMW implementation 'rmw_fastrtps_cpp' as default
[4.903s] -- Found nav_msgs: 5.3.6 (/opt/ros/jazzy/share/nav_msgs/cmake)
[4.945s] -- Found sensor_msgs: 5.3.6 (/opt/ros/jazzy/share/sensor_msgs/cmake)
[5.018s] -- Found std_srvs: 5.3.6 (/opt/ros/jazzy/share/std_srvs/cmake)
[5.079s] -- Found tf2: 0.36.19 (/opt/ros/jazzy/share/tf2/cmake)
[5.104s] -- Found tf2_ros: 0.36.19 (/opt/ros/jazzy/share/tf2_ros/cmake)
[5.381s] -- Found turtlebot3_msgs: 2.4.0 (/opt/ros/jazzy/share/turtlebot3_msgs/cmake)
[5.603s] -- Configuring done (5.5s)
[5.640s] -- Generating done (0.0s)
[5.646s] -- Build files have been written to: /home/kanika/kanika/build/turtlebot3_node
[5.662s] Invoked command in '/home/kanika/kanika/build/turtlebot3_node' returned '0': CMAKE_PREFIX_PATH=${CMAKE_PREFIX_PATH}:/home/kanika/tb3_ws/install/turtlebot3_teleop:/home/kanika/tb3_ws/install/turtlebot3_example:/opt/ros/jazzy /usr/bin/cmake /home/kanika/kanika/src/turtlebot3/turtlebot3_node -DCMAKE_INSTALL_PREFIX=/home/kanika/kanika/install/turtlebot3_node
[5.663s] Invoking command in '/home/kanika/kanika/build/turtlebot3_node': CMAKE_PREFIX_PATH=${CMAKE_PREFIX_PATH}:/home/kanika/tb3_ws/install/turtlebot3_teleop:/home/kanika/tb3_ws/install/turtlebot3_example:/opt/ros/jazzy /usr/bin/cmake --build /home/kanika/kanika/build/turtlebot3_node -- -j8 -l8
[5.734s] [ 14%] [32mBuilding CXX object CMakeFiles/turtlebot3_node_lib.dir/src/devices/motor_power.cpp.o[0m
[5.734s] [ 14%] [32mBuilding CXX object CMakeFiles/turtlebot3_node_lib.dir/src/dynamixel_sdk_wrapper.cpp.o[0m
[5.734s] [ 21%] [32mBuilding CXX object CMakeFiles/turtlebot3_node_lib.dir/src/odometry.cpp.o[0m
[5.734s] [ 28%] [32mBuilding CXX object CMakeFiles/turtlebot3_node_lib.dir/src/devices/reset.cpp.o[0m
[5.735s] [ 35%] [32mBuilding CXX object CMakeFiles/turtlebot3_node_lib.dir/src/turtlebot3.cpp.o[0m
[5.737s] [ 50%] [32mBuilding CXX object CMakeFiles/turtlebot3_node_lib.dir/src/devices/sound.cpp.o[0m
[5.737s] [ 50%] [32mBuilding CXX object CMakeFiles/turtlebot3_node_lib.dir/src/diff_drive_controller.cpp.o[0m
[5.737s] [ 57%] [32mBuilding CXX object CMakeFiles/turtlebot3_node_lib.dir/src/sensors/battery_state.cpp.o[0m
[7.003s] [ 64%] [32mBuilding CXX object CMakeFiles/turtlebot3_node_lib.dir/src/sensors/imu.cpp.o[0m
[20.844s] [ 71%] [32mBuilding CXX object CMakeFiles/turtlebot3_node_lib.dir/src/sensors/joint_state.cpp.o[0m
[21.008s] [ 78%] [32mBuilding CXX object CMakeFiles/turtlebot3_node_lib.dir/src/sensors/sensor_state.cpp.o[0m
[44.707s] [ 85%] [32m[1mLinking CXX static library libturtlebot3_node_lib.a[0m
[45.297s] [ 85%] Built target turtlebot3_node_lib
[45.335s] [ 92%] [32mBuilding CXX object CMakeFiles/turtlebot3_ros.dir/src/node_main.cpp.o[0m
[51.947s] [100%] [32m[1mLinking CXX executable turtlebot3_ros[0m
[53.680s] [100%] Built target turtlebot3_ros
[53.697s] Invoked command in '/home/kanika/kanika/build/turtlebot3_node' returned '0': CMAKE_PREFIX_PATH=${CMAKE_PREFIX_PATH}:/home/kanika/tb3_ws/install/turtlebot3_teleop:/home/kanika/tb3_ws/install/turtlebot3_example:/opt/ros/jazzy /usr/bin/cmake --build /home/kanika/kanika/build/turtlebot3_node -- -j8 -l8
[53.699s] Invoking command in '/home/kanika/kanika/build/turtlebot3_node': CMAKE_PREFIX_PATH=${CMAKE_PREFIX_PATH}:/home/kanika/tb3_ws/install/turtlebot3_teleop:/home/kanika/tb3_ws/install/turtlebot3_example:/opt/ros/jazzy /usr/bin/cmake --install /home/kanika/kanika/build/turtlebot3_node
[53.710s] -- Install configuration: ""
[53.710s] -- Installing: /home/kanika/kanika/install/turtlebot3_node/share/turtlebot3_node/param
[53.711s] -- Installing: /home/kanika/kanika/install/turtlebot3_node/share/turtlebot3_node/param/waffle_pi.yaml
[53.711s] -- Installing: /home/kanika/kanika/install/turtlebot3_node/share/turtlebot3_node/param/waffle.yaml
[53.711s] -- Installing: /home/kanika/kanika/install/turtlebot3_node/share/turtlebot3_node/param/burger.yaml
[53.711s] -- Installing: /home/kanika/kanika/install/turtlebot3_node/lib/turtlebot3_node/turtlebot3_ros
[53.731s] -- Set non-toolchain portion of runtime path of "/home/kanika/kanika/install/turtlebot3_node/lib/turtlebot3_node/turtlebot3_ros" to ""
[53.732s] -- Installing: /home/kanika/kanika/install/turtlebot3_node/share/ament_index/resource_index/package_run_dependencies/turtlebot3_node
[53.733s] -- Installing: /home/kanika/kanika/install/turtlebot3_node/share/ament_index/resource_index/parent_prefix_path/turtlebot3_node
[53.733s] -- Installing: /home/kanika/kanika/install/turtlebot3_node/share/turtlebot3_node/environment/ament_prefix_path.sh
[53.733s] -- Installing: /home/kanika/kanika/install/turtlebot3_node/share/turtlebot3_node/environment/ament_prefix_path.dsv
[53.734s] -- Installing: /home/kanika/kanika/install/turtlebot3_node/share/turtlebot3_node/environment/path.sh
[53.734s] -- Installing: /home/kanika/kanika/install/turtlebot3_node/share/turtlebot3_node/environment/path.dsv
[53.734s] -- Installing: /home/kanika/kanika/install/turtlebot3_node/share/turtlebot3_node/local_setup.bash
[53.735s] -- Installing: /home/kanika/kanika/install/turtlebot3_node/share/turtlebot3_node/local_setup.sh
[53.735s] -- Installing: /home/kanika/kanika/install/turtlebot3_node/share/turtlebot3_node/local_setup.zsh
[53.735s] -- Installing: /home/kanika/kanika/install/turtlebot3_node/share/turtlebot3_node/local_setup.dsv
[53.735s] -- Installing: /home/kanika/kanika/install/turtlebot3_node/share/turtlebot3_node/package.dsv
[53.736s] -- Installing: /home/kanika/kanika/install/turtlebot3_node/share/ament_index/resource_index/packages/turtlebot3_node
[53.736s] -- Installing: /home/kanika/kanika/install/turtlebot3_node/share/turtlebot3_node/cmake/ament_cmake_export_dependencies-extras.cmake
[53.737s] -- Installing: /home/kanika/kanika/install/turtlebot3_node/share/turtlebot3_node/cmake/ament_cmake_export_include_directories-extras.cmake
[53.737s] -- Installing: /home/kanika/kanika/install/turtlebot3_node/share/turtlebot3_node/cmake/turtlebot3_nodeConfig.cmake
[53.737s] -- Installing: /home/kanika/kanika/install/turtlebot3_node/share/turtlebot3_node/cmake/turtlebot3_nodeConfig-version.cmake
[53.737s] -- Installing: /home/kanika/kanika/install/turtlebot3_node/share/turtlebot3_node/package.xml
[53.739s] Invoked command in '/home/kanika/kanika/build/turtlebot3_node' returned '0': CMAKE_PREFIX_PATH=${CMAKE_PREFIX_PATH}:/home/kanika/tb3_ws/install/turtlebot3_teleop:/home/kanika/tb3_ws/install/turtlebot3_example:/opt/ros/jazzy /usr/bin/cmake --install /home/kanika/kanika/build/turtlebot3_node
