-- Found ament_cmake: 2.5.5 (/opt/ros/jazzy/share/ament_cmake/cmake)
-- Override CMake install command with custom implementation using symlinks instead of copying resources
-- Found urdf: 2.10.0 (/opt/ros/jazzy/share/urdf/cmake)
-- Found TinyXML2 via Config file: /usr/lib/x86_64-linux-gnu/cmake/tinyxml2
-- Configuring done (0.8s)
-- Generating done (0.0s)
-- Build files have been written to: /home/kanika/kanika/build/turtlebot3_description
-- Install configuration: ""
-- Execute custom install script
-- Symlinking: /home/kanika/kanika/install/turtlebot3_description/share/turtlebot3_description/meshes/bases/burger_base.stl
-- Symlinking: /home/kanika/kanika/install/turtlebot3_description/share/turtlebot3_description/meshes/bases/waffle_base.stl
-- Symlinking: /home/kanika/kanika/install/turtlebot3_description/share/turtlebot3_description/meshes/bases/waffle_pi_base.stl
-- Symlinking: /home/kanika/kanika/install/turtlebot3_description/share/turtlebot3_description/meshes/sensors/astra.dae
-- Symlinking: /home/kanika/kanika/install/turtlebot3_description/share/turtlebot3_description/meshes/sensors/astra.jpg
-- Symlinking: /home/kanika/kanika/install/turtlebot3_description/share/turtlebot3_description/meshes/sensors/lds.stl
-- Symlinking: /home/kanika/kanika/install/turtlebot3_description/share/turtlebot3_description/meshes/sensors/r200.dae
-- Symlinking: /home/kanika/kanika/install/turtlebot3_description/share/turtlebot3_description/meshes/sensors/r200.jpg
-- Symlinking: /home/kanika/kanika/install/turtlebot3_description/share/turtlebot3_description/meshes/wheels/left_tire.stl
-- Symlinking: /home/kanika/kanika/install/turtlebot3_description/share/turtlebot3_description/meshes/wheels/right_tire.stl
-- Symlinking: /home/kanika/kanika/install/turtlebot3_description/share/turtlebot3_description/rviz/model.rviz
-- Symlinking: /home/kanika/kanika/install/turtlebot3_description/share/turtlebot3_description/urdf/common_properties.urdf
-- Symlinking: /home/kanika/kanika/install/turtlebot3_description/share/turtlebot3_description/urdf/turtlebot3_burger.urdf
-- Symlinking: /home/kanika/kanika/install/turtlebot3_description/share/turtlebot3_description/urdf/turtlebot3_waffle.urdf
-- Symlinking: /home/kanika/kanika/install/turtlebot3_description/share/turtlebot3_description/urdf/turtlebot3_waffle_pi.urdf
-- Symlinking: /home/kanika/kanika/install/turtlebot3_description/share/ament_index/resource_index/package_run_dependencies/turtlebot3_description
-- Symlinking: /home/kanika/kanika/install/turtlebot3_description/share/ament_index/resource_index/parent_prefix_path/turtlebot3_description
-- Symlinking: /home/kanika/kanika/install/turtlebot3_description/share/turtlebot3_description/environment/ament_prefix_path.sh
-- Symlinking: /home/kanika/kanika/install/turtlebot3_description/share/turtlebot3_description/environment/ament_prefix_path.dsv
-- Symlinking: /home/kanika/kanika/install/turtlebot3_description/share/turtlebot3_description/environment/path.sh
-- Symlinking: /home/kanika/kanika/install/turtlebot3_description/share/turtlebot3_description/environment/path.dsv
-- Symlinking: /home/kanika/kanika/install/turtlebot3_description/share/turtlebot3_description/local_setup.bash
-- Symlinking: /home/kanika/kanika/install/turtlebot3_description/share/turtlebot3_description/local_setup.sh
-- Symlinking: /home/kanika/kanika/install/turtlebot3_description/share/turtlebot3_description/local_setup.zsh
-- Symlinking: /home/kanika/kanika/install/turtlebot3_description/share/turtlebot3_description/local_setup.dsv
-- Symlinking: /home/kanika/kanika/install/turtlebot3_description/share/turtlebot3_description/package.dsv
-- Symlinking: /home/kanika/kanika/install/turtlebot3_description/share/ament_index/resource_index/packages/turtlebot3_description
-- Symlinking: /home/kanika/kanika/install/turtlebot3_description/share/turtlebot3_description/cmake/turtlebot3_descriptionConfig.cmake
-- Symlinking: /home/kanika/kanika/install/turtlebot3_description/share/turtlebot3_description/cmake/turtlebot3_descriptionConfig-version.cmake
-- Symlinking: /home/kanika/kanika/install/turtlebot3_description/share/turtlebot3_description/package.xml
