[2.521s] Invoking command in '/home/kanika/kanika/src/turtlebot3/turtlebot3_example': PYTHONPATH=/home/kanika/kanika/build/turtlebot3_example/prefix_override:/usr/lib/python3/dist-packages/colcon_core/task/python/colcon_distutils_commands:/home/kanika/kanika/install/turtlebot3_example/lib/python3.12/site-packages:${PYTHONPATH} /usr/bin/python3 -W ignore:setup.py install is deprecated -W ignore:easy_install command is deprecated setup.py egg_info --egg-base ../../../build/turtlebot3_example build --build-base /home/kanika/kanika/build/turtlebot3_example/build install --record /home/kanika/kanika/build/turtlebot3_example/install.log --single-version-externally-managed install_data
[3.034s] running egg_info
[3.035s] creating ../../../build/turtlebot3_example/turtlebot3_example.egg-info
[3.076s] writing ../../../build/turtlebot3_example/turtlebot3_example.egg-info/PKG-INFO
[3.076s] writing dependency_links to ../../../build/turtlebot3_example/turtlebot3_example.egg-info/dependency_links.txt
[3.077s] writing entry points to ../../../build/turtlebot3_example/turtlebot3_example.egg-info/entry_points.txt
[3.077s] writing requirements to ../../../build/turtlebot3_example/turtlebot3_example.egg-info/requires.txt
[3.077s] writing top-level names to ../../../build/turtlebot3_example/turtlebot3_example.egg-info/top_level.txt
[3.077s] writing manifest file '../../../build/turtlebot3_example/turtlebot3_example.egg-info/SOURCES.txt'
[3.173s] reading manifest file '../../../build/turtlebot3_example/turtlebot3_example.egg-info/SOURCES.txt'
[3.175s] writing manifest file '../../../build/turtlebot3_example/turtlebot3_example.egg-info/SOURCES.txt'
[3.176s] running build
[3.176s] running build_py
[3.177s] creating /home/kanika/kanika/build/turtlebot3_example/build
[3.177s] creating /home/kanika/kanika/build/turtlebot3_example/build/lib
[3.178s] creating /home/kanika/kanika/build/turtlebot3_example/build/lib/turtlebot3_example
[3.178s] copying turtlebot3_example/__init__.py -> /home/kanika/kanika/build/turtlebot3_example/build/lib/turtlebot3_example
[3.179s] creating /home/kanika/kanika/build/turtlebot3_example/build/lib/turtlebot3_example/turtlebot3_relative_move
[3.179s] copying turtlebot3_example/turtlebot3_relative_move/turtlebot3_relative_move.py -> /home/kanika/kanika/build/turtlebot3_example/build/lib/turtlebot3_example/turtlebot3_relative_move
[3.180s] copying turtlebot3_example/turtlebot3_relative_move/__init__.py -> /home/kanika/kanika/build/turtlebot3_example/build/lib/turtlebot3_example/turtlebot3_relative_move
[3.180s] creating /home/kanika/kanika/build/turtlebot3_example/build/lib/turtlebot3_example/turtlebot3_patrol
[3.180s] copying turtlebot3_example/turtlebot3_patrol/turtlebot3_patrol_server.py -> /home/kanika/kanika/build/turtlebot3_example/build/lib/turtlebot3_example/turtlebot3_patrol
[3.181s] copying turtlebot3_example/turtlebot3_patrol/turtlebot3_patrol_client.py -> /home/kanika/kanika/build/turtlebot3_example/build/lib/turtlebot3_example/turtlebot3_patrol
[3.181s] copying turtlebot3_example/turtlebot3_patrol/__init__.py -> /home/kanika/kanika/build/turtlebot3_example/build/lib/turtlebot3_example/turtlebot3_patrol
[3.181s] creating /home/kanika/kanika/build/turtlebot3_example/build/lib/turtlebot3_example/turtlebot3_absolute_move
[3.182s] copying turtlebot3_example/turtlebot3_absolute_move/turtlebot3_absolute_move.py -> /home/kanika/kanika/build/turtlebot3_example/build/lib/turtlebot3_example/turtlebot3_absolute_move
[3.182s] copying turtlebot3_example/turtlebot3_absolute_move/__init__.py -> /home/kanika/kanika/build/turtlebot3_example/build/lib/turtlebot3_example/turtlebot3_absolute_move
[3.183s] creating /home/kanika/kanika/build/turtlebot3_example/build/lib/turtlebot3_example/turtlebot3_interactive_marker
[3.183s] copying turtlebot3_example/turtlebot3_interactive_marker/turtlebot3_interactive_marker.py -> /home/kanika/kanika/build/turtlebot3_example/build/lib/turtlebot3_example/turtlebot3_interactive_marker
[3.184s] copying turtlebot3_example/turtlebot3_interactive_marker/__init__.py -> /home/kanika/kanika/build/turtlebot3_example/build/lib/turtlebot3_example/turtlebot3_interactive_marker
[3.184s] creating /home/kanika/kanika/build/turtlebot3_example/build/lib/turtlebot3_example/turtlebot3_obstacle_detection
[3.185s] copying turtlebot3_example/turtlebot3_obstacle_detection/turtlebot3_obstacle_detection.py -> /home/kanika/kanika/build/turtlebot3_example/build/lib/turtlebot3_example/turtlebot3_obstacle_detection
[3.185s] copying turtlebot3_example/turtlebot3_obstacle_detection/__init__.py -> /home/kanika/kanika/build/turtlebot3_example/build/lib/turtlebot3_example/turtlebot3_obstacle_detection
[3.186s] running install
[3.200s] running install_lib
[3.246s] creating /home/kanika/kanika/install/turtlebot3_example/lib/python3.12/site-packages/turtlebot3_example
[3.247s] creating /home/kanika/kanika/install/turtlebot3_example/lib/python3.12/site-packages/turtlebot3_example/turtlebot3_relative_move
[3.248s] copying /home/kanika/kanika/build/turtlebot3_example/build/lib/turtlebot3_example/turtlebot3_relative_move/turtlebot3_relative_move.py -> /home/kanika/kanika/install/turtlebot3_example/lib/python3.12/site-packages/turtlebot3_example/turtlebot3_relative_move
[3.249s] copying /home/kanika/kanika/build/turtlebot3_example/build/lib/turtlebot3_example/turtlebot3_relative_move/__init__.py -> /home/kanika/kanika/install/turtlebot3_example/lib/python3.12/site-packages/turtlebot3_example/turtlebot3_relative_move
[3.249s] creating /home/kanika/kanika/install/turtlebot3_example/lib/python3.12/site-packages/turtlebot3_example/turtlebot3_patrol
[3.249s] copying /home/kanika/kanika/build/turtlebot3_example/build/lib/turtlebot3_example/turtlebot3_patrol/turtlebot3_patrol_server.py -> /home/kanika/kanika/install/turtlebot3_example/lib/python3.12/site-packages/turtlebot3_example/turtlebot3_patrol
[3.249s] copying /home/kanika/kanika/build/turtlebot3_example/build/lib/turtlebot3_example/turtlebot3_patrol/turtlebot3_patrol_client.py -> /home/kanika/kanika/install/turtlebot3_example/lib/python3.12/site-packages/turtlebot3_example/turtlebot3_patrol
[3.250s] copying /home/kanika/kanika/build/turtlebot3_example/build/lib/turtlebot3_example/turtlebot3_patrol/__init__.py -> /home/kanika/kanika/install/turtlebot3_example/lib/python3.12/site-packages/turtlebot3_example/turtlebot3_patrol
[3.250s] creating /home/kanika/kanika/install/turtlebot3_example/lib/python3.12/site-packages/turtlebot3_example/turtlebot3_absolute_move
[3.250s] copying /home/kanika/kanika/build/turtlebot3_example/build/lib/turtlebot3_example/turtlebot3_absolute_move/turtlebot3_absolute_move.py -> /home/kanika/kanika/install/turtlebot3_example/lib/python3.12/site-packages/turtlebot3_example/turtlebot3_absolute_move
[3.251s] copying /home/kanika/kanika/build/turtlebot3_example/build/lib/turtlebot3_example/turtlebot3_absolute_move/__init__.py -> /home/kanika/kanika/install/turtlebot3_example/lib/python3.12/site-packages/turtlebot3_example/turtlebot3_absolute_move
[3.251s] creating /home/kanika/kanika/install/turtlebot3_example/lib/python3.12/site-packages/turtlebot3_example/turtlebot3_interactive_marker
[3.251s] copying /home/kanika/kanika/build/turtlebot3_example/build/lib/turtlebot3_example/turtlebot3_interactive_marker/turtlebot3_interactive_marker.py -> /home/kanika/kanika/install/turtlebot3_example/lib/python3.12/site-packages/turtlebot3_example/turtlebot3_interactive_marker
[3.251s] copying /home/kanika/kanika/build/turtlebot3_example/build/lib/turtlebot3_example/turtlebot3_interactive_marker/__init__.py -> /home/kanika/kanika/install/turtlebot3_example/lib/python3.12/site-packages/turtlebot3_example/turtlebot3_interactive_marker
[3.252s] creating /home/kanika/kanika/install/turtlebot3_example/lib/python3.12/site-packages/turtlebot3_example/turtlebot3_obstacle_detection
[3.252s] copying /home/kanika/kanika/build/turtlebot3_example/build/lib/turtlebot3_example/turtlebot3_obstacle_detection/turtlebot3_obstacle_detection.py -> /home/kanika/kanika/install/turtlebot3_example/lib/python3.12/site-packages/turtlebot3_example/turtlebot3_obstacle_detection
[3.253s] copying /home/kanika/kanika/build/turtlebot3_example/build/lib/turtlebot3_example/turtlebot3_obstacle_detection/__init__.py -> /home/kanika/kanika/install/turtlebot3_example/lib/python3.12/site-packages/turtlebot3_example/turtlebot3_obstacle_detection
[3.253s] copying /home/kanika/kanika/build/turtlebot3_example/build/lib/turtlebot3_example/__init__.py -> /home/kanika/kanika/install/turtlebot3_example/lib/python3.12/site-packages/turtlebot3_example
[3.253s] byte-compiling /home/kanika/kanika/install/turtlebot3_example/lib/python3.12/site-packages/turtlebot3_example/turtlebot3_relative_move/turtlebot3_relative_move.py to turtlebot3_relative_move.cpython-312.pyc
[3.253s] byte-compiling /home/kanika/kanika/install/turtlebot3_example/lib/python3.12/site-packages/turtlebot3_example/turtlebot3_relative_move/__init__.py to __init__.cpython-312.pyc
[3.254s] byte-compiling /home/kanika/kanika/install/turtlebot3_example/lib/python3.12/site-packages/turtlebot3_example/turtlebot3_patrol/turtlebot3_patrol_server.py to turtlebot3_patrol_server.cpython-312.pyc
[3.256s] byte-compiling /home/kanika/kanika/install/turtlebot3_example/lib/python3.12/site-packages/turtlebot3_example/turtlebot3_patrol/turtlebot3_patrol_client.py to turtlebot3_patrol_client.cpython-312.pyc
[3.257s] byte-compiling /home/kanika/kanika/install/turtlebot3_example/lib/python3.12/site-packages/turtlebot3_example/turtlebot3_patrol/__init__.py to __init__.cpython-312.pyc
[3.257s] byte-compiling /home/kanika/kanika/install/turtlebot3_example/lib/python3.12/site-packages/turtlebot3_example/turtlebot3_absolute_move/turtlebot3_absolute_move.py to turtlebot3_absolute_move.cpython-312.pyc
[3.259s] byte-compiling /home/kanika/kanika/install/turtlebot3_example/lib/python3.12/site-packages/turtlebot3_example/turtlebot3_absolute_move/__init__.py to __init__.cpython-312.pyc
[3.259s] byte-compiling /home/kanika/kanika/install/turtlebot3_example/lib/python3.12/site-packages/turtlebot3_example/turtlebot3_interactive_marker/turtlebot3_interactive_marker.py to turtlebot3_interactive_marker.cpython-312.pyc
[3.262s] byte-compiling /home/kanika/kanika/install/turtlebot3_example/lib/python3.12/site-packages/turtlebot3_example/turtlebot3_interactive_marker/__init__.py to __init__.cpython-312.pyc
[3.262s] byte-compiling /home/kanika/kanika/install/turtlebot3_example/lib/python3.12/site-packages/turtlebot3_example/turtlebot3_obstacle_detection/turtlebot3_obstacle_detection.py to turtlebot3_obstacle_detection.cpython-312.pyc
[3.263s] byte-compiling /home/kanika/kanika/install/turtlebot3_example/lib/python3.12/site-packages/turtlebot3_example/turtlebot3_obstacle_detection/__init__.py to __init__.cpython-312.pyc
[3.264s] byte-compiling /home/kanika/kanika/install/turtlebot3_example/lib/python3.12/site-packages/turtlebot3_example/__init__.py to __init__.cpython-312.pyc
[3.265s] running install_data
[3.265s] creating /home/kanika/kanika/install/turtlebot3_example/share/ament_index
[3.266s] creating /home/kanika/kanika/install/turtlebot3_example/share/ament_index/resource_index
[3.266s] creating /home/kanika/kanika/install/turtlebot3_example/share/ament_index/resource_index/packages
[3.267s] copying resource/turtlebot3_example -> /home/kanika/kanika/install/turtlebot3_example/share/ament_index/resource_index/packages
[3.267s] copying package.xml -> /home/kanika/kanika/install/turtlebot3_example/share/turtlebot3_example
[3.267s] running install_egg_info
[3.313s] Copying ../../../build/turtlebot3_example/turtlebot3_example.egg-info to /home/kanika/kanika/install/turtlebot3_example/lib/python3.12/site-packages/turtlebot3_example-2.3.6-py3.12.egg-info
[3.315s] running install_scripts
[3.585s] Installing turtlebot3_absolute_move script to /home/kanika/kanika/install/turtlebot3_example/lib/turtlebot3_example
[3.585s] Installing turtlebot3_interactive_marker script to /home/kanika/kanika/install/turtlebot3_example/lib/turtlebot3_example
[3.586s] Installing turtlebot3_obstacle_detection script to /home/kanika/kanika/install/turtlebot3_example/lib/turtlebot3_example
[3.586s] Installing turtlebot3_patrol_client script to /home/kanika/kanika/install/turtlebot3_example/lib/turtlebot3_example
[3.586s] Installing turtlebot3_patrol_server script to /home/kanika/kanika/install/turtlebot3_example/lib/turtlebot3_example
[3.586s] Installing turtlebot3_relative_move script to /home/kanika/kanika/install/turtlebot3_example/lib/turtlebot3_example
[3.587s] writing list of installed files to '/home/kanika/kanika/build/turtlebot3_example/install.log'
[3.640s] Invoked command in '/home/kanika/kanika/src/turtlebot3/turtlebot3_example' returned '0': PYTHONPATH=/home/kanika/kanika/build/turtlebot3_example/prefix_override:/usr/lib/python3/dist-packages/colcon_core/task/python/colcon_distutils_commands:/home/kanika/kanika/install/turtlebot3_example/lib/python3.12/site-packages:${PYTHONPATH} /usr/bin/python3 -W ignore:setup.py install is deprecated -W ignore:easy_install command is deprecated setup.py egg_info --egg-base ../../../build/turtlebot3_example build --build-base /home/kanika/kanika/build/turtlebot3_example/build install --record /home/kanika/kanika/build/turtlebot3_example/install.log --single-version-externally-managed install_data
