[0.083s] Invoking command in '/home/kanika/kanika/build/turtlebot3_cartographer': CMAKE_PREFIX_PATH=${CMAKE_PREFIX_PATH}:/home/kanika/kanika/install/turtlebot3_teleop:/home/kanika/kanika/install/turtlebot3_example:/home/kanika/tb3_ws/install/turtlebot3_teleop:/home/kanika/tb3_ws/install/turtlebot3_example:/opt/ros/jazzy /usr/bin/cmake --build /home/kanika/kanika/build/turtlebot3_cartographer -- -j8 -l8
[0.579s] -- Found ament_cmake: 2.5.5 (/opt/ros/jazzy/share/ament_cmake/cmake)
[0.706s] -- Override CMake install command with custom implementation using symlinks instead of copying resources
[1.031s] -- Configuring done (0.8s)
[1.051s] -- Generating done (0.0s)
[1.054s] -- Build files have been written to: /home/kanika/kanika/build/turtlebot3_cartographer
[1.114s] Invoked command in '/home/kanika/kanika/build/turtlebot3_cartographer' returned '0': CMAKE_PREFIX_PATH=${CMAKE_PREFIX_PATH}:/home/kanika/kanika/install/turtlebot3_teleop:/home/kanika/kanika/install/turtlebot3_example:/home/kanika/tb3_ws/install/turtlebot3_teleop:/home/kanika/tb3_ws/install/turtlebot3_example:/opt/ros/jazzy /usr/bin/cmake --build /home/kanika/kanika/build/turtlebot3_cartographer -- -j8 -l8
[1.139s] Invoking command in '/home/kanika/kanika/build/turtlebot3_cartographer': CMAKE_PREFIX_PATH=${CMAKE_PREFIX_PATH}:/home/kanika/kanika/install/turtlebot3_teleop:/home/kanika/kanika/install/turtlebot3_example:/home/kanika/tb3_ws/install/turtlebot3_teleop:/home/kanika/tb3_ws/install/turtlebot3_example:/opt/ros/jazzy /usr/bin/cmake --install /home/kanika/kanika/build/turtlebot3_cartographer
[1.514s] -- Install configuration: ""
[1.515s] -- Execute custom install script
[1.515s] -- Up-to-date symlink: /home/kanika/kanika/install/turtlebot3_cartographer/share/turtlebot3_cartographer/config/turtlebot3_lds_2d.lua
[1.516s] -- Up-to-date symlink: /home/kanika/kanika/install/turtlebot3_cartographer/share/turtlebot3_cartographer/launch/cartographer.launch.py
[1.516s] -- Up-to-date symlink: /home/kanika/kanika/install/turtlebot3_cartographer/share/turtlebot3_cartographer/launch/occupancy_grid.launch.py
[1.516s] -- Up-to-date symlink: /home/kanika/kanika/install/turtlebot3_cartographer/share/turtlebot3_cartographer/rviz/tb3_cartographer.rviz
[1.517s] -- Up-to-date symlink: /home/kanika/kanika/install/turtlebot3_cartographer/share/ament_index/resource_index/package_run_dependencies/turtlebot3_cartographer
[1.517s] -- Up-to-date symlink: /home/kanika/kanika/install/turtlebot3_cartographer/share/ament_index/resource_index/parent_prefix_path/turtlebot3_cartographer
[1.517s] -- Up-to-date symlink: /home/kanika/kanika/install/turtlebot3_cartographer/share/turtlebot3_cartographer/environment/ament_prefix_path.sh
[1.517s] -- Up-to-date symlink: /home/kanika/kanika/install/turtlebot3_cartographer/share/turtlebot3_cartographer/environment/ament_prefix_path.dsv
[1.518s] -- Up-to-date symlink: /home/kanika/kanika/install/turtlebot3_cartographer/share/turtlebot3_cartographer/environment/path.sh
[1.518s] -- Up-to-date symlink: /home/kanika/kanika/install/turtlebot3_cartographer/share/turtlebot3_cartographer/environment/path.dsv
[1.518s] -- Up-to-date symlink: /home/kanika/kanika/install/turtlebot3_cartographer/share/turtlebot3_cartographer/local_setup.bash
[1.518s] -- Up-to-date symlink: /home/kanika/kanika/install/turtlebot3_cartographer/share/turtlebot3_cartographer/local_setup.sh
[1.518s] -- Up-to-date symlink: /home/kanika/kanika/install/turtlebot3_cartographer/share/turtlebot3_cartographer/local_setup.zsh
[1.519s] -- Up-to-date symlink: /home/kanika/kanika/install/turtlebot3_cartographer/share/turtlebot3_cartographer/local_setup.dsv
[1.519s] -- Symlinking: /home/kanika/kanika/install/turtlebot3_cartographer/share/turtlebot3_cartographer/package.dsv
[1.519s] -- Up-to-date symlink: /home/kanika/kanika/install/turtlebot3_cartographer/share/ament_index/resource_index/packages/turtlebot3_cartographer
[1.519s] -- Up-to-date symlink: /home/kanika/kanika/install/turtlebot3_cartographer/share/turtlebot3_cartographer/cmake/turtlebot3_cartographerConfig.cmake
[1.519s] -- Up-to-date symlink: /home/kanika/kanika/install/turtlebot3_cartographer/share/turtlebot3_cartographer/cmake/turtlebot3_cartographerConfig-version.cmake
[1.520s] -- Up-to-date symlink: /home/kanika/kanika/install/turtlebot3_cartographer/share/turtlebot3_cartographer/package.xml
[1.525s] Invoked command in '/home/kanika/kanika/build/turtlebot3_cartographer' returned '0': CMAKE_PREFIX_PATH=${CMAKE_PREFIX_PATH}:/home/kanika/kanika/install/turtlebot3_teleop:/home/kanika/kanika/install/turtlebot3_example:/home/kanika/tb3_ws/install/turtlebot3_teleop:/home/kanika/tb3_ws/install/turtlebot3_example:/opt/ros/jazzy /usr/bin/cmake --install /home/kanika/kanika/build/turtlebot3_cartographer
