[0.412s] Invoking command in '/home/kanika/kanika/build/turtlebot3_gazebo': CMAKE_PREFIX_PATH=${CMAKE_PREFIX_PATH}:/home/kanika/kanika/install/turtlebot3_teleop:/home/kanika/kanika/install/turtlebot3_example:/home/kanika/tb3_ws/install/turtlebot3_teleop:/home/kanika/tb3_ws/install/turtlebot3_example:/opt/ros/jazzy /usr/bin/cmake /home/kanika/kanika/src/turtlebot3_simulations/turtlebot3_gazebo -DAMENT_CMAKE_SYMLINK_INSTALL=1 -DCMAKE_INSTALL_PREFIX=/home/kanika/kanika/install/turtlebot3_gazebo
[0.610s] -- The C compiler identification is GNU 13.3.0
[1.706s] -- The CXX compiler identification is GNU 13.3.0
[2.636s] -- Detecting C compiler ABI info
[3.014s] -- Detecting C compiler ABI info - done
[3.028s] -- Check for working C compiler: /usr/bin/cc - skipped
[3.029s] -- Detecting C compile features
[3.030s] -- Detecting C compile features - done
[3.152s] -- Detecting CXX compiler ABI info
[3.800s] -- Detecting CXX compiler ABI info - done
[3.823s] -- Check for working CXX compiler: /usr/bin/c++ - skipped
[3.826s] -- Detecting CXX compile features
[3.826s] -- Detecting CXX compile features - done
[3.837s] -- Found ament_cmake: 2.5.5 (/opt/ros/jazzy/share/ament_cmake/cmake)
[4.254s] -- Found Python3: /usr/bin/python3 (found version "3.12.3") found components: Interpreter 
[4.437s] -- Override CMake install command with custom implementation using symlinks instead of copying resources
[4.552s] -- Found ros_gz_sim: 1.0.18 (/opt/ros/jazzy/share/ros_gz_sim/cmake)
[4.950s] -- Found rosidl_generator_c: 4.6.7 (/opt/ros/jazzy/share/rosidl_generator_c/cmake)
[4.989s] -- Found rosidl_generator_cpp: 4.6.7 (/opt/ros/jazzy/share/rosidl_generator_cpp/cmake)
[5.038s] -- Using all available rosidl_typesupport_c: rosidl_typesupport_fastrtps_c;rosidl_typesupport_introspection_c
[5.089s] -- Using all available rosidl_typesupport_cpp: rosidl_typesupport_fastrtps_cpp;rosidl_typesupport_introspection_cpp
[5.262s] -- Found rmw_implementation_cmake: 7.3.3 (/opt/ros/jazzy/share/rmw_implementation_cmake/cmake)
[5.276s] -- Found rmw_fastrtps_cpp: 8.4.3 (/opt/ros/jazzy/share/rmw_fastrtps_cpp/cmake)
[5.460s] -- Found OpenSSL: /usr/lib/x86_64-linux-gnu/libcrypto.so (found version "3.0.13")  
[5.811s] -- Found FastRTPS: /opt/ros/jazzy/include (Required is at least version "2.13") 
[5.980s] -- Using RMW implementation 'rmw_fastrtps_cpp' as default
[6.993s] -- Found nav_msgs: 5.3.6 (/opt/ros/jazzy/share/nav_msgs/cmake)
[7.085s] -- Found sensor_msgs: 5.3.6 (/opt/ros/jazzy/share/sensor_msgs/cmake)
[7.160s] -- Found gz_math_vendor: 0.0.8 (/opt/ros/jazzy/share/gz_math_vendor/cmake)
[7.196s] -- Looking for gz-math7 -- found version 7.5.2
[7.224s] -- Searching for dependencies of gz-math7
[7.231s] -- Looking for gz-utils2 -- found version 2.2.1
[7.231s] -- Searching for dependencies of gz-utils2
[7.246s] -- Found gz_sim_vendor: 0.0.9 (/opt/ros/jazzy/share/gz_sim_vendor/cmake)
[7.444s] -- Looking for gz-sim8 -- found version 8.10.0
[7.445s] -- Searching for dependencies of gz-sim8
[7.451s] -- Looking for sdformat14 -- found version 14.8.0
[7.451s] -- Searching for dependencies of sdformat14
[7.461s] -- Checking for module 'tinyxml2'
[7.494s] --   Found tinyxml2, version 10.0.0
[7.556s] -- Looking for gz-math7 -- found version 7.5.2
[7.557s] -- Looking for gz-utils2 -- found version 2.2.1
[7.557s] -- Searching for dependencies of gz-utils2
[7.558s] -- Searching for <gz-utils2> component [cli]
[7.570s] -- Looking for gz-utils2-cli -- found version 2.2.1
[7.570s] -- Searching for dependencies of gz-utils2-cli
[7.580s] -- Looking for gz-plugin2 -- found version 2.0.4
[7.581s] -- Searching for dependencies of gz-plugin2
[7.582s] -- Looking for gz-utils2 -- found version 2.2.1
[7.589s] -- Searching for <gz-plugin2> component [loader]
[7.608s] -- Looking for gz-plugin2-loader -- found version 2.0.4
[7.609s] -- Searching for dependencies of gz-plugin2-loader
[7.613s] -- Searching for <gz-plugin2> component [register]
[7.622s] -- Looking for gz-plugin2-register -- found version 2.0.4
[7.622s] -- Searching for dependencies of gz-plugin2-register
[7.632s] -- Looking for gz-transport13 -- found version 13.5.0
[7.632s] -- Searching for dependencies of gz-transport13
[11.299s] -- Found Protobuf: /usr/lib/x86_64-linux-gnu/libprotobuf.so (found version "3.21.12") 
[13.516s] -- Config-file not installed for ZeroMQ -- checking for pkg-config
[13.529s] -- Checking for module 'libzmq >= 4'
[13.581s] --   Found libzmq, version 4.3.5
[13.722s] -- Found ZeroMQ: TRUE (Required is at least version "4") 
[13.893s] -- Checking for module 'uuid'
[13.975s] --   Found uuid, version 2.39.3
[14.116s] -- Found UUID: TRUE  
[14.117s] -- Looking for gz-utils2 -- found version 2.2.1
[14.136s] -- Looking for gz-msgs10 -- found version 10.3.2
[14.136s] -- Searching for dependencies of gz-msgs10
[17.544s] -- Looking for gz-utils2 -- found version 2.2.1
[17.545s] -- Looking for gz-math7 -- found version 7.5.2
[17.579s] -- Searching for <gz-transport13> component [log]
[17.595s] -- Looking for gz-transport13-log -- found version 13.5.0
[17.596s] -- Searching for dependencies of gz-transport13-log
[17.599s] -- Searching for <gz-transport13> component [parameters]
[17.613s] -- Looking for gz-transport13-parameters -- found version 13.5.0
[17.614s] -- Searching for dependencies of gz-transport13-parameters
[17.620s] -- Looking for gz-msgs10 -- found version 10.3.2
[17.638s] -- Looking for gz-common5 -- found version 5.7.1
[17.639s] -- Searching for dependencies of gz-common5
[17.640s] -- Looking for gz-utils2 -- found version 2.2.1
[17.771s] -- Looking for dlfcn.h - found
[17.892s] -- Looking for libdl - found
[17.898s] -- Found DL: TRUE  
[17.924s] -- Searching for <gz-common5> component [av]
[17.936s] -- Looking for gz-common5-av -- found version 5.7.1
[17.936s] -- Searching for dependencies of gz-common5-av
[17.954s] -- Checking for module 'libswscale'
[18.017s] --   Found libswscale, version 7.5.100
[18.149s] -- Found SWSCALE: TRUE  
[18.169s] -- Checking for module 'libavdevice >= 56.4.100'
[18.244s] --   Found libavdevice, version 60.3.100
[18.476s] -- Found AVDEVICE: TRUE (Required is at least version "56.4.100") 
[18.494s] -- Checking for module 'libavformat'
[18.559s] --   Found libavformat, version 60.16.100
[18.711s] -- Found AVFORMAT: TRUE  
[18.735s] -- Checking for module 'libavcodec'
[18.803s] --   Found libavcodec, version 60.31.102
[18.961s] -- Found AVCODEC: TRUE  
[18.983s] -- Checking for module 'libavutil'
[19.057s] --   Found libavutil, version 58.29.100
[19.221s] -- Found AVUTIL: TRUE  
[19.225s] -- Searching for <gz-common5> component [events]
[19.242s] -- Looking for gz-common5-events -- found version 5.7.1
[19.242s] -- Searching for dependencies of gz-common5-events
[19.244s] -- Looking for gz-math7 -- found version 7.5.2
[19.247s] -- Searching for <gz-common5> component [graphics]
[19.262s] -- Looking for gz-common5-graphics -- found version 5.7.1
[19.263s] -- Searching for dependencies of gz-common5-graphics
[19.264s] -- Looking for gz-math7 -- found version 7.5.2
[19.293s] -- Found GzAssimp: TRUE (found version "5.3.0") 
[19.296s] -- Searching for <gz-common5> component [io]
[19.308s] -- Looking for gz-common5-io -- found version 5.7.1
[19.308s] -- Searching for dependencies of gz-common5-io
[19.312s] -- Searching for <gz-common5> component [profiler]
[19.323s] -- Looking for gz-common5-profiler -- found version 5.7.1
[19.324s] -- Searching for dependencies of gz-common5-profiler
[19.341s] -- Looking for gz-fuel_tools9 -- found version 9.1.1
[19.342s] -- Searching for dependencies of gz-fuel_tools9
[23.168s] -- Found CURL: /usr/lib/x86_64-linux-gnu/libcurl.so (found version "8.5.0")  
[23.227s] -- Checking for module 'jsoncpp'
[23.299s] --   Found jsoncpp, version 1.9.5
[23.452s] -- Found JSONCPP: TRUE  
[26.854s] -- Checking for module 'yaml-0.1'
[26.909s] --   Found yaml-0.1, version 0.2.5
[27.013s] -- Found YAML: TRUE  
[27.040s] -- Checking for module 'libzip'
[27.120s] --   Found libzip, version 1.7.3
[27.213s] -- Found ZIP: TRUE  
[27.214s] -- Looking for gz-utils2 -- found version 2.2.1
[27.215s] -- Looking for gz-common5 -- found version 5.7.1
[27.216s] -- Searching for dependencies of gz-common5
[27.217s] -- Looking for gz-utils2 -- found version 2.2.1
[27.218s] -- Looking for dlfcn.h - found
[27.218s] -- Looking for libdl - found
[27.243s] -- Searching for <gz-common5> component [testing]
[27.283s] -- Looking for gz-common5-testing -- found version 5.7.1
[27.284s] -- Searching for dependencies of gz-common5-testing
[27.344s] -- Looking for gz-math7 -- found version 7.5.2
[27.346s] -- Looking for gz-msgs10 -- found version 10.3.2
[27.388s] -- Looking for gz-gui8 -- found version 8.4.0
[27.390s] -- Searching for dependencies of gz-gui8
[29.954s] -- Looking for gz-utils2 -- found version 2.2.1
[29.955s] -- Looking for gz-math7 -- found version 7.5.2
[29.957s] -- Looking for gz-common5 -- found version 5.7.1
[29.958s] -- Looking for gz-plugin2 -- found version 2.0.4
[29.960s] -- Looking for gz-transport13 -- found version 13.5.0
[29.970s] -- Looking for gz-rendering8 -- found version 8.2.3
[29.970s] -- Searching for dependencies of gz-rendering8
[29.972s] -- Looking for gz-math7 -- found version 7.5.2
[29.972s] -- Searching for dependencies of gz-math7
[29.973s] -- Looking for gz-utils2 -- found version 2.2.1
[29.974s] -- Searching for <gz-math7> component [eigen3]
[29.984s] -- Looking for gz-math7-eigen3 -- found version 7.5.2
[29.985s] -- Searching for dependencies of gz-math7-eigen3
[30.013s] -- Looking for gz-common5 -- found version 5.7.1
[30.013s] -- Searching for dependencies of gz-common5
[30.014s] -- Looking for gz-utils2 -- found version 2.2.1
[30.014s] -- Looking for dlfcn.h - found
[30.014s] -- Looking for libdl - found
[30.031s] -- Searching for <gz-common5> component [graphics]
[30.031s] -- Searching for <gz-common5> component [events]
[30.031s] -- Searching for <gz-common5> component [geospatial]
[30.042s] -- Looking for gz-common5-geospatial -- found version 5.7.1
[30.043s] -- Searching for dependencies of gz-common5-geospatial
[30.044s] -- Looking for gz-math7 -- found version 7.5.2
[30.045s] -- Looking for gz-common5 -- found version 5.7.1
[30.049s] -- Looking for gz-plugin2 -- found version 2.0.4
[30.050s] -- Searching for dependencies of gz-plugin2
[30.051s] -- Looking for gz-utils2 -- found version 2.2.1
[30.052s] -- Searching for <gz-plugin2> component [all]
[30.063s] -- Looking for all libraries of gz-plugin2 -- found version 2.0.4
[30.064s] -- Looking for gz-plugin2 -- found version 2.0.4
[30.068s] -- Looking for gz-utils2 -- found version 2.2.1
[31.962s] -- Found OpenGL: /usr/lib/x86_64-linux-gnu/libOpenGL.so  found components: OpenGL 
[32.029s] -- Looking for gz-msgs10 -- found version 10.3.2
[32.860s] -- Looking for gz-physics7 -- found version 7.6.0
[32.861s] -- Searching for dependencies of gz-physics7
[32.862s] -- Looking for gz-common5 -- found version 5.7.1
[32.863s] -- Looking for gz-math7 -- found version 7.5.2
[32.864s] -- Looking for gz-plugin2 -- found version 2.0.4
[32.865s] -- Looking for gz-utils2 -- found version 2.2.1
[32.870s] -- Searching for <gz-physics7> component [heightmap]
[32.880s] -- Looking for gz-physics7-heightmap -- found version 7.6.0
[32.880s] -- Searching for dependencies of gz-physics7-heightmap
[32.881s] -- Looking for gz-common5 -- found version 5.7.1
[32.883s] -- Searching for <gz-physics7> component [mesh]
[32.892s] -- Looking for gz-physics7-mesh -- found version 7.6.0
[32.892s] -- Searching for dependencies of gz-physics7-mesh
[32.894s] -- Looking for gz-common5 -- found version 5.7.1
[32.895s] -- Searching for <gz-physics7> component [sdf]
[32.901s] -- Looking for gz-physics7-sdf -- found version 7.6.0
[32.902s] -- Searching for dependencies of gz-physics7-sdf
[32.903s] -- Looking for sdformat14 -- found version 14.8.0
[32.917s] -- Looking for gz-sensors8 -- found version 8.2.2
[32.918s] -- Searching for dependencies of gz-sensors8
[35.922s] -- Looking for gz-math7 -- found version 7.5.2
[35.923s] -- Looking for gz-common5 -- found version 5.7.1
[35.924s] -- Looking for gz-transport13 -- found version 13.5.0
[35.925s] -- Looking for gz-rendering8 -- found version 8.2.3
[35.926s] -- Looking for gz-msgs10 -- found version 10.3.2
[35.929s] -- Looking for sdformat14 -- found version 14.8.0
[35.934s] -- Searching for <gz-sensors8> component [air_pressure]
[35.941s] -- Looking for gz-sensors8-air_pressure -- found version 8.2.2
[35.942s] -- Searching for dependencies of gz-sensors8-air_pressure
[35.945s] -- Searching for <gz-sensors8> component [air_speed]
[35.953s] -- Looking for gz-sensors8-air_speed -- found version 8.2.2
[35.954s] -- Searching for dependencies of gz-sensors8-air_speed
[35.956s] -- Searching for <gz-sensors8> component [altimeter]
[35.966s] -- Looking for gz-sensors8-altimeter -- found version 8.2.2
[35.967s] -- Searching for dependencies of gz-sensors8-altimeter
[35.969s] -- Searching for <gz-sensors8> component [imu]
[35.978s] -- Looking for gz-sensors8-imu -- found version 8.2.2
[35.979s] -- Searching for dependencies of gz-sensors8-imu
[35.982s] -- Searching for <gz-sensors8> component [force_torque]
[35.990s] -- Looking for gz-sensors8-force_torque -- found version 8.2.2
[35.991s] -- Searching for dependencies of gz-sensors8-force_torque
[35.993s] -- Searching for <gz-sensors8> component [logical_camera]
[36.004s] -- Looking for gz-sensors8-logical_camera -- found version 8.2.2
[36.005s] -- Searching for dependencies of gz-sensors8-logical_camera
[36.008s] -- Searching for <gz-sensors8> component [magnetometer]
[36.018s] -- Looking for gz-sensors8-magnetometer -- found version 8.2.2
[36.018s] -- Searching for dependencies of gz-sensors8-magnetometer
[36.020s] -- Searching for <gz-sensors8> component [navsat]
[36.029s] -- Looking for gz-sensors8-navsat -- found version 8.2.2
[36.029s] -- Searching for dependencies of gz-sensors8-navsat
[36.032s] -- Searching for <gz-sensors8> component [dvl]
[36.037s] -- Looking for gz-sensors8-dvl -- found version 8.2.2
[36.037s] -- Searching for dependencies of gz-sensors8-dvl
[36.038s] -- Looking for gz-sensors8 -- found version 8.2.2
[36.039s] -- Searching for dependencies of gz-sensors8
[38.293s] -- Looking for gz-math7 -- found version 7.5.2
[38.294s] -- Looking for gz-common5 -- found version 5.7.1
[38.295s] -- Looking for gz-transport13 -- found version 13.5.0
[38.295s] -- Looking for gz-rendering8 -- found version 8.2.3
[38.296s] -- Looking for gz-msgs10 -- found version 10.3.2
[38.297s] -- Looking for sdformat14 -- found version 14.8.0
[38.297s] -- Searching for <gz-sensors8> component [rendering]
[38.303s] -- Looking for gz-sensors8-rendering -- found version 8.2.2
[38.303s] -- Searching for dependencies of gz-sensors8-rendering
[38.306s] -- Searching for <gz-sensors8> component [rendering]
[38.307s] -- Searching for <gz-sensors8> component [lidar]
[38.314s] -- Looking for gz-sensors8-lidar -- found version 8.2.2
[38.315s] -- Searching for dependencies of gz-sensors8-lidar
[38.315s] -- Looking for gz-sensors8 -- found version 8.2.2
[38.317s] -- Searching for <gz-sensors8> component [gpu_lidar]
[38.323s] -- Looking for gz-sensors8-gpu_lidar -- found version 8.2.2
[38.324s] -- Searching for dependencies of gz-sensors8-gpu_lidar
[38.324s] -- Looking for gz-sensors8 -- found version 8.2.2
[38.327s] -- Searching for <gz-sensors8> component [camera]
[38.333s] -- Looking for gz-sensors8-camera -- found version 8.2.2
[38.333s] -- Searching for dependencies of gz-sensors8-camera
[38.334s] -- Looking for gz-sensors8 -- found version 8.2.2
[38.336s] -- Searching for <gz-sensors8> component [boundingbox_camera]
[38.343s] -- Looking for gz-sensors8-boundingbox_camera -- found version 8.2.2
[38.343s] -- Searching for dependencies of gz-sensors8-boundingbox_camera
[38.345s] -- Searching for <gz-sensors8> component [segmentation_camera]
[38.349s] -- Looking for gz-sensors8-segmentation_camera -- found version 8.2.2
[38.350s] -- Searching for dependencies of gz-sensors8-segmentation_camera
[38.351s] -- Searching for <gz-sensors8> component [depth_camera]
[38.357s] -- Looking for gz-sensors8-depth_camera -- found version 8.2.2
[38.357s] -- Searching for dependencies of gz-sensors8-depth_camera
[38.358s] -- Looking for gz-sensors8 -- found version 8.2.2
[38.360s] -- Searching for <gz-sensors8> component [rgbd_camera]
[38.367s] -- Looking for gz-sensors8-rgbd_camera -- found version 8.2.2
[38.367s] -- Searching for dependencies of gz-sensors8-rgbd_camera
[38.368s] -- Looking for gz-sensors8 -- found version 8.2.2
[38.370s] -- Searching for <gz-sensors8> component [thermal_camera]
[38.376s] -- Looking for gz-sensors8-thermal_camera -- found version 8.2.2
[38.376s] -- Searching for dependencies of gz-sensors8-thermal_camera
[38.377s] -- Looking for gz-sensors8 -- found version 8.2.2
[38.379s] -- Searching for <gz-sensors8> component [wide_angle_camera]
[38.384s] -- Looking for gz-sensors8-wide_angle_camera -- found version 8.2.2
[38.384s] -- Searching for dependencies of gz-sensors8-wide_angle_camera
[38.388s] -- Looking for gz-rendering8 -- found version 8.2.3
[38.389s] -- Looking for gz-math7 -- found version 7.5.2
[38.390s] -- Looking for gz-utils2 -- found version 2.2.1
[40.027s] -- Looking for gz-plugin2 -- found version 2.0.4
[40.184s] -- Configuring done (39.8s)
[40.248s] -- Generating done (0.0s)
[40.259s] -- Build files have been written to: /home/kanika/kanika/build/turtlebot3_gazebo
[40.280s] Invoked command in '/home/kanika/kanika/build/turtlebot3_gazebo' returned '0': CMAKE_PREFIX_PATH=${CMAKE_PREFIX_PATH}:/home/kanika/kanika/install/turtlebot3_teleop:/home/kanika/kanika/install/turtlebot3_example:/home/kanika/tb3_ws/install/turtlebot3_teleop:/home/kanika/tb3_ws/install/turtlebot3_example:/opt/ros/jazzy /usr/bin/cmake /home/kanika/kanika/src/turtlebot3_simulations/turtlebot3_gazebo -DAMENT_CMAKE_SYMLINK_INSTALL=1 -DCMAKE_INSTALL_PREFIX=/home/kanika/kanika/install/turtlebot3_gazebo
[40.283s] Invoking command in '/home/kanika/kanika/build/turtlebot3_gazebo': CMAKE_PREFIX_PATH=${CMAKE_PREFIX_PATH}:/home/kanika/kanika/install/turtlebot3_teleop:/home/kanika/kanika/install/turtlebot3_example:/home/kanika/tb3_ws/install/turtlebot3_teleop:/home/kanika/tb3_ws/install/turtlebot3_example:/opt/ros/jazzy /usr/bin/cmake --build /home/kanika/kanika/build/turtlebot3_gazebo -- -j8 -l8
[40.381s] [ 12%] [32mBuilding CXX object CMakeFiles/obstacles.dir/src/obstacles.cpp.o[0m
[40.382s] [ 25%] [32mBuilding CXX object CMakeFiles/obstacle2.dir/src/obstacle2.cpp.o[0m
[40.385s] [ 37%] [32mBuilding CXX object CMakeFiles/turtlebot3_drive.dir/src/turtlebot3_drive.cpp.o[0m
[40.385s] [ 50%] [32mBuilding CXX object CMakeFiles/obstacle1.dir/src/obstacle1.cpp.o[0m
[46.775s] [ 62%] [32m[1mLinking CXX shared library libobstacle1.so[0m
[46.778s] [ 75%] [32m[1mLinking CXX shared library libobstacle2.so[0m
[47.301s] [ 75%] Built target obstacle2
[47.307s] [ 75%] Built target obstacle1
[47.658s] [ 87%] [32m[1mLinking CXX shared library libobstacles.so[0m
[48.136s] [ 87%] Built target obstacles
[57.528s] [100%] [32m[1mLinking CXX executable turtlebot3_drive[0m
[58.442s] [100%] Built target turtlebot3_drive
[58.459s] Invoked command in '/home/kanika/kanika/build/turtlebot3_gazebo' returned '0': CMAKE_PREFIX_PATH=${CMAKE_PREFIX_PATH}:/home/kanika/kanika/install/turtlebot3_teleop:/home/kanika/kanika/install/turtlebot3_example:/home/kanika/tb3_ws/install/turtlebot3_teleop:/home/kanika/tb3_ws/install/turtlebot3_example:/opt/ros/jazzy /usr/bin/cmake --build /home/kanika/kanika/build/turtlebot3_gazebo -- -j8 -l8
[58.461s] Invoking command in '/home/kanika/kanika/build/turtlebot3_gazebo': CMAKE_PREFIX_PATH=${CMAKE_PREFIX_PATH}:/home/kanika/kanika/install/turtlebot3_teleop:/home/kanika/kanika/install/turtlebot3_example:/home/kanika/tb3_ws/install/turtlebot3_teleop:/home/kanika/tb3_ws/install/turtlebot3_example:/opt/ros/jazzy /usr/bin/cmake --install /home/kanika/kanika/build/turtlebot3_gazebo
[58.471s] -- Install configuration: ""
[58.471s] -- Execute custom install script
[58.472s] -- Symlinking: /home/kanika/kanika/install/turtlebot3_gazebo/lib/turtlebot3_gazebo/turtlebot3_drive
[58.484s] -- Symlinking: /home/kanika/kanika/install/turtlebot3_gazebo/lib/turtlebot3_gazebo/libobstacles.so
[58.494s] -- Symlinking: /home/kanika/kanika/install/turtlebot3_gazebo/lib/turtlebot3_gazebo/libobstacle1.so
[58.505s] -- Symlinking: /home/kanika/kanika/install/turtlebot3_gazebo/lib/turtlebot3_gazebo/libobstacle2.so
[58.520s] -- Symlinking: /home/kanika/kanika/install/turtlebot3_gazebo/share/turtlebot3_gazebo//launch/empty_world.launch.py
[58.537s] -- Symlinking: /home/kanika/kanika/install/turtlebot3_gazebo/share/turtlebot3_gazebo//launch/robot_state_publisher.launch.py
[58.550s] -- Symlinking: /home/kanika/kanika/install/turtlebot3_gazebo/share/turtlebot3_gazebo//launch/spawn_turtlebot3.launch.py
[58.560s] -- Symlinking: /home/kanika/kanika/install/turtlebot3_gazebo/share/turtlebot3_gazebo//launch/turtlebot3_dqn_stage1.launch.py
[58.571s] -- Symlinking: /home/kanika/kanika/install/turtlebot3_gazebo/share/turtlebot3_gazebo//launch/turtlebot3_dqn_stage2.launch.py
[58.582s] -- Symlinking: /home/kanika/kanika/install/turtlebot3_gazebo/share/turtlebot3_gazebo//launch/turtlebot3_dqn_stage3.launch.py
[58.592s] -- Symlinking: /home/kanika/kanika/install/turtlebot3_gazebo/share/turtlebot3_gazebo//launch/turtlebot3_dqn_stage4.launch.py
[58.603s] -- Symlinking: /home/kanika/kanika/install/turtlebot3_gazebo/share/turtlebot3_gazebo//launch/turtlebot3_house.launch.py
[58.615s] -- Symlinking: /home/kanika/kanika/install/turtlebot3_gazebo/share/turtlebot3_gazebo//launch/turtlebot3_world.launch.py
[58.627s] -- Symlinking: /home/kanika/kanika/install/turtlebot3_gazebo/share/turtlebot3_gazebo//models/turtlebot3_burger/model-1_4.sdf
[58.639s] -- Symlinking: /home/kanika/kanika/install/turtlebot3_gazebo/share/turtlebot3_gazebo//models/turtlebot3_burger/model.config
[58.650s] -- Symlinking: /home/kanika/kanika/install/turtlebot3_gazebo/share/turtlebot3_gazebo//models/turtlebot3_burger/model.sdf
[58.661s] -- Symlinking: /home/kanika/kanika/install/turtlebot3_gazebo/share/turtlebot3_gazebo//models/turtlebot3_burger_cam/model-1_4.sdf
[58.671s] -- Symlinking: /home/kanika/kanika/install/turtlebot3_gazebo/share/turtlebot3_gazebo//models/turtlebot3_burger_cam/model.config
[58.683s] -- Symlinking: /home/kanika/kanika/install/turtlebot3_gazebo/share/turtlebot3_gazebo//models/turtlebot3_burger_cam/model.sdf
[58.694s] -- Symlinking: /home/kanika/kanika/install/turtlebot3_gazebo/share/turtlebot3_gazebo//models/turtlebot3_common/meshes/bases/burger_base.stl
[58.705s] -- Symlinking: /home/kanika/kanika/install/turtlebot3_gazebo/share/turtlebot3_gazebo//models/turtlebot3_common/meshes/bases/waffle_base.stl
[58.716s] -- Symlinking: /home/kanika/kanika/install/turtlebot3_gazebo/share/turtlebot3_gazebo//models/turtlebot3_common/meshes/bases/waffle_pi_base.stl
[58.728s] -- Symlinking: /home/kanika/kanika/install/turtlebot3_gazebo/share/turtlebot3_gazebo//models/turtlebot3_common/meshes/burger_base.dae
[58.738s] -- Symlinking: /home/kanika/kanika/install/turtlebot3_gazebo/share/turtlebot3_gazebo//models/turtlebot3_common/meshes/lds.dae
[58.749s] -- Symlinking: /home/kanika/kanika/install/turtlebot3_gazebo/share/turtlebot3_gazebo//models/turtlebot3_common/meshes/r200.dae
[58.761s] -- Symlinking: /home/kanika/kanika/install/turtlebot3_gazebo/share/turtlebot3_gazebo//models/turtlebot3_common/meshes/sensors/astra.dae
[58.771s] -- Symlinking: /home/kanika/kanika/install/turtlebot3_gazebo/share/turtlebot3_gazebo//models/turtlebot3_common/meshes/sensors/astra.jpg
[58.781s] -- Symlinking: /home/kanika/kanika/install/turtlebot3_gazebo/share/turtlebot3_gazebo//models/turtlebot3_common/meshes/sensors/lds.stl
[58.793s] -- Symlinking: /home/kanika/kanika/install/turtlebot3_gazebo/share/turtlebot3_gazebo//models/turtlebot3_common/meshes/sensors/r200.dae
[58.806s] -- Symlinking: /home/kanika/kanika/install/turtlebot3_gazebo/share/turtlebot3_gazebo//models/turtlebot3_common/meshes/sensors/r200.jpg
[58.816s] -- Symlinking: /home/kanika/kanika/install/turtlebot3_gazebo/share/turtlebot3_gazebo//models/turtlebot3_common/meshes/tire.dae
[58.829s] -- Symlinking: /home/kanika/kanika/install/turtlebot3_gazebo/share/turtlebot3_gazebo//models/turtlebot3_common/meshes/waffle_base.dae
[58.840s] -- Symlinking: /home/kanika/kanika/install/turtlebot3_gazebo/share/turtlebot3_gazebo//models/turtlebot3_common/meshes/waffle_pi_base.dae
[58.851s] -- Symlinking: /home/kanika/kanika/install/turtlebot3_gazebo/share/turtlebot3_gazebo//models/turtlebot3_common/meshes/wheels/left_tire.stl
[58.861s] -- Symlinking: /home/kanika/kanika/install/turtlebot3_gazebo/share/turtlebot3_gazebo//models/turtlebot3_common/meshes/wheels/right_tire.stl
[58.876s] -- Symlinking: /home/kanika/kanika/install/turtlebot3_gazebo/share/turtlebot3_gazebo//models/turtlebot3_common/model.config
[58.887s] -- Symlinking: /home/kanika/kanika/install/turtlebot3_gazebo/share/turtlebot3_gazebo//models/turtlebot3_dqn_world/goal_box/model.config
[58.898s] -- Symlinking: /home/kanika/kanika/install/turtlebot3_gazebo/share/turtlebot3_gazebo//models/turtlebot3_dqn_world/goal_box/model.sdf
[58.911s] -- Symlinking: /home/kanika/kanika/install/turtlebot3_gazebo/share/turtlebot3_gazebo//models/turtlebot3_dqn_world/inner_walls/model.config
[58.924s] -- Symlinking: /home/kanika/kanika/install/turtlebot3_gazebo/share/turtlebot3_gazebo//models/turtlebot3_dqn_world/inner_walls/model.sdf
[58.938s] -- Symlinking: /home/kanika/kanika/install/turtlebot3_gazebo/share/turtlebot3_gazebo//models/turtlebot3_dqn_world/inner_walls/textures/wood.png
[58.951s] -- Symlinking: /home/kanika/kanika/install/turtlebot3_gazebo/share/turtlebot3_gazebo//models/turtlebot3_dqn_world/model.config
[58.966s] -- Symlinking: /home/kanika/kanika/install/turtlebot3_gazebo/share/turtlebot3_gazebo//models/turtlebot3_dqn_world/model.sdf
[58.979s] -- Symlinking: /home/kanika/kanika/install/turtlebot3_gazebo/share/turtlebot3_gazebo//models/turtlebot3_dqn_world/obstacle1/model.config
[58.996s] -- Symlinking: /home/kanika/kanika/install/turtlebot3_gazebo/share/turtlebot3_gazebo//models/turtlebot3_dqn_world/obstacle1/model.sdf
[59.016s] -- Symlinking: /home/kanika/kanika/install/turtlebot3_gazebo/share/turtlebot3_gazebo//models/turtlebot3_dqn_world/obstacle2/model.config
[59.030s] -- Symlinking: /home/kanika/kanika/install/turtlebot3_gazebo/share/turtlebot3_gazebo//models/turtlebot3_dqn_world/obstacle2/model.sdf
[59.043s] -- Symlinking: /home/kanika/kanika/install/turtlebot3_gazebo/share/turtlebot3_gazebo//models/turtlebot3_dqn_world/obstacles/model.config
[59.056s] -- Symlinking: /home/kanika/kanika/install/turtlebot3_gazebo/share/turtlebot3_gazebo//models/turtlebot3_dqn_world/obstacles/model.sdf
[59.069s] -- Symlinking: /home/kanika/kanika/install/turtlebot3_gazebo/share/turtlebot3_gazebo//models/turtlebot3_dqn_world/textures/wood.png
[59.084s] -- Symlinking: /home/kanika/kanika/install/turtlebot3_gazebo/share/turtlebot3_gazebo//models/turtlebot3_house/cafe_table/materials/textures/Maple.jpg
[59.097s] -- Symlinking: /home/kanika/kanika/install/turtlebot3_gazebo/share/turtlebot3_gazebo//models/turtlebot3_house/cafe_table/materials/textures/Wood_Floor_Dark.jpg
[59.109s] -- Symlinking: /home/kanika/kanika/install/turtlebot3_gazebo/share/turtlebot3_gazebo//models/turtlebot3_house/cafe_table/meshes/cafe_table.dae
[59.122s] -- Symlinking: /home/kanika/kanika/install/turtlebot3_gazebo/share/turtlebot3_gazebo//models/turtlebot3_house/cafe_table/model-1_4.sdf
[59.134s] -- Symlinking: /home/kanika/kanika/install/turtlebot3_gazebo/share/turtlebot3_gazebo//models/turtlebot3_house/cafe_table/model.config
[59.147s] -- Symlinking: /home/kanika/kanika/install/turtlebot3_gazebo/share/turtlebot3_gazebo//models/turtlebot3_house/cafe_table/model.sdf
[59.159s] -- Symlinking: /home/kanika/kanika/install/turtlebot3_gazebo/share/turtlebot3_gazebo//models/turtlebot3_house/first_2015_trash_can/meshes/trash_can.dae
[59.173s] -- Symlinking: /home/kanika/kanika/install/turtlebot3_gazebo/share/turtlebot3_gazebo//models/turtlebot3_house/first_2015_trash_can/model.config
[59.188s] -- Symlinking: /home/kanika/kanika/install/turtlebot3_gazebo/share/turtlebot3_gazebo//models/turtlebot3_house/first_2015_trash_can/model.sdf
[59.203s] -- Symlinking: /home/kanika/kanika/install/turtlebot3_gazebo/share/turtlebot3_gazebo//models/turtlebot3_house/mailbox/materials/scripts/mailbox.material
[59.217s] -- Symlinking: /home/kanika/kanika/install/turtlebot3_gazebo/share/turtlebot3_gazebo//models/turtlebot3_house/mailbox/materials/textures/Mailbox_Diffuse.png
[59.233s] -- Symlinking: /home/kanika/kanika/install/turtlebot3_gazebo/share/turtlebot3_gazebo//models/turtlebot3_house/mailbox/materials/textures/Mailbox_Diffuse.tga.orig
[59.247s] -- Symlinking: /home/kanika/kanika/install/turtlebot3_gazebo/share/turtlebot3_gazebo//models/turtlebot3_house/mailbox/materials/textures/Mailbox_Spec.png
[59.259s] -- Symlinking: /home/kanika/kanika/install/turtlebot3_gazebo/share/turtlebot3_gazebo//models/turtlebot3_house/mailbox/meshes/mailbox.dae
[59.273s] -- Symlinking: /home/kanika/kanika/install/turtlebot3_gazebo/share/turtlebot3_gazebo//models/turtlebot3_house/mailbox/model-1_3.sdf
[59.285s] -- Symlinking: /home/kanika/kanika/install/turtlebot3_gazebo/share/turtlebot3_gazebo//models/turtlebot3_house/mailbox/model-1_4.sdf
[59.299s] -- Symlinking: /home/kanika/kanika/install/turtlebot3_gazebo/share/turtlebot3_gazebo//models/turtlebot3_house/mailbox/model.config
[59.314s] -- Symlinking: /home/kanika/kanika/install/turtlebot3_gazebo/share/turtlebot3_gazebo//models/turtlebot3_house/mailbox/model.sdf
[59.328s] -- Symlinking: /home/kanika/kanika/install/turtlebot3_gazebo/share/turtlebot3_gazebo//models/turtlebot3_house/model.config
[59.342s] -- Symlinking: /home/kanika/kanika/install/turtlebot3_gazebo/share/turtlebot3_gazebo//models/turtlebot3_house/model.sdf
[59.353s] -- Symlinking: /home/kanika/kanika/install/turtlebot3_gazebo/share/turtlebot3_gazebo//models/turtlebot3_house/table_marble/materials/scripts/table_lightmap.material
[59.368s] -- Symlinking: /home/kanika/kanika/install/turtlebot3_gazebo/share/turtlebot3_gazebo//models/turtlebot3_house/table_marble/materials/textures/marble.png
[59.381s] -- Symlinking: /home/kanika/kanika/install/turtlebot3_gazebo/share/turtlebot3_gazebo//models/turtlebot3_house/table_marble/materials/textures/table_lightmap.png
[59.394s] -- Symlinking: /home/kanika/kanika/install/turtlebot3_gazebo/share/turtlebot3_gazebo//models/turtlebot3_house/table_marble/meshes/table_lightmap.dae
[59.406s] -- Symlinking: /home/kanika/kanika/install/turtlebot3_gazebo/share/turtlebot3_gazebo//models/turtlebot3_house/table_marble/model-1_4.sdf
[59.417s] -- Symlinking: /home/kanika/kanika/install/turtlebot3_gazebo/share/turtlebot3_gazebo//models/turtlebot3_house/table_marble/model.config
[59.430s] -- Symlinking: /home/kanika/kanika/install/turtlebot3_gazebo/share/turtlebot3_gazebo//models/turtlebot3_house/table_marble/model.sdf
[59.445s] -- Symlinking: /home/kanika/kanika/install/turtlebot3_gazebo/share/turtlebot3_gazebo//models/turtlebot3_house/textures/bricks.png
[59.457s] -- Symlinking: /home/kanika/kanika/install/turtlebot3_gazebo/share/turtlebot3_gazebo//models/turtlebot3_house/textures/wood.png
[59.470s] -- Symlinking: /home/kanika/kanika/install/turtlebot3_gazebo/share/turtlebot3_gazebo//models/turtlebot3_waffle/model-1_4.sdf
[59.483s] -- Symlinking: /home/kanika/kanika/install/turtlebot3_gazebo/share/turtlebot3_gazebo//models/turtlebot3_waffle/model.config
[59.499s] -- Symlinking: /home/kanika/kanika/install/turtlebot3_gazebo/share/turtlebot3_gazebo//models/turtlebot3_waffle/model.sdf
[59.512s] -- Symlinking: /home/kanika/kanika/install/turtlebot3_gazebo/share/turtlebot3_gazebo//models/turtlebot3_waffle_pi/model-1_4_.sdf
[59.525s] -- Symlinking: /home/kanika/kanika/install/turtlebot3_gazebo/share/turtlebot3_gazebo//models/turtlebot3_waffle_pi/model.config
[59.540s] -- Symlinking: /home/kanika/kanika/install/turtlebot3_gazebo/share/turtlebot3_gazebo//models/turtlebot3_waffle_pi/model.sdf
[59.553s] -- Symlinking: /home/kanika/kanika/install/turtlebot3_gazebo/share/turtlebot3_gazebo//models/turtlebot3_world/meshes/hexagon.dae
[59.567s] -- Symlinking: /home/kanika/kanika/install/turtlebot3_gazebo/share/turtlebot3_gazebo//models/turtlebot3_world/meshes/wall.dae
[59.580s] -- Symlinking: /home/kanika/kanika/install/turtlebot3_gazebo/share/turtlebot3_gazebo//models/turtlebot3_world/model-1_4.sdf
[59.592s] -- Symlinking: /home/kanika/kanika/install/turtlebot3_gazebo/share/turtlebot3_gazebo//models/turtlebot3_world/model.config
[59.607s] -- Symlinking: /home/kanika/kanika/install/turtlebot3_gazebo/share/turtlebot3_gazebo//models/turtlebot3_world/model.sdf
[59.620s] -- Symlinking: /home/kanika/kanika/install/turtlebot3_gazebo/share/turtlebot3_gazebo//params/turtlebot3_burger_bridge.yaml
[59.631s] -- Symlinking: /home/kanika/kanika/install/turtlebot3_gazebo/share/turtlebot3_gazebo//params/turtlebot3_burger_cam_bridge.yaml
[59.643s] -- Symlinking: /home/kanika/kanika/install/turtlebot3_gazebo/share/turtlebot3_gazebo//params/turtlebot3_waffle_bridge.yaml
[59.653s] -- Symlinking: /home/kanika/kanika/install/turtlebot3_gazebo/share/turtlebot3_gazebo//params/turtlebot3_waffle_pi_bridge.yaml
[59.664s] -- Symlinking: /home/kanika/kanika/install/turtlebot3_gazebo/share/turtlebot3_gazebo//rviz/tb3_gazebo.rviz
[59.675s] -- Symlinking: /home/kanika/kanika/install/turtlebot3_gazebo/share/turtlebot3_gazebo//urdf/common_properties.urdf
[59.687s] -- Symlinking: /home/kanika/kanika/install/turtlebot3_gazebo/share/turtlebot3_gazebo//urdf/turtlebot3_burger.urdf
[59.701s] -- Symlinking: /home/kanika/kanika/install/turtlebot3_gazebo/share/turtlebot3_gazebo//urdf/turtlebot3_burger_cam.urdf
[59.717s] -- Symlinking: /home/kanika/kanika/install/turtlebot3_gazebo/share/turtlebot3_gazebo//urdf/turtlebot3_waffle.urdf
[59.734s] -- Symlinking: /home/kanika/kanika/install/turtlebot3_gazebo/share/turtlebot3_gazebo//urdf/turtlebot3_waffle_pi.urdf
[59.750s] -- Symlinking: /home/kanika/kanika/install/turtlebot3_gazebo/share/turtlebot3_gazebo//worlds/empty_world.world
[59.768s] -- Symlinking: /home/kanika/kanika/install/turtlebot3_gazebo/share/turtlebot3_gazebo//worlds/turtlebot3_autorace_2020.world
[59.786s] -- Symlinking: /home/kanika/kanika/install/turtlebot3_gazebo/share/turtlebot3_gazebo//worlds/turtlebot3_dqn_stage1.world
[59.798s] -- Symlinking: /home/kanika/kanika/install/turtlebot3_gazebo/share/turtlebot3_gazebo//worlds/turtlebot3_dqn_stage2.world
[59.809s] -- Symlinking: /home/kanika/kanika/install/turtlebot3_gazebo/share/turtlebot3_gazebo//worlds/turtlebot3_dqn_stage3.world
[59.820s] -- Symlinking: /home/kanika/kanika/install/turtlebot3_gazebo/share/turtlebot3_gazebo//worlds/turtlebot3_dqn_stage4.world
[59.832s] -- Symlinking: /home/kanika/kanika/install/turtlebot3_gazebo/share/turtlebot3_gazebo//worlds/turtlebot3_house.world
[59.842s] -- Symlinking: /home/kanika/kanika/install/turtlebot3_gazebo/share/turtlebot3_gazebo//worlds/turtlebot3_world.world
[59.856s] -- Symlinking: /home/kanika/kanika/install/turtlebot3_gazebo/include//turtlebot3_gazebo/obstacle1.hpp
[59.869s] -- Symlinking: /home/kanika/kanika/install/turtlebot3_gazebo/include//turtlebot3_gazebo/obstacle2.hpp
[59.886s] -- Symlinking: /home/kanika/kanika/install/turtlebot3_gazebo/include//turtlebot3_gazebo/obstacles.hpp
[59.902s] -- Symlinking: /home/kanika/kanika/install/turtlebot3_gazebo/include//turtlebot3_gazebo/traffic_bar_plugin.hpp
[59.914s] -- Symlinking: /home/kanika/kanika/install/turtlebot3_gazebo/include//turtlebot3_gazebo/traffic_light_plugin.hpp
[59.925s] -- Symlinking: /home/kanika/kanika/install/turtlebot3_gazebo/include//turtlebot3_gazebo/turtlebot3_drive.hpp
[59.939s] -- Symlinking: /home/kanika/kanika/install/turtlebot3_gazebo/share/ament_index/resource_index/package_run_dependencies/turtlebot3_gazebo
[59.953s] -- Symlinking: /home/kanika/kanika/install/turtlebot3_gazebo/share/ament_index/resource_index/parent_prefix_path/turtlebot3_gazebo
[59.965s] -- Symlinking: /home/kanika/kanika/install/turtlebot3_gazebo/share/turtlebot3_gazebo/environment/ament_prefix_path.sh
[59.976s] -- Symlinking: /home/kanika/kanika/install/turtlebot3_gazebo/share/turtlebot3_gazebo/environment/ament_prefix_path.dsv
[59.988s] -- Symlinking: /home/kanika/kanika/install/turtlebot3_gazebo/share/turtlebot3_gazebo/environment/path.sh
[60.001s] -- Symlinking: /home/kanika/kanika/install/turtlebot3_gazebo/share/turtlebot3_gazebo/environment/path.dsv
[60.012s] -- Symlinking: /home/kanika/kanika/install/turtlebot3_gazebo/share/turtlebot3_gazebo/local_setup.bash
[60.023s] -- Symlinking: /home/kanika/kanika/install/turtlebot3_gazebo/share/turtlebot3_gazebo/local_setup.sh
[60.034s] -- Symlinking: /home/kanika/kanika/install/turtlebot3_gazebo/share/turtlebot3_gazebo/local_setup.zsh
[60.045s] -- Symlinking: /home/kanika/kanika/install/turtlebot3_gazebo/share/turtlebot3_gazebo/local_setup.dsv
[60.058s] -- Symlinking: /home/kanika/kanika/install/turtlebot3_gazebo/share/turtlebot3_gazebo/package.dsv
[60.071s] -- Symlinking: /home/kanika/kanika/install/turtlebot3_gazebo/share/ament_index/resource_index/packages/turtlebot3_gazebo
[60.081s] -- Symlinking: /home/kanika/kanika/install/turtlebot3_gazebo/share/turtlebot3_gazebo/cmake/ament_cmake_export_include_directories-extras.cmake
[60.093s] -- Symlinking: /home/kanika/kanika/install/turtlebot3_gazebo/share/turtlebot3_gazebo/cmake/ament_cmake_export_dependencies-extras.cmake
[60.107s] -- Symlinking: /home/kanika/kanika/install/turtlebot3_gazebo/share/turtlebot3_gazebo/cmake/turtlebot3_gazeboConfig.cmake
[60.117s] -- Symlinking: /home/kanika/kanika/install/turtlebot3_gazebo/share/turtlebot3_gazebo/cmake/turtlebot3_gazeboConfig-version.cmake
[60.128s] -- Symlinking: /home/kanika/kanika/install/turtlebot3_gazebo/share/turtlebot3_gazebo/package.xml
[60.142s] Invoked command in '/home/kanika/kanika/build/turtlebot3_gazebo' returned '0': CMAKE_PREFIX_PATH=${CMAKE_PREFIX_PATH}:/home/kanika/kanika/install/turtlebot3_teleop:/home/kanika/kanika/install/turtlebot3_example:/home/kanika/tb3_ws/install/turtlebot3_teleop:/home/kanika/tb3_ws/install/turtlebot3_example:/opt/ros/jazzy /usr/bin/cmake --install /home/kanika/kanika/build/turtlebot3_gazebo
