[0.527s] Invoking command in '/home/kanika/kanika/build/turtlebot3_gazebo': CMAKE_PREFIX_PATH=${CMAKE_PREFIX_PATH}:/home/kanika/kanika/install/turtlebot3_teleop:/home/kanika/kanika/install/turtlebot3_example:/home/kanika/tb3_ws/install/turtlebot3_teleop:/home/kanika/tb3_ws/install/turtlebot3_example:/opt/ros/jazzy /usr/bin/cmake --build /home/kanika/kanika/build/turtlebot3_gazebo -- -j8 -l8
[0.765s] -- Found ament_cmake: 2.5.5 (/opt/ros/jazzy/share/ament_cmake/cmake)
[1.267s] -- Override CMake install command with custom implementation using symlinks instead of copying resources
[1.282s] -- Found ros_gz_sim: 1.0.18 (/opt/ros/jazzy/share/ros_gz_sim/cmake)
[1.571s] -- Found rosidl_generator_c: 4.6.7 (/opt/ros/jazzy/share/rosidl_generator_c/cmake)
[1.594s] -- Found rosidl_generator_cpp: 4.6.7 (/opt/ros/jazzy/share/rosidl_generator_cpp/cmake)
[1.632s] -- Using all available rosidl_typesupport_c: rosidl_typesupport_fastrtps_c;rosidl_typesupport_introspection_c
[1.674s] -- Using all available rosidl_typesupport_cpp: rosidl_typesupport_fastrtps_cpp;rosidl_typesupport_introspection_cpp
[1.858s] -- Found rmw_implementation_cmake: 7.3.3 (/opt/ros/jazzy/share/rmw_implementation_cmake/cmake)
[1.866s] -- Found rmw_fastrtps_cpp: 8.4.3 (/opt/ros/jazzy/share/rmw_fastrtps_cpp/cmake)
[2.344s] -- Using RMW implementation 'rmw_fastrtps_cpp' as default
[3.121s] -- Found nav_msgs: 5.3.6 (/opt/ros/jazzy/share/nav_msgs/cmake)
[3.205s] -- Found sensor_msgs: 5.3.6 (/opt/ros/jazzy/share/sensor_msgs/cmake)
[3.282s] -- Found gz_math_vendor: 0.0.8 (/opt/ros/jazzy/share/gz_math_vendor/cmake)
[3.288s] -- Looking for gz-math7 -- found version 7.5.2
[3.319s] -- Searching for dependencies of gz-math7
[3.323s] -- Looking for gz-utils2 -- found version 2.2.1
[3.323s] -- Searching for dependencies of gz-utils2
[3.333s] -- Found gz_sim_vendor: 0.0.9 (/opt/ros/jazzy/share/gz_sim_vendor/cmake)
[3.384s] -- Looking for gz-sim8 -- found version 8.10.0
[3.386s] -- Searching for dependencies of gz-sim8
[3.386s] -- Looking for sdformat14 -- found version 14.8.0
[3.387s] -- Searching for dependencies of sdformat14
[3.398s] -- Checking for module 'tinyxml2'
[3.466s] --   Found tinyxml2, version 10.0.0
[3.529s] -- Looking for gz-math7 -- found version 7.5.2
[3.530s] -- Looking for gz-utils2 -- found version 2.2.1
[3.531s] -- Searching for dependencies of gz-utils2
[3.532s] -- Searching for <gz-utils2> component [cli]
[3.533s] -- Looking for gz-utils2-cli -- found version 2.2.1
[3.533s] -- Searching for dependencies of gz-utils2-cli
[3.539s] -- Looking for gz-plugin2 -- found version 2.0.4
[3.540s] -- Searching for dependencies of gz-plugin2
[3.540s] -- Looking for gz-utils2 -- found version 2.2.1
[3.543s] -- Searching for <gz-plugin2> component [loader]
[3.544s] -- Looking for gz-plugin2-loader -- found version 2.0.4
[3.544s] -- Searching for dependencies of gz-plugin2-loader
[3.546s] -- Searching for <gz-plugin2> component [register]
[3.547s] -- Looking for gz-plugin2-register -- found version 2.0.4
[3.547s] -- Searching for dependencies of gz-plugin2-register
[3.550s] -- Looking for gz-transport13 -- found version 13.5.0
[3.551s] -- Searching for dependencies of gz-transport13
[7.396s] -- Config-file not installed for ZeroMQ -- checking for pkg-config
[7.403s] -- Checking for module 'libzmq >= 4'
[7.447s] --   Found libzmq, version 4.3.5
[7.530s] -- Checking for module 'uuid'
[7.562s] --   Found uuid, version 2.39.3
[7.628s] -- Looking for gz-utils2 -- found version 2.2.1
[7.634s] -- Looking for gz-msgs10 -- found version 10.3.2
[7.635s] -- Searching for dependencies of gz-msgs10
[9.559s] -- Looking for gz-utils2 -- found version 2.2.1
[9.560s] -- Looking for gz-math7 -- found version 7.5.2
[9.580s] -- Searching for <gz-transport13> component [log]
[9.581s] -- Looking for gz-transport13-log -- found version 13.5.0
[9.581s] -- Searching for dependencies of gz-transport13-log
[9.583s] -- Searching for <gz-transport13> component [parameters]
[9.585s] -- Looking for gz-transport13-parameters -- found version 13.5.0
[9.585s] -- Searching for dependencies of gz-transport13-parameters
[9.588s] -- Looking for gz-msgs10 -- found version 10.3.2
[9.590s] -- Looking for gz-common5 -- found version 5.7.1
[9.590s] -- Searching for dependencies of gz-common5
[9.590s] -- Looking for gz-utils2 -- found version 2.2.1
[9.591s] -- Looking for dlfcn.h - found
[9.591s] -- Looking for libdl - found
[9.607s] -- Searching for <gz-common5> component [av]
[9.608s] -- Looking for gz-common5-av -- found version 5.7.1
[9.608s] -- Searching for dependencies of gz-common5-av
[9.618s] -- Checking for module 'libswscale'
[9.652s] --   Found libswscale, version 7.5.100
[9.713s] -- Checking for module 'libavdevice >= 56.4.100'
[9.743s] --   Found libavdevice, version 60.3.100
[9.821s] -- Checking for module 'libavformat'
[9.846s] --   Found libavformat, version 60.16.100
[9.909s] -- Checking for module 'libavcodec'
[9.934s] --   Found libavcodec, version 60.31.102
[9.993s] -- Checking for module 'libavutil'
[10.019s] --   Found libavutil, version 58.29.100
[10.074s] -- Searching for <gz-common5> component [events]
[10.077s] -- Looking for gz-common5-events -- found version 5.7.1
[10.078s] -- Searching for dependencies of gz-common5-events
[10.078s] -- Looking for gz-math7 -- found version 7.5.2
[10.079s] -- Searching for <gz-common5> component [graphics]
[10.080s] -- Looking for gz-common5-graphics -- found version 5.7.1
[10.080s] -- Searching for dependencies of gz-common5-graphics
[10.081s] -- Looking for gz-math7 -- found version 7.5.2
[10.087s] -- Searching for <gz-common5> component [io]
[10.089s] -- Looking for gz-common5-io -- found version 5.7.1
[10.089s] -- Searching for dependencies of gz-common5-io
[10.091s] -- Searching for <gz-common5> component [profiler]
[10.092s] -- Looking for gz-common5-profiler -- found version 5.7.1
[10.093s] -- Searching for dependencies of gz-common5-profiler
[10.096s] -- Looking for gz-fuel_tools9 -- found version 9.1.1
[10.096s] -- Searching for dependencies of gz-fuel_tools9
[13.061s] -- Checking for module 'jsoncpp'
[13.104s] --   Found jsoncpp, version 1.9.5
[15.967s] -- Checking for module 'yaml-0.1'
[16.039s] --   Found yaml-0.1, version 0.2.5
[16.176s] -- Checking for module 'libzip'
[16.237s] --   Found libzip, version 1.7.3
[16.356s] -- Looking for gz-utils2 -- found version 2.2.1
[16.357s] -- Looking for gz-common5 -- found version 5.7.1
[16.358s] -- Searching for dependencies of gz-common5
[16.360s] -- Looking for gz-utils2 -- found version 2.2.1
[16.360s] -- Looking for dlfcn.h - found
[16.360s] -- Looking for libdl - found
[16.390s] -- Searching for <gz-common5> component [testing]
[16.393s] -- Looking for gz-common5-testing -- found version 5.7.1
[16.394s] -- Searching for dependencies of gz-common5-testing
[16.399s] -- Looking for gz-math7 -- found version 7.5.2
[16.400s] -- Looking for gz-msgs10 -- found version 10.3.2
[16.408s] -- Looking for gz-gui8 -- found version 8.4.0
[16.408s] -- Searching for dependencies of gz-gui8
[21.065s] -- Looking for gz-utils2 -- found version 2.2.1
[21.067s] -- Looking for gz-math7 -- found version 7.5.2
[21.069s] -- Looking for gz-common5 -- found version 5.7.1
[21.071s] -- Looking for gz-plugin2 -- found version 2.0.4
[21.073s] -- Looking for gz-transport13 -- found version 13.5.0
[21.077s] -- Looking for gz-rendering8 -- found version 8.2.3
[21.078s] -- Searching for dependencies of gz-rendering8
[21.082s] -- Looking for gz-math7 -- found version 7.5.2
[21.083s] -- Searching for dependencies of gz-math7
[21.084s] -- Looking for gz-utils2 -- found version 2.2.1
[21.085s] -- Searching for <gz-math7> component [eigen3]
[21.089s] -- Looking for gz-math7-eigen3 -- found version 7.5.2
[21.090s] -- Searching for dependencies of gz-math7-eigen3
[21.100s] -- Looking for gz-common5 -- found version 5.7.1
[21.102s] -- Searching for dependencies of gz-common5
[21.103s] -- Looking for gz-utils2 -- found version 2.2.1
[21.105s] -- Looking for dlfcn.h - found
[21.105s] -- Looking for libdl - found
[21.139s] -- Searching for <gz-common5> component [graphics]
[21.139s] -- Searching for <gz-common5> component [events]
[21.140s] -- Searching for <gz-common5> component [geospatial]
[21.147s] -- Looking for gz-common5-geospatial -- found version 5.7.1
[21.148s] -- Searching for dependencies of gz-common5-geospatial
[21.149s] -- Looking for gz-math7 -- found version 7.5.2
[21.151s] -- Looking for gz-common5 -- found version 5.7.1
[21.156s] -- Looking for gz-plugin2 -- found version 2.0.4
[21.156s] -- Searching for dependencies of gz-plugin2
[21.159s] -- Looking for gz-utils2 -- found version 2.2.1
[21.161s] -- Searching for <gz-plugin2> component [all]
[21.165s] -- Looking for all libraries of gz-plugin2 -- found version 2.0.4
[21.166s] -- Looking for gz-plugin2 -- found version 2.0.4
[21.170s] -- Looking for gz-utils2 -- found version 2.2.1
[21.346s] -- Looking for gz-msgs10 -- found version 10.3.2
[21.766s] -- Looking for gz-physics7 -- found version 7.6.0
[21.767s] -- Searching for dependencies of gz-physics7
[21.768s] -- Looking for gz-common5 -- found version 5.7.1
[21.770s] -- Looking for gz-math7 -- found version 7.5.2
[21.772s] -- Looking for gz-plugin2 -- found version 2.0.4
[21.774s] -- Looking for gz-utils2 -- found version 2.2.1
[21.782s] -- Searching for <gz-physics7> component [heightmap]
[21.787s] -- Looking for gz-physics7-heightmap -- found version 7.6.0
[21.787s] -- Searching for dependencies of gz-physics7-heightmap
[21.790s] -- Looking for gz-common5 -- found version 5.7.1
[21.793s] -- Searching for <gz-physics7> component [mesh]
[21.797s] -- Looking for gz-physics7-mesh -- found version 7.6.0
[21.800s] -- Searching for dependencies of gz-physics7-mesh
[21.803s] -- Looking for gz-common5 -- found version 5.7.1
[21.805s] -- Searching for <gz-physics7> component [sdf]
[21.808s] -- Looking for gz-physics7-sdf -- found version 7.6.0
[21.808s] -- Searching for dependencies of gz-physics7-sdf
[21.810s] -- Looking for sdformat14 -- found version 14.8.0
[21.817s] -- Looking for gz-sensors8 -- found version 8.2.2
[21.818s] -- Searching for dependencies of gz-sensors8
[24.710s] -- Looking for gz-math7 -- found version 7.5.2
[24.711s] -- Looking for gz-common5 -- found version 5.7.1
[24.712s] -- Looking for gz-transport13 -- found version 13.5.0
[24.714s] -- Looking for gz-rendering8 -- found version 8.2.3
[24.716s] -- Looking for gz-msgs10 -- found version 10.3.2
[24.717s] -- Looking for sdformat14 -- found version 14.8.0
[24.721s] -- Searching for <gz-sensors8> component [air_pressure]
[24.723s] -- Looking for gz-sensors8-air_pressure -- found version 8.2.2
[24.723s] -- Searching for dependencies of gz-sensors8-air_pressure
[24.726s] -- Searching for <gz-sensors8> component [air_speed]
[24.728s] -- Looking for gz-sensors8-air_speed -- found version 8.2.2
[24.728s] -- Searching for dependencies of gz-sensors8-air_speed
[24.731s] -- Searching for <gz-sensors8> component [altimeter]
[24.733s] -- Looking for gz-sensors8-altimeter -- found version 8.2.2
[24.734s] -- Searching for dependencies of gz-sensors8-altimeter
[24.740s] -- Searching for <gz-sensors8> component [imu]
[24.741s] -- Looking for gz-sensors8-imu -- found version 8.2.2
[24.741s] -- Searching for dependencies of gz-sensors8-imu
[24.743s] -- Searching for <gz-sensors8> component [force_torque]
[24.745s] -- Looking for gz-sensors8-force_torque -- found version 8.2.2
[24.746s] -- Searching for dependencies of gz-sensors8-force_torque
[24.749s] -- Searching for <gz-sensors8> component [logical_camera]
[24.751s] -- Looking for gz-sensors8-logical_camera -- found version 8.2.2
[24.751s] -- Searching for dependencies of gz-sensors8-logical_camera
[24.754s] -- Searching for <gz-sensors8> component [magnetometer]
[24.757s] -- Looking for gz-sensors8-magnetometer -- found version 8.2.2
[24.758s] -- Searching for dependencies of gz-sensors8-magnetometer
[24.760s] -- Searching for <gz-sensors8> component [navsat]
[24.763s] -- Looking for gz-sensors8-navsat -- found version 8.2.2
[24.763s] -- Searching for dependencies of gz-sensors8-navsat
[24.766s] -- Searching for <gz-sensors8> component [dvl]
[24.769s] -- Looking for gz-sensors8-dvl -- found version 8.2.2
[24.769s] -- Searching for dependencies of gz-sensors8-dvl
[24.771s] -- Looking for gz-sensors8 -- found version 8.2.2
[24.771s] -- Searching for dependencies of gz-sensors8
[27.645s] -- Looking for gz-math7 -- found version 7.5.2
[27.646s] -- Looking for gz-common5 -- found version 5.7.1
[27.647s] -- Looking for gz-transport13 -- found version 13.5.0
[27.648s] -- Looking for gz-rendering8 -- found version 8.2.3
[27.649s] -- Looking for gz-msgs10 -- found version 10.3.2
[27.650s] -- Looking for sdformat14 -- found version 14.8.0
[27.650s] -- Searching for <gz-sensors8> component [rendering]
[27.656s] -- Looking for gz-sensors8-rendering -- found version 8.2.2
[27.658s] -- Searching for dependencies of gz-sensors8-rendering
[27.664s] -- Searching for <gz-sensors8> component [rendering]
[27.664s] -- Searching for <gz-sensors8> component [lidar]
[27.669s] -- Looking for gz-sensors8-lidar -- found version 8.2.2
[27.670s] -- Searching for dependencies of gz-sensors8-lidar
[27.671s] -- Looking for gz-sensors8 -- found version 8.2.2
[27.675s] -- Searching for <gz-sensors8> component [gpu_lidar]
[27.677s] -- Looking for gz-sensors8-gpu_lidar -- found version 8.2.2
[27.678s] -- Searching for dependencies of gz-sensors8-gpu_lidar
[27.679s] -- Looking for gz-sensors8 -- found version 8.2.2
[27.682s] -- Searching for <gz-sensors8> component [camera]
[27.684s] -- Looking for gz-sensors8-camera -- found version 8.2.2
[27.685s] -- Searching for dependencies of gz-sensors8-camera
[27.685s] -- Looking for gz-sensors8 -- found version 8.2.2
[27.689s] -- Searching for <gz-sensors8> component [boundingbox_camera]
[27.691s] -- Looking for gz-sensors8-boundingbox_camera -- found version 8.2.2
[27.692s] -- Searching for dependencies of gz-sensors8-boundingbox_camera
[27.695s] -- Searching for <gz-sensors8> component [segmentation_camera]
[27.698s] -- Looking for gz-sensors8-segmentation_camera -- found version 8.2.2
[27.698s] -- Searching for dependencies of gz-sensors8-segmentation_camera
[27.700s] -- Searching for <gz-sensors8> component [depth_camera]
[27.702s] -- Looking for gz-sensors8-depth_camera -- found version 8.2.2
[27.703s] -- Searching for dependencies of gz-sensors8-depth_camera
[27.704s] -- Looking for gz-sensors8 -- found version 8.2.2
[27.706s] -- Searching for <gz-sensors8> component [rgbd_camera]
[27.708s] -- Looking for gz-sensors8-rgbd_camera -- found version 8.2.2
[27.709s] -- Searching for dependencies of gz-sensors8-rgbd_camera
[27.710s] -- Looking for gz-sensors8 -- found version 8.2.2
[27.712s] -- Searching for <gz-sensors8> component [thermal_camera]
[27.715s] -- Looking for gz-sensors8-thermal_camera -- found version 8.2.2
[27.715s] -- Searching for dependencies of gz-sensors8-thermal_camera
[27.716s] -- Looking for gz-sensors8 -- found version 8.2.2
[27.719s] -- Searching for <gz-sensors8> component [wide_angle_camera]
[27.721s] -- Looking for gz-sensors8-wide_angle_camera -- found version 8.2.2
[27.722s] -- Searching for dependencies of gz-sensors8-wide_angle_camera
[27.725s] -- Looking for gz-rendering8 -- found version 8.2.3
[27.726s] -- Looking for gz-math7 -- found version 7.5.2
[27.727s] -- Looking for gz-utils2 -- found version 2.2.1
[30.307s] -- Looking for gz-plugin2 -- found version 2.0.4
[30.537s] -- Configuring done (29.8s)
[30.673s] -- Generating done (0.1s)
[30.697s] -- Build files have been written to: /home/kanika/kanika/build/turtlebot3_gazebo
[30.866s] [ 25%] Built target turtlebot3_drive
[30.908s] [ 75%] Built target obstacle2
[30.908s] [ 75%] Built target obstacles
[30.913s] [100%] Built target obstacle1
[30.946s] Invoked command in '/home/kanika/kanika/build/turtlebot3_gazebo' returned '0': CMAKE_PREFIX_PATH=${CMAKE_PREFIX_PATH}:/home/kanika/kanika/install/turtlebot3_teleop:/home/kanika/kanika/install/turtlebot3_example:/home/kanika/tb3_ws/install/turtlebot3_teleop:/home/kanika/tb3_ws/install/turtlebot3_example:/opt/ros/jazzy /usr/bin/cmake --build /home/kanika/kanika/build/turtlebot3_gazebo -- -j8 -l8
[30.950s] Invoking command in '/home/kanika/kanika/build/turtlebot3_gazebo': CMAKE_PREFIX_PATH=${CMAKE_PREFIX_PATH}:/home/kanika/kanika/install/turtlebot3_teleop:/home/kanika/kanika/install/turtlebot3_example:/home/kanika/tb3_ws/install/turtlebot3_teleop:/home/kanika/tb3_ws/install/turtlebot3_example:/opt/ros/jazzy /usr/bin/cmake --install /home/kanika/kanika/build/turtlebot3_gazebo
[30.973s] -- Install configuration: ""
[30.974s] -- Execute custom install script
[30.976s] -- Up-to-date symlink: /home/kanika/kanika/install/turtlebot3_gazebo/lib/turtlebot3_gazebo/turtlebot3_drive
[30.977s] -- Up-to-date symlink: /home/kanika/kanika/install/turtlebot3_gazebo/lib/turtlebot3_gazebo/libobstacles.so
[30.978s] -- Up-to-date symlink: /home/kanika/kanika/install/turtlebot3_gazebo/lib/turtlebot3_gazebo/libobstacle1.so
[30.978s] -- Up-to-date symlink: /home/kanika/kanika/install/turtlebot3_gazebo/lib/turtlebot3_gazebo/libobstacle2.so
[30.980s] -- Up-to-date symlink: /home/kanika/kanika/install/turtlebot3_gazebo/share/turtlebot3_gazebo//launch/empty_world.launch.py
[30.980s] -- Up-to-date symlink: /home/kanika/kanika/install/turtlebot3_gazebo/share/turtlebot3_gazebo//launch/robot_state_publisher.launch.py
[30.981s] -- Up-to-date symlink: /home/kanika/kanika/install/turtlebot3_gazebo/share/turtlebot3_gazebo//launch/spawn_turtlebot3.launch.py
[30.982s] -- Up-to-date symlink: /home/kanika/kanika/install/turtlebot3_gazebo/share/turtlebot3_gazebo//launch/turtlebot3_dqn_stage1.launch.py
[30.982s] -- Up-to-date symlink: /home/kanika/kanika/install/turtlebot3_gazebo/share/turtlebot3_gazebo//launch/turtlebot3_dqn_stage2.launch.py
[30.982s] -- Up-to-date symlink: /home/kanika/kanika/install/turtlebot3_gazebo/share/turtlebot3_gazebo//launch/turtlebot3_dqn_stage3.launch.py
[30.983s] -- Up-to-date symlink: /home/kanika/kanika/install/turtlebot3_gazebo/share/turtlebot3_gazebo//launch/turtlebot3_dqn_stage4.launch.py
[30.983s] -- Up-to-date symlink: /home/kanika/kanika/install/turtlebot3_gazebo/share/turtlebot3_gazebo//launch/turtlebot3_house.launch.py
[30.984s] -- Up-to-date symlink: /home/kanika/kanika/install/turtlebot3_gazebo/share/turtlebot3_gazebo//launch/turtlebot3_world.launch.py
[30.995s] -- Up-to-date symlink: /home/kanika/kanika/install/turtlebot3_gazebo/share/turtlebot3_gazebo//models/turtlebot3_burger/model-1_4.sdf
[30.996s] -- Up-to-date symlink: /home/kanika/kanika/install/turtlebot3_gazebo/share/turtlebot3_gazebo//models/turtlebot3_burger/model.config
[30.997s] -- Up-to-date symlink: /home/kanika/kanika/install/turtlebot3_gazebo/share/turtlebot3_gazebo//models/turtlebot3_burger/model.sdf
[30.997s] -- Up-to-date symlink: /home/kanika/kanika/install/turtlebot3_gazebo/share/turtlebot3_gazebo//models/turtlebot3_burger_cam/model-1_4.sdf
[30.998s] -- Up-to-date symlink: /home/kanika/kanika/install/turtlebot3_gazebo/share/turtlebot3_gazebo//models/turtlebot3_burger_cam/model.config
[30.999s] -- Up-to-date symlink: /home/kanika/kanika/install/turtlebot3_gazebo/share/turtlebot3_gazebo//models/turtlebot3_burger_cam/model.sdf
[30.999s] -- Up-to-date symlink: /home/kanika/kanika/install/turtlebot3_gazebo/share/turtlebot3_gazebo//models/turtlebot3_common/meshes/bases/burger_base.stl
[31.000s] -- Up-to-date symlink: /home/kanika/kanika/install/turtlebot3_gazebo/share/turtlebot3_gazebo//models/turtlebot3_common/meshes/bases/waffle_base.stl
[31.000s] -- Up-to-date symlink: /home/kanika/kanika/install/turtlebot3_gazebo/share/turtlebot3_gazebo//models/turtlebot3_common/meshes/bases/waffle_pi_base.stl
[31.001s] -- Up-to-date symlink: /home/kanika/kanika/install/turtlebot3_gazebo/share/turtlebot3_gazebo//models/turtlebot3_common/meshes/burger_base.dae
[31.001s] -- Up-to-date symlink: /home/kanika/kanika/install/turtlebot3_gazebo/share/turtlebot3_gazebo//models/turtlebot3_common/meshes/lds.dae
[31.002s] -- Up-to-date symlink: /home/kanika/kanika/install/turtlebot3_gazebo/share/turtlebot3_gazebo//models/turtlebot3_common/meshes/r200.dae
[31.002s] -- Up-to-date symlink: /home/kanika/kanika/install/turtlebot3_gazebo/share/turtlebot3_gazebo//models/turtlebot3_common/meshes/sensors/astra.dae
[31.003s] -- Up-to-date symlink: /home/kanika/kanika/install/turtlebot3_gazebo/share/turtlebot3_gazebo//models/turtlebot3_common/meshes/sensors/astra.jpg
[31.004s] -- Up-to-date symlink: /home/kanika/kanika/install/turtlebot3_gazebo/share/turtlebot3_gazebo//models/turtlebot3_common/meshes/sensors/lds.stl
[31.004s] -- Up-to-date symlink: /home/kanika/kanika/install/turtlebot3_gazebo/share/turtlebot3_gazebo//models/turtlebot3_common/meshes/sensors/r200.dae
[31.004s] -- Up-to-date symlink: /home/kanika/kanika/install/turtlebot3_gazebo/share/turtlebot3_gazebo//models/turtlebot3_common/meshes/sensors/r200.jpg
[31.005s] -- Up-to-date symlink: /home/kanika/kanika/install/turtlebot3_gazebo/share/turtlebot3_gazebo//models/turtlebot3_common/meshes/tire.dae
[31.006s] -- Up-to-date symlink: /home/kanika/kanika/install/turtlebot3_gazebo/share/turtlebot3_gazebo//models/turtlebot3_common/meshes/waffle_base.dae
[31.006s] -- Up-to-date symlink: /home/kanika/kanika/install/turtlebot3_gazebo/share/turtlebot3_gazebo//models/turtlebot3_common/meshes/waffle_pi_base.dae
[31.006s] -- Up-to-date symlink: /home/kanika/kanika/install/turtlebot3_gazebo/share/turtlebot3_gazebo//models/turtlebot3_common/meshes/wheels/left_tire.stl
[31.007s] -- Up-to-date symlink: /home/kanika/kanika/install/turtlebot3_gazebo/share/turtlebot3_gazebo//models/turtlebot3_common/meshes/wheels/right_tire.stl
[31.007s] -- Up-to-date symlink: /home/kanika/kanika/install/turtlebot3_gazebo/share/turtlebot3_gazebo//models/turtlebot3_common/model.config
[31.008s] -- Up-to-date symlink: /home/kanika/kanika/install/turtlebot3_gazebo/share/turtlebot3_gazebo//models/turtlebot3_dqn_world/goal_box/model.config
[31.008s] -- Up-to-date symlink: /home/kanika/kanika/install/turtlebot3_gazebo/share/turtlebot3_gazebo//models/turtlebot3_dqn_world/goal_box/model.sdf
[31.009s] -- Up-to-date symlink: /home/kanika/kanika/install/turtlebot3_gazebo/share/turtlebot3_gazebo//models/turtlebot3_dqn_world/inner_walls/model.config
[31.009s] -- Up-to-date symlink: /home/kanika/kanika/install/turtlebot3_gazebo/share/turtlebot3_gazebo//models/turtlebot3_dqn_world/inner_walls/model.sdf
[31.010s] -- Up-to-date symlink: /home/kanika/kanika/install/turtlebot3_gazebo/share/turtlebot3_gazebo//models/turtlebot3_dqn_world/inner_walls/textures/wood.png
[31.010s] -- Up-to-date symlink: /home/kanika/kanika/install/turtlebot3_gazebo/share/turtlebot3_gazebo//models/turtlebot3_dqn_world/model.config
[31.011s] -- Up-to-date symlink: /home/kanika/kanika/install/turtlebot3_gazebo/share/turtlebot3_gazebo//models/turtlebot3_dqn_world/model.sdf
[31.012s] -- Up-to-date symlink: /home/kanika/kanika/install/turtlebot3_gazebo/share/turtlebot3_gazebo//models/turtlebot3_dqn_world/obstacle1/model.config
[31.012s] -- Up-to-date symlink: /home/kanika/kanika/install/turtlebot3_gazebo/share/turtlebot3_gazebo//models/turtlebot3_dqn_world/obstacle1/model.sdf
[31.013s] -- Up-to-date symlink: /home/kanika/kanika/install/turtlebot3_gazebo/share/turtlebot3_gazebo//models/turtlebot3_dqn_world/obstacle2/model.config
[31.014s] -- Up-to-date symlink: /home/kanika/kanika/install/turtlebot3_gazebo/share/turtlebot3_gazebo//models/turtlebot3_dqn_world/obstacle2/model.sdf
[31.014s] -- Up-to-date symlink: /home/kanika/kanika/install/turtlebot3_gazebo/share/turtlebot3_gazebo//models/turtlebot3_dqn_world/obstacles/model.config
[31.015s] -- Up-to-date symlink: /home/kanika/kanika/install/turtlebot3_gazebo/share/turtlebot3_gazebo//models/turtlebot3_dqn_world/obstacles/model.sdf
[31.016s] -- Up-to-date symlink: /home/kanika/kanika/install/turtlebot3_gazebo/share/turtlebot3_gazebo//models/turtlebot3_dqn_world/textures/wood.png
[31.016s] -- Up-to-date symlink: /home/kanika/kanika/install/turtlebot3_gazebo/share/turtlebot3_gazebo//models/turtlebot3_house/cafe_table/materials/textures/Maple.jpg
[31.016s] -- Up-to-date symlink: /home/kanika/kanika/install/turtlebot3_gazebo/share/turtlebot3_gazebo//models/turtlebot3_house/cafe_table/materials/textures/Wood_Floor_Dark.jpg
[31.017s] -- Up-to-date symlink: /home/kanika/kanika/install/turtlebot3_gazebo/share/turtlebot3_gazebo//models/turtlebot3_house/cafe_table/meshes/cafe_table.dae
[31.018s] -- Up-to-date symlink: /home/kanika/kanika/install/turtlebot3_gazebo/share/turtlebot3_gazebo//models/turtlebot3_house/cafe_table/model-1_4.sdf
[31.019s] -- Up-to-date symlink: /home/kanika/kanika/install/turtlebot3_gazebo/share/turtlebot3_gazebo//models/turtlebot3_house/cafe_table/model.config
[31.019s] -- Up-to-date symlink: /home/kanika/kanika/install/turtlebot3_gazebo/share/turtlebot3_gazebo//models/turtlebot3_house/cafe_table/model.sdf
[31.020s] -- Up-to-date symlink: /home/kanika/kanika/install/turtlebot3_gazebo/share/turtlebot3_gazebo//models/turtlebot3_house/first_2015_trash_can/meshes/trash_can.dae
[31.020s] -- Up-to-date symlink: /home/kanika/kanika/install/turtlebot3_gazebo/share/turtlebot3_gazebo//models/turtlebot3_house/first_2015_trash_can/model.config
[31.020s] -- Up-to-date symlink: /home/kanika/kanika/install/turtlebot3_gazebo/share/turtlebot3_gazebo//models/turtlebot3_house/first_2015_trash_can/model.sdf
[31.021s] -- Up-to-date symlink: /home/kanika/kanika/install/turtlebot3_gazebo/share/turtlebot3_gazebo//models/turtlebot3_house/mailbox/materials/scripts/mailbox.material
[31.021s] -- Up-to-date symlink: /home/kanika/kanika/install/turtlebot3_gazebo/share/turtlebot3_gazebo//models/turtlebot3_house/mailbox/materials/textures/Mailbox_Diffuse.png
[31.022s] -- Up-to-date symlink: /home/kanika/kanika/install/turtlebot3_gazebo/share/turtlebot3_gazebo//models/turtlebot3_house/mailbox/materials/textures/Mailbox_Diffuse.tga.orig
[31.023s] -- Up-to-date symlink: /home/kanika/kanika/install/turtlebot3_gazebo/share/turtlebot3_gazebo//models/turtlebot3_house/mailbox/materials/textures/Mailbox_Spec.png
[31.023s] -- Up-to-date symlink: /home/kanika/kanika/install/turtlebot3_gazebo/share/turtlebot3_gazebo//models/turtlebot3_house/mailbox/meshes/mailbox.dae
[31.023s] -- Up-to-date symlink: /home/kanika/kanika/install/turtlebot3_gazebo/share/turtlebot3_gazebo//models/turtlebot3_house/mailbox/model-1_3.sdf
[31.024s] -- Up-to-date symlink: /home/kanika/kanika/install/turtlebot3_gazebo/share/turtlebot3_gazebo//models/turtlebot3_house/mailbox/model-1_4.sdf
[31.024s] -- Up-to-date symlink: /home/kanika/kanika/install/turtlebot3_gazebo/share/turtlebot3_gazebo//models/turtlebot3_house/mailbox/model.config
[31.025s] -- Up-to-date symlink: /home/kanika/kanika/install/turtlebot3_gazebo/share/turtlebot3_gazebo//models/turtlebot3_house/mailbox/model.sdf
[31.026s] -- Up-to-date symlink: /home/kanika/kanika/install/turtlebot3_gazebo/share/turtlebot3_gazebo//models/turtlebot3_house/model.config
[31.026s] -- Up-to-date symlink: /home/kanika/kanika/install/turtlebot3_gazebo/share/turtlebot3_gazebo//models/turtlebot3_house/model.sdf
[31.026s] -- Up-to-date symlink: /home/kanika/kanika/install/turtlebot3_gazebo/share/turtlebot3_gazebo//models/turtlebot3_house/table_marble/materials/scripts/table_lightmap.material
[31.027s] -- Up-to-date symlink: /home/kanika/kanika/install/turtlebot3_gazebo/share/turtlebot3_gazebo//models/turtlebot3_house/table_marble/materials/textures/marble.png
[31.027s] -- Up-to-date symlink: /home/kanika/kanika/install/turtlebot3_gazebo/share/turtlebot3_gazebo//models/turtlebot3_house/table_marble/materials/textures/table_lightmap.png
[31.028s] -- Up-to-date symlink: /home/kanika/kanika/install/turtlebot3_gazebo/share/turtlebot3_gazebo//models/turtlebot3_house/table_marble/meshes/table_lightmap.dae
[31.028s] -- Up-to-date symlink: /home/kanika/kanika/install/turtlebot3_gazebo/share/turtlebot3_gazebo//models/turtlebot3_house/table_marble/model-1_4.sdf
[31.029s] -- Up-to-date symlink: /home/kanika/kanika/install/turtlebot3_gazebo/share/turtlebot3_gazebo//models/turtlebot3_house/table_marble/model.config
[31.030s] -- Up-to-date symlink: /home/kanika/kanika/install/turtlebot3_gazebo/share/turtlebot3_gazebo//models/turtlebot3_house/table_marble/model.sdf
[31.031s] -- Up-to-date symlink: /home/kanika/kanika/install/turtlebot3_gazebo/share/turtlebot3_gazebo//models/turtlebot3_house/textures/bricks.png
[31.031s] -- Up-to-date symlink: /home/kanika/kanika/install/turtlebot3_gazebo/share/turtlebot3_gazebo//models/turtlebot3_house/textures/wood.png
[31.032s] -- Up-to-date symlink: /home/kanika/kanika/install/turtlebot3_gazebo/share/turtlebot3_gazebo//models/turtlebot3_waffle/model-1_4.sdf
[31.033s] -- Up-to-date symlink: /home/kanika/kanika/install/turtlebot3_gazebo/share/turtlebot3_gazebo//models/turtlebot3_waffle/model.config
[31.034s] -- Up-to-date symlink: /home/kanika/kanika/install/turtlebot3_gazebo/share/turtlebot3_gazebo//models/turtlebot3_waffle/model.sdf
[31.034s] -- Up-to-date symlink: /home/kanika/kanika/install/turtlebot3_gazebo/share/turtlebot3_gazebo//models/turtlebot3_waffle_pi/model-1_4_.sdf
[31.036s] -- Up-to-date symlink: /home/kanika/kanika/install/turtlebot3_gazebo/share/turtlebot3_gazebo//models/turtlebot3_waffle_pi/model.config
[31.037s] -- Up-to-date symlink: /home/kanika/kanika/install/turtlebot3_gazebo/share/turtlebot3_gazebo//models/turtlebot3_waffle_pi/model.sdf
[31.037s] -- Up-to-date symlink: /home/kanika/kanika/install/turtlebot3_gazebo/share/turtlebot3_gazebo//models/turtlebot3_world/meshes/hexagon.dae
[31.038s] -- Up-to-date symlink: /home/kanika/kanika/install/turtlebot3_gazebo/share/turtlebot3_gazebo//models/turtlebot3_world/meshes/wall.dae
[31.038s] -- Up-to-date symlink: /home/kanika/kanika/install/turtlebot3_gazebo/share/turtlebot3_gazebo//models/turtlebot3_world/model-1_4.sdf
[31.039s] -- Up-to-date symlink: /home/kanika/kanika/install/turtlebot3_gazebo/share/turtlebot3_gazebo//models/turtlebot3_world/model.config
[31.039s] -- Up-to-date symlink: /home/kanika/kanika/install/turtlebot3_gazebo/share/turtlebot3_gazebo//models/turtlebot3_world/model.sdf
[31.039s] -- Up-to-date symlink: /home/kanika/kanika/install/turtlebot3_gazebo/share/turtlebot3_gazebo//params/turtlebot3_burger_bridge.yaml
[31.040s] -- Up-to-date symlink: /home/kanika/kanika/install/turtlebot3_gazebo/share/turtlebot3_gazebo//params/turtlebot3_burger_cam_bridge.yaml
[31.041s] -- Up-to-date symlink: /home/kanika/kanika/install/turtlebot3_gazebo/share/turtlebot3_gazebo//params/turtlebot3_waffle_bridge.yaml
[31.041s] -- Up-to-date symlink: /home/kanika/kanika/install/turtlebot3_gazebo/share/turtlebot3_gazebo//params/turtlebot3_waffle_pi_bridge.yaml
[31.042s] -- Up-to-date symlink: /home/kanika/kanika/install/turtlebot3_gazebo/share/turtlebot3_gazebo//rviz/tb3_gazebo.rviz
[31.042s] -- Up-to-date symlink: /home/kanika/kanika/install/turtlebot3_gazebo/share/turtlebot3_gazebo//urdf/common_properties.urdf
[31.042s] -- Up-to-date symlink: /home/kanika/kanika/install/turtlebot3_gazebo/share/turtlebot3_gazebo//urdf/turtlebot3_burger.urdf
[31.043s] -- Up-to-date symlink: /home/kanika/kanika/install/turtlebot3_gazebo/share/turtlebot3_gazebo//urdf/turtlebot3_burger_cam.urdf
[31.043s] -- Up-to-date symlink: /home/kanika/kanika/install/turtlebot3_gazebo/share/turtlebot3_gazebo//urdf/turtlebot3_waffle.urdf
[31.043s] -- Up-to-date symlink: /home/kanika/kanika/install/turtlebot3_gazebo/share/turtlebot3_gazebo//urdf/turtlebot3_waffle_pi.urdf
[31.044s] -- Up-to-date symlink: /home/kanika/kanika/install/turtlebot3_gazebo/share/turtlebot3_gazebo//worlds/empty_world.world
[31.045s] -- Up-to-date symlink: /home/kanika/kanika/install/turtlebot3_gazebo/share/turtlebot3_gazebo//worlds/turtlebot3_autorace_2020.world
[31.045s] -- Up-to-date symlink: /home/kanika/kanika/install/turtlebot3_gazebo/share/turtlebot3_gazebo//worlds/turtlebot3_dqn_stage1.world
[31.046s] -- Up-to-date symlink: /home/kanika/kanika/install/turtlebot3_gazebo/share/turtlebot3_gazebo//worlds/turtlebot3_dqn_stage2.world
[31.046s] -- Up-to-date symlink: /home/kanika/kanika/install/turtlebot3_gazebo/share/turtlebot3_gazebo//worlds/turtlebot3_dqn_stage3.world
[31.046s] -- Up-to-date symlink: /home/kanika/kanika/install/turtlebot3_gazebo/share/turtlebot3_gazebo//worlds/turtlebot3_dqn_stage4.world
[31.046s] -- Up-to-date symlink: /home/kanika/kanika/install/turtlebot3_gazebo/share/turtlebot3_gazebo//worlds/turtlebot3_house.world
[31.047s] -- Up-to-date symlink: /home/kanika/kanika/install/turtlebot3_gazebo/share/turtlebot3_gazebo//worlds/turtlebot3_world.world
[31.053s] -- Up-to-date symlink: /home/kanika/kanika/install/turtlebot3_gazebo/include//turtlebot3_gazebo/obstacle1.hpp
[31.053s] -- Up-to-date symlink: /home/kanika/kanika/install/turtlebot3_gazebo/include//turtlebot3_gazebo/obstacle2.hpp
[31.054s] -- Up-to-date symlink: /home/kanika/kanika/install/turtlebot3_gazebo/include//turtlebot3_gazebo/obstacles.hpp
[31.055s] -- Up-to-date symlink: /home/kanika/kanika/install/turtlebot3_gazebo/include//turtlebot3_gazebo/traffic_bar_plugin.hpp
[31.057s] -- Up-to-date symlink: /home/kanika/kanika/install/turtlebot3_gazebo/include//turtlebot3_gazebo/traffic_light_plugin.hpp
[31.058s] -- Up-to-date symlink: /home/kanika/kanika/install/turtlebot3_gazebo/include//turtlebot3_gazebo/turtlebot3_drive.hpp
[31.058s] -- Up-to-date symlink: /home/kanika/kanika/install/turtlebot3_gazebo/share/ament_index/resource_index/package_run_dependencies/turtlebot3_gazebo
[31.060s] -- Up-to-date symlink: /home/kanika/kanika/install/turtlebot3_gazebo/share/ament_index/resource_index/parent_prefix_path/turtlebot3_gazebo
[31.060s] -- Up-to-date symlink: /home/kanika/kanika/install/turtlebot3_gazebo/share/turtlebot3_gazebo/environment/ament_prefix_path.sh
[31.061s] -- Up-to-date symlink: /home/kanika/kanika/install/turtlebot3_gazebo/share/turtlebot3_gazebo/environment/ament_prefix_path.dsv
[31.062s] -- Up-to-date symlink: /home/kanika/kanika/install/turtlebot3_gazebo/share/turtlebot3_gazebo/environment/path.sh
[31.066s] -- Up-to-date symlink: /home/kanika/kanika/install/turtlebot3_gazebo/share/turtlebot3_gazebo/environment/path.dsv
[31.067s] -- Up-to-date symlink: /home/kanika/kanika/install/turtlebot3_gazebo/share/turtlebot3_gazebo/local_setup.bash
[31.067s] -- Up-to-date symlink: /home/kanika/kanika/install/turtlebot3_gazebo/share/turtlebot3_gazebo/local_setup.sh
[31.068s] -- Up-to-date symlink: /home/kanika/kanika/install/turtlebot3_gazebo/share/turtlebot3_gazebo/local_setup.zsh
[31.068s] -- Up-to-date symlink: /home/kanika/kanika/install/turtlebot3_gazebo/share/turtlebot3_gazebo/local_setup.dsv
[31.068s] -- Symlinking: /home/kanika/kanika/install/turtlebot3_gazebo/share/turtlebot3_gazebo/package.dsv
[31.091s] -- Up-to-date symlink: /home/kanika/kanika/install/turtlebot3_gazebo/share/ament_index/resource_index/packages/turtlebot3_gazebo
[31.091s] -- Up-to-date symlink: /home/kanika/kanika/install/turtlebot3_gazebo/share/turtlebot3_gazebo/cmake/ament_cmake_export_include_directories-extras.cmake
[31.092s] -- Up-to-date symlink: /home/kanika/kanika/install/turtlebot3_gazebo/share/turtlebot3_gazebo/cmake/ament_cmake_export_dependencies-extras.cmake
[31.092s] -- Up-to-date symlink: /home/kanika/kanika/install/turtlebot3_gazebo/share/turtlebot3_gazebo/cmake/turtlebot3_gazeboConfig.cmake
[31.092s] -- Up-to-date symlink: /home/kanika/kanika/install/turtlebot3_gazebo/share/turtlebot3_gazebo/cmake/turtlebot3_gazeboConfig-version.cmake
[31.092s] -- Up-to-date symlink: /home/kanika/kanika/install/turtlebot3_gazebo/share/turtlebot3_gazebo/package.xml
[31.098s] Invoked command in '/home/kanika/kanika/build/turtlebot3_gazebo' returned '0': CMAKE_PREFIX_PATH=${CMAKE_PREFIX_PATH}:/home/kanika/kanika/install/turtlebot3_teleop:/home/kanika/kanika/install/turtlebot3_example:/home/kanika/tb3_ws/install/turtlebot3_teleop:/home/kanika/tb3_ws/install/turtlebot3_example:/opt/ros/jazzy /usr/bin/cmake --install /home/kanika/kanika/build/turtlebot3_gazebo
