[2.611s] Invoking command in '/home/kanika/kanika/build/turtlebot3_example': PYTHONPATH=/home/kanika/kanika/build/turtlebot3_example/prefix_override:/usr/lib/python3/dist-packages/colcon_core/task/python/colcon_distutils_commands:/home/kanika/kanika/install/turtlebot3_example/lib/python3.12/site-packages:${PYTHONPATH} /usr/bin/python3 -W ignore:setup.py install is deprecated -W ignore:easy_install command is deprecated setup.py develop --editable --build-directory /home/kanika/kanika/build/turtlebot3_example/build --no-deps symlink_data
[3.550s] running develop
[4.058s] running egg_info
[4.113s] writing turtlebot3_example.egg-info/PKG-INFO
[4.113s] writing dependency_links to turtlebot3_example.egg-info/dependency_links.txt
[4.114s] writing entry points to turtlebot3_example.egg-info/entry_points.txt
[4.114s] writing requirements to turtlebot3_example.egg-info/requires.txt
[4.114s] writing top-level names to turtlebot3_example.egg-info/top_level.txt
[4.225s] reading manifest file 'turtlebot3_example.egg-info/SOURCES.txt'
[4.229s] writing manifest file 'turtlebot3_example.egg-info/SOURCES.txt'
[4.275s] running build_ext
[4.276s] Creating /home/kanika/kanika/install/turtlebot3_example/lib/python3.12/site-packages/turtlebot3-example.egg-link (link to .)
[4.278s] Installing turtlebot3_absolute_move script to /home/kanika/kanika/install/turtlebot3_example/lib/turtlebot3_example
[4.279s] Installing turtlebot3_interactive_marker script to /home/kanika/kanika/install/turtlebot3_example/lib/turtlebot3_example
[4.279s] Installing turtlebot3_obstacle_detection script to /home/kanika/kanika/install/turtlebot3_example/lib/turtlebot3_example
[4.280s] Installing turtlebot3_patrol_client script to /home/kanika/kanika/install/turtlebot3_example/lib/turtlebot3_example
[4.280s] Installing turtlebot3_patrol_server script to /home/kanika/kanika/install/turtlebot3_example/lib/turtlebot3_example
[4.280s] Installing turtlebot3_relative_move script to /home/kanika/kanika/install/turtlebot3_example/lib/turtlebot3_example
[4.281s] 
[4.281s] Installed /home/kanika/kanika/build/turtlebot3_example
[4.282s] running symlink_data
[4.342s] Invoked command in '/home/kanika/kanika/build/turtlebot3_example' returned '0': PYTHONPATH=/home/kanika/kanika/build/turtlebot3_example/prefix_override:/usr/lib/python3/dist-packages/colcon_core/task/python/colcon_distutils_commands:/home/kanika/kanika/install/turtlebot3_example/lib/python3.12/site-packages:${PYTHONPATH} /usr/bin/python3 -W ignore:setup.py install is deprecated -W ignore:easy_install command is deprecated setup.py develop --editable --build-directory /home/kanika/kanika/build/turtlebot3_example/build --no-deps symlink_data
