[0.082s] Invoking command in '/home/kanika/kanika/build/explore_lite_msgs': CMAKE_PREFIX_PATH=${CMAKE_PREFIX_PATH}:/home/kanika/kanika/install/turtlebot3_teleop:/home/kanika/kanika/install/turtlebot3_example:/home/kanika/tb3_ws/install/turtlebot3_teleop:/home/kanika/tb3_ws/install/turtlebot3_example:/opt/ros/jazzy /usr/bin/cmake --build /home/kanika/kanika/build/explore_lite_msgs -- -j8 -l8
[0.505s] [  2%] Built target explore_lite_msgs__rosidl_generator_type_description
[0.505s] [  2%] Built target ament_cmake_python_symlink_explore_lite_msgs
[0.505s] [  5%] Built target explore_lite_msgs__cpp
[0.505s] [ 20%] Built target explore_lite_msgs__rosidl_generator_c
[0.505s] [ 29%] Built target explore_lite_msgs__rosidl_typesupport_cpp
[0.506s] [ 38%] Built target explore_lite_msgs__rosidl_typesupport_introspection_c
[0.506s] [ 47%] Built target explore_lite_msgs__rosidl_typesupport_fastrtps_c
[0.506s] [ 55%] Built target explore_lite_msgs__rosidl_typesupport_fastrtps_cpp
[0.506s] [ 64%] Built target explore_lite_msgs__rosidl_typesupport_introspection_cpp
[0.506s] [ 73%] Built target explore_lite_msgs__rosidl_typesupport_c
[0.506s] [ 73%] Built target explore_lite_msgs
[0.506s] [ 76%] Built target explore_lite_msgs__py
[0.506s] [ 82%] Built target explore_lite_msgs__rosidl_generator_py
[0.506s] [ 88%] Built target explore_lite_msgs_s__rosidl_typesupport_introspection_c
[0.507s] [ 94%] Built target explore_lite_msgs_s__rosidl_typesupport_c
[0.507s] [100%] Built target explore_lite_msgs_s__rosidl_typesupport_fastrtps_c
[0.620s] running egg_info
[0.663s] writing explore_lite_msgs.egg-info/PKG-INFO
[0.663s] writing dependency_links to explore_lite_msgs.egg-info/dependency_links.txt
[0.663s] writing top-level names to explore_lite_msgs.egg-info/top_level.txt
[0.788s] reading manifest file 'explore_lite_msgs.egg-info/SOURCES.txt'
[0.789s] writing manifest file 'explore_lite_msgs.egg-info/SOURCES.txt'
[0.837s] [100%] Built target ament_cmake_python_build_explore_lite_msgs_egg
[1.633s] Invoked command in '/home/kanika/kanika/build/explore_lite_msgs' returned '0': CMAKE_PREFIX_PATH=${CMAKE_PREFIX_PATH}:/home/kanika/kanika/install/turtlebot3_teleop:/home/kanika/kanika/install/turtlebot3_example:/home/kanika/tb3_ws/install/turtlebot3_teleop:/home/kanika/tb3_ws/install/turtlebot3_example:/opt/ros/jazzy /usr/bin/cmake --build /home/kanika/kanika/build/explore_lite_msgs -- -j8 -l8
[1.634s] Invoking command in '/home/kanika/kanika/build/explore_lite_msgs': CMAKE_PREFIX_PATH=${CMAKE_PREFIX_PATH}:/home/kanika/kanika/install/turtlebot3_teleop:/home/kanika/kanika/install/turtlebot3_example:/home/kanika/tb3_ws/install/turtlebot3_teleop:/home/kanika/tb3_ws/install/turtlebot3_example:/opt/ros/jazzy /usr/bin/cmake --install /home/kanika/kanika/build/explore_lite_msgs
[1.692s] -- Install configuration: ""
[1.692s] -- Execute custom install script
[1.692s] -- Up-to-date symlink: /home/kanika/kanika/install/explore_lite_msgs/share/ament_index/resource_index/rosidl_interfaces/explore_lite_msgs
[1.693s] -- Up-to-date symlink: /home/kanika/kanika/install/explore_lite_msgs/share/explore_lite_msgs/msg/ExploreStatus.json
[1.693s] -- Up-to-date symlink: /home/kanika/kanika/install/explore_lite_msgs/include/explore_lite_msgs/explore_lite_msgs/msg/detail/explore_status__functions.h
[1.694s] -- Up-to-date symlink: /home/kanika/kanika/install/explore_lite_msgs/include/explore_lite_msgs/explore_lite_msgs/msg/detail/explore_status__struct.h
[1.694s] -- Up-to-date symlink: /home/kanika/kanika/install/explore_lite_msgs/include/explore_lite_msgs/explore_lite_msgs/msg/detail/explore_status__type_support.h
[1.694s] -- Up-to-date symlink: /home/kanika/kanika/install/explore_lite_msgs/include/explore_lite_msgs/explore_lite_msgs/msg/explore_status.h
[1.694s] -- Up-to-date symlink: /home/kanika/kanika/install/explore_lite_msgs/include/explore_lite_msgs/explore_lite_msgs/msg/rosidl_generator_c__visibility_control.h
[1.694s] -- Up-to-date symlink: /home/kanika/kanika/install/explore_lite_msgs/share/explore_lite_msgs/environment/library_path.sh
[1.694s] -- Up-to-date symlink: /home/kanika/kanika/install/explore_lite_msgs/share/explore_lite_msgs/environment/library_path.dsv
[1.695s] -- Up-to-date symlink: /home/kanika/kanika/install/explore_lite_msgs/include/explore_lite_msgs/explore_lite_msgs/msg/detail/explore_status__rosidl_typesupport_fastrtps_c.h
[1.695s] -- Up-to-date symlink: /home/kanika/kanika/install/explore_lite_msgs/include/explore_lite_msgs/explore_lite_msgs/msg/rosidl_typesupport_fastrtps_c__visibility_control.h
[1.696s] -- Up-to-date symlink: /home/kanika/kanika/install/explore_lite_msgs/include/explore_lite_msgs/explore_lite_msgs/msg/detail/explore_status__rosidl_typesupport_introspection_c.h
[1.696s] -- Up-to-date symlink: /home/kanika/kanika/install/explore_lite_msgs/include/explore_lite_msgs/explore_lite_msgs/msg/rosidl_typesupport_introspection_c__visibility_control.h
[1.697s] -- Up-to-date symlink: /home/kanika/kanika/install/explore_lite_msgs/include/explore_lite_msgs/explore_lite_msgs/msg/detail/explore_status__builder.hpp
[1.697s] -- Up-to-date symlink: /home/kanika/kanika/install/explore_lite_msgs/include/explore_lite_msgs/explore_lite_msgs/msg/detail/explore_status__struct.hpp
[1.697s] -- Up-to-date symlink: /home/kanika/kanika/install/explore_lite_msgs/include/explore_lite_msgs/explore_lite_msgs/msg/detail/explore_status__traits.hpp
[1.697s] -- Up-to-date symlink: /home/kanika/kanika/install/explore_lite_msgs/include/explore_lite_msgs/explore_lite_msgs/msg/detail/explore_status__type_support.hpp
[1.697s] -- Up-to-date symlink: /home/kanika/kanika/install/explore_lite_msgs/include/explore_lite_msgs/explore_lite_msgs/msg/explore_status.hpp
[1.697s] -- Up-to-date symlink: /home/kanika/kanika/install/explore_lite_msgs/include/explore_lite_msgs/explore_lite_msgs/msg/rosidl_generator_cpp__visibility_control.hpp
[1.697s] -- Up-to-date symlink: /home/kanika/kanika/install/explore_lite_msgs/include/explore_lite_msgs/explore_lite_msgs/msg/detail/explore_status__rosidl_typesupport_fastrtps_cpp.hpp
[1.698s] -- Up-to-date symlink: /home/kanika/kanika/install/explore_lite_msgs/include/explore_lite_msgs/explore_lite_msgs/msg/rosidl_typesupport_fastrtps_cpp__visibility_control.h
[1.698s] -- Up-to-date symlink: /home/kanika/kanika/install/explore_lite_msgs/include/explore_lite_msgs/explore_lite_msgs/msg/detail/explore_status__rosidl_typesupport_introspection_cpp.hpp
[1.698s] -- Up-to-date symlink: /home/kanika/kanika/install/explore_lite_msgs/share/explore_lite_msgs/environment/pythonpath.sh
[1.698s] -- Up-to-date symlink: /home/kanika/kanika/install/explore_lite_msgs/share/explore_lite_msgs/environment/pythonpath.dsv
[1.698s] -- Up-to-date symlink: /home/kanika/kanika/install/explore_lite_msgs/lib/python3.12/site-packages/explore_lite_msgs-1.0.0-py3.12.egg-info/PKG-INFO
[1.698s] -- Up-to-date symlink: /home/kanika/kanika/install/explore_lite_msgs/lib/python3.12/site-packages/explore_lite_msgs-1.0.0-py3.12.egg-info/SOURCES.txt
[1.698s] -- Up-to-date symlink: /home/kanika/kanika/install/explore_lite_msgs/lib/python3.12/site-packages/explore_lite_msgs-1.0.0-py3.12.egg-info/dependency_links.txt
[1.699s] -- Up-to-date symlink: /home/kanika/kanika/install/explore_lite_msgs/lib/python3.12/site-packages/explore_lite_msgs-1.0.0-py3.12.egg-info/top_level.txt
[1.700s] -- Up-to-date symlink: /home/kanika/kanika/install/explore_lite_msgs/lib/python3.12/site-packages/explore_lite_msgs/__init__.py
[1.701s] -- Up-to-date symlink: /home/kanika/kanika/install/explore_lite_msgs/lib/python3.12/site-packages/explore_lite_msgs/_explore_lite_msgs_s.ep.rosidl_typesupport_c.c
[1.701s] -- Up-to-date symlink: /home/kanika/kanika/install/explore_lite_msgs/lib/python3.12/site-packages/explore_lite_msgs/_explore_lite_msgs_s.ep.rosidl_typesupport_fastrtps_c.c
[1.701s] -- Up-to-date symlink: /home/kanika/kanika/install/explore_lite_msgs/lib/python3.12/site-packages/explore_lite_msgs/_explore_lite_msgs_s.ep.rosidl_typesupport_introspection_c.c
[1.702s] -- Up-to-date symlink: /home/kanika/kanika/install/explore_lite_msgs/lib/python3.12/site-packages/explore_lite_msgs/explore_lite_msgs_s__rosidl_typesupport_c.so
[1.702s] -- Up-to-date symlink: /home/kanika/kanika/install/explore_lite_msgs/lib/python3.12/site-packages/explore_lite_msgs/explore_lite_msgs_s__rosidl_typesupport_fastrtps_c.so
[1.702s] -- Up-to-date symlink: /home/kanika/kanika/install/explore_lite_msgs/lib/python3.12/site-packages/explore_lite_msgs/explore_lite_msgs_s__rosidl_typesupport_introspection_c.so
[1.702s] -- Up-to-date symlink: /home/kanika/kanika/install/explore_lite_msgs/lib/python3.12/site-packages/explore_lite_msgs/msg/__init__.py
[1.703s] -- Up-to-date symlink: /home/kanika/kanika/install/explore_lite_msgs/lib/python3.12/site-packages/explore_lite_msgs/msg/_explore_status.py
[1.703s] -- Up-to-date symlink: /home/kanika/kanika/install/explore_lite_msgs/lib/python3.12/site-packages/explore_lite_msgs/msg/_explore_status_s.c
[1.703s] -- Up-to-date symlink: /home/kanika/kanika/install/explore_lite_msgs/lib/python3.12/site-packages/explore_lite_msgs/explore_lite_msgs_s__rosidl_typesupport_fastrtps_c.so
[1.703s] -- Up-to-date symlink: /home/kanika/kanika/install/explore_lite_msgs/lib/python3.12/site-packages/explore_lite_msgs/explore_lite_msgs_s__rosidl_typesupport_introspection_c.so
[1.703s] -- Up-to-date symlink: /home/kanika/kanika/install/explore_lite_msgs/lib/python3.12/site-packages/explore_lite_msgs/explore_lite_msgs_s__rosidl_typesupport_c.so
[1.704s] -- Up-to-date symlink: /home/kanika/kanika/install/explore_lite_msgs/share/explore_lite_msgs/msg/ExploreStatus.idl
[1.704s] -- Up-to-date symlink: /home/kanika/kanika/install/explore_lite_msgs/share/explore_lite_msgs/msg/ExploreStatus.msg
[1.705s] -- Up-to-date symlink: /home/kanika/kanika/install/explore_lite_msgs/share/ament_index/resource_index/package_run_dependencies/explore_lite_msgs
[1.706s] -- Up-to-date symlink: /home/kanika/kanika/install/explore_lite_msgs/share/ament_index/resource_index/parent_prefix_path/explore_lite_msgs
[1.707s] -- Up-to-date symlink: /home/kanika/kanika/install/explore_lite_msgs/share/explore_lite_msgs/environment/ament_prefix_path.sh
[1.707s] -- Up-to-date symlink: /home/kanika/kanika/install/explore_lite_msgs/share/explore_lite_msgs/environment/ament_prefix_path.dsv
[1.707s] -- Up-to-date symlink: /home/kanika/kanika/install/explore_lite_msgs/share/explore_lite_msgs/environment/path.sh
[1.707s] -- Up-to-date symlink: /home/kanika/kanika/install/explore_lite_msgs/share/explore_lite_msgs/environment/path.dsv
[1.708s] -- Up-to-date symlink: /home/kanika/kanika/install/explore_lite_msgs/share/explore_lite_msgs/local_setup.bash
[1.708s] -- Up-to-date symlink: /home/kanika/kanika/install/explore_lite_msgs/share/explore_lite_msgs/local_setup.sh
[1.708s] -- Up-to-date symlink: /home/kanika/kanika/install/explore_lite_msgs/share/explore_lite_msgs/local_setup.zsh
[1.708s] -- Up-to-date symlink: /home/kanika/kanika/install/explore_lite_msgs/share/explore_lite_msgs/local_setup.dsv
[1.709s] -- Symlinking: /home/kanika/kanika/install/explore_lite_msgs/share/explore_lite_msgs/package.dsv
[1.709s] -- Up-to-date symlink: /home/kanika/kanika/install/explore_lite_msgs/share/ament_index/resource_index/packages/explore_lite_msgs
[1.709s] -- Up-to-date symlink: /home/kanika/kanika/install/explore_lite_msgs/share/explore_lite_msgs/cmake/rosidl_cmake-extras.cmake
[1.709s] -- Up-to-date symlink: /home/kanika/kanika/install/explore_lite_msgs/share/explore_lite_msgs/cmake/ament_cmake_export_include_directories-extras.cmake
[1.710s] -- Up-to-date symlink: /home/kanika/kanika/install/explore_lite_msgs/share/explore_lite_msgs/cmake/ament_cmake_export_libraries-extras.cmake
[1.710s] -- Up-to-date symlink: /home/kanika/kanika/install/explore_lite_msgs/share/explore_lite_msgs/cmake/ament_cmake_export_targets-extras.cmake
[1.710s] -- Up-to-date symlink: /home/kanika/kanika/install/explore_lite_msgs/share/explore_lite_msgs/cmake/rosidl_cmake_export_typesupport_targets-extras.cmake
[1.710s] -- Up-to-date symlink: /home/kanika/kanika/install/explore_lite_msgs/share/explore_lite_msgs/cmake/ament_cmake_export_dependencies-extras.cmake
[1.711s] -- Up-to-date symlink: /home/kanika/kanika/install/explore_lite_msgs/share/explore_lite_msgs/cmake/rosidl_cmake_export_typesupport_libraries-extras.cmake
[1.711s] -- Up-to-date symlink: /home/kanika/kanika/install/explore_lite_msgs/share/explore_lite_msgs/cmake/explore_lite_msgsConfig.cmake
[1.711s] -- Up-to-date symlink: /home/kanika/kanika/install/explore_lite_msgs/share/explore_lite_msgs/cmake/explore_lite_msgsConfig-version.cmake
[1.711s] -- Up-to-date symlink: /home/kanika/kanika/install/explore_lite_msgs/share/explore_lite_msgs/package.xml
[1.711s] -- Up-to-date: /home/kanika/kanika/install/explore_lite_msgs/lib/libexplore_lite_msgs__rosidl_generator_c.so
[1.711s] -- Up-to-date: /home/kanika/kanika/install/explore_lite_msgs/lib/libexplore_lite_msgs__rosidl_typesupport_fastrtps_c.so
[1.712s] -- Up-to-date: /home/kanika/kanika/install/explore_lite_msgs/lib/libexplore_lite_msgs__rosidl_typesupport_introspection_c.so
[1.712s] -- Up-to-date: /home/kanika/kanika/install/explore_lite_msgs/lib/libexplore_lite_msgs__rosidl_typesupport_c.so
[1.712s] -- Up-to-date: /home/kanika/kanika/install/explore_lite_msgs/lib/libexplore_lite_msgs__rosidl_typesupport_fastrtps_cpp.so
[1.712s] -- Up-to-date: /home/kanika/kanika/install/explore_lite_msgs/lib/libexplore_lite_msgs__rosidl_typesupport_introspection_cpp.so
[1.712s] -- Up-to-date: /home/kanika/kanika/install/explore_lite_msgs/lib/libexplore_lite_msgs__rosidl_typesupport_cpp.so
[1.789s] Listing '/home/kanika/kanika/install/explore_lite_msgs/lib/python3.12/site-packages/explore_lite_msgs'...
[1.790s] Listing '/home/kanika/kanika/install/explore_lite_msgs/lib/python3.12/site-packages/explore_lite_msgs/msg'...
[1.804s] -- Up-to-date: /home/kanika/kanika/install/explore_lite_msgs/lib/libexplore_lite_msgs__rosidl_generator_py.so
[1.804s] -- Up-to-date: /home/kanika/kanika/install/explore_lite_msgs/share/explore_lite_msgs/cmake/export_explore_lite_msgs__rosidl_generator_cExport.cmake
[1.805s] -- Up-to-date: /home/kanika/kanika/install/explore_lite_msgs/share/explore_lite_msgs/cmake/export_explore_lite_msgs__rosidl_generator_cExport-noconfig.cmake
[1.805s] -- Up-to-date: /home/kanika/kanika/install/explore_lite_msgs/share/explore_lite_msgs/cmake/export_explore_lite_msgs__rosidl_typesupport_fastrtps_cExport.cmake
[1.805s] -- Up-to-date: /home/kanika/kanika/install/explore_lite_msgs/share/explore_lite_msgs/cmake/export_explore_lite_msgs__rosidl_typesupport_fastrtps_cExport-noconfig.cmake
[1.805s] -- Up-to-date: /home/kanika/kanika/install/explore_lite_msgs/share/explore_lite_msgs/cmake/explore_lite_msgs__rosidl_typesupport_introspection_cExport.cmake
[1.805s] -- Up-to-date: /home/kanika/kanika/install/explore_lite_msgs/share/explore_lite_msgs/cmake/explore_lite_msgs__rosidl_typesupport_introspection_cExport-noconfig.cmake
[1.806s] -- Up-to-date: /home/kanika/kanika/install/explore_lite_msgs/share/explore_lite_msgs/cmake/explore_lite_msgs__rosidl_typesupport_cExport.cmake
[1.806s] -- Up-to-date: /home/kanika/kanika/install/explore_lite_msgs/share/explore_lite_msgs/cmake/explore_lite_msgs__rosidl_typesupport_cExport-noconfig.cmake
[1.806s] -- Up-to-date: /home/kanika/kanika/install/explore_lite_msgs/share/explore_lite_msgs/cmake/export_explore_lite_msgs__rosidl_generator_cppExport.cmake
[1.807s] -- Up-to-date: /home/kanika/kanika/install/explore_lite_msgs/share/explore_lite_msgs/cmake/export_explore_lite_msgs__rosidl_typesupport_fastrtps_cppExport.cmake
[1.807s] -- Up-to-date: /home/kanika/kanika/install/explore_lite_msgs/share/explore_lite_msgs/cmake/export_explore_lite_msgs__rosidl_typesupport_fastrtps_cppExport-noconfig.cmake
[1.807s] -- Up-to-date: /home/kanika/kanika/install/explore_lite_msgs/share/explore_lite_msgs/cmake/explore_lite_msgs__rosidl_typesupport_introspection_cppExport.cmake
[1.807s] -- Up-to-date: /home/kanika/kanika/install/explore_lite_msgs/share/explore_lite_msgs/cmake/explore_lite_msgs__rosidl_typesupport_introspection_cppExport-noconfig.cmake
[1.807s] -- Up-to-date: /home/kanika/kanika/install/explore_lite_msgs/share/explore_lite_msgs/cmake/explore_lite_msgs__rosidl_typesupport_cppExport.cmake
[1.808s] -- Up-to-date: /home/kanika/kanika/install/explore_lite_msgs/share/explore_lite_msgs/cmake/explore_lite_msgs__rosidl_typesupport_cppExport-noconfig.cmake
[1.808s] -- Up-to-date: /home/kanika/kanika/install/explore_lite_msgs/share/explore_lite_msgs/cmake/export_explore_lite_msgs__rosidl_generator_pyExport.cmake
[1.808s] -- Up-to-date: /home/kanika/kanika/install/explore_lite_msgs/share/explore_lite_msgs/cmake/export_explore_lite_msgs__rosidl_generator_pyExport-noconfig.cmake
[1.836s] Invoked command in '/home/kanika/kanika/build/explore_lite_msgs' returned '0': CMAKE_PREFIX_PATH=${CMAKE_PREFIX_PATH}:/home/kanika/kanika/install/turtlebot3_teleop:/home/kanika/kanika/install/turtlebot3_example:/home/kanika/tb3_ws/install/turtlebot3_teleop:/home/kanika/tb3_ws/install/turtlebot3_example:/opt/ros/jazzy /usr/bin/cmake --install /home/kanika/kanika/build/explore_lite_msgs
