[0.060s] Invoking command in '/home/kanika/kanika/build/multirobot_map_merge': CMAKE_PREFIX_PATH=${CMAKE_PREFIX_PATH}:/home/kanika/kanika/install/turtlebot3_teleop:/home/kanika/kanika/install/turtlebot3_example:/home/kanika/tb3_ws/install/turtlebot3_teleop:/home/kanika/tb3_ws/install/turtlebot3_example:/opt/ros/jazzy /usr/bin/cmake --build /home/kanika/kanika/build/multirobot_map_merge -- -j8 -l8
[0.205s] [ 16%] Built target gtest_main
[0.219s] [ 33%] Built target gtest
[0.229s] [ 66%] Built target combine_grids
[0.301s] [ 83%] Built target test_merging_pipeline
[0.318s] [100%] Built target map_merge
[0.341s] Invoked command in '/home/kanika/kanika/build/multirobot_map_merge' returned '0': CMAKE_PREFIX_PATH=${CMAKE_PREFIX_PATH}:/home/kanika/kanika/install/turtlebot3_teleop:/home/kanika/kanika/install/turtlebot3_example:/home/kanika/tb3_ws/install/turtlebot3_teleop:/home/kanika/tb3_ws/install/turtlebot3_example:/opt/ros/jazzy /usr/bin/cmake --build /home/kanika/kanika/build/multirobot_map_merge -- -j8 -l8
[0.344s] Invoking command in '/home/kanika/kanika/build/multirobot_map_merge': CMAKE_PREFIX_PATH=${CMAKE_PREFIX_PATH}:/home/kanika/kanika/install/turtlebot3_teleop:/home/kanika/kanika/install/turtlebot3_example:/home/kanika/tb3_ws/install/turtlebot3_teleop:/home/kanika/tb3_ws/install/turtlebot3_example:/opt/ros/jazzy /usr/bin/cmake --install /home/kanika/kanika/build/multirobot_map_merge
[0.361s] -- Install configuration: ""
[0.361s] -- Execute custom install script
[0.362s] -- Up-to-date symlink: /home/kanika/kanika/install/multirobot_map_merge/include/map_merge//map_merge.h
[0.362s] -- Up-to-date symlink: /home/kanika/kanika/install/multirobot_map_merge/include/map_merge//ros1_names.hpp
[0.364s] -- Up-to-date symlink: /home/kanika/kanika/install/multirobot_map_merge/share/multirobot_map_merge/launch/from_map_server.launch.py
[0.364s] -- Up-to-date symlink: /home/kanika/kanika/install/multirobot_map_merge/share/multirobot_map_merge/launch/map_merge.launch.py
[0.365s] -- Up-to-date symlink: /home/kanika/kanika/install/multirobot_map_merge/share/multirobot_map_merge/launch/map_merge.rviz
[0.365s] -- Up-to-date symlink: /home/kanika/kanika/install/multirobot_map_merge/share/multirobot_map_merge/launch/tb3_simulation/bringup_launch.py
[0.365s] -- Up-to-date symlink: /home/kanika/kanika/install/multirobot_map_merge/share/multirobot_map_merge/launch/tb3_simulation/config/nav2_multirobot_params_1.yaml
[0.365s] -- Up-to-date symlink: /home/kanika/kanika/install/multirobot_map_merge/share/multirobot_map_merge/launch/tb3_simulation/config/nav2_multirobot_params_2.yaml
[0.366s] -- Up-to-date symlink: /home/kanika/kanika/install/multirobot_map_merge/share/multirobot_map_merge/launch/tb3_simulation/multi_tb3_simulation_launch.py
[0.366s] -- Up-to-date symlink: /home/kanika/kanika/install/multirobot_map_merge/share/multirobot_map_merge/launch/tb3_simulation/slam_toolbox.py
[0.366s] -- Up-to-date symlink: /home/kanika/kanika/install/multirobot_map_merge/share/multirobot_map_merge/launch/tb3_simulation/tb3_simulation_launch.py
[0.367s] -- Up-to-date symlink: /home/kanika/kanika/install/multirobot_map_merge/share/multirobot_map_merge/launch/tb3_simulation/worlds/world_only.model
[0.367s] -- Up-to-date symlink: /home/kanika/kanika/install/multirobot_map_merge/share/multirobot_map_merge/config/params.yaml
[0.367s] -- Up-to-date symlink: /home/kanika/kanika/install/multirobot_map_merge/lib/multirobot_map_merge/map_merge
[0.368s] -- Up-to-date symlink: /home/kanika/kanika/install/multirobot_map_merge/share/multirobot_map_merge/environment/library_path.sh
[0.368s] -- Up-to-date symlink: /home/kanika/kanika/install/multirobot_map_merge/share/multirobot_map_merge/environment/library_path.dsv
[0.368s] -- Up-to-date symlink: /home/kanika/kanika/install/multirobot_map_merge/share/ament_index/resource_index/package_run_dependencies/multirobot_map_merge
[0.369s] -- Up-to-date symlink: /home/kanika/kanika/install/multirobot_map_merge/share/ament_index/resource_index/parent_prefix_path/multirobot_map_merge
[0.369s] -- Up-to-date symlink: /home/kanika/kanika/install/multirobot_map_merge/share/multirobot_map_merge/environment/ament_prefix_path.sh
[0.369s] -- Up-to-date symlink: /home/kanika/kanika/install/multirobot_map_merge/share/multirobot_map_merge/environment/ament_prefix_path.dsv
[0.370s] -- Up-to-date symlink: /home/kanika/kanika/install/multirobot_map_merge/share/multirobot_map_merge/environment/path.sh
[0.370s] -- Up-to-date symlink: /home/kanika/kanika/install/multirobot_map_merge/share/multirobot_map_merge/environment/path.dsv
[0.370s] -- Up-to-date symlink: /home/kanika/kanika/install/multirobot_map_merge/share/multirobot_map_merge/local_setup.bash
[0.370s] -- Up-to-date symlink: /home/kanika/kanika/install/multirobot_map_merge/share/multirobot_map_merge/local_setup.sh
[0.371s] -- Up-to-date symlink: /home/kanika/kanika/install/multirobot_map_merge/share/multirobot_map_merge/local_setup.zsh
[0.371s] -- Up-to-date symlink: /home/kanika/kanika/install/multirobot_map_merge/share/multirobot_map_merge/local_setup.dsv
[0.371s] -- Symlinking: /home/kanika/kanika/install/multirobot_map_merge/share/multirobot_map_merge/package.dsv
[0.396s] -- Up-to-date symlink: /home/kanika/kanika/install/multirobot_map_merge/share/ament_index/resource_index/packages/multirobot_map_merge
[0.396s] -- Up-to-date symlink: /home/kanika/kanika/install/multirobot_map_merge/share/multirobot_map_merge/cmake/ament_cmake_export_include_directories-extras.cmake
[0.396s] -- Up-to-date symlink: /home/kanika/kanika/install/multirobot_map_merge/share/multirobot_map_merge/cmake/ament_cmake_export_libraries-extras.cmake
[0.397s] -- Up-to-date symlink: /home/kanika/kanika/install/multirobot_map_merge/share/multirobot_map_merge/cmake/multirobot_map_mergeConfig.cmake
[0.397s] -- Up-to-date symlink: /home/kanika/kanika/install/multirobot_map_merge/share/multirobot_map_merge/cmake/multirobot_map_mergeConfig-version.cmake
[0.398s] -- Up-to-date symlink: /home/kanika/kanika/install/multirobot_map_merge/share/multirobot_map_merge/package.xml
[0.398s] -- Up-to-date: /home/kanika/kanika/install/multirobot_map_merge/lib/libcombine_grids.a
[0.401s] Invoked command in '/home/kanika/kanika/build/multirobot_map_merge' returned '0': CMAKE_PREFIX_PATH=${CMAKE_PREFIX_PATH}:/home/kanika/kanika/install/turtlebot3_teleop:/home/kanika/kanika/install/turtlebot3_example:/home/kanika/tb3_ws/install/turtlebot3_teleop:/home/kanika/tb3_ws/install/turtlebot3_example:/opt/ros/jazzy /usr/bin/cmake --install /home/kanika/kanika/build/multirobot_map_merge
