[0.068s] Invoking command in '/home/kanika/kanika/build/turtlebot3_node': CMAKE_PREFIX_PATH=${CMAKE_PREFIX_PATH}:/home/kanika/kanika/install/turtlebot3_teleop:/home/kanika/kanika/install/turtlebot3_example:/home/kanika/tb3_ws/install/turtlebot3_teleop:/home/kanika/tb3_ws/install/turtlebot3_example:/opt/ros/jazzy /usr/bin/cmake /home/kanika/kanika/src/turtlebot3/turtlebot3_node -DAMENT_CMAKE_SYMLINK_INSTALL=1 -DCMAKE_INSTALL_PREFIX=/home/kanika/kanika/install/turtlebot3_node
[0.456s] -- Found ament_cmake: 2.5.5 (/opt/ros/jazzy/share/ament_cmake/cmake)
[0.456s] -- Override CMake install command with custom implementation using symlinks instead of copying resources
[0.456s] -- Found dynamixel_sdk: 4.0.3 (/opt/ros/jazzy/share/dynamixel_sdk/cmake)
[0.456s] -- Found geometry_msgs: 5.3.6 (/opt/ros/jazzy/share/geometry_msgs/cmake)
[0.690s] -- Found rosidl_generator_c: 4.6.7 (/opt/ros/jazzy/share/rosidl_generator_c/cmake)
[0.711s] -- Found rosidl_generator_cpp: 4.6.7 (/opt/ros/jazzy/share/rosidl_generator_cpp/cmake)
[0.738s] -- Using all available rosidl_typesupport_c: rosidl_typesupport_fastrtps_c;rosidl_typesupport_introspection_c
[0.768s] -- Using all available rosidl_typesupport_cpp: rosidl_typesupport_fastrtps_cpp;rosidl_typesupport_introspection_cpp
[0.862s] -- Found message_filters: 4.11.10 (/opt/ros/jazzy/share/message_filters/cmake)
[0.969s] -- Found rmw_implementation_cmake: 7.3.3 (/opt/ros/jazzy/share/rmw_implementation_cmake/cmake)
[0.972s] -- Found rmw_fastrtps_cpp: 8.4.3 (/opt/ros/jazzy/share/rmw_fastrtps_cpp/cmake)
[1.358s] -- Using RMW implementation 'rmw_fastrtps_cpp' as default
[1.777s] -- Found nav_msgs: 5.3.6 (/opt/ros/jazzy/share/nav_msgs/cmake)
[1.833s] -- Found sensor_msgs: 5.3.6 (/opt/ros/jazzy/share/sensor_msgs/cmake)
[1.879s] -- Found std_srvs: 5.3.6 (/opt/ros/jazzy/share/std_srvs/cmake)
[1.914s] -- Found tf2: 0.36.19 (/opt/ros/jazzy/share/tf2/cmake)
[1.924s] -- Found tf2_ros: 0.36.19 (/opt/ros/jazzy/share/tf2_ros/cmake)
[2.176s] -- Found turtlebot3_msgs: 2.4.0 (/opt/ros/jazzy/share/turtlebot3_msgs/cmake)
[2.447s] -- Configuring done (2.4s)
[2.486s] -- Generating done (0.0s)
[2.497s] -- Build files have been written to: /home/kanika/kanika/build/turtlebot3_node
[2.519s] Invoked command in '/home/kanika/kanika/build/turtlebot3_node' returned '0': CMAKE_PREFIX_PATH=${CMAKE_PREFIX_PATH}:/home/kanika/kanika/install/turtlebot3_teleop:/home/kanika/kanika/install/turtlebot3_example:/home/kanika/tb3_ws/install/turtlebot3_teleop:/home/kanika/tb3_ws/install/turtlebot3_example:/opt/ros/jazzy /usr/bin/cmake /home/kanika/kanika/src/turtlebot3/turtlebot3_node -DAMENT_CMAKE_SYMLINK_INSTALL=1 -DCMAKE_INSTALL_PREFIX=/home/kanika/kanika/install/turtlebot3_node
[2.521s] Invoking command in '/home/kanika/kanika/build/turtlebot3_node': CMAKE_PREFIX_PATH=${CMAKE_PREFIX_PATH}:/home/kanika/kanika/install/turtlebot3_teleop:/home/kanika/kanika/install/turtlebot3_example:/home/kanika/tb3_ws/install/turtlebot3_teleop:/home/kanika/tb3_ws/install/turtlebot3_example:/opt/ros/jazzy /usr/bin/cmake --build /home/kanika/kanika/build/turtlebot3_node -- -j8 -l8
[2.671s] [ 85%] Built target turtlebot3_node_lib
[2.720s] [ 92%] [32m[1mLinking CXX executable turtlebot3_ros[0m
[5.639s] [100%] Built target turtlebot3_ros
[5.662s] Invoked command in '/home/kanika/kanika/build/turtlebot3_node' returned '0': CMAKE_PREFIX_PATH=${CMAKE_PREFIX_PATH}:/home/kanika/kanika/install/turtlebot3_teleop:/home/kanika/kanika/install/turtlebot3_example:/home/kanika/tb3_ws/install/turtlebot3_teleop:/home/kanika/tb3_ws/install/turtlebot3_example:/opt/ros/jazzy /usr/bin/cmake --build /home/kanika/kanika/build/turtlebot3_node -- -j8 -l8
[5.664s] Invoking command in '/home/kanika/kanika/build/turtlebot3_node': CMAKE_PREFIX_PATH=${CMAKE_PREFIX_PATH}:/home/kanika/kanika/install/turtlebot3_teleop:/home/kanika/kanika/install/turtlebot3_example:/home/kanika/tb3_ws/install/turtlebot3_teleop:/home/kanika/tb3_ws/install/turtlebot3_example:/opt/ros/jazzy /usr/bin/cmake --install /home/kanika/kanika/build/turtlebot3_node
[5.684s] -- Install configuration: ""
[5.684s] -- Execute custom install script
[5.685s] -- Symlinking: /home/kanika/kanika/install/turtlebot3_node/share/turtlebot3_node/param/burger.yaml
[5.704s] -- Symlinking: /home/kanika/kanika/install/turtlebot3_node/share/turtlebot3_node/param/waffle.yaml
[5.717s] -- Symlinking: /home/kanika/kanika/install/turtlebot3_node/share/turtlebot3_node/param/waffle_pi.yaml
[5.737s] -- Symlinking: /home/kanika/kanika/install/turtlebot3_node/lib/turtlebot3_node/turtlebot3_ros
[5.759s] -- Symlinking: /home/kanika/kanika/install/turtlebot3_node/share/ament_index/resource_index/package_run_dependencies/turtlebot3_node
[5.778s] -- Symlinking: /home/kanika/kanika/install/turtlebot3_node/share/ament_index/resource_index/parent_prefix_path/turtlebot3_node
[5.797s] -- Symlinking: /home/kanika/kanika/install/turtlebot3_node/share/turtlebot3_node/environment/ament_prefix_path.sh
[5.809s] -- Symlinking: /home/kanika/kanika/install/turtlebot3_node/share/turtlebot3_node/environment/ament_prefix_path.dsv
[5.824s] -- Symlinking: /home/kanika/kanika/install/turtlebot3_node/share/turtlebot3_node/environment/path.sh
[5.837s] -- Symlinking: /home/kanika/kanika/install/turtlebot3_node/share/turtlebot3_node/environment/path.dsv
[5.855s] -- Symlinking: /home/kanika/kanika/install/turtlebot3_node/share/turtlebot3_node/local_setup.bash
[5.870s] -- Symlinking: /home/kanika/kanika/install/turtlebot3_node/share/turtlebot3_node/local_setup.sh
[5.886s] -- Symlinking: /home/kanika/kanika/install/turtlebot3_node/share/turtlebot3_node/local_setup.zsh
[5.903s] -- Symlinking: /home/kanika/kanika/install/turtlebot3_node/share/turtlebot3_node/local_setup.dsv
[5.922s] -- Symlinking: /home/kanika/kanika/install/turtlebot3_node/share/turtlebot3_node/package.dsv
[5.939s] -- Symlinking: /home/kanika/kanika/install/turtlebot3_node/share/ament_index/resource_index/packages/turtlebot3_node
[5.952s] -- Symlinking: /home/kanika/kanika/install/turtlebot3_node/share/turtlebot3_node/cmake/ament_cmake_export_dependencies-extras.cmake
[5.966s] -- Symlinking: /home/kanika/kanika/install/turtlebot3_node/share/turtlebot3_node/cmake/ament_cmake_export_include_directories-extras.cmake
[5.986s] -- Symlinking: /home/kanika/kanika/install/turtlebot3_node/share/turtlebot3_node/cmake/turtlebot3_nodeConfig.cmake
[6.000s] -- Symlinking: /home/kanika/kanika/install/turtlebot3_node/share/turtlebot3_node/cmake/turtlebot3_nodeConfig-version.cmake
[6.017s] -- Symlinking: /home/kanika/kanika/install/turtlebot3_node/share/turtlebot3_node/package.xml
[6.040s] Invoked command in '/home/kanika/kanika/build/turtlebot3_node' returned '0': CMAKE_PREFIX_PATH=${CMAKE_PREFIX_PATH}:/home/kanika/kanika/install/turtlebot3_teleop:/home/kanika/kanika/install/turtlebot3_example:/home/kanika/tb3_ws/install/turtlebot3_teleop:/home/kanika/tb3_ws/install/turtlebot3_example:/opt/ros/jazzy /usr/bin/cmake --install /home/kanika/kanika/build/turtlebot3_node
