[0.081s] Invoking command in '/home/kanika/kanika/build/turtlebot3_cartographer': CMAKE_PREFIX_PATH=${CMAKE_PREFIX_PATH}:/home/kanika/kanika/install/turtlebot3_teleop:/home/kanika/kanika/install/turtlebot3_example:/home/kanika/tb3_ws/install/turtlebot3_teleop:/home/kanika/tb3_ws/install/turtlebot3_example:/opt/ros/jazzy /usr/bin/cmake --build /home/kanika/kanika/build/turtlebot3_cartographer -- -j8 -l8
[0.525s] Invoked command in '/home/kanika/kanika/build/turtlebot3_cartographer' returned '0': CMAKE_PREFIX_PATH=${CMAKE_PREFIX_PATH}:/home/kanika/kanika/install/turtlebot3_teleop:/home/kanika/kanika/install/turtlebot3_example:/home/kanika/tb3_ws/install/turtlebot3_teleop:/home/kanika/tb3_ws/install/turtlebot3_example:/opt/ros/jazzy /usr/bin/cmake --build /home/kanika/kanika/build/turtlebot3_cartographer -- -j8 -l8
[0.530s] Invoking command in '/home/kanika/kanika/build/turtlebot3_cartographer': CMAKE_PREFIX_PATH=${CMAKE_PREFIX_PATH}:/home/kanika/kanika/install/turtlebot3_teleop:/home/kanika/kanika/install/turtlebot3_example:/home/kanika/tb3_ws/install/turtlebot3_teleop:/home/kanika/tb3_ws/install/turtlebot3_example:/opt/ros/jazzy /usr/bin/cmake --install /home/kanika/kanika/build/turtlebot3_cartographer
[0.577s] -- Install configuration: ""
[0.578s] -- Execute custom install script
[0.578s] -- Up-to-date symlink: /home/kanika/kanika/install/turtlebot3_cartographer/share/turtlebot3_cartographer/config/turtlebot3_lds_2d.lua
[0.578s] -- Up-to-date symlink: /home/kanika/kanika/install/turtlebot3_cartographer/share/turtlebot3_cartographer/launch/cartographer.launch.py
[0.578s] -- Up-to-date symlink: /home/kanika/kanika/install/turtlebot3_cartographer/share/turtlebot3_cartographer/launch/occupancy_grid.launch.py
[0.578s] -- Up-to-date symlink: /home/kanika/kanika/install/turtlebot3_cartographer/share/turtlebot3_cartographer/rviz/tb3_cartographer.rviz
[0.578s] -- Up-to-date symlink: /home/kanika/kanika/install/turtlebot3_cartographer/share/ament_index/resource_index/package_run_dependencies/turtlebot3_cartographer
[0.578s] -- Up-to-date symlink: /home/kanika/kanika/install/turtlebot3_cartographer/share/ament_index/resource_index/parent_prefix_path/turtlebot3_cartographer
[0.578s] -- Up-to-date symlink: /home/kanika/kanika/install/turtlebot3_cartographer/share/turtlebot3_cartographer/environment/ament_prefix_path.sh
[0.579s] -- Up-to-date symlink: /home/kanika/kanika/install/turtlebot3_cartographer/share/turtlebot3_cartographer/environment/ament_prefix_path.dsv
[0.579s] -- Up-to-date symlink: /home/kanika/kanika/install/turtlebot3_cartographer/share/turtlebot3_cartographer/environment/path.sh
[0.579s] -- Up-to-date symlink: /home/kanika/kanika/install/turtlebot3_cartographer/share/turtlebot3_cartographer/environment/path.dsv
[0.579s] -- Up-to-date symlink: /home/kanika/kanika/install/turtlebot3_cartographer/share/turtlebot3_cartographer/local_setup.bash
[0.579s] -- Up-to-date symlink: /home/kanika/kanika/install/turtlebot3_cartographer/share/turtlebot3_cartographer/local_setup.sh
[0.579s] -- Up-to-date symlink: /home/kanika/kanika/install/turtlebot3_cartographer/share/turtlebot3_cartographer/local_setup.zsh
[0.579s] -- Up-to-date symlink: /home/kanika/kanika/install/turtlebot3_cartographer/share/turtlebot3_cartographer/local_setup.dsv
[0.579s] -- Symlinking: /home/kanika/kanika/install/turtlebot3_cartographer/share/turtlebot3_cartographer/package.dsv
[0.591s] -- Up-to-date symlink: /home/kanika/kanika/install/turtlebot3_cartographer/share/ament_index/resource_index/packages/turtlebot3_cartographer
[0.593s] -- Up-to-date symlink: /home/kanika/kanika/install/turtlebot3_cartographer/share/turtlebot3_cartographer/cmake/turtlebot3_cartographerConfig.cmake
[0.593s] -- Up-to-date symlink: /home/kanika/kanika/install/turtlebot3_cartographer/share/turtlebot3_cartographer/cmake/turtlebot3_cartographerConfig-version.cmake
[0.593s] -- Up-to-date symlink: /home/kanika/kanika/install/turtlebot3_cartographer/share/turtlebot3_cartographer/package.xml
[0.673s] Invoked command in '/home/kanika/kanika/build/turtlebot3_cartographer' returned '0': CMAKE_PREFIX_PATH=${CMAKE_PREFIX_PATH}:/home/kanika/kanika/install/turtlebot3_teleop:/home/kanika/kanika/install/turtlebot3_example:/home/kanika/tb3_ws/install/turtlebot3_teleop:/home/kanika/tb3_ws/install/turtlebot3_example:/opt/ros/jazzy /usr/bin/cmake --install /home/kanika/kanika/build/turtlebot3_cartographer
