[0.416s] Invoking command in '/home/kanika/kanika/build/turtlebot3_fake_node': CMAKE_PREFIX_PATH=${CMAKE_PREFIX_PATH}:/home/kanika/kanika/install/turtlebot3_teleop:/home/kanika/kanika/install/turtlebot3_example:/home/kanika/tb3_ws/install/turtlebot3_teleop:/home/kanika/tb3_ws/install/turtlebot3_example:/opt/ros/jazzy /usr/bin/cmake /home/kanika/kanika/src/turtlebot3_simulations/turtlebot3_fake_node -DAMENT_CMAKE_SYMLINK_INSTALL=1 -DCMAKE_INSTALL_PREFIX=/home/kanika/kanika/install/turtlebot3_fake_node
[0.610s] -- The C compiler identification is GNU 13.3.0
[1.674s] -- The CXX compiler identification is GNU 13.3.0
[2.579s] -- Detecting C compiler ABI info
[2.937s] -- Detecting C compiler ABI info - done
[2.954s] -- Check for working C compiler: /usr/bin/cc - skipped
[2.954s] -- Detecting C compile features
[2.955s] -- Detecting C compile features - done
[3.090s] -- Detecting CXX compiler ABI info
[3.660s] -- Detecting CXX compiler ABI info - done
[3.691s] -- Check for working CXX compiler: /usr/bin/c++ - skipped
[3.691s] -- Detecting CXX compile features
[3.692s] -- Detecting CXX compile features - done
[3.708s] -- Found ament_cmake: 2.5.5 (/opt/ros/jazzy/share/ament_cmake/cmake)
[4.226s] -- Found Python3: /usr/bin/python3 (found version "3.12.3") found components: Interpreter 
[4.394s] -- Override CMake install command with custom implementation using symlinks instead of copying resources
[4.519s] -- Found geometry_msgs: 5.3.6 (/opt/ros/jazzy/share/geometry_msgs/cmake)
[4.900s] -- Found rosidl_generator_c: 4.6.7 (/opt/ros/jazzy/share/rosidl_generator_c/cmake)
[4.945s] -- Found rosidl_generator_cpp: 4.6.7 (/opt/ros/jazzy/share/rosidl_generator_cpp/cmake)
[4.997s] -- Using all available rosidl_typesupport_c: rosidl_typesupport_fastrtps_c;rosidl_typesupport_introspection_c
[5.055s] -- Using all available rosidl_typesupport_cpp: rosidl_typesupport_fastrtps_cpp;rosidl_typesupport_introspection_cpp
[5.154s] -- Found nav_msgs: 5.3.6 (/opt/ros/jazzy/share/nav_msgs/cmake)
[5.232s] -- Found rclcpp: 28.1.16 (/opt/ros/jazzy/share/rclcpp/cmake)
[5.352s] -- Found rmw_implementation_cmake: 7.3.3 (/opt/ros/jazzy/share/rmw_implementation_cmake/cmake)
[5.363s] -- Found rmw_fastrtps_cpp: 8.4.3 (/opt/ros/jazzy/share/rmw_fastrtps_cpp/cmake)
[5.578s] -- Found OpenSSL: /usr/lib/x86_64-linux-gnu/libcrypto.so (found version "3.0.13")  
[5.905s] -- Found FastRTPS: /opt/ros/jazzy/include (Required is at least version "2.13") 
[6.103s] -- Using RMW implementation 'rmw_fastrtps_cpp' as default
[6.572s] -- Found sensor_msgs: 5.3.6 (/opt/ros/jazzy/share/sensor_msgs/cmake)
[6.637s] -- Found tf2: 0.36.19 (/opt/ros/jazzy/share/tf2/cmake)
[6.655s] -- Found tf2_msgs: 0.36.19 (/opt/ros/jazzy/share/tf2_msgs/cmake)
[6.830s] -- Found turtlebot3_msgs: 2.4.0 (/opt/ros/jazzy/share/turtlebot3_msgs/cmake)
[7.176s] -- Configuring done (6.7s)
[7.203s] -- Generating done (0.0s)
[7.214s] -- Build files have been written to: /home/kanika/kanika/build/turtlebot3_fake_node
[7.234s] Invoked command in '/home/kanika/kanika/build/turtlebot3_fake_node' returned '0': CMAKE_PREFIX_PATH=${CMAKE_PREFIX_PATH}:/home/kanika/kanika/install/turtlebot3_teleop:/home/kanika/kanika/install/turtlebot3_example:/home/kanika/tb3_ws/install/turtlebot3_teleop:/home/kanika/tb3_ws/install/turtlebot3_example:/opt/ros/jazzy /usr/bin/cmake /home/kanika/kanika/src/turtlebot3_simulations/turtlebot3_fake_node -DAMENT_CMAKE_SYMLINK_INSTALL=1 -DCMAKE_INSTALL_PREFIX=/home/kanika/kanika/install/turtlebot3_fake_node
[7.236s] Invoking command in '/home/kanika/kanika/build/turtlebot3_fake_node': CMAKE_PREFIX_PATH=${CMAKE_PREFIX_PATH}:/home/kanika/kanika/install/turtlebot3_teleop:/home/kanika/kanika/install/turtlebot3_example:/home/kanika/tb3_ws/install/turtlebot3_teleop:/home/kanika/tb3_ws/install/turtlebot3_example:/opt/ros/jazzy /usr/bin/cmake --build /home/kanika/kanika/build/turtlebot3_fake_node -- -j8 -l8
[7.327s] [ 50%] [32mBuilding CXX object CMakeFiles/turtlebot3_fake_node.dir/src/turtlebot3_fake_node.cpp.o[0m
[39.077s] [100%] [32m[1mLinking CXX executable turtlebot3_fake_node[0m
[39.777s] [100%] Built target turtlebot3_fake_node
[39.797s] Invoked command in '/home/kanika/kanika/build/turtlebot3_fake_node' returned '0': CMAKE_PREFIX_PATH=${CMAKE_PREFIX_PATH}:/home/kanika/kanika/install/turtlebot3_teleop:/home/kanika/kanika/install/turtlebot3_example:/home/kanika/tb3_ws/install/turtlebot3_teleop:/home/kanika/tb3_ws/install/turtlebot3_example:/opt/ros/jazzy /usr/bin/cmake --build /home/kanika/kanika/build/turtlebot3_fake_node -- -j8 -l8
[39.801s] Invoking command in '/home/kanika/kanika/build/turtlebot3_fake_node': CMAKE_PREFIX_PATH=${CMAKE_PREFIX_PATH}:/home/kanika/kanika/install/turtlebot3_teleop:/home/kanika/kanika/install/turtlebot3_example:/home/kanika/tb3_ws/install/turtlebot3_teleop:/home/kanika/tb3_ws/install/turtlebot3_example:/opt/ros/jazzy /usr/bin/cmake --install /home/kanika/kanika/build/turtlebot3_fake_node
[39.815s] -- Install configuration: ""
[39.815s] -- Execute custom install script
[39.818s] -- Symlinking: /home/kanika/kanika/install/turtlebot3_fake_node/lib/turtlebot3_fake_node/turtlebot3_fake_node
[39.836s] -- Symlinking: /home/kanika/kanika/install/turtlebot3_fake_node/share/turtlebot3_fake_node/launch/rviz2.launch.py
[39.851s] -- Symlinking: /home/kanika/kanika/install/turtlebot3_fake_node/share/turtlebot3_fake_node/launch/turtlebot3_fake_node.launch.py
[39.867s] -- Symlinking: /home/kanika/kanika/install/turtlebot3_fake_node/share/turtlebot3_fake_node/param/burger.yaml
[39.883s] -- Symlinking: /home/kanika/kanika/install/turtlebot3_fake_node/share/turtlebot3_fake_node/param/waffle.yaml
[39.898s] -- Symlinking: /home/kanika/kanika/install/turtlebot3_fake_node/share/turtlebot3_fake_node/param/waffle_pi.yaml
[39.913s] -- Symlinking: /home/kanika/kanika/install/turtlebot3_fake_node/include//turtlebot3_fake_node/turtlebot3_fake_node.hpp
[39.938s] -- Symlinking: /home/kanika/kanika/install/turtlebot3_fake_node/share/ament_index/resource_index/package_run_dependencies/turtlebot3_fake_node
[39.957s] -- Symlinking: /home/kanika/kanika/install/turtlebot3_fake_node/share/ament_index/resource_index/parent_prefix_path/turtlebot3_fake_node
[39.975s] -- Symlinking: /home/kanika/kanika/install/turtlebot3_fake_node/share/turtlebot3_fake_node/environment/ament_prefix_path.sh
[39.990s] -- Symlinking: /home/kanika/kanika/install/turtlebot3_fake_node/share/turtlebot3_fake_node/environment/ament_prefix_path.dsv
[40.004s] -- Symlinking: /home/kanika/kanika/install/turtlebot3_fake_node/share/turtlebot3_fake_node/environment/path.sh
[40.021s] -- Symlinking: /home/kanika/kanika/install/turtlebot3_fake_node/share/turtlebot3_fake_node/environment/path.dsv
[40.036s] -- Symlinking: /home/kanika/kanika/install/turtlebot3_fake_node/share/turtlebot3_fake_node/local_setup.bash
[40.049s] -- Symlinking: /home/kanika/kanika/install/turtlebot3_fake_node/share/turtlebot3_fake_node/local_setup.sh
[40.064s] -- Symlinking: /home/kanika/kanika/install/turtlebot3_fake_node/share/turtlebot3_fake_node/local_setup.zsh
[40.076s] -- Symlinking: /home/kanika/kanika/install/turtlebot3_fake_node/share/turtlebot3_fake_node/local_setup.dsv
[40.091s] -- Symlinking: /home/kanika/kanika/install/turtlebot3_fake_node/share/turtlebot3_fake_node/package.dsv
[40.108s] -- Symlinking: /home/kanika/kanika/install/turtlebot3_fake_node/share/ament_index/resource_index/packages/turtlebot3_fake_node
[40.123s] -- Symlinking: /home/kanika/kanika/install/turtlebot3_fake_node/share/turtlebot3_fake_node/cmake/ament_cmake_export_include_directories-extras.cmake
[40.138s] -- Symlinking: /home/kanika/kanika/install/turtlebot3_fake_node/share/turtlebot3_fake_node/cmake/ament_cmake_export_dependencies-extras.cmake
[40.156s] -- Symlinking: /home/kanika/kanika/install/turtlebot3_fake_node/share/turtlebot3_fake_node/cmake/turtlebot3_fake_nodeConfig.cmake
[40.175s] -- Symlinking: /home/kanika/kanika/install/turtlebot3_fake_node/share/turtlebot3_fake_node/cmake/turtlebot3_fake_nodeConfig-version.cmake
[40.191s] -- Symlinking: /home/kanika/kanika/install/turtlebot3_fake_node/share/turtlebot3_fake_node/package.xml
[40.209s] Invoked command in '/home/kanika/kanika/build/turtlebot3_fake_node' returned '0': CMAKE_PREFIX_PATH=${CMAKE_PREFIX_PATH}:/home/kanika/kanika/install/turtlebot3_teleop:/home/kanika/kanika/install/turtlebot3_example:/home/kanika/tb3_ws/install/turtlebot3_teleop:/home/kanika/tb3_ws/install/turtlebot3_example:/opt/ros/jazzy /usr/bin/cmake --install /home/kanika/kanika/build/turtlebot3_fake_node
