[1.738s] Invoking command in '/home/kanika/kanika/build/turtlebot3_example': PYTHONPATH=/home/kanika/kanika/build/turtlebot3_example/prefix_override:/usr/lib/python3/dist-packages/colcon_core/task/python/colcon_distutils_commands:/home/kanika/kanika/install/turtlebot3_example/lib/python3.12/site-packages:${PYTHONPATH} /usr/bin/python3 -W ignore:setup.py install is deprecated -W ignore:easy_install command is deprecated setup.py develop --editable --build-directory /home/kanika/kanika/build/turtlebot3_example/build --no-deps symlink_data
[2.493s] running develop
[2.851s] running egg_info
[2.896s] writing turtlebot3_example.egg-info/PKG-INFO
[2.896s] writing dependency_links to turtlebot3_example.egg-info/dependency_links.txt
[2.897s] writing entry points to turtlebot3_example.egg-info/entry_points.txt
[2.897s] writing requirements to turtlebot3_example.egg-info/requires.txt
[2.897s] writing top-level names to turtlebot3_example.egg-info/top_level.txt
[2.964s] reading manifest file 'turtlebot3_example.egg-info/SOURCES.txt'
[2.965s] writing manifest file 'turtlebot3_example.egg-info/SOURCES.txt'
[3.005s] running build_ext
[3.005s] Creating /home/kanika/kanika/install/turtlebot3_example/lib/python3.12/site-packages/turtlebot3-example.egg-link (link to .)
[3.006s] Installing turtlebot3_absolute_move script to /home/kanika/kanika/install/turtlebot3_example/lib/turtlebot3_example
[3.006s] Installing turtlebot3_interactive_marker script to /home/kanika/kanika/install/turtlebot3_example/lib/turtlebot3_example
[3.006s] Installing turtlebot3_obstacle_detection script to /home/kanika/kanika/install/turtlebot3_example/lib/turtlebot3_example
[3.006s] Installing turtlebot3_patrol_client script to /home/kanika/kanika/install/turtlebot3_example/lib/turtlebot3_example
[3.007s] Installing turtlebot3_patrol_server script to /home/kanika/kanika/install/turtlebot3_example/lib/turtlebot3_example
[3.007s] Installing turtlebot3_relative_move script to /home/kanika/kanika/install/turtlebot3_example/lib/turtlebot3_example
[3.007s] 
[3.007s] Installed /home/kanika/kanika/build/turtlebot3_example
[3.008s] running symlink_data
[3.053s] Invoked command in '/home/kanika/kanika/build/turtlebot3_example' returned '0': PYTHONPATH=/home/kanika/kanika/build/turtlebot3_example/prefix_override:/usr/lib/python3/dist-packages/colcon_core/task/python/colcon_distutils_commands:/home/kanika/kanika/install/turtlebot3_example/lib/python3.12/site-packages:${PYTHONPATH} /usr/bin/python3 -W ignore:setup.py install is deprecated -W ignore:easy_install command is deprecated setup.py develop --editable --build-directory /home/kanika/kanika/build/turtlebot3_example/build --no-deps symlink_data
