--2026-04-19 02:55:43--  https://raw.githubusercontent.com/hrnr/m-explore-extra/master/map_merge/hector_maps/map00.pgm
Resolving raw.githubusercontent.com (raw.githubusercontent.com)... 185.199.110.133, 185.199.111.133, 185.199.108.133, ...
Connecting to raw.githubusercontent.com (raw.githubusercontent.com)|185.199.110.133|:443... connected.
HTTP request sent, awaiting response... 200 OK
Length: 4194362 (4.0M) [application/octet-stream]
Saving to: ‘/home/kanika/kanika/build/multirobot_map_merge/map00.pgm’

     0K .......... .......... .......... .......... ..........  1% 5.25M 1s
    50K .......... .......... .......... .......... ..........  2% 7.39M 1s
   100K .......... .......... .......... .......... ..........  3% 4.87M 1s
   150K .......... .......... .......... .......... ..........  4% 7.91M 1s
   200K .......... .......... .......... .......... ..........  6% 7.64M 1s
   250K .......... .......... .......... .......... ..........  7% 8.58M 1s
   300K .......... .......... .......... .......... ..........  8% 7.35M 1s
   350K .......... .......... .......... .......... ..........  9% 6.04M 1s
   400K .......... .......... .......... .......... .......... 10% 5.53M 1s
   450K .......... .......... .......... .......... .......... 12% 9.87M 1s
   500K .......... .......... .......... .......... .......... 13% 9.31M 1s
   550K .......... .......... .......... .......... .......... 14% 10.3M 0s
   600K .......... .......... .......... .......... .......... 15% 6.30M 0s
   650K .......... .......... .......... .......... .......... 17% 11.3M 0s
   700K .......... .......... .......... .......... .......... 18% 7.64M 0s
   750K .......... .......... .......... .......... .......... 19% 6.68M 0s
   800K .......... .......... .......... .......... .......... 20% 7.68M 0s
   850K .......... .......... .......... .......... .......... 21% 11.4M 0s
   900K .......... .......... .......... .......... .......... 23% 9.28M 0s
   950K .......... .......... .......... .......... .......... 24% 13.5M 0s
  1000K .......... .......... .......... .......... .......... 25% 8.72M 0s
  1050K .......... .......... .......... .......... .......... 26% 11.2M 0s
  1100K .......... .......... .......... .......... .......... 28% 10.5M 0s
  1150K .......... .......... .......... .......... .......... 29% 5.30M 0s
  1200K .......... .......... .......... .......... .......... 30% 23.9M 0s
  1250K .......... .......... .......... .......... .......... 31% 7.46M 0s
  1300K .......... .......... .......... .......... .......... 32% 10.3M 0s
  1350K .......... .......... .......... .......... .......... 34% 10.6M 0s
  1400K .......... .......... .......... .......... .......... 35% 10.4M 0s
  1450K .......... .......... .......... .......... .......... 36% 9.50M 0s
  1500K .......... .......... .......... .......... .......... 37% 13.5M 0s
  1550K .......... .......... .......... .......... .......... 39% 13.2M 0s
  1600K .......... .......... .......... .......... .......... 40% 8.78M 0s
  1650K .......... .......... .......... .......... .......... 41% 9.07M 0s
  1700K .......... .......... .......... .......... .......... 42% 3.18M 0s
  1750K .......... .......... .......... .......... .......... 43% 8.00M 0s
  1800K .......... .......... .......... .......... .......... 45% 14.4M 0s
  1850K .......... .......... .......... .......... .......... 46% 10.4M 0s
  1900K .......... .......... .......... .......... .......... 47% 2.52M 0s
  1950K .......... .......... .......... .......... .......... 48% 8.58M 0s
  2000K .......... .......... .......... .......... .......... 50% 10.8M 0s
  2050K .......... .......... .......... .......... .......... 51% 8.71M 0s
  2100K .......... .......... .......... .......... .......... 52% 8.97M 0s
  2150K .......... .......... .......... .......... .......... 53% 19.8M 0s
  2200K .......... .......... .......... .......... .......... 54% 7.71M 0s
  2250K .......... .......... .......... .......... .......... 56% 6.35M 0s
  2300K .......... .......... .......... .......... .......... 57% 24.1M 0s
  2350K .......... .......... .......... .......... .......... 58% 9.04M 0s
  2400K .......... .......... .......... .......... .......... 59% 8.24M 0s
  2450K .......... .......... .......... .......... .......... 61% 9.71M 0s
  2500K .......... .......... .......... .......... .......... 62% 8.73M 0s
  2550K .......... .......... .......... .......... .......... 63% 11.2M 0s
  2600K .......... .......... .......... .......... .......... 64% 16.8M 0s
  2650K .......... .......... .......... .......... .......... 65% 8.84M 0s
  2700K .......... .......... .......... .......... .......... 67% 13.1M 0s
  2750K .......... .......... .......... .......... .......... 68% 9.46M 0s
  2800K .......... .......... .......... .......... .......... 69% 9.47M 0s
  2850K .......... .......... .......... .......... .......... 70% 20.5M 0s
  2900K .......... .......... .......... .......... .......... 72% 9.84M 0s
  2950K .......... .......... .......... .......... .......... 73% 8.90M 0s
  3000K .......... .......... .......... .......... .......... 74% 9.82M 0s
  3050K .......... .......... .......... .......... .......... 75% 10.0M 0s
  3100K .......... .......... .......... .......... .......... 76% 9.13M 0s
  3150K .......... .......... .......... .......... .......... 78% 13.9M 0s
  3200K .......... .......... .......... .......... .......... 79% 10.9M 0s
  3250K .......... .......... .......... .......... .......... 80% 10.1M 0s
  3300K .......... .......... .......... .......... .......... 81% 9.40M 0s
  3350K .......... .......... .......... .......... .......... 83% 10.7M 0s
  3400K .......... .......... .......... .......... .......... 84% 20.2M 0s
  3450K .......... .......... .......... .......... .......... 85% 8.32M 0s
  3500K .......... .......... .......... .......... .......... 86% 8.21M 0s
  3550K .......... .......... .......... .......... .......... 87% 6.51M 0s
  3600K .......... .......... .......... .......... .......... 89% 15.2M 0s
  3650K .......... .......... .......... .......... .......... 90% 7.97M 0s
  3700K .......... .......... .......... .......... .......... 91% 7.57M 0s
  3750K .......... .......... .......... .......... .......... 92% 9.79M 0s
  3800K .......... .......... .......... .......... .......... 93% 9.76M 0s
  3850K .......... .......... .......... .......... .......... 95% 15.6M 0s
  3900K .......... .......... .......... .......... .......... 96% 9.19M 0s
  3950K .......... .......... .......... .......... .......... 97% 9.51M 0s
  4000K .......... .......... .......... .......... .......... 98% 21.2M 0s
  4050K .......... .......... .......... .......... ......    100% 9.17M=0.5s

2026-04-19 02:55:44 (8.81 MB/s) - ‘/home/kanika/kanika/build/multirobot_map_merge/map00.pgm’ saved [4194362/4194362]

--2026-04-19 02:55:44--  https://raw.githubusercontent.com/hrnr/m-explore-extra/master/map_merge/hector_maps/map05.pgm
Resolving raw.githubusercontent.com (raw.githubusercontent.com)... 185.199.108.133, 185.199.110.133, 185.199.109.133, ...
Connecting to raw.githubusercontent.com (raw.githubusercontent.com)|185.199.108.133|:443... connected.
HTTP request sent, awaiting response... 200 OK
Length: 4194362 (4.0M) [application/octet-stream]
Saving to: ‘/home/kanika/kanika/build/multirobot_map_merge/map05.pgm’

     0K .......... .......... .......... .......... ..........  1% 4.25M 1s
    50K .......... .......... .......... .......... ..........  2% 9.88M 1s
   100K .......... .......... .......... .......... ..........  3% 7.68M 1s
   150K .......... .......... .......... .......... ..........  4% 9.09M 1s
   200K .......... .......... .......... .......... ..........  6% 3.95M 1s
   250K .......... .......... .......... .......... ..........  7% 3.59M 1s
   300K .......... .......... .......... .......... ..........  8% 3.81M 1s
   350K .......... .......... .......... .......... ..........  9% 2.38M 1s
   400K .......... .......... .......... .......... .......... 10% 2.84M 1s
   450K .......... .......... .......... .......... .......... 12% 5.26M 1s
   500K .......... .......... .......... .......... .......... 13% 3.78M 1s
   550K .......... .......... .......... .......... .......... 14% 3.81M 1s
   600K .......... .......... .......... .......... .......... 15% 2.78M 1s
   650K .......... .......... .......... .......... .......... 17% 1.48M 1s
   700K .......... .......... .......... .......... .......... 18%  121M 1s
   750K .......... .......... .......... .......... .......... 19% 9.50M 1s
   800K .......... .......... .......... .......... .......... 20% 4.11M 1s
   850K .......... .......... .......... .......... .......... 21% 4.20M 1s
   900K .......... .......... .......... .......... .......... 23% 3.88M 1s
   950K .......... .......... .......... .......... .......... 24% 4.59M 1s
  1000K .......... .......... .......... .......... .......... 25% 3.07M 1s
  1050K .......... .......... .......... .......... .......... 26% 4.42M 1s
  1100K .......... .......... .......... .......... .......... 28% 3.23M 1s
  1150K .......... .......... .......... .......... .......... 29% 3.94M 1s
  1200K .......... .......... .......... .......... .......... 30% 5.86M 1s
  1250K .......... .......... .......... .......... .......... 31% 3.53M 1s
  1300K .......... .......... .......... .......... .......... 32% 5.88M 1s
  1350K .......... .......... .......... .......... .......... 34% 3.93M 1s
  1400K .......... .......... .......... .......... .......... 35% 3.95M 1s
  1450K .......... .......... .......... .......... .......... 36% 5.45M 1s
  1500K .......... .......... .......... .......... .......... 37% 4.52M 1s
  1550K .......... .......... .......... .......... .......... 39% 5.50M 1s
  1600K .......... .......... .......... .......... .......... 40% 4.37M 1s
  1650K .......... .......... .......... .......... .......... 41% 3.70M 1s
  1700K .......... .......... .......... .......... .......... 42% 4.41M 1s
  1750K .......... .......... .......... .......... .......... 43% 4.50M 1s
  1800K .......... .......... .......... .......... .......... 45% 5.78M 1s
  1850K .......... .......... .......... .......... .......... 46% 4.55M 1s
  1900K .......... .......... .......... .......... .......... 47% 4.61M 1s
  1950K .......... .......... .......... .......... .......... 48% 4.79M 0s
  2000K .......... .......... .......... .......... .......... 50% 5.92M 0s
  2050K .......... .......... .......... .......... .......... 51% 3.75M 0s
  2100K .......... .......... .......... .......... .......... 52% 4.60M 0s
  2150K .......... .......... .......... .......... .......... 53% 6.79M 0s
  2200K .......... .......... .......... .......... .......... 54% 4.53M 0s
  2250K .......... .......... .......... .......... .......... 56% 5.06M 0s
  2300K .......... .......... .......... .......... .......... 57% 4.54M 0s
  2350K .......... .......... .......... .......... .......... 58% 6.21M 0s
  2400K .......... .......... .......... .......... .......... 59% 6.23M 0s
  2450K .......... .......... .......... .......... .......... 61% 3.43M 0s
  2500K .......... .......... .......... .......... .......... 62% 5.62M 0s
  2550K .......... .......... .......... .......... .......... 63% 4.09M 0s
  2600K .......... .......... .......... .......... .......... 64% 9.39M 0s
  2650K .......... .......... .......... .......... .......... 65% 4.90M 0s
  2700K .......... .......... .......... .......... .......... 67% 7.85M 0s
  2750K .......... .......... .......... .......... .......... 68% 3.31M 0s
  2800K .......... .......... .......... .......... .......... 69% 28.5M 0s
  2850K .......... .......... .......... .......... .......... 70% 4.11M 0s
  2900K .......... .......... .......... .......... .......... 72% 4.85M 0s
  2950K .......... .......... .......... .......... .......... 73% 6.11M 0s
  3000K .......... .......... .......... .......... .......... 74% 5.13M 0s
  3050K .......... .......... .......... .......... .......... 75% 3.20M 0s
  3100K .......... .......... .......... .......... .......... 76%  144M 0s
  3150K .......... .......... .......... .......... .......... 78% 4.57M 0s
  3200K .......... .......... .......... .......... .......... 79% 10.4M 0s
  3250K .......... .......... .......... .......... .......... 80% 4.20M 0s
  3300K .......... .......... .......... .......... .......... 81% 3.50M 0s
  3350K .......... .......... .......... .......... .......... 83% 8.94M 0s
  3400K .......... .......... .......... .......... .......... 84% 12.2M 0s
  3450K .......... .......... .......... .......... .......... 85% 6.14M 0s
  3500K .......... .......... .......... .......... .......... 86% 5.61M 0s
  3550K .......... .......... .......... .......... .......... 87% 4.34M 0s
  3600K .......... .......... .......... .......... .......... 89% 5.79M 0s
  3650K .......... .......... .......... .......... .......... 90% 7.83M 0s
  3700K .......... .......... .......... .......... .......... 91% 5.63M 0s
  3750K .......... .......... .......... .......... .......... 92% 6.65M 0s
  3800K .......... .......... .......... .......... .......... 93% 6.18M 0s
  3850K .......... .......... .......... .......... .......... 95% 7.14M 0s
  3900K .......... .......... .......... .......... .......... 96% 6.94M 0s
  3950K .......... .......... .......... .......... .......... 97% 3.50M 0s
  4000K .......... .......... .......... .......... .......... 98% 6.37M 0s
  4050K .......... .......... .......... .......... ......    100% 6.90M=0.8s

2026-04-19 02:55:46 (4.76 MB/s) - ‘/home/kanika/kanika/build/multirobot_map_merge/map05.pgm’ saved [4194362/4194362]

--2026-04-19 02:55:46--  https://raw.githubusercontent.com/hrnr/m-explore-extra/master/map_merge/gmapping_maps/2011-08-09-12-22-52.pgm
Resolving raw.githubusercontent.com (raw.githubusercontent.com)... 185.199.108.133, 185.199.111.133, 185.199.110.133, ...
Connecting to raw.githubusercontent.com (raw.githubusercontent.com)|185.199.108.133|:443... connected.
HTTP request sent, awaiting response... 200 OK
Length: 16000058 (15M) [application/octet-stream]
Saving to: ‘/home/kanika/kanika/build/multirobot_map_merge/2011-08-09-12-22-52.pgm’

     0K .......... .......... .......... .......... ..........  0% 4.05M 4s
    50K .......... .......... .......... .......... ..........  0% 11.7M 3s
   100K .......... .......... .......... .......... ..........  0% 14.3M 2s
   150K .......... .......... .......... .......... ..........  1% 8.10M 2s
   200K .......... .......... .......... .......... ..........  1% 29.3M 2s
   250K .......... .......... .......... .......... ..........  1% 8.28M 2s
   300K .......... .......... .......... .......... ..........  2% 21.9M 2s
   350K .......... .......... .......... .......... ..........  2% 7.29M 2s
   400K .......... .......... .......... .......... ..........  2% 21.8M 1s
   450K .......... .......... .......... .......... ..........  3% 8.85M 2s
   500K .......... .......... .......... .......... ..........  3% 14.9M 1s
   550K .......... .......... .......... .......... ..........  3% 9.42M 1s
   600K .......... .......... .......... .......... ..........  4% 7.27M 1s
   650K .......... .......... .......... .......... ..........  4% 10.2M 1s
   700K .......... .......... .......... .......... ..........  4% 19.9M 1s
   750K .......... .......... .......... .......... ..........  5% 20.2M 1s
   800K .......... .......... .......... .......... ..........  5% 3.53M 2s
   850K .......... .......... .......... .......... ..........  5%  155M 1s
   900K .......... .......... .......... .......... ..........  6% 11.5M 1s
   950K .......... .......... .......... .......... ..........  6% 16.4M 1s
  1000K .......... .......... .......... .......... ..........  6% 8.77M 1s
  1050K .......... .......... .......... .......... ..........  7% 10.8M 1s
  1100K .......... .......... .......... .......... ..........  7% 13.8M 1s
  1150K .......... .......... .......... .......... ..........  7% 9.54M 1s
  1200K .......... .......... .......... .......... ..........  7% 19.6M 1s
  1250K .......... .......... .......... .......... ..........  8% 9.96M 1s
  1300K .......... .......... .......... .......... ..........  8% 15.0M 1s
  1350K .......... .......... .......... .......... ..........  8% 11.3M 1s
  1400K .......... .......... .......... .......... ..........  9% 10.4M 1s
  1450K .......... .......... .......... .......... ..........  9% 20.0M 1s
  1500K .......... .......... .......... .......... ..........  9% 15.1M 1s
  1550K .......... .......... .......... .......... .......... 10% 11.2M 1s
  1600K .......... .......... .......... .......... .......... 10% 17.2M 1s
  1650K .......... .......... .......... .......... .......... 10% 9.96M 1s
  1700K .......... .......... .......... .......... .......... 11% 9.96M 1s
  1750K .......... .......... .......... .......... .......... 11% 24.5M 1s
  1800K .......... .......... .......... .......... .......... 11% 7.45M 1s
  1850K .......... .......... .......... .......... .......... 12% 7.49M 1s
  1900K .......... .......... .......... .......... .......... 12% 9.23M 1s
  1950K .......... .......... .......... .......... .......... 12% 13.4M 1s
  2000K .......... .......... .......... .......... .......... 13%  258M 1s
  2050K .......... .......... .......... .......... .......... 13% 7.83M 1s
  2100K .......... .......... .......... .......... .......... 13% 6.75M 1s
  2150K .......... .......... .......... .......... .......... 14%  199M 1s
  2200K .......... .......... .......... .......... .......... 14% 8.65M 1s
  2250K .......... .......... .......... .......... .......... 14% 4.51M 1s
  2300K .......... .......... .......... .......... .......... 15%  123M 1s
  2350K .......... .......... .......... .......... .......... 15% 13.2M 1s
  2400K .......... .......... .......... .......... .......... 15% 17.9M 1s
  2450K .......... .......... .......... .......... .......... 15% 6.14M 1s
  2500K .......... .......... .......... .......... .......... 16% 45.9M 1s
  2550K .......... .......... .......... .......... .......... 16% 6.86M 1s
  2600K .......... .......... .......... .......... .......... 16% 28.4M 1s
  2650K .......... .......... .......... .......... .......... 17% 5.33M 1s
  2700K .......... .......... .......... .......... .......... 17%  290M 1s
  2750K .......... .......... .......... .......... .......... 17% 7.13M 1s
  2800K .......... .......... .......... .......... .......... 18% 6.06M 1s
  2850K .......... .......... .......... .......... .......... 18% 5.14M 1s
  2900K .......... .......... .......... .......... .......... 18% 28.8M 1s
  2950K .......... .......... .......... .......... .......... 19% 10.1M 1s
  3000K .......... .......... .......... .......... .......... 19% 17.6M 1s
  3050K .......... .......... .......... .......... .......... 19% 4.05M 1s
  3100K .......... .......... .......... .......... .......... 20%  212M 1s
  3150K .......... .......... .......... .......... .......... 20% 8.07M 1s
  3200K .......... .......... .......... .......... .......... 20% 14.6M 1s
  3250K .......... .......... .......... .......... .......... 21% 8.42M 1s
  3300K .......... .......... .......... .......... .......... 21% 7.32M 1s
  3350K .......... .......... .......... .......... .......... 21% 1.71M 1s
  3400K .......... .......... .......... .......... .......... 22%  291M 1s
  3450K .......... .......... .......... .......... .......... 22%  264M 1s
  3500K .......... .......... .......... .......... .......... 22% 7.02M 1s
  3550K .......... .......... .......... .......... .......... 23%  129M 1s
  3600K .......... .......... .......... .......... .......... 23%  241M 1s
  3650K .......... .......... .......... .......... .......... 23% 12.9M 1s
  3700K .......... .......... .......... .......... .......... 23% 3.73M 1s
  3750K .......... .......... .......... .......... .......... 24% 25.1M 1s
  3800K .......... .......... .......... .......... .......... 24% 46.1M 1s
  3850K .......... .......... .......... .......... .......... 24% 11.6M 1s
  3900K .......... .......... .......... .......... .......... 25% 17.4M 1s
  3950K .......... .......... .......... .......... .......... 25% 2.16M 1s
  4000K .......... .......... .......... .......... .......... 25%  128M 1s
  4050K .......... .......... .......... .......... .......... 26% 62.0M 1s
  4100K .......... .......... .......... .......... .......... 26% 9.68M 1s
  4150K .......... .......... .......... .......... .......... 26% 6.15M 1s
  4200K .......... .......... .......... .......... .......... 27% 21.8M 1s
  4250K .......... .......... .......... .......... .......... 27% 43.9M 1s
  4300K .......... .......... .......... .......... .......... 27% 3.22M 1s
  4350K .......... .......... .......... .......... .......... 28%  204M 1s
  4400K .......... .......... .......... .......... .......... 28%  242M 1s
  4450K .......... .......... .......... .......... .......... 28% 5.77M 1s
  4500K .......... .......... .......... .......... .......... 29% 7.48M 1s
  4550K .......... .......... .......... .......... .......... 29% 11.5M 1s
  4600K .......... .......... .......... .......... .......... 29% 23.8M 1s
  4650K .......... .......... .......... .......... .......... 30% 8.79M 1s
  4700K .......... .......... .......... .......... .......... 30% 4.49M 1s
  4750K .......... .......... .......... .......... .......... 30% 39.4M 1s
  4800K .......... .......... .......... .......... .......... 31% 26.3M 1s
  4850K .......... .......... .......... .......... .......... 31% 4.55M 1s
  4900K .......... .......... .......... .......... .......... 31% 77.4M 1s
  4950K .......... .......... .......... .......... .......... 31% 7.45M 1s
  5000K .......... .......... .......... .......... .......... 32% 10.4M 1s
  5050K .......... .......... .......... .......... .......... 32% 16.9M 1s
  5100K .......... .......... .......... .......... .......... 32% 6.97M 1s
  5150K .......... .......... .......... .......... .......... 33% 41.5M 1s
  5200K .......... .......... .......... .......... .......... 33% 9.04M 1s
  5250K .......... .......... .......... .......... .......... 33% 12.9M 1s
  5300K .......... .......... .......... .......... .......... 34% 5.90M 1s
  5350K .......... .......... .......... .......... .......... 34%  151M 1s
  5400K .......... .......... .......... .......... .......... 34% 12.3M 1s
  5450K .......... .......... .......... .......... .......... 35% 11.0M 1s
  5500K .......... .......... .......... .......... .......... 35% 21.8M 1s
  5550K .......... .......... .......... .......... .......... 35% 9.52M 1s
  5600K .......... .......... .......... .......... .......... 36% 16.0M 1s
  5650K .......... .......... .......... .......... .......... 36% 9.07M 1s
  5700K .......... .......... .......... .......... .......... 36% 11.4M 1s
  5750K .......... .......... .......... .......... .......... 37% 15.8M 1s
  5800K .......... .......... .......... .......... .......... 37% 11.7M 1s
  5850K .......... .......... .......... .......... .......... 37% 20.5M 1s
  5900K .......... .......... .......... .......... .......... 38% 9.43M 1s
  5950K .......... .......... .......... .......... .......... 38% 12.4M 1s
  6000K .......... .......... .......... .......... .......... 38% 8.31M 1s
  6050K .......... .......... .......... .......... .......... 39% 9.52M 1s
  6100K .......... .......... .......... .......... .......... 39% 21.1M 1s
  6150K .......... .......... .......... .......... .......... 39% 18.6M 1s
  6200K .......... .......... .......... .......... .......... 39% 6.15M 1s
  6250K .......... .......... .......... .......... .......... 40%  140M 1s
  6300K .......... .......... .......... .......... .......... 40% 12.2M 1s
  6350K .......... .......... .......... .......... .......... 40% 10.0M 1s
  6400K .......... .......... .......... .......... .......... 41% 19.3M 1s
  6450K .......... .......... .......... .......... .......... 41% 6.97M 1s
  6500K .......... .......... .......... .......... .......... 41% 21.8M 1s
  6550K .......... .......... .......... .......... .......... 42% 10.4M 1s
  6600K .......... .......... .......... .......... .......... 42% 16.6M 1s
  6650K .......... .......... .......... .......... .......... 42% 10.3M 1s
  6700K .......... .......... .......... .......... .......... 43% 17.4M 1s
  6750K .......... .......... .......... .......... .......... 43% 11.6M 1s
  6800K .......... .......... .......... .......... .......... 43% 18.1M 1s
  6850K .......... .......... .......... .......... .......... 44% 6.46M 1s
  6900K .......... .......... .......... .......... .......... 44% 15.1M 1s
  6950K .......... .......... .......... .......... .......... 44% 7.49M 1s
  7000K .......... .......... .......... .......... .......... 45% 8.14M 1s
  7050K .......... .......... .......... .......... .......... 45% 7.38M 1s
  7100K .......... .......... .......... .......... .......... 45% 14.9M 1s
  7150K .......... .......... .......... .......... .......... 46% 14.8M 1s
  7200K .......... .......... .......... .......... .......... 46% 8.91M 1s
  7250K .......... .......... .......... .......... .......... 46% 15.2M 1s
  7300K .......... .......... .......... .......... .......... 47% 10.2M 1s
  7350K .......... .......... .......... .......... .......... 47% 8.59M 1s
  7400K .......... .......... .......... .......... .......... 47% 13.3M 1s
  7450K .......... .......... .......... .......... .......... 47% 15.2M 1s
  7500K .......... .......... .......... .......... .......... 48% 5.15M 1s
  7550K .......... .......... .......... .......... .......... 48%  150M 1s
  7600K .......... .......... .......... .......... .......... 48% 7.51M 1s
  7650K .......... .......... .......... .......... .......... 49% 7.70M 1s
  7700K .......... .......... .......... .......... .......... 49% 17.6M 1s
  7750K .......... .......... .......... .......... .......... 49% 6.04M 1s
  7800K .......... .......... .......... .......... .......... 50%  220M 1s
  7850K .......... .......... .......... .......... .......... 50% 50.3M 1s
  7900K .......... .......... .......... .......... .......... 50% 9.24M 1s
  7950K .......... .......... .......... .......... .......... 51% 9.02M 1s
  8000K .......... .......... .......... .......... .......... 51% 9.92M 1s
  8050K .......... .......... .......... .......... .......... 51% 8.54M 1s
  8100K .......... .......... .......... .......... .......... 52% 24.2M 1s
  8150K .......... .......... .......... .......... .......... 52% 5.89M 1s
  8200K .......... .......... .......... .......... .......... 52% 14.3M 1s
  8250K .......... .......... .......... .......... .......... 53% 4.91M 1s
  8300K .......... .......... .......... .......... .......... 53%  247M 1s
  8350K .......... .......... .......... .......... .......... 53% 12.3M 1s
  8400K .......... .......... .......... .......... .......... 54% 34.9M 1s
  8450K .......... .......... .......... .......... .......... 54% 8.34M 1s
  8500K .......... .......... .......... .......... .......... 54% 6.71M 1s
  8550K .......... .......... .......... .......... .......... 55% 19.7M 1s
  8600K .......... .......... .......... .......... .......... 55% 15.7M 1s
  8650K .......... .......... .......... .......... .......... 55% 5.85M 1s
  8700K .......... .......... .......... .......... .......... 55% 76.7M 1s
  8750K .......... .......... .......... .......... .......... 56% 9.90M 1s
  8800K .......... .......... .......... .......... .......... 56% 20.8M 1s
  8850K .......... .......... .......... .......... .......... 56% 4.72M 1s
  8900K .......... .......... .......... .......... .......... 57%  247M 1s
  8950K .......... .......... .......... .......... .......... 57% 15.9M 1s
  9000K .......... .......... .......... .......... .......... 57% 21.9M 1s
  9050K .......... .......... .......... .......... .......... 58% 4.06M 1s
  9100K .......... .......... .......... .......... .......... 58% 14.7M 1s
  9150K .......... .......... .......... .......... .......... 58% 14.2M 1s
  9200K .......... .......... .......... .......... .......... 59% 15.7M 1s
  9250K .......... .......... .......... .......... .......... 59% 3.49M 1s
  9300K .......... .......... .......... .......... .......... 59% 5.84M 1s
  9350K .......... .......... .......... .......... .......... 60%  185M 1s
  9400K .......... .......... .......... .......... .......... 60% 5.67M 1s
  9450K .......... .......... .......... .......... .......... 60%  262M 1s
  9500K .......... .......... .......... .......... .......... 61% 6.40M 1s
  9550K .......... .......... .......... .......... .......... 61% 11.1M 1s
  9600K .......... .......... .......... .......... .......... 61% 9.34M 1s
  9650K .......... .......... .......... .......... .......... 62% 8.82M 1s
  9700K .......... .......... .......... .......... .......... 62% 9.89M 1s
  9750K .......... .......... .......... .......... .......... 62% 18.1M 1s
  9800K .......... .......... .......... .......... .......... 63% 9.90M 1s
  9850K .......... .......... .......... .......... .......... 63% 9.22M 1s
  9900K .......... .......... .......... .......... .......... 63% 9.24M 1s
  9950K .......... .......... .......... .......... .......... 63% 15.8M 1s
 10000K .......... .......... .......... .......... .......... 64% 9.38M 1s
 10050K .......... .......... .......... .......... .......... 64% 10.6M 1s
 10100K .......... .......... .......... .......... .......... 64% 9.65M 1s
 10150K .......... .......... .......... .......... .......... 65% 15.8M 1s
 10200K .......... .......... .......... .......... .......... 65% 7.14M 1s
 10250K .......... .......... .......... .......... .......... 65% 9.63M 1s
 10300K .......... .......... .......... .......... .......... 66% 5.26M 0s
 10350K .......... .......... .......... .......... .......... 66%  182M 0s
 10400K .......... .......... .......... .......... .......... 66% 23.1M 0s
 10450K .......... .......... .......... .......... .......... 67% 7.69M 0s
 10500K .......... .......... .......... .......... .......... 67% 10.9M 0s
 10550K .......... .......... .......... .......... .......... 67% 10.2M 0s
 10600K .......... .......... .......... .......... .......... 68% 10.1M 0s
 10650K .......... .......... .......... .......... .......... 68% 17.9M 0s
 10700K .......... .......... .......... .......... .......... 68% 5.66M 0s
 10750K .......... .......... .......... .......... .......... 69% 28.2M 0s
 10800K .......... .......... .......... .......... .......... 69% 9.06M 0s
 10850K .......... .......... .......... .......... .......... 69% 4.70M 0s
 10900K .......... .......... .......... .......... .......... 70%  111M 0s
 10950K .......... .......... .......... .......... .......... 70% 12.6M 0s
 11000K .......... .......... .......... .......... .......... 70% 7.91M 0s
 11050K .......... .......... .......... .......... .......... 71% 9.04M 0s
 11100K .......... .......... .......... .......... .......... 71% 12.6M 0s
 11150K .......... .......... .......... .......... .......... 71% 5.65M 0s
 11200K .......... .......... .......... .......... .......... 71% 14.9M 0s
 11250K .......... .......... .......... .......... .......... 72% 9.32M 0s
 11300K .......... .......... .......... .......... .......... 72% 14.3M 0s
 11350K .......... .......... .......... .......... .......... 72% 9.01M 0s
 11400K .......... .......... .......... .......... .......... 73% 3.33M 0s
 11450K .......... .......... .......... .......... .......... 73%  216M 0s
 11500K .......... .......... .......... .......... .......... 73% 10.2M 0s
 11550K .......... .......... .......... .......... .......... 74% 11.7M 0s
 11600K .......... .......... .......... .......... .......... 74% 26.8M 0s
 11650K .......... .......... .......... .......... .......... 74% 7.21M 0s
 11700K .......... .......... .......... .......... .......... 75% 13.3M 0s
 11750K .......... .......... .......... .......... .......... 75% 4.63M 0s
 11800K .......... .......... .......... .......... .......... 75% 49.5M 0s
 11850K .......... .......... .......... .......... .......... 76% 9.62M 0s
 11900K .......... .......... .......... .......... .......... 76% 6.03M 0s
 11950K .......... .......... .......... .......... .......... 76% 28.3M 0s
 12000K .......... .......... .......... .......... .......... 77% 19.8M 0s
 12050K .......... .......... .......... .......... .......... 77% 16.6M 0s
 12100K .......... .......... .......... .......... .......... 77% 10.7M 0s
 12150K .......... .......... .......... .......... .......... 78% 18.3M 0s
 12200K .......... .......... .......... .......... .......... 78% 9.94M 0s
 12250K .......... .......... .......... .......... .......... 78% 8.24M 0s
 12300K .......... .......... .......... .......... .......... 79% 25.1M 0s
 12350K .......... .......... .......... .......... .......... 79% 10.3M 0s
 12400K .......... .......... .......... .......... .......... 79% 12.4M 0s
 12450K .......... .......... .......... .......... .......... 79% 21.4M 0s
 12500K .......... .......... .......... .......... .......... 80% 8.58M 0s
 12550K .......... .......... .......... .......... .......... 80% 8.08M 0s
 12600K .......... .......... .......... .......... .......... 80% 15.8M 0s
 12650K .......... .......... .......... .......... .......... 81% 18.5M 0s
 12700K .......... .......... .......... .......... .......... 81% 10.5M 0s
 12750K .......... .......... .......... .......... .......... 81% 20.2M 0s
 12800K .......... .......... .......... .......... .......... 82% 9.83M 0s
 12850K .......... .......... .......... .......... .......... 82% 9.70M 0s
 12900K .......... .......... .......... .......... .......... 82% 13.0M 0s
 12950K .......... .......... .......... .......... .......... 83% 10.9M 0s
 13000K .......... .......... .......... .......... .......... 83% 13.5M 0s
 13050K .......... .......... .......... .......... .......... 83% 8.45M 0s
 13100K .......... .......... .......... .......... .......... 84% 13.4M 0s
 13150K .......... .......... .......... .......... .......... 84% 9.53M 0s
 13200K .......... .......... .......... .......... .......... 84% 15.7M 0s
 13250K .......... .......... .......... .......... .......... 85% 7.30M 0s
 13300K .......... .......... .......... .......... .......... 85% 19.6M 0s
 13350K .......... .......... .......... .......... .......... 85% 10.5M 0s
 13400K .......... .......... .......... .......... .......... 86% 17.5M 0s
 13450K .......... .......... .......... .......... .......... 86% 8.70M 0s
 13500K .......... .......... .......... .......... .......... 86% 15.2M 0s
 13550K .......... .......... .......... .......... .......... 87% 8.92M 0s
 13600K .......... .......... .......... .......... .......... 87% 4.05M 0s
 13650K .......... .......... .......... .......... .......... 87% 97.8M 0s
 13700K .......... .......... .......... .......... .......... 87% 10.2M 0s
 13750K .......... .......... .......... .......... .......... 88% 34.3M 0s
 13800K .......... .......... .......... .......... .......... 88% 17.7M 0s
 13850K .......... .......... .......... .......... .......... 88% 9.45M 0s
 13900K .......... .......... .......... .......... .......... 89% 15.7M 0s
 13950K .......... .......... .......... .......... .......... 89% 11.0M 0s
 14000K .......... .......... .......... .......... .......... 89% 8.30M 0s
 14050K .......... .......... .......... .......... .......... 90% 16.8M 0s
 14100K .......... .......... .......... .......... .......... 90% 10.1M 0s
 14150K .......... .......... .......... .......... .......... 90% 11.2M 0s
 14200K .......... .......... .......... .......... .......... 91% 27.3M 0s
 14250K .......... .......... .......... .......... .......... 91% 8.86M 0s
 14300K .......... .......... .......... .......... .......... 91% 10.9M 0s
 14350K .......... .......... .......... .......... .......... 92% 18.5M 0s
 14400K .......... .......... .......... .......... .......... 92% 3.81M 0s
 14450K .......... .......... .......... .......... .......... 92% 60.7M 0s
 14500K .......... .......... .......... .......... .......... 93%  234M 0s
 14550K .......... .......... .......... .......... .......... 93% 12.8M 0s
 14600K .......... .......... .......... .......... .......... 93% 10.3M 0s
 14650K .......... .......... .......... .......... .......... 94% 9.43M 0s
 14700K .......... .......... .......... .......... .......... 94% 18.5M 0s
 14750K .......... .......... .......... .......... .......... 94% 6.28M 0s
 14800K .......... .......... .......... .......... .......... 95%  257M 0s
 14850K .......... .......... .......... .......... .......... 95% 10.8M 0s
 14900K .......... .......... .......... .......... .......... 95% 17.3M 0s
 14950K .......... .......... .......... .......... .......... 95% 18.0M 0s
 15000K .......... .......... .......... .......... .......... 96% 5.07M 0s
 15050K .......... .......... .......... .......... .......... 96% 10.6M 0s
 15100K .......... .......... .......... .......... .......... 96% 15.9M 0s
 15150K .......... .......... .......... .......... .......... 97% 11.4M 0s
 15200K .......... .......... .......... .......... .......... 97% 14.3M 0s
 15250K .......... .......... .......... .......... .......... 97% 8.73M 0s
 15300K .......... .......... .......... .......... .......... 98% 16.6M 0s
 15350K .......... .......... .......... .......... .......... 98% 17.3M 0s
 15400K .......... .......... .......... .......... .......... 98% 11.3M 0s
 15450K .......... .......... .......... .......... .......... 99% 8.81M 0s
 15500K .......... .......... .......... .......... .......... 99% 19.2M 0s
 15550K .......... .......... .......... .......... .......... 99% 9.53M 0s
 15600K .......... .......... .....                           100%  237M=1.4s

2026-04-19 02:55:48 (10.6 MB/s) - ‘/home/kanika/kanika/build/multirobot_map_merge/2011-08-09-12-22-52.pgm’ saved [16000058/16000058]

--2026-04-19 02:55:48--  https://raw.githubusercontent.com/hrnr/m-explore-extra/master/map_merge/gmapping_maps/2012-01-28-11-12-01.pgm
Resolving raw.githubusercontent.com (raw.githubusercontent.com)... 185.199.108.133, 185.199.110.133, 185.199.109.133, ...
Connecting to raw.githubusercontent.com (raw.githubusercontent.com)|185.199.108.133|:443... connected.
HTTP request sent, awaiting response... 200 OK
Length: 16000058 (15M) [application/octet-stream]
Saving to: ‘/home/kanika/kanika/build/multirobot_map_merge/2012-01-28-11-12-01.pgm’

     0K .......... .......... .......... .......... ..........  0% 4.96M 3s
    50K .......... .......... .......... .......... ..........  0% 6.16M 3s
   100K .......... .......... .......... .......... ..........  0% 17.1M 2s
   150K .......... .......... .......... .......... ..........  1% 8.65M 2s
   200K .......... .......... .......... .......... ..........  1% 15.4M 2s
   250K .......... .......... .......... .......... ..........  1% 3.78M 2s
   300K .......... .......... .......... .......... ..........  2%  129M 2s
   350K .......... .......... .......... .......... ..........  2% 10.2M 2s
   400K .......... .......... .......... .......... ..........  2% 9.82M 2s
   450K .......... .......... .......... .......... ..........  3%  140M 2s
   500K .......... .......... .......... .......... ..........  3% 9.50M 2s
   550K .......... .......... .......... .......... ..........  3% 11.5M 2s
   600K .......... .......... .......... .......... ..........  4% 9.18M 2s
   650K .......... .......... .......... .......... ..........  4% 16.9M 2s
   700K .......... .......... .......... .......... ..........  4% 9.89M 1s
   750K .......... .......... .......... .......... ..........  5% 15.8M 1s
   800K .......... .......... .......... .......... ..........  5% 8.25M 1s
   850K .......... .......... .......... .......... ..........  5% 38.8M 1s
   900K .......... .......... .......... .......... ..........  6% 8.72M 1s
   950K .......... .......... .......... .......... ..........  6% 16.0M 1s
  1000K .......... .......... .......... .......... ..........  6% 8.33M 1s
  1050K .......... .......... .......... .......... ..........  7% 10.6M 1s
  1100K .......... .......... .......... .......... ..........  7% 18.1M 1s
  1150K .......... .......... .......... .......... ..........  7% 7.24M 1s
  1200K .......... .......... .......... .......... ..........  7% 22.5M 1s
  1250K .......... .......... .......... .......... ..........  8% 17.7M 1s
  1300K .......... .......... .......... .......... ..........  8% 6.62M 1s
  1350K .......... .......... .......... .......... ..........  8% 28.9M 1s
  1400K .......... .......... .......... .......... ..........  9% 7.31M 1s
  1450K .......... .......... .......... .......... ..........  9% 14.0M 1s
  1500K .......... .......... .......... .......... ..........  9% 12.8M 1s
  1550K .......... .......... .......... .......... .......... 10% 19.4M 1s
  1600K .......... .......... .......... .......... .......... 10% 9.04M 1s
  1650K .......... .......... .......... .......... .......... 10% 22.1M 1s
  1700K .......... .......... .......... .......... .......... 11% 11.1M 1s
  1750K .......... .......... .......... .......... .......... 11% 8.33M 1s
  1800K .......... .......... .......... .......... .......... 11% 10.1M 1s
  1850K .......... .......... .......... .......... .......... 12% 10.4M 1s
  1900K .......... .......... .......... .......... .......... 12% 18.7M 1s
  1950K .......... .......... .......... .......... .......... 12% 13.2M 1s
  2000K .......... .......... .......... .......... .......... 13% 8.28M 1s
  2050K .......... .......... .......... .......... .......... 13% 32.7M 1s
  2100K .......... .......... .......... .......... .......... 13% 9.36M 1s
  2150K .......... .......... .......... .......... .......... 14% 17.8M 1s
  2200K .......... .......... .......... .......... .......... 14% 6.95M 1s
  2250K .......... .......... .......... .......... .......... 14% 13.9M 1s
  2300K .......... .......... .......... .......... .......... 15% 19.5M 1s
  2350K .......... .......... .......... .......... .......... 15% 14.7M 1s
  2400K .......... .......... .......... .......... .......... 15% 10.8M 1s
  2450K .......... .......... .......... .......... .......... 15% 14.4M 1s
  2500K .......... .......... .......... .......... .......... 16% 11.1M 1s
  2550K .......... .......... .......... .......... .......... 16% 11.3M 1s
  2600K .......... .......... .......... .......... .......... 16% 17.5M 1s
  2650K .......... .......... .......... .......... .......... 17% 10.0M 1s
  2700K .......... .......... .......... .......... .......... 17% 22.5M 1s
  2750K .......... .......... .......... .......... .......... 17% 9.96M 1s
  2800K .......... .......... .......... .......... .......... 18% 20.2M 1s
  2850K .......... .......... .......... .......... .......... 18% 3.25M 1s
  2900K .......... .......... .......... .......... .......... 18%  126M 1s
  2950K .......... .......... .......... .......... .......... 19% 10.2M 1s
  3000K .......... .......... .......... .......... .......... 19% 19.7M 1s
  3050K .......... .......... .......... .......... .......... 19% 8.77M 1s
  3100K .......... .......... .......... .......... .......... 20% 20.2M 1s
  3150K .......... .......... .......... .......... .......... 20% 10.2M 1s
  3200K .......... .......... .......... .......... .......... 20% 10.0M 1s
  3250K .......... .......... .......... .......... .......... 21% 16.2M 1s
  3300K .......... .......... .......... .......... .......... 21% 24.9M 1s
  3350K .......... .......... .......... .......... .......... 21% 8.58M 1s
  3400K .......... .......... .......... .......... .......... 22% 9.37M 1s
  3450K .......... .......... .......... .......... .......... 22% 9.10M 1s
  3500K .......... .......... .......... .......... .......... 22% 9.60M 1s
  3550K .......... .......... .......... .......... .......... 23% 13.5M 1s
  3600K .......... .......... .......... .......... .......... 23% 27.7M 1s
  3650K .......... .......... .......... .......... .......... 23% 8.92M 1s
  3700K .......... .......... .......... .......... .......... 23% 9.28M 1s
  3750K .......... .......... .......... .......... .......... 24% 14.9M 1s
  3800K .......... .......... .......... .......... .......... 24% 7.28M 1s
  3850K .......... .......... .......... .......... .......... 24% 50.0M 1s
  3900K .......... .......... .......... .......... .......... 25% 10.6M 1s
  3950K .......... .......... .......... .......... .......... 25% 8.53M 1s
  4000K .......... .......... .......... .......... .......... 25% 14.8M 1s
  4050K .......... .......... .......... .......... .......... 26% 14.5M 1s
  4100K .......... .......... .......... .......... .......... 26% 17.8M 1s
  4150K .......... .......... .......... .......... .......... 26% 16.1M 1s
  4200K .......... .......... .......... .......... .......... 27% 6.96M 1s
  4250K .......... .......... .......... .......... .......... 27% 7.51M 1s
  4300K .......... .......... .......... .......... .......... 27% 24.1M 1s
  4350K .......... .......... .......... .......... .......... 28% 8.28M 1s
  4400K .......... .......... .......... .......... .......... 28% 26.1M 1s
  4450K .......... .......... .......... .......... .......... 28% 9.92M 1s
  4500K .......... .......... .......... .......... .......... 29% 10.0M 1s
  4550K .......... .......... .......... .......... .......... 29% 14.7M 1s
  4600K .......... .......... .......... .......... .......... 29% 11.5M 1s
  4650K .......... .......... .......... .......... .......... 30% 21.2M 1s
  4700K .......... .......... .......... .......... .......... 30% 6.76M 1s
  4750K .......... .......... .......... .......... .......... 30% 9.93M 1s
  4800K .......... .......... .......... .......... .......... 31% 22.8M 1s
  4850K .......... .......... .......... .......... .......... 31% 22.0M 1s
  4900K .......... .......... .......... .......... .......... 31% 8.47M 1s
  4950K .......... .......... .......... .......... .......... 31% 19.1M 1s
  5000K .......... .......... .......... .......... .......... 32% 9.47M 1s
  5050K .......... .......... .......... .......... .......... 32% 15.9M 1s
  5100K .......... .......... .......... .......... .......... 32% 8.90M 1s
  5150K .......... .......... .......... .......... .......... 33% 20.7M 1s
  5200K .......... .......... .......... .......... .......... 33% 9.43M 1s
  5250K .......... .......... .......... .......... .......... 33% 10.7M 1s
  5300K .......... .......... .......... .......... .......... 34% 4.01M 1s
  5350K .......... .......... .......... .......... .......... 34% 14.3M 1s
  5400K .......... .......... .......... .......... .......... 34% 8.07M 1s
  5450K .......... .......... .......... .......... .......... 35% 8.03M 1s
  5500K .......... .......... .......... .......... .......... 35% 28.1M 1s
  5550K .......... .......... .......... .......... .......... 35% 16.9M 1s
  5600K .......... .......... .......... .......... .......... 36% 10.0M 1s
  5650K .......... .......... .......... .......... .......... 36% 7.24M 1s
  5700K .......... .......... .......... .......... .......... 36% 15.0M 1s
  5750K .......... .......... .......... .......... .......... 37% 11.4M 1s
  5800K .......... .......... .......... .......... .......... 37% 7.79M 1s
  5850K .......... .......... .......... .......... .......... 37% 17.2M 1s
  5900K .......... .......... .......... .......... .......... 38% 9.45M 1s
  5950K .......... .......... .......... .......... .......... 38% 7.70M 1s
  6000K .......... .......... .......... .......... .......... 38% 10.6M 1s
  6050K .......... .......... .......... .......... .......... 39% 19.6M 1s
  6100K .......... .......... .......... .......... .......... 39% 16.2M 1s
  6150K .......... .......... .......... .......... .......... 39% 10.3M 1s
  6200K .......... .......... .......... .......... .......... 39% 19.7M 1s
  6250K .......... .......... .......... .......... .......... 40% 8.60M 1s
  6300K .......... .......... .......... .......... .......... 40% 14.4M 1s
  6350K .......... .......... .......... .......... .......... 40% 10.9M 1s
  6400K .......... .......... .......... .......... .......... 41% 7.05M 1s
  6450K .......... .......... .......... .......... .......... 41% 20.2M 1s
  6500K .......... .......... .......... .......... .......... 41% 10.2M 1s
  6550K .......... .......... .......... .......... .......... 42% 15.3M 1s
  6600K .......... .......... .......... .......... .......... 42% 10.0M 1s
  6650K .......... .......... .......... .......... .......... 42% 7.69M 1s
  6700K .......... .......... .......... .......... .......... 43% 4.13M 1s
  6750K .......... .......... .......... .......... .......... 43%  161M 1s
  6800K .......... .......... .......... .......... .......... 43% 12.9M 1s
  6850K .......... .......... .......... .......... .......... 44% 13.3M 1s
  6900K .......... .......... .......... .......... .......... 44% 8.59M 1s
  6950K .......... .......... .......... .......... .......... 44% 21.1M 1s
  7000K .......... .......... .......... .......... .......... 45% 5.71M 1s
  7050K .......... .......... .......... .......... .......... 45%  118M 1s
  7100K .......... .......... .......... .......... .......... 45% 8.36M 1s
  7150K .......... .......... .......... .......... .......... 46% 10.9M 1s
  7200K .......... .......... .......... .......... .......... 46% 7.65M 1s
  7250K .......... .......... .......... .......... .......... 46%  172M 1s
  7300K .......... .......... .......... .......... .......... 47% 31.0M 1s
  7350K .......... .......... .......... .......... .......... 47% 9.10M 1s
  7400K .......... .......... .......... .......... .......... 47% 9.36M 1s
  7450K .......... .......... .......... .......... .......... 47% 14.3M 1s
  7500K .......... .......... .......... .......... .......... 48% 30.3M 1s
  7550K .......... .......... .......... .......... .......... 48% 9.46M 1s
  7600K .......... .......... .......... .......... .......... 48% 11.6M 1s
  7650K .......... .......... .......... .......... .......... 49% 14.4M 1s
  7700K .......... .......... .......... .......... .......... 49% 12.1M 1s
  7750K .......... .......... .......... .......... .......... 49% 3.74M 1s
  7800K .......... .......... .......... .......... .......... 50% 90.8M 1s
  7850K .......... .......... .......... .......... .......... 50%  162M 1s
  7900K .......... .......... .......... .......... .......... 50% 10.3M 1s
  7950K .......... .......... .......... .......... .......... 51% 8.57M 1s
  8000K .......... .......... .......... .......... .......... 51% 28.8M 1s
  8050K .......... .......... .......... .......... .......... 51% 8.13M 1s
  8100K .......... .......... .......... .......... .......... 52% 18.9M 1s
  8150K .......... .......... .......... .......... .......... 52% 8.17M 1s
  8200K .......... .......... .......... .......... .......... 52% 8.85M 1s
  8250K .......... .......... .......... .......... .......... 53% 20.9M 1s
  8300K .......... .......... .......... .......... .......... 53% 9.25M 1s
  8350K .......... .......... .......... .......... .......... 53% 19.7M 1s
  8400K .......... .......... .......... .......... .......... 54% 7.58M 1s
  8450K .......... .......... .......... .......... .......... 54% 15.2M 1s
  8500K .......... .......... .......... .......... .......... 54% 9.04M 1s
  8550K .......... .......... .......... .......... .......... 55% 8.29M 1s
  8600K .......... .......... .......... .......... .......... 55%  160M 1s
  8650K .......... .......... .......... .......... .......... 55% 10.8M 1s
  8700K .......... .......... .......... .......... .......... 55% 10.5M 1s
  8750K .......... .......... .......... .......... .......... 56% 11.0M 1s
  8800K .......... .......... .......... .......... .......... 56% 21.9M 1s
  8850K .......... .......... .......... .......... .......... 56% 8.79M 1s
  8900K .......... .......... .......... .......... .......... 57% 12.4M 1s
  8950K .......... .......... .......... .......... .......... 57% 5.49M 1s
  9000K .......... .......... .......... .......... .......... 57% 25.6M 1s
  9050K .......... .......... .......... .......... .......... 58% 11.2M 1s
  9100K .......... .......... .......... .......... .......... 58% 16.4M 1s
  9150K .......... .......... .......... .......... .......... 58% 8.08M 1s
  9200K .......... .......... .......... .......... .......... 59% 25.1M 1s
  9250K .......... .......... .......... .......... .......... 59% 8.96M 1s
  9300K .......... .......... .......... .......... .......... 59% 15.1M 1s
  9350K .......... .......... .......... .......... .......... 60% 8.70M 1s
  9400K .......... .......... .......... .......... .......... 60% 4.01M 1s
  9450K .......... .......... .......... .......... .......... 60% 89.8M 1s
  9500K .......... .......... .......... .......... .......... 61% 5.98M 1s
  9550K .......... .......... .......... .......... .......... 61%  128M 1s
  9600K .......... .......... .......... .......... .......... 61% 10.9M 1s
  9650K .......... .......... .......... .......... .......... 62% 9.63M 1s
  9700K .......... .......... .......... .......... .......... 62% 14.0M 1s
  9750K .......... .......... .......... .......... .......... 62% 12.2M 1s
  9800K .......... .......... .......... .......... .......... 63% 9.44M 1s
  9850K .......... .......... .......... .......... .......... 63% 58.3M 0s
  9900K .......... .......... .......... .......... .......... 63% 8.92M 0s
  9950K .......... .......... .......... .......... .......... 63% 10.5M 0s
 10000K .......... .......... .......... .......... .......... 64% 19.9M 0s
 10050K .......... .......... .......... .......... .......... 64% 7.39M 0s
 10100K .......... .......... .......... .......... .......... 64% 18.6M 0s
 10150K .......... .......... .......... .......... .......... 65% 6.91M 0s
 10200K .......... .......... .......... .......... .......... 65% 6.85M 0s
 10250K .......... .......... .......... .......... .......... 65% 33.1M 0s
 10300K .......... .......... .......... .......... .......... 66% 5.38M 0s
 10350K .......... .......... .......... .......... .......... 66%  137M 0s
 10400K .......... .......... .......... .......... .......... 66% 5.58M 0s
 10450K .......... .......... .......... .......... .......... 67% 34.5M 0s
 10500K .......... .......... .......... .......... .......... 67% 8.24M 0s
 10550K .......... .......... .......... .......... .......... 67% 12.5M 0s
 10600K .......... .......... .......... .......... .......... 68% 7.42M 0s
 10650K .......... .......... .......... .......... .......... 68% 6.65M 0s
 10700K .......... .......... .......... .......... .......... 68% 37.7M 0s
 10750K .......... .......... .......... .......... .......... 69% 15.7M 0s
 10800K .......... .......... .......... .......... .......... 69% 10.7M 0s
 10850K .......... .......... .......... .......... .......... 69% 10.6M 0s
 10900K .......... .......... .......... .......... .......... 70% 15.7M 0s
 10950K .......... .......... .......... .......... .......... 70% 16.0M 0s
 11000K .......... .......... .......... .......... .......... 70% 6.84M 0s
 11050K .......... .......... .......... .......... .......... 71% 16.5M 0s
 11100K .......... .......... .......... .......... .......... 71% 21.9M 0s
 11150K .......... .......... .......... .......... .......... 71% 6.50M 0s
 11200K .......... .......... .......... .......... .......... 71% 4.71M 0s
 11250K .......... .......... .......... .......... .......... 72% 97.0M 0s
 11300K .......... .......... .......... .......... .......... 72%  146M 0s
 11350K .......... .......... .......... .......... .......... 72% 6.93M 0s
 11400K .......... .......... .......... .......... .......... 73% 22.4M 0s
 11450K .......... .......... .......... .......... .......... 73% 7.43M 0s
 11500K .......... .......... .......... .......... .......... 73% 7.53M 0s
 11550K .......... .......... .......... .......... .......... 74% 13.2M 0s
 11600K .......... .......... .......... .......... .......... 74% 13.0M 0s
 11650K .......... .......... .......... .......... .......... 74% 18.8M 0s
 11700K .......... .......... .......... .......... .......... 75% 5.65M 0s
 11750K .......... .......... .......... .......... .......... 75% 95.5M 0s
 11800K .......... .......... .......... .......... .......... 75% 11.8M 0s
 11850K .......... .......... .......... .......... .......... 76% 17.4M 0s
 11900K .......... .......... .......... .......... .......... 76% 9.78M 0s
 11950K .......... .......... .......... .......... .......... 76% 7.92M 0s
 12000K .......... .......... .......... .......... .......... 77% 21.2M 0s
 12050K .......... .......... .......... .......... .......... 77% 9.55M 0s
 12100K .......... .......... .......... .......... .......... 77% 19.9M 0s
 12150K .......... .......... .......... .......... .......... 78% 7.75M 0s
 12200K .......... .......... .......... .......... .......... 78% 10.2M 0s
 12250K .......... .......... .......... .......... .......... 78% 14.8M 0s
 12300K .......... .......... .......... .......... .......... 79% 6.52M 0s
 12350K .......... .......... .......... .......... .......... 79% 15.0M 0s
 12400K .......... .......... .......... .......... .......... 79% 9.73M 0s
 12450K .......... .......... .......... .......... .......... 79% 13.1M 0s
 12500K .......... .......... .......... .......... .......... 80% 13.0M 0s
 12550K .......... .......... .......... .......... .......... 80% 8.78M 0s
 12600K .......... .......... .......... .......... .......... 80% 3.64M 0s
 12650K .......... .......... .......... .......... .......... 81%  114M 0s
 12700K .......... .......... .......... .......... .......... 81% 9.62M 0s
 12750K .......... .......... .......... .......... .......... 81% 17.0M 0s
 12800K .......... .......... .......... .......... .......... 82% 5.98M 0s
 12850K .......... .......... .......... .......... .......... 82% 32.8M 0s
 12900K .......... .......... .......... .......... .......... 82% 10.5M 0s
 12950K .......... .......... .......... .......... .......... 83% 90.7M 0s
 13000K .......... .......... .......... .......... .......... 83% 2.53M 0s
 13050K .......... .......... .......... .......... .......... 83%  101M 0s
 13100K .......... .......... .......... .......... .......... 84% 12.1M 0s
 13150K .......... .......... .......... .......... .......... 84% 6.72M 0s
 13200K .......... .......... .......... .......... .......... 84% 50.1M 0s
 13250K .......... .......... .......... .......... .......... 85% 4.24M 0s
 13300K .......... .......... .......... .......... .......... 85% 98.5M 0s
 13350K .......... .......... .......... .......... .......... 85% 12.0M 0s
 13400K .......... .......... .......... .......... .......... 86% 23.6M 0s
 13450K .......... .......... .......... .......... .......... 86% 16.8M 0s
 13500K .......... .......... .......... .......... .......... 86% 6.55M 0s
 13550K .......... .......... .......... .......... .......... 87% 11.4M 0s
 13600K .......... .......... .......... .......... .......... 87% 23.5M 0s
 13650K .......... .......... .......... .......... .......... 87% 4.05M 0s
 13700K .......... .......... .......... .......... .......... 87% 70.1M 0s
 13750K .......... .......... .......... .......... .......... 88% 13.2M 0s
 13800K .......... .......... .......... .......... .......... 88% 7.35M 0s
 13850K .......... .......... .......... .......... .......... 88% 21.7M 0s
 13900K .......... .......... .......... .......... .......... 89% 4.89M 0s
 13950K .......... .......... .......... .......... .......... 89%  114M 0s
 14000K .......... .......... .......... .......... .......... 89% 12.1M 0s
 14050K .......... .......... .......... .......... .......... 90% 9.30M 0s
 14100K .......... .......... .......... .......... .......... 90% 15.9M 0s
 14150K .......... .......... .......... .......... .......... 90% 14.0M 0s
 14200K .......... .......... .......... .......... .......... 91% 7.57M 0s
 14250K .......... .......... .......... .......... .......... 91% 21.1M 0s
 14300K .......... .......... .......... .......... .......... 91% 7.70M 0s
 14350K .......... .......... .......... .......... .......... 92% 24.1M 0s
 14400K .......... .......... .......... .......... .......... 92% 12.6M 0s
 14450K .......... .......... .......... .......... .......... 92% 25.1M 0s
 14500K .......... .......... .......... .......... .......... 93% 8.24M 0s
 14550K .......... .......... .......... .......... .......... 93% 6.22M 0s
 14600K .......... .......... .......... .......... .......... 93% 7.79M 0s
 14650K .......... .......... .......... .......... .......... 94% 47.7M 0s
 14700K .......... .......... .......... .......... .......... 94% 8.99M 0s
 14750K .......... .......... .......... .......... .......... 94% 15.9M 0s
 14800K .......... .......... .......... .......... .......... 95% 6.12M 0s
 14850K .......... .......... .......... .......... .......... 95% 96.9M 0s
 14900K .......... .......... .......... .......... .......... 95% 16.4M 0s
 14950K .......... .......... .......... .......... .......... 95% 7.56M 0s
 15000K .......... .......... .......... .......... .......... 96% 5.98M 0s
 15050K .......... .......... .......... .......... .......... 96% 75.3M 0s
 15100K .......... .......... .......... .......... .......... 96% 6.77M 0s
 15150K .......... .......... .......... .......... .......... 97% 26.7M 0s
 15200K .......... .......... .......... .......... .......... 97% 9.67M 0s
 15250K .......... .......... .......... .......... .......... 97% 9.52M 0s
 15300K .......... .......... .......... .......... .......... 98%  100M 0s
 15350K .......... .......... .......... .......... .......... 98% 8.47M 0s
 15400K .......... .......... .......... .......... .......... 98% 10.2M 0s
 15450K .......... .......... .......... .......... .......... 99% 15.2M 0s
 15500K .......... .......... .......... .......... .......... 99% 8.70M 0s
 15550K .......... .......... .......... .......... .......... 99% 8.76M 0s
 15600K .......... .......... .....                           100% 50.2M=1.4s

2026-04-19 02:55:50 (11.0 MB/s) - ‘/home/kanika/kanika/build/multirobot_map_merge/2012-01-28-11-12-01.pgm’ saved [16000058/16000058]

