[0.544s] Invoking command in '/home/kanika/kanika/build/multirobot_map_merge': CMAKE_PREFIX_PATH=${CMAKE_PREFIX_PATH}:/home/kanika/kanika/install/turtlebot3_teleop:/home/kanika/kanika/install/turtlebot3_example:/home/kanika/tb3_ws/install/turtlebot3_teleop:/home/kanika/tb3_ws/install/turtlebot3_example:/opt/ros/jazzy /usr/bin/cmake /home/kanika/kanika/src/m-explore-ros2/map_merge -DAMENT_CMAKE_SYMLINK_INSTALL=1 -DCMAKE_INSTALL_PREFIX=/home/kanika/kanika/install/multirobot_map_merge
[0.919s] -- The C compiler identification is GNU 13.3.0
[2.142s] -- The CXX compiler identification is GNU 13.3.0
[3.082s] -- Detecting C compiler ABI info
[3.463s] -- Detecting C compiler ABI info - done
[3.481s] -- Check for working C compiler: /usr/bin/cc - skipped
[3.481s] -- Detecting C compile features
[3.482s] -- Detecting C compile features - done
[3.600s] -- Detecting CXX compiler ABI info
[3.991s] -- Detecting CXX compiler ABI info - done
[4.011s] -- Check for working CXX compiler: /usr/bin/c++ - skipped
[4.012s] -- Detecting CXX compile features
[4.016s] -- Detecting CXX compile features - done
[4.026s] -- Found ament_cmake: 2.5.5 (/opt/ros/jazzy/share/ament_cmake/cmake)
[4.334s] -- Found Python3: /usr/bin/python3 (found version "3.12.3") found components: Interpreter 
[4.475s] -- Override CMake install command with custom implementation using symlinks instead of copying resources
[4.601s] -- Found rclcpp: 28.1.16 (/opt/ros/jazzy/share/rclcpp/cmake)
[5.012s] -- Found rosidl_generator_c: 4.6.7 (/opt/ros/jazzy/share/rosidl_generator_c/cmake)
[5.057s] -- Found rosidl_generator_cpp: 4.6.7 (/opt/ros/jazzy/share/rosidl_generator_cpp/cmake)
[5.098s] -- Using all available rosidl_typesupport_c: rosidl_typesupport_fastrtps_c;rosidl_typesupport_introspection_c
[5.161s] -- Using all available rosidl_typesupport_cpp: rosidl_typesupport_fastrtps_cpp;rosidl_typesupport_introspection_cpp
[5.341s] -- Found rmw_implementation_cmake: 7.3.3 (/opt/ros/jazzy/share/rmw_implementation_cmake/cmake)
[5.353s] -- Found rmw_fastrtps_cpp: 8.4.3 (/opt/ros/jazzy/share/rmw_fastrtps_cpp/cmake)
[5.562s] -- Found OpenSSL: /usr/lib/x86_64-linux-gnu/libcrypto.so (found version "3.0.13")  
[5.851s] -- Found FastRTPS: /opt/ros/jazzy/include (Required is at least version "2.13") 
[6.072s] -- Using RMW implementation 'rmw_fastrtps_cpp' as default
[6.485s] -- Found geometry_msgs: 5.3.6 (/opt/ros/jazzy/share/geometry_msgs/cmake)
[6.553s] -- Found image_geometry: 4.1.0 (/opt/ros/jazzy/share/image_geometry/cmake)
[6.649s] -- Found map_msgs: 2.4.1 (/opt/ros/jazzy/share/map_msgs/cmake)
[6.828s] -- Found tf2_geometry_msgs: 0.36.19 (/opt/ros/jazzy/share/tf2_geometry_msgs/cmake)
[6.959s] -- Found eigen3_cmake_module: 0.3.0 (/opt/ros/jazzy/share/eigen3_cmake_module/cmake)
[6.964s] -- Found Eigen3: TRUE (found version "3.4.0") 
[6.964s] -- Ensuring Eigen3 include directory is part of orocos-kdl CMake target
[7.664s] -- Found Boost: /usr/lib/x86_64-linux-gnu/cmake/Boost-1.83.0/BoostConfig.cmake (found version "1.83.0") found components: thread 
[7.674s] -- Found OpenCV: /usr (found version "4.6.0") 
[7.719s] -- Found ament_lint_auto: 0.17.4 (/opt/ros/jazzy/share/ament_lint_auto/cmake)
[7.957s] -- Found ament_cmake_gtest: 2.5.5 (/opt/ros/jazzy/share/ament_cmake_gtest/cmake)
[7.970s] --2026-04-19 02:55:43--  https://raw.githubusercontent.com/hrnr/m-explore-extra/master/map_merge/hector_maps/map00.pgm
[8.017s] Resolving raw.githubusercontent.com (raw.githubusercontent.com)... 185.199.110.133, 185.199.111.133, 185.199.108.133, ...
[8.020s] Connecting to raw.githubusercontent.com (raw.githubusercontent.com)|185.199.110.133|:443... connected.
[8.393s] HTTP request sent, awaiting response... 200 OK
[8.393s] Length: 4194362 (4.0M) [application/octet-stream]
[8.394s] Saving to: ‘/home/kanika/kanika/build/multirobot_map_merge/map00.pgm’
[8.396s] 
[8.402s]      0K .......... .......... .......... .......... ..........  1% 5.25M 1s
[8.409s]     50K .......... .......... .......... .......... ..........  2% 7.39M 1s
[8.419s]    100K .......... .......... .......... .......... ..........  3% 4.87M 1s
[8.426s]    150K .......... .......... .......... .......... ..........  4% 7.91M 1s
[8.431s]    200K .......... .......... .......... .......... ..........  6% 7.64M 1s
[8.437s]    250K .......... .......... .......... .......... ..........  7% 8.58M 1s
[8.444s]    300K .......... .......... .......... .......... ..........  8% 7.35M 1s
[8.454s]    350K .......... .......... .......... .......... ..........  9% 6.04M 1s
[8.462s]    400K .......... .......... .......... .......... .......... 10% 5.53M 1s
[8.466s]    450K .......... .......... .......... .......... .......... 12% 9.87M 1s
[8.471s]    500K .......... .......... .......... .......... .......... 13% 9.31M 1s
[8.476s]    550K .......... .......... .......... .......... .......... 14% 10.3M 0s
[8.483s]    600K .......... .......... .......... .......... .......... 15% 6.30M 0s
[8.489s]    650K .......... .......... .......... .......... .......... 17% 11.3M 0s
[8.494s]    700K .......... .......... .......... .......... .......... 18% 7.64M 0s
[8.503s]    750K .......... .......... .......... .......... .......... 19% 6.68M 0s
[8.508s]    800K .......... .......... .......... .......... .......... 20% 7.68M 0s
[8.512s]    850K .......... .......... .......... .......... .......... 21% 11.4M 0s
[8.517s]    900K .......... .......... .......... .......... .......... 23% 9.28M 0s
[8.521s]    950K .......... .......... .......... .......... .......... 24% 13.5M 0s
[8.527s]   1000K .......... .......... .......... .......... .......... 25% 8.72M 0s
[8.531s]   1050K .......... .......... .......... .......... .......... 26% 11.2M 0s
[8.537s]   1100K .......... .......... .......... .......... .......... 28% 10.5M 0s
[8.545s]   1150K .......... .......... .......... .......... .......... 29% 5.30M 0s
[8.546s]   1200K .......... .......... .......... .......... .......... 30% 23.9M 0s
[8.553s]   1250K .......... .......... .......... .......... .......... 31% 7.46M 0s
[8.558s]   1300K .......... .......... .......... .......... .......... 32% 10.3M 0s
[8.563s]   1350K .......... .......... .......... .......... .......... 34% 10.6M 0s
[8.567s]   1400K .......... .......... .......... .......... .......... 35% 10.4M 0s
[8.573s]   1450K .......... .......... .......... .......... .......... 36% 9.50M 0s
[8.576s]   1500K .......... .......... .......... .......... .......... 37% 13.5M 0s
[8.583s]   1550K .......... .......... .......... .......... .......... 39% 13.2M 0s
[8.585s]   1600K .......... .......... .......... .......... .......... 40% 8.78M 0s
[8.591s]   1650K .......... .......... .......... .......... .......... 41% 9.07M 0s
[8.606s]   1700K .......... .......... .......... .......... .......... 42% 3.18M 0s
[8.612s]   1750K .......... .......... .......... .......... .......... 43% 8.00M 0s
[8.615s]   1800K .......... .......... .......... .......... .......... 45% 14.4M 0s
[8.620s]   1850K .......... .......... .......... .......... .......... 46% 10.4M 0s
[8.640s]   1900K .......... .......... .......... .......... .......... 47% 2.52M 0s
[8.646s]   1950K .......... .......... .......... .......... .......... 48% 8.58M 0s
[8.650s]   2000K .......... .......... .......... .......... .......... 50% 10.8M 0s
[8.655s]   2050K .......... .......... .......... .......... .......... 51% 8.71M 0s
[8.661s]   2100K .......... .......... .......... .......... .......... 52% 8.97M 0s
[8.663s]   2150K .......... .......... .......... .......... .......... 53% 19.8M 0s
[8.671s]   2200K .......... .......... .......... .......... .......... 54% 7.71M 0s
[8.677s]   2250K .......... .......... .......... .......... .......... 56% 6.35M 0s
[8.679s]   2300K .......... .......... .......... .......... .......... 57% 24.1M 0s
[8.685s]   2350K .......... .......... .......... .......... .......... 58% 9.04M 0s
[8.691s]   2400K .......... .......... .......... .......... .......... 59% 8.24M 0s
[8.696s]   2450K .......... .......... .......... .......... .......... 61% 9.71M 0s
[8.701s]   2500K .......... .......... .......... .......... .......... 62% 8.73M 0s
[8.706s]   2550K .......... .......... .......... .......... .......... 63% 11.2M 0s
[8.708s]   2600K .......... .......... .......... .......... .......... 64% 16.8M 0s
[8.714s]   2650K .......... .......... .......... .......... .......... 65% 8.84M 0s
[8.718s]   2700K .......... .......... .......... .......... .......... 67% 13.1M 0s
[8.723s]   2750K .......... .......... .......... .......... .......... 68% 9.46M 0s
[8.728s]   2800K .......... .......... .......... .......... .......... 69% 9.47M 0s
[8.730s]   2850K .......... .......... .......... .......... .......... 70% 20.5M 0s
[8.735s]   2900K .......... .......... .......... .......... .......... 72% 9.84M 0s
[8.741s]   2950K .......... .......... .......... .......... .......... 73% 8.90M 0s
[8.746s]   3000K .......... .......... .......... .......... .......... 74% 9.82M 0s
[8.751s]   3050K .......... .......... .......... .......... .......... 75% 10.0M 0s
[8.757s]   3100K .......... .......... .......... .......... .......... 76% 9.13M 0s
[8.759s]   3150K .......... .......... .......... .......... .......... 78% 13.9M 0s
[8.764s]   3200K .......... .......... .......... .......... .......... 79% 10.9M 0s
[8.769s]   3250K .......... .......... .......... .......... .......... 80% 10.1M 0s
[8.774s]   3300K .......... .......... .......... .......... .......... 81% 9.40M 0s
[8.779s]   3350K .......... .......... .......... .......... .......... 83% 10.7M 0s
[8.781s]   3400K .......... .......... .......... .......... .......... 84% 20.2M 0s
[8.787s]   3450K .......... .......... .......... .......... .......... 85% 8.32M 0s
[8.793s]   3500K .......... .......... .......... .......... .......... 86% 8.21M 0s
[8.801s]   3550K .......... .......... .......... .......... .......... 87% 6.51M 0s
[8.804s]   3600K .......... .......... .......... .......... .......... 89% 15.2M 0s
[8.810s]   3650K .......... .......... .......... .......... .......... 90% 7.97M 0s
[8.816s]   3700K .......... .......... .......... .......... .......... 91% 7.57M 0s
[8.821s]   3750K .......... .......... .......... .......... .......... 92% 9.79M 0s
[8.827s]   3800K .......... .......... .......... .......... .......... 93% 9.76M 0s
[8.829s]   3850K .......... .......... .......... .......... .......... 95% 15.6M 0s
[8.835s]   3900K .......... .......... .......... .......... .......... 96% 9.19M 0s
[8.840s]   3950K .......... .......... .......... .......... .......... 97% 9.51M 0s
[8.842s]   4000K .......... .......... .......... .......... .......... 98% 21.2M 0s
[8.847s]   4050K .......... .......... .......... .......... ......    100% 9.17M=0.5s
[8.847s] 
[8.848s] 2026-04-19 02:55:44 (8.81 MB/s) - ‘/home/kanika/kanika/build/multirobot_map_merge/map00.pgm’ saved [4194362/4194362]
[8.848s] 
[8.849s] Checking MD5 sum of /home/kanika/kanika/build/multirobot_map_merge/map00.pgm
[8.868s] /home/kanika/kanika/build/multirobot_map_merge/map00.pgm: OK
[8.878s] --2026-04-19 02:55:44--  https://raw.githubusercontent.com/hrnr/m-explore-extra/master/map_merge/hector_maps/map05.pgm
[8.932s] Resolving raw.githubusercontent.com (raw.githubusercontent.com)... 185.199.108.133, 185.199.110.133, 185.199.109.133, ...
[8.934s] Connecting to raw.githubusercontent.com (raw.githubusercontent.com)|185.199.108.133|:443... connected.
[9.320s] HTTP request sent, awaiting response... 200 OK
[9.320s] Length: 4194362 (4.0M) [application/octet-stream]
[9.321s] Saving to: ‘/home/kanika/kanika/build/multirobot_map_merge/map05.pgm’
[9.321s] 
[9.331s]      0K .......... .......... .......... .......... ..........  1% 4.25M 1s
[9.337s]     50K .......... .......... .......... .......... ..........  2% 9.88M 1s
[9.343s]    100K .......... .......... .......... .......... ..........  3% 7.68M 1s
[9.348s]    150K .......... .......... .......... .......... ..........  4% 9.09M 1s
[9.361s]    200K .......... .......... .......... .......... ..........  6% 3.95M 1s
[9.374s]    250K .......... .......... .......... .......... ..........  7% 3.59M 1s
[9.394s]    300K .......... .......... .......... .......... ..........  8% 3.81M 1s
[9.408s]    350K .......... .......... .......... .......... ..........  9% 2.38M 1s
[9.425s]    400K .......... .......... .......... .......... .......... 10% 2.84M 1s
[9.434s]    450K .......... .......... .......... .......... .......... 12% 5.26M 1s
[9.447s]    500K .......... .......... .......... .......... .......... 13% 3.78M 1s
[9.464s]    550K .......... .......... .......... .......... .......... 14% 3.81M 1s
[9.479s]    600K .......... .......... .......... .......... .......... 15% 2.78M 1s
[9.511s]    650K .......... .......... .......... .......... .......... 17% 1.48M 1s
[9.512s]    700K .......... .......... .......... .......... .......... 18%  121M 1s
[9.516s]    750K .......... .......... .......... .......... .......... 19% 9.50M 1s
[9.528s]    800K .......... .......... .......... .......... .......... 20% 4.11M 1s
[9.539s]    850K .......... .......... .......... .......... .......... 21% 4.20M 1s
[9.552s]    900K .......... .......... .......... .......... .......... 23% 3.88M 1s
[9.566s]    950K .......... .......... .......... .......... .......... 24% 4.59M 1s
[9.579s]   1000K .......... .......... .......... .......... .......... 25% 3.07M 1s
[9.590s]   1050K .......... .......... .......... .......... .......... 26% 4.42M 1s
[9.605s]   1100K .......... .......... .......... .......... .......... 28% 3.23M 1s
[9.617s]   1150K .......... .......... .......... .......... .......... 29% 3.94M 1s
[9.625s]   1200K .......... .......... .......... .......... .......... 30% 5.86M 1s
[9.639s]   1250K .......... .......... .......... .......... .......... 31% 3.53M 1s
[9.647s]   1300K .......... .......... .......... .......... .......... 32% 5.88M 1s
[9.660s]   1350K .......... .......... .......... .......... .......... 34% 3.93M 1s
[9.672s]   1400K .......... .......... .......... .......... .......... 35% 3.95M 1s
[9.681s]   1450K .......... .......... .......... .......... .......... 36% 5.45M 1s
[9.692s]   1500K .......... .......... .......... .......... .......... 37% 4.52M 1s
[9.701s]   1550K .......... .......... .......... .......... .......... 39% 5.50M 1s
[9.712s]   1600K .......... .......... .......... .......... .......... 40% 4.37M 1s
[9.725s]   1650K .......... .......... .......... .......... .......... 41% 3.70M 1s
[9.737s]   1700K .......... .......... .......... .......... .......... 42% 4.41M 1s
[9.747s]   1750K .......... .......... .......... .......... .......... 43% 4.50M 1s
[9.756s]   1800K .......... .......... .......... .......... .......... 45% 5.78M 1s
[9.766s]   1850K .......... .......... .......... .......... .......... 46% 4.55M 1s
[9.777s]   1900K .......... .......... .......... .......... .......... 47% 4.61M 1s
[9.787s]   1950K .......... .......... .......... .......... .......... 48% 4.79M 0s
[9.796s]   2000K .......... .......... .......... .......... .......... 50% 5.92M 0s
[9.809s]   2050K .......... .......... .......... .......... .......... 51% 3.75M 0s
[9.819s]   2100K .......... .......... .......... .......... .......... 52% 4.60M 0s
[9.830s]   2150K .......... .......... .......... .......... .......... 53% 6.79M 0s
[9.837s]   2200K .......... .......... .......... .......... .......... 54% 4.53M 0s
[9.847s]   2250K .......... .......... .......... .......... .......... 56% 5.06M 0s
[9.858s]   2300K .......... .......... .......... .......... .......... 57% 4.54M 0s
[9.865s]   2350K .......... .......... .......... .......... .......... 58% 6.21M 0s
[9.873s]   2400K .......... .......... .......... .......... .......... 59% 6.23M 0s
[9.887s]   2450K .......... .......... .......... .......... .......... 61% 3.43M 0s
[9.896s]   2500K .......... .......... .......... .......... .......... 62% 5.62M 0s
[9.908s]   2550K .......... .......... .......... .......... .......... 63% 4.09M 0s
[9.913s]   2600K .......... .......... .......... .......... .......... 64% 9.39M 0s
[9.924s]   2650K .......... .......... .......... .......... .......... 65% 4.90M 0s
[9.930s]   2700K .......... .......... .......... .......... .......... 67% 7.85M 0s
[9.944s]   2750K .......... .......... .......... .......... .......... 68% 3.31M 0s
[9.946s]   2800K .......... .......... .......... .......... .......... 69% 28.5M 0s
[9.958s]   2850K .......... .......... .......... .......... .......... 70% 4.11M 0s
[9.969s]   2900K .......... .......... .......... .......... .......... 72% 4.85M 0s
[9.976s]   2950K .......... .......... .......... .......... .......... 73% 6.11M 0s
[9.987s]   3000K .......... .......... .......... .......... .......... 74% 5.13M 0s
[10.001s]   3050K .......... .......... .......... .......... .......... 75% 3.20M 0s
[10.001s]   3100K .......... .......... .......... .......... .......... 76%  144M 0s
[10.012s]   3150K .......... .......... .......... .......... .......... 78% 4.57M 0s
[10.017s]   3200K .......... .......... .......... .......... .......... 79% 10.4M 0s
[10.028s]   3250K .......... .......... .......... .......... .......... 80% 4.20M 0s
[10.043s]   3300K .......... .......... .......... .......... .......... 81% 3.50M 0s
[10.048s]   3350K .......... .......... .......... .......... .......... 83% 8.94M 0s
[10.057s]   3400K .......... .......... .......... .......... .......... 84% 12.2M 0s
[10.059s]   3450K .......... .......... .......... .......... .......... 85% 6.14M 0s
[10.068s]   3500K .......... .......... .......... .......... .......... 86% 5.61M 0s
[10.080s]   3550K .......... .......... .......... .......... .......... 87% 4.34M 0s
[10.088s]   3600K .......... .......... .......... .......... .......... 89% 5.79M 0s
[10.094s]   3650K .......... .......... .......... .......... .......... 90% 7.83M 0s
[10.103s]   3700K .......... .......... .......... .......... .......... 91% 5.63M 0s
[10.110s]   3750K .......... .......... .......... .......... .......... 92% 6.65M 0s
[10.118s]   3800K .......... .......... .......... .......... .......... 93% 6.18M 0s
[10.125s]   3850K .......... .......... .......... .......... .......... 95% 7.14M 0s
[10.132s]   3900K .......... .......... .......... .......... .......... 96% 6.94M 0s
[10.147s]   3950K .......... .......... .......... .......... .......... 97% 3.50M 0s
[10.154s]   4000K .......... .......... .......... .......... .......... 98% 6.37M 0s
[10.162s]   4050K .......... .......... .......... .......... ......    100% 6.90M=0.8s
[10.164s] 
[10.165s] 2026-04-19 02:55:46 (4.76 MB/s) - ‘/home/kanika/kanika/build/multirobot_map_merge/map05.pgm’ saved [4194362/4194362]
[10.165s] 
[10.165s] Checking MD5 sum of /home/kanika/kanika/build/multirobot_map_merge/map05.pgm
[10.177s] /home/kanika/kanika/build/multirobot_map_merge/map05.pgm: OK
[10.200s] --2026-04-19 02:55:46--  https://raw.githubusercontent.com/hrnr/m-explore-extra/master/map_merge/gmapping_maps/2011-08-09-12-22-52.pgm
[10.326s] Resolving raw.githubusercontent.com (raw.githubusercontent.com)... 185.199.108.133, 185.199.111.133, 185.199.110.133, ...
[10.338s] Connecting to raw.githubusercontent.com (raw.githubusercontent.com)|185.199.108.133|:443... connected.
[10.739s] HTTP request sent, awaiting response... 200 OK
[10.739s] Length: 16000058 (15M) [application/octet-stream]
[10.739s] Saving to: ‘/home/kanika/kanika/build/multirobot_map_merge/2011-08-09-12-22-52.pgm’
[10.742s] 
[10.751s]      0K .......... .......... .......... .......... ..........  0% 4.05M 4s
[10.755s]     50K .......... .......... .......... .......... ..........  0% 11.7M 3s
[10.758s]    100K .......... .......... .......... .......... ..........  0% 14.3M 2s
[10.765s]    150K .......... .......... .......... .......... ..........  1% 8.10M 2s
[10.765s]    200K .......... .......... .......... .......... ..........  1% 29.3M 2s
[10.772s]    250K .......... .......... .......... .......... ..........  1% 8.28M 2s
[10.774s]    300K .......... .......... .......... .......... ..........  2% 21.9M 2s
[10.781s]    350K .......... .......... .......... .......... ..........  2% 7.29M 2s
[10.783s]    400K .......... .......... .......... .......... ..........  2% 21.8M 1s
[10.789s]    450K .......... .......... .......... .......... ..........  3% 8.85M 2s
[10.792s]    500K .......... .......... .......... .......... ..........  3% 14.9M 1s
[10.797s]    550K .......... .......... .......... .......... ..........  3% 9.42M 1s
[10.806s]    600K .......... .......... .......... .......... ..........  4% 7.27M 1s
[10.808s]    650K .......... .......... .......... .......... ..........  4% 10.2M 1s
[10.811s]    700K .......... .......... .......... .......... ..........  4% 19.9M 1s
[10.813s]    750K .......... .......... .......... .......... ..........  5% 20.2M 1s
[10.828s]    800K .......... .......... .......... .......... ..........  5% 3.53M 2s
[10.828s]    850K .......... .......... .......... .......... ..........  5%  155M 1s
[10.832s]    900K .......... .......... .......... .......... ..........  6% 11.5M 1s
[10.835s]    950K .......... .......... .......... .......... ..........  6% 16.4M 1s
[10.840s]   1000K .......... .......... .......... .......... ..........  6% 8.77M 1s
[10.845s]   1050K .......... .......... .......... .......... ..........  7% 10.8M 1s
[10.848s]   1100K .......... .......... .......... .......... ..........  7% 13.8M 1s
[10.854s]   1150K .......... .......... .......... .......... ..........  7% 9.54M 1s
[10.856s]   1200K .......... .......... .......... .......... ..........  7% 19.6M 1s
[10.861s]   1250K .......... .......... .......... .......... ..........  8% 9.96M 1s
[10.864s]   1300K .......... .......... .......... .......... ..........  8% 15.0M 1s
[10.869s]   1350K .......... .......... .......... .......... ..........  8% 11.3M 1s
[10.873s]   1400K .......... .......... .......... .......... ..........  9% 10.4M 1s
[10.876s]   1450K .......... .......... .......... .......... ..........  9% 20.0M 1s
[10.879s]   1500K .......... .......... .......... .......... ..........  9% 15.1M 1s
[10.883s]   1550K .......... .......... .......... .......... .......... 10% 11.2M 1s
[10.886s]   1600K .......... .......... .......... .......... .......... 10% 17.2M 1s
[10.891s]   1650K .......... .......... .......... .......... .......... 10% 9.96M 1s
[10.896s]   1700K .......... .......... .......... .......... .......... 11% 9.96M 1s
[10.898s]   1750K .......... .......... .......... .......... .......... 11% 24.5M 1s
[10.904s]   1800K .......... .......... .......... .......... .......... 11% 7.45M 1s
[10.911s]   1850K .......... .......... .......... .......... .......... 12% 7.49M 1s
[10.916s]   1900K .......... .......... .......... .......... .......... 12% 9.23M 1s
[10.922s]   1950K .......... .......... .......... .......... .......... 12% 13.4M 1s
[10.922s]   2000K .......... .......... .......... .......... .......... 13%  258M 1s
[10.926s]   2050K .......... .......... .......... .......... .......... 13% 7.83M 1s
[10.933s]   2100K .......... .......... .......... .......... .......... 13% 6.75M 1s
[10.934s]   2150K .......... .......... .......... .......... .......... 14%  199M 1s
[10.939s]   2200K .......... .......... .......... .......... .......... 14% 8.65M 1s
[10.950s]   2250K .......... .......... .......... .......... .......... 14% 4.51M 1s
[10.951s]   2300K .......... .......... .......... .......... .......... 15%  123M 1s
[10.954s]   2350K .......... .......... .......... .......... .......... 15% 13.2M 1s
[10.957s]   2400K .......... .......... .......... .......... .......... 15% 17.9M 1s
[10.965s]   2450K .......... .......... .......... .......... .......... 15% 6.14M 1s
[10.973s]   2500K .......... .......... .......... .......... .......... 16% 45.9M 1s
[10.973s]   2550K .......... .......... .......... .......... .......... 16% 6.86M 1s
[10.975s]   2600K .......... .......... .......... .......... .......... 16% 28.4M 1s
[10.984s]   2650K .......... .......... .......... .......... .......... 17% 5.33M 1s
[10.984s]   2700K .......... .......... .......... .......... .......... 17%  290M 1s
[10.991s]   2750K .......... .......... .......... .......... .......... 17% 7.13M 1s
[10.999s]   2800K .......... .......... .......... .......... .......... 18% 6.06M 1s
[11.008s]   2850K .......... .......... .......... .......... .......... 18% 5.14M 1s
[11.010s]   2900K .......... .......... .......... .......... .......... 18% 28.8M 1s
[11.015s]   2950K .......... .......... .......... .......... .......... 19% 10.1M 1s
[11.030s]   3000K .......... .......... .......... .......... .......... 19% 17.6M 1s
[11.030s]   3050K .......... .......... .......... .......... .......... 19% 4.05M 1s
[11.030s]   3100K .......... .......... .......... .......... .......... 20%  212M 1s
[11.036s]   3150K .......... .......... .......... .......... .......... 20% 8.07M 1s
[11.039s]   3200K .......... .......... .......... .......... .......... 20% 14.6M 1s
[11.046s]   3250K .......... .......... .......... .......... .......... 21% 8.42M 1s
[11.062s]   3300K .......... .......... .......... .......... .......... 21% 7.32M 1s
[11.081s]   3350K .......... .......... .......... .......... .......... 21% 1.71M 1s
[11.081s]   3400K .......... .......... .......... .......... .......... 22%  291M 1s
[11.081s]   3450K .......... .......... .......... .......... .......... 22%  264M 1s
[11.091s]   3500K .......... .......... .......... .......... .......... 22% 7.02M 1s
[11.091s]   3550K .......... .......... .......... .......... .......... 23%  129M 1s
[11.091s]   3600K .......... .......... .......... .......... .......... 23%  241M 1s
[11.092s]   3650K .......... .......... .......... .......... .......... 23% 12.9M 1s
[11.107s]   3700K .......... .......... .......... .......... .......... 23% 3.73M 1s
[11.107s]   3750K .......... .......... .......... .......... .......... 24% 25.1M 1s
[11.108s]   3800K .......... .......... .......... .......... .......... 24% 46.1M 1s
[11.113s]   3850K .......... .......... .......... .......... .......... 24% 11.6M 1s
[11.115s]   3900K .......... .......... .......... .......... .......... 25% 17.4M 1s
[11.138s]   3950K .......... .......... .......... .......... .......... 25% 2.16M 1s
[11.139s]   4000K .......... .......... .......... .......... .......... 25%  128M 1s
[11.139s]   4050K .......... .......... .......... .......... .......... 26% 62.0M 1s
[11.144s]   4100K .......... .......... .......... .......... .......... 26% 9.68M 1s
[11.157s]   4150K .......... .......... .......... .......... .......... 26% 6.15M 1s
[11.157s]   4200K .......... .......... .......... .......... .......... 27% 21.8M 1s
[11.158s]   4250K .......... .......... .......... .......... .......... 27% 43.9M 1s
[11.171s]   4300K .......... .......... .......... .......... .......... 27% 3.22M 1s
[11.171s]   4350K .......... .......... .......... .......... .......... 28%  204M 1s
[11.171s]   4400K .......... .......... .......... .......... .......... 28%  242M 1s
[11.180s]   4450K .......... .......... .......... .......... .......... 28% 5.77M 1s
[11.186s]   4500K .......... .......... .......... .......... .......... 29% 7.48M 1s
[11.190s]   4550K .......... .......... .......... .......... .......... 29% 11.5M 1s
[11.195s]   4600K .......... .......... .......... .......... .......... 29% 23.8M 1s
[11.203s]   4650K .......... .......... .......... .......... .......... 30% 8.79M 1s
[11.210s]   4700K .......... .......... .......... .......... .......... 30% 4.49M 1s
[11.210s]   4750K .......... .......... .......... .......... .......... 30% 39.4M 1s
[11.212s]   4800K .......... .......... .......... .......... .......... 31% 26.3M 1s
[11.223s]   4850K .......... .......... .......... .......... .......... 31% 4.55M 1s
[11.224s]   4900K .......... .......... .......... .......... .......... 31% 77.4M 1s
[11.231s]   4950K .......... .......... .......... .......... .......... 31% 7.45M 1s
[11.237s]   5000K .......... .......... .......... .......... .......... 32% 10.4M 1s
[11.237s]   5050K .......... .......... .......... .......... .......... 32% 16.9M 1s
[11.245s]   5100K .......... .......... .......... .......... .......... 32% 6.97M 1s
[11.246s]   5150K .......... .......... .......... .......... .......... 33% 41.5M 1s
[11.251s]   5200K .......... .......... .......... .......... .......... 33% 9.04M 1s
[11.255s]   5250K .......... .......... .......... .......... .......... 33% 12.9M 1s
[11.263s]   5300K .......... .......... .......... .......... .......... 34% 5.90M 1s
[11.263s]   5350K .......... .......... .......... .......... .......... 34%  151M 1s
[11.267s]   5400K .......... .......... .......... .......... .......... 34% 12.3M 1s
[11.272s]   5450K .......... .......... .......... .......... .......... 35% 11.0M 1s
[11.274s]   5500K .......... .......... .......... .......... .......... 35% 21.8M 1s
[11.279s]   5550K .......... .......... .......... .......... .......... 35% 9.52M 1s
[11.284s]   5600K .......... .......... .......... .......... .......... 36% 16.0M 1s
[11.288s]   5650K .......... .......... .......... .......... .......... 36% 9.07M 1s
[11.292s]   5700K .......... .......... .......... .......... .......... 36% 11.4M 1s
[11.295s]   5750K .......... .......... .......... .......... .......... 37% 15.8M 1s
[11.299s]   5800K .......... .......... .......... .......... .......... 37% 11.7M 1s
[11.301s]   5850K .......... .......... .......... .......... .......... 37% 20.5M 1s
[11.307s]   5900K .......... .......... .......... .......... .......... 38% 9.43M 1s
[11.311s]   5950K .......... .......... .......... .......... .......... 38% 12.4M 1s
[11.317s]   6000K .......... .......... .......... .......... .......... 38% 8.31M 1s
[11.322s]   6050K .......... .......... .......... .......... .......... 39% 9.52M 1s
[11.324s]   6100K .......... .......... .......... .......... .......... 39% 21.1M 1s
[11.326s]   6150K .......... .......... .......... .......... .......... 39% 18.6M 1s
[11.336s]   6200K .......... .......... .......... .......... .......... 39% 6.15M 1s
[11.336s]   6250K .......... .......... .......... .......... .......... 40%  140M 1s
[11.339s]   6300K .......... .......... .......... .......... .......... 40% 12.2M 1s
[11.344s]   6350K .......... .......... .......... .......... .......... 40% 10.0M 1s
[11.346s]   6400K .......... .......... .......... .......... .......... 41% 19.3M 1s
[11.353s]   6450K .......... .......... .......... .......... .......... 41% 6.97M 1s
[11.355s]   6500K .......... .......... .......... .......... .......... 41% 21.8M 1s
[11.360s]   6550K .......... .......... .......... .......... .......... 42% 10.4M 1s
[11.363s]   6600K .......... .......... .......... .......... .......... 42% 16.6M 1s
[11.368s]   6650K .......... .......... .......... .......... .......... 42% 10.3M 1s
[11.370s]   6700K .......... .......... .......... .......... .......... 43% 17.4M 1s
[11.375s]   6750K .......... .......... .......... .......... .......... 43% 11.6M 1s
[11.377s]   6800K .......... .......... .......... .......... .......... 43% 18.1M 1s
[11.385s]   6850K .......... .......... .......... .......... .......... 44% 6.46M 1s
[11.388s]   6900K .......... .......... .......... .......... .......... 44% 15.1M 1s
[11.395s]   6950K .......... .......... .......... .......... .......... 44% 7.49M 1s
[11.401s]   7000K .......... .......... .......... .......... .......... 45% 8.14M 1s
[11.407s]   7050K .......... .......... .......... .......... .......... 45% 7.38M 1s
[11.411s]   7100K .......... .......... .......... .......... .......... 45% 14.9M 1s
[11.414s]   7150K .......... .......... .......... .......... .......... 46% 14.8M 1s
[11.419s]   7200K .......... .......... .......... .......... .......... 46% 8.91M 1s
[11.423s]   7250K .......... .......... .......... .......... .......... 46% 15.2M 1s
[11.428s]   7300K .......... .......... .......... .......... .......... 47% 10.2M 1s
[11.433s]   7350K .......... .......... .......... .......... .......... 47% 8.59M 1s
[11.437s]   7400K .......... .......... .......... .......... .......... 47% 13.3M 1s
[11.440s]   7450K .......... .......... .......... .......... .......... 47% 15.2M 1s
[11.450s]   7500K .......... .......... .......... .......... .......... 48% 5.15M 1s
[11.450s]   7550K .......... .......... .......... .......... .......... 48%  150M 1s
[11.456s]   7600K .......... .......... .......... .......... .......... 48% 7.51M 1s
[11.463s]   7650K .......... .......... .......... .......... .......... 49% 7.70M 1s
[11.466s]   7700K .......... .......... .......... .......... .......... 49% 17.6M 1s
[11.474s]   7750K .......... .......... .......... .......... .......... 49% 6.04M 1s
[11.475s]   7800K .......... .......... .......... .......... .......... 50%  220M 1s
[11.475s]   7850K .......... .......... .......... .......... .......... 50% 50.3M 1s
[11.482s]   7900K .......... .......... .......... .......... .......... 50% 9.24M 1s
[11.486s]   7950K .......... .......... .......... .......... .......... 51% 9.02M 1s
[11.494s]   8000K .......... .......... .......... .......... .......... 51% 9.92M 1s
[11.498s]   8050K .......... .......... .......... .......... .......... 51% 8.54M 1s
[11.502s]   8100K .......... .......... .......... .......... .......... 52% 24.2M 1s
[11.507s]   8150K .......... .......... .......... .......... .......... 52% 5.89M 1s
[11.515s]   8200K .......... .......... .......... .......... .......... 52% 14.3M 1s
[11.520s]   8250K .......... .......... .......... .......... .......... 53% 4.91M 1s
[11.522s]   8300K .......... .......... .......... .......... .......... 53%  247M 1s
[11.524s]   8350K .......... .......... .......... .......... .......... 53% 12.3M 1s
[11.525s]   8400K .......... .......... .......... .......... .......... 54% 34.9M 1s
[11.533s]   8450K .......... .......... .......... .......... .......... 54% 8.34M 1s
[11.541s]   8500K .......... .......... .......... .......... .......... 54% 6.71M 1s
[11.542s]   8550K .......... .......... .......... .......... .......... 55% 19.7M 1s
[11.544s]   8600K .......... .......... .......... .......... .......... 55% 15.7M 1s
[11.553s]   8650K .......... .......... .......... .......... .......... 55% 5.85M 1s
[11.553s]   8700K .......... .......... .......... .......... .......... 55% 76.7M 1s
[11.560s]   8750K .......... .......... .......... .......... .......... 56% 9.90M 1s
[11.560s]   8800K .......... .......... .......... .......... .......... 56% 20.8M 1s
[11.571s]   8850K .......... .......... .......... .......... .......... 56% 4.72M 1s
[11.571s]   8900K .......... .......... .......... .......... .......... 57%  247M 1s
[11.574s]   8950K .......... .......... .......... .......... .......... 57% 15.9M 1s
[11.576s]   9000K .......... .......... .......... .......... .......... 57% 21.9M 1s
[11.588s]   9050K .......... .......... .......... .......... .......... 58% 4.06M 1s
[11.591s]   9100K .......... .......... .......... .......... .......... 58% 14.7M 1s
[11.595s]   9150K .......... .......... .......... .......... .......... 58% 14.2M 1s
[11.598s]   9200K .......... .......... .......... .......... .......... 59% 15.7M 1s
[11.612s]   9250K .......... .......... .......... .......... .......... 59% 3.49M 1s
[11.621s]   9300K .......... .......... .......... .......... .......... 59% 5.84M 1s
[11.621s]   9350K .......... .......... .......... .......... .......... 60%  185M 1s
[11.629s]   9400K .......... .......... .......... .......... .......... 60% 5.67M 1s
[11.630s]   9450K .......... .......... .......... .......... .......... 60%  262M 1s
[11.638s]   9500K .......... .......... .......... .......... .......... 61% 6.40M 1s
[11.641s]   9550K .......... .......... .......... .......... .......... 61% 11.1M 1s
[11.647s]   9600K .......... .......... .......... .......... .......... 61% 9.34M 1s
[11.653s]   9650K .......... .......... .......... .......... .......... 62% 8.82M 1s
[11.660s]   9700K .......... .......... .......... .......... .......... 62% 9.89M 1s
[11.661s]   9750K .......... .......... .......... .......... .......... 62% 18.1M 1s
[11.665s]   9800K .......... .......... .......... .......... .......... 63% 9.90M 1s
[11.670s]   9850K .......... .......... .......... .......... .......... 63% 9.22M 1s
[11.678s]   9900K .......... .......... .......... .......... .......... 63% 9.24M 1s
[11.679s]   9950K .......... .......... .......... .......... .......... 63% 15.8M 1s
[11.684s]  10000K .......... .......... .......... .......... .......... 64% 9.38M 1s
[11.688s]  10050K .......... .......... .......... .......... .......... 64% 10.6M 1s
[11.694s]  10100K .......... .......... .......... .......... .......... 64% 9.65M 1s
[11.697s]  10150K .......... .......... .......... .......... .......... 65% 15.8M 1s
[11.703s]  10200K .......... .......... .......... .......... .......... 65% 7.14M 1s
[11.708s]  10250K .......... .......... .......... .......... .......... 65% 9.63M 1s
[11.718s]  10300K .......... .......... .......... .......... .......... 66% 5.26M 0s
[11.718s]  10350K .......... .......... .......... .......... .......... 66%  182M 0s
[11.720s]  10400K .......... .......... .......... .......... .......... 66% 23.1M 0s
[11.726s]  10450K .......... .......... .......... .......... .......... 67% 7.69M 0s
[11.731s]  10500K .......... .......... .......... .......... .......... 67% 10.9M 0s
[11.736s]  10550K .......... .......... .......... .......... .......... 67% 10.2M 0s
[11.741s]  10600K .......... .......... .......... .......... .......... 68% 10.1M 0s
[11.743s]  10650K .......... .......... .......... .......... .......... 68% 17.9M 0s
[11.752s]  10700K .......... .......... .......... .......... .......... 68% 5.66M 0s
[11.753s]  10750K .......... .......... .......... .......... .......... 69% 28.2M 0s
[11.759s]  10800K .......... .......... .......... .......... .......... 69% 9.06M 0s
[11.769s]  10850K .......... .......... .......... .......... .......... 69% 4.70M 0s
[11.770s]  10900K .......... .......... .......... .......... .......... 70%  111M 0s
[11.774s]  10950K .......... .......... .......... .......... .......... 70% 12.6M 0s
[11.783s]  11000K .......... .......... .......... .......... .......... 70% 7.91M 0s
[11.785s]  11050K .......... .......... .......... .......... .......... 71% 9.04M 0s
[11.791s]  11100K .......... .......... .......... .......... .......... 71% 12.6M 0s
[11.798s]  11150K .......... .......... .......... .......... .......... 71% 5.65M 0s
[11.801s]  11200K .......... .......... .......... .......... .......... 71% 14.9M 0s
[11.806s]  11250K .......... .......... .......... .......... .......... 72% 9.32M 0s
[11.809s]  11300K .......... .......... .......... .......... .......... 72% 14.3M 0s
[11.815s]  11350K .......... .......... .......... .......... .......... 72% 9.01M 0s
[11.830s]  11400K .......... .......... .......... .......... .......... 73% 3.33M 0s
[11.830s]  11450K .......... .......... .......... .......... .......... 73%  216M 0s
[11.836s]  11500K .......... .......... .......... .......... .......... 73% 10.2M 0s
[11.839s]  11550K .......... .......... .......... .......... .......... 74% 11.7M 0s
[11.840s]  11600K .......... .......... .......... .......... .......... 74% 26.8M 0s
[11.848s]  11650K .......... .......... .......... .......... .......... 74% 7.21M 0s
[11.852s]  11700K .......... .......... .......... .......... .......... 75% 13.3M 0s
[11.862s]  11750K .......... .......... .......... .......... .......... 75% 4.63M 0s
[11.863s]  11800K .......... .......... .......... .......... .......... 75% 49.5M 0s
[11.868s]  11850K .......... .......... .......... .......... .......... 76% 9.62M 0s
[11.877s]  11900K .......... .......... .......... .......... .......... 76% 6.03M 0s
[11.878s]  11950K .......... .......... .......... .......... .......... 76% 28.3M 0s
[11.880s]  12000K .......... .......... .......... .......... .......... 77% 19.8M 0s
[11.883s]  12050K .......... .......... .......... .......... .......... 77% 16.6M 0s
[11.888s]  12100K .......... .......... .......... .......... .......... 77% 10.7M 0s
[11.890s]  12150K .......... .......... .......... .......... .......... 78% 18.3M 0s
[11.895s]  12200K .......... .......... .......... .......... .......... 78% 9.94M 0s
[11.901s]  12250K .......... .......... .......... .......... .......... 78% 8.24M 0s
[11.903s]  12300K .......... .......... .......... .......... .......... 79% 25.1M 0s
[11.908s]  12350K .......... .......... .......... .......... .......... 79% 10.3M 0s
[11.912s]  12400K .......... .......... .......... .......... .......... 79% 12.4M 0s
[11.914s]  12450K .......... .......... .......... .......... .......... 79% 21.4M 0s
[11.920s]  12500K .......... .......... .......... .......... .......... 80% 8.58M 0s
[11.926s]  12550K .......... .......... .......... .......... .......... 80% 8.08M 0s
[11.929s]  12600K .......... .......... .......... .......... .......... 80% 15.8M 0s
[11.931s]  12650K .......... .......... .......... .......... .......... 81% 18.5M 0s
[11.936s]  12700K .......... .......... .......... .......... .......... 81% 10.5M 0s
[11.938s]  12750K .......... .......... .......... .......... .......... 81% 20.2M 0s
[11.943s]  12800K .......... .......... .......... .......... .......... 82% 9.83M 0s
[11.949s]  12850K .......... .......... .......... .......... .......... 82% 9.70M 0s
[11.952s]  12900K .......... .......... .......... .......... .......... 82% 13.0M 0s
[11.957s]  12950K .......... .......... .......... .......... .......... 83% 10.9M 0s
[11.960s]  13000K .......... .......... .......... .......... .......... 83% 13.5M 0s
[11.966s]  13050K .......... .......... .......... .......... .......... 83% 8.45M 0s
[11.970s]  13100K .......... .......... .......... .......... .......... 84% 13.4M 0s
[11.975s]  13150K .......... .......... .......... .......... .......... 84% 9.53M 0s
[11.984s]  13200K .......... .......... .......... .......... .......... 84% 15.7M 0s
[11.986s]  13250K .......... .......... .......... .......... .......... 85% 7.30M 0s
[11.987s]  13300K .......... .......... .......... .......... .......... 85% 19.6M 0s
[11.996s]  13350K .......... .......... .......... .......... .......... 85% 10.5M 0s
[11.996s]  13400K .......... .......... .......... .......... .......... 86% 17.5M 0s
[12.001s]  13450K .......... .......... .......... .......... .......... 86% 8.70M 0s
[12.003s]  13500K .......... .......... .......... .......... .......... 86% 15.2M 0s
[12.009s]  13550K .......... .......... .......... .......... .......... 87% 8.92M 0s
[12.021s]  13600K .......... .......... .......... .......... .......... 87% 4.05M 0s
[12.022s]  13650K .......... .......... .......... .......... .......... 87% 97.8M 0s
[12.027s]  13700K .......... .......... .......... .......... .......... 87% 10.2M 0s
[12.028s]  13750K .......... .......... .......... .......... .......... 88% 34.3M 0s
[12.031s]  13800K .......... .......... .......... .......... .......... 88% 17.7M 0s
[12.036s]  13850K .......... .......... .......... .......... .......... 88% 9.45M 0s
[12.039s]  13900K .......... .......... .......... .......... .......... 89% 15.7M 0s
[12.043s]  13950K .......... .......... .......... .......... .......... 89% 11.0M 0s
[12.049s]  14000K .......... .......... .......... .......... .......... 89% 8.30M 0s
[12.052s]  14050K .......... .......... .......... .......... .......... 90% 16.8M 0s
[12.057s]  14100K .......... .......... .......... .......... .......... 90% 10.1M 0s
[12.061s]  14150K .......... .......... .......... .......... .......... 90% 11.2M 0s
[12.063s]  14200K .......... .......... .......... .......... .......... 91% 27.3M 0s
[12.069s]  14250K .......... .......... .......... .......... .......... 91% 8.86M 0s
[12.073s]  14300K .......... .......... .......... .......... .......... 91% 10.9M 0s
[12.076s]  14350K .......... .......... .......... .......... .......... 92% 18.5M 0s
[12.089s]  14400K .......... .......... .......... .......... .......... 92% 3.81M 0s
[12.089s]  14450K .......... .......... .......... .......... .......... 92% 60.7M 0s
[12.090s]  14500K .......... .......... .......... .......... .......... 93%  234M 0s
[12.093s]  14550K .......... .......... .......... .......... .......... 93% 12.8M 0s
[12.098s]  14600K .......... .......... .......... .......... .......... 93% 10.3M 0s
[12.103s]  14650K .......... .......... .......... .......... .......... 94% 9.43M 0s
[12.106s]  14700K .......... .......... .......... .......... .......... 94% 18.5M 0s
[12.114s]  14750K .......... .......... .......... .......... .......... 94% 6.28M 0s
[12.114s]  14800K .......... .......... .......... .......... .......... 95%  257M 0s
[12.118s]  14850K .......... .......... .......... .......... .......... 95% 10.8M 0s
[12.121s]  14900K .......... .......... .......... .......... .......... 95% 17.3M 0s
[12.124s]  14950K .......... .......... .......... .......... .......... 95% 18.0M 0s
[12.134s]  15000K .......... .......... .......... .......... .......... 96% 5.07M 0s
[12.138s]  15050K .......... .......... .......... .......... .......... 96% 10.6M 0s
[12.141s]  15100K .......... .......... .......... .......... .......... 96% 15.9M 0s
[12.145s]  15150K .......... .......... .......... .......... .......... 97% 11.4M 0s
[12.149s]  15200K .......... .......... .......... .......... .......... 97% 14.3M 0s
[12.154s]  15250K .......... .......... .......... .......... .......... 97% 8.73M 0s
[12.157s]  15300K .......... .......... .......... .......... .......... 98% 16.6M 0s
[12.160s]  15350K .......... .......... .......... .......... .......... 98% 17.3M 0s
[12.168s]  15400K .......... .......... .......... .......... .......... 98% 11.3M 0s
[12.170s]  15450K .......... .......... .......... .......... .......... 99% 8.81M 0s
[12.173s]  15500K .......... .......... .......... .......... .......... 99% 19.2M 0s
[12.178s]  15550K .......... .......... .......... .......... .......... 99% 9.53M 0s
[12.178s]  15600K .......... .......... .....                           100%  237M=1.4s
[12.178s] 
[12.178s] 2026-04-19 02:55:48 (10.6 MB/s) - ‘/home/kanika/kanika/build/multirobot_map_merge/2011-08-09-12-22-52.pgm’ saved [16000058/16000058]
[12.178s] 
[12.179s] Checking MD5 sum of /home/kanika/kanika/build/multirobot_map_merge/2011-08-09-12-22-52.pgm
[12.217s] /home/kanika/kanika/build/multirobot_map_merge/2011-08-09-12-22-52.pgm: OK
[12.228s] --2026-04-19 02:55:48--  https://raw.githubusercontent.com/hrnr/m-explore-extra/master/map_merge/gmapping_maps/2012-01-28-11-12-01.pgm
[12.289s] Resolving raw.githubusercontent.com (raw.githubusercontent.com)... 185.199.108.133, 185.199.110.133, 185.199.109.133, ...
[12.292s] Connecting to raw.githubusercontent.com (raw.githubusercontent.com)|185.199.108.133|:443... connected.
[12.681s] HTTP request sent, awaiting response... 200 OK
[12.682s] Length: 16000058 (15M) [application/octet-stream]
[12.682s] Saving to: ‘/home/kanika/kanika/build/multirobot_map_merge/2012-01-28-11-12-01.pgm’
[12.682s] 
[12.691s]      0K .......... .......... .......... .......... ..........  0% 4.96M 3s
[12.700s]     50K .......... .......... .......... .......... ..........  0% 6.16M 3s
[12.702s]    100K .......... .......... .......... .......... ..........  0% 17.1M 2s
[12.707s]    150K .......... .......... .......... .......... ..........  1% 8.65M 2s
[12.710s]    200K .......... .......... .......... .......... ..........  1% 15.4M 2s
[12.724s]    250K .......... .......... .......... .......... ..........  1% 3.78M 2s
[12.724s]    300K .......... .......... .......... .......... ..........  2%  129M 2s
[12.729s]    350K .......... .......... .......... .......... ..........  2% 10.2M 2s
[12.734s]    400K .......... .......... .......... .......... ..........  2% 9.82M 2s
[12.734s]    450K .......... .......... .......... .......... ..........  3%  140M 2s
[12.739s]    500K .......... .......... .......... .......... ..........  3% 9.50M 2s
[12.744s]    550K .......... .......... .......... .......... ..........  3% 11.5M 2s
[12.749s]    600K .......... .......... .......... .......... ..........  4% 9.18M 2s
[12.751s]    650K .......... .......... .......... .......... ..........  4% 16.9M 2s
[12.757s]    700K .......... .......... .......... .......... ..........  4% 9.89M 1s
[12.760s]    750K .......... .......... .......... .......... ..........  5% 15.8M 1s
[12.766s]    800K .......... .......... .......... .......... ..........  5% 8.25M 1s
[12.767s]    850K .......... .......... .......... .......... ..........  5% 38.8M 1s
[12.772s]    900K .......... .......... .......... .......... ..........  6% 8.72M 1s
[12.776s]    950K .......... .......... .......... .......... ..........  6% 16.0M 1s
[12.781s]   1000K .......... .......... .......... .......... ..........  6% 8.33M 1s
[12.786s]   1050K .......... .......... .......... .......... ..........  7% 10.6M 1s
[12.788s]   1100K .......... .......... .......... .......... ..........  7% 18.1M 1s
[12.796s]   1150K .......... .......... .......... .......... ..........  7% 7.24M 1s
[12.798s]   1200K .......... .......... .......... .......... ..........  7% 22.5M 1s
[12.800s]   1250K .......... .......... .......... .......... ..........  8% 17.7M 1s
[12.808s]   1300K .......... .......... .......... .......... ..........  8% 6.62M 1s
[12.809s]   1350K .......... .......... .......... .......... ..........  8% 28.9M 1s
[12.822s]   1400K .......... .......... .......... .......... ..........  9% 7.31M 1s
[12.822s]   1450K .......... .......... .......... .......... ..........  9% 14.0M 1s
[12.823s]   1500K .......... .......... .......... .......... ..........  9% 12.8M 1s
[12.826s]   1550K .......... .......... .......... .......... .......... 10% 19.4M 1s
[12.832s]   1600K .......... .......... .......... .......... .......... 10% 9.04M 1s
[12.833s]   1650K .......... .......... .......... .......... .......... 10% 22.1M 1s
[12.838s]   1700K .......... .......... .......... .......... .......... 11% 11.1M 1s
[12.844s]   1750K .......... .......... .......... .......... .......... 11% 8.33M 1s
[12.849s]   1800K .......... .......... .......... .......... .......... 11% 10.1M 1s
[12.853s]   1850K .......... .......... .......... .......... .......... 12% 10.4M 1s
[12.856s]   1900K .......... .......... .......... .......... .......... 12% 18.7M 1s
[12.859s]   1950K .......... .......... .......... .......... .......... 12% 13.2M 1s
[12.866s]   2000K .......... .......... .......... .......... .......... 13% 8.28M 1s
[12.867s]   2050K .......... .......... .......... .......... .......... 13% 32.7M 1s
[12.872s]   2100K .......... .......... .......... .......... .......... 13% 9.36M 1s
[12.875s]   2150K .......... .......... .......... .......... .......... 14% 17.8M 1s
[12.882s]   2200K .......... .......... .......... .......... .......... 14% 6.95M 1s
[12.886s]   2250K .......... .......... .......... .......... .......... 14% 13.9M 1s
[12.888s]   2300K .......... .......... .......... .......... .......... 15% 19.5M 1s
[12.891s]   2350K .......... .......... .......... .......... .......... 15% 14.7M 1s
[12.896s]   2400K .......... .......... .......... .......... .......... 15% 10.8M 1s
[12.901s]   2450K .......... .......... .......... .......... .......... 15% 14.4M 1s
[12.904s]   2500K .......... .......... .......... .......... .......... 16% 11.1M 1s
[12.908s]   2550K .......... .......... .......... .......... .......... 16% 11.3M 1s
[12.911s]   2600K .......... .......... .......... .......... .......... 16% 17.5M 1s
[12.916s]   2650K .......... .......... .......... .......... .......... 17% 10.0M 1s
[12.918s]   2700K .......... .......... .......... .......... .......... 17% 22.5M 1s
[12.923s]   2750K .......... .......... .......... .......... .......... 17% 9.96M 1s
[12.925s]   2800K .......... .......... .......... .......... .......... 18% 20.2M 1s
[12.940s]   2850K .......... .......... .......... .......... .......... 18% 3.25M 1s
[12.941s]   2900K .......... .......... .......... .......... .......... 18%  126M 1s
[12.945s]   2950K .......... .......... .......... .......... .......... 19% 10.2M 1s
[12.948s]   3000K .......... .......... .......... .......... .......... 19% 19.7M 1s
[12.953s]   3050K .......... .......... .......... .......... .......... 19% 8.77M 1s
[12.956s]   3100K .......... .......... .......... .......... .......... 20% 20.2M 1s
[12.961s]   3150K .......... .......... .......... .......... .......... 20% 10.2M 1s
[12.966s]   3200K .......... .......... .......... .......... .......... 20% 10.0M 1s
[12.968s]   3250K .......... .......... .......... .......... .......... 21% 16.2M 1s
[12.970s]   3300K .......... .......... .......... .......... .......... 21% 24.9M 1s
[12.976s]   3350K .......... .......... .......... .......... .......... 21% 8.58M 1s
[12.981s]   3400K .......... .......... .......... .......... .......... 22% 9.37M 1s
[12.987s]   3450K .......... .......... .......... .......... .......... 22% 9.10M 1s
[12.992s]   3500K .......... .......... .......... .......... .......... 22% 9.60M 1s
[12.996s]   3550K .......... .......... .......... .......... .......... 23% 13.5M 1s
[12.997s]   3600K .......... .......... .......... .......... .......... 23% 27.7M 1s
[13.003s]   3650K .......... .......... .......... .......... .......... 23% 8.92M 1s
[13.008s]   3700K .......... .......... .......... .......... .......... 23% 9.28M 1s
[13.011s]   3750K .......... .......... .......... .......... .......... 24% 14.9M 1s
[13.018s]   3800K .......... .......... .......... .......... .......... 24% 7.28M 1s
[13.019s]   3850K .......... .......... .......... .......... .......... 24% 50.0M 1s
[13.024s]   3900K .......... .......... .......... .......... .......... 25% 10.6M 1s
[13.029s]   3950K .......... .......... .......... .......... .......... 25% 8.53M 1s
[13.033s]   4000K .......... .......... .......... .......... .......... 25% 14.8M 1s
[13.036s]   4050K .......... .......... .......... .......... .......... 26% 14.5M 1s
[13.039s]   4100K .......... .......... .......... .......... .......... 26% 17.8M 1s
[13.042s]   4150K .......... .......... .......... .......... .......... 26% 16.1M 1s
[13.049s]   4200K .......... .......... .......... .......... .......... 27% 6.96M 1s
[13.055s]   4250K .......... .......... .......... .......... .......... 27% 7.51M 1s
[13.057s]   4300K .......... .......... .......... .......... .......... 27% 24.1M 1s
[13.063s]   4350K .......... .......... .......... .......... .......... 28% 8.28M 1s
[13.065s]   4400K .......... .......... .......... .......... .......... 28% 26.1M 1s
[13.070s]   4450K .......... .......... .......... .......... .......... 28% 9.92M 1s
[13.075s]   4500K .......... .......... .......... .......... .......... 29% 10.0M 1s
[13.078s]   4550K .......... .......... .......... .......... .......... 29% 14.7M 1s
[13.083s]   4600K .......... .......... .......... .......... .......... 29% 11.5M 1s
[13.085s]   4650K .......... .......... .......... .......... .......... 30% 21.2M 1s
[13.093s]   4700K .......... .......... .......... .......... .......... 30% 6.76M 1s
[13.097s]   4750K .......... .......... .......... .......... .......... 30% 9.93M 1s
[13.099s]   4800K .......... .......... .......... .......... .......... 31% 22.8M 1s
[13.101s]   4850K .......... .......... .......... .......... .......... 31% 22.0M 1s
[13.107s]   4900K .......... .......... .......... .......... .......... 31% 8.47M 1s
[13.110s]   4950K .......... .......... .......... .......... .......... 31% 19.1M 1s
[13.115s]   5000K .......... .......... .......... .......... .......... 32% 9.47M 1s
[13.118s]   5050K .......... .......... .......... .......... .......... 32% 15.9M 1s
[13.124s]   5100K .......... .......... .......... .......... .......... 32% 8.90M 1s
[13.125s]   5150K .......... .......... .......... .......... .......... 33% 20.7M 1s
[13.131s]   5200K .......... .......... .......... .......... .......... 33% 9.43M 1s
[13.135s]   5250K .......... .......... .......... .......... .......... 33% 10.7M 1s
[13.148s]   5300K .......... .......... .......... .......... .......... 34% 4.01M 1s
[13.151s]   5350K .......... .......... .......... .......... .......... 34% 14.3M 1s
[13.157s]   5400K .......... .......... .......... .......... .......... 34% 8.07M 1s
[13.163s]   5450K .......... .......... .......... .......... .......... 35% 8.03M 1s
[13.165s]   5500K .......... .......... .......... .......... .......... 35% 28.1M 1s
[13.168s]   5550K .......... .......... .......... .......... .......... 35% 16.9M 1s
[13.172s]   5600K .......... .......... .......... .......... .......... 36% 10.0M 1s
[13.180s]   5650K .......... .......... .......... .......... .......... 36% 7.24M 1s
[13.182s]   5700K .......... .......... .......... .......... .......... 36% 15.0M 1s
[13.187s]   5750K .......... .......... .......... .......... .......... 37% 11.4M 1s
[13.193s]   5800K .......... .......... .......... .......... .......... 37% 7.79M 1s
[13.196s]   5850K .......... .......... .......... .......... .......... 37% 17.2M 1s
[13.201s]   5900K .......... .......... .......... .......... .......... 38% 9.45M 1s
[13.208s]   5950K .......... .......... .......... .......... .......... 38% 7.70M 1s
[13.212s]   6000K .......... .......... .......... .......... .......... 38% 10.6M 1s
[13.215s]   6050K .......... .......... .......... .......... .......... 39% 19.6M 1s
[13.218s]   6100K .......... .......... .......... .......... .......... 39% 16.2M 1s
[13.222s]   6150K .......... .......... .......... .......... .......... 39% 10.3M 1s
[13.225s]   6200K .......... .......... .......... .......... .......... 39% 19.7M 1s
[13.231s]   6250K .......... .......... .......... .......... .......... 40% 8.60M 1s
[13.234s]   6300K .......... .......... .......... .......... .......... 40% 14.4M 1s
[13.238s]   6350K .......... .......... .......... .......... .......... 40% 10.9M 1s
[13.245s]   6400K .......... .......... .......... .......... .......... 41% 7.05M 1s
[13.248s]   6450K .......... .......... .......... .......... .......... 41% 20.2M 1s
[13.253s]   6500K .......... .......... .......... .......... .......... 41% 10.2M 1s
[13.256s]   6550K .......... .......... .......... .......... .......... 42% 15.3M 1s
[13.261s]   6600K .......... .......... .......... .......... .......... 42% 10.0M 1s
[13.267s]   6650K .......... .......... .......... .......... .......... 42% 7.69M 1s
[13.279s]   6700K .......... .......... .......... .......... .......... 43% 4.13M 1s
[13.279s]   6750K .......... .......... .......... .......... .......... 43%  161M 1s
[13.283s]   6800K .......... .......... .......... .......... .......... 43% 12.9M 1s
[13.288s]   6850K .......... .......... .......... .......... .......... 44% 13.3M 1s
[13.292s]   6900K .......... .......... .......... .......... .......... 44% 8.59M 1s
[13.295s]   6950K .......... .......... .......... .......... .......... 44% 21.1M 1s
[13.303s]   7000K .......... .......... .......... .......... .......... 45% 5.71M 1s
[13.304s]   7050K .......... .......... .......... .......... .......... 45%  118M 1s
[13.309s]   7100K .......... .......... .......... .......... .......... 45% 8.36M 1s
[13.314s]   7150K .......... .......... .......... .......... .......... 46% 10.9M 1s
[13.320s]   7200K .......... .......... .......... .......... .......... 46% 7.65M 1s
[13.321s]   7250K .......... .......... .......... .......... .......... 46%  172M 1s
[13.322s]   7300K .......... .......... .......... .......... .......... 47% 31.0M 1s
[13.327s]   7350K .......... .......... .......... .......... .......... 47% 9.10M 1s
[13.333s]   7400K .......... .......... .......... .......... .......... 47% 9.36M 1s
[13.336s]   7450K .......... .......... .......... .......... .......... 47% 14.3M 1s
[13.338s]   7500K .......... .......... .......... .......... .......... 48% 30.3M 1s
[13.343s]   7550K .......... .......... .......... .......... .......... 48% 9.46M 1s
[13.347s]   7600K .......... .......... .......... .......... .......... 48% 11.6M 1s
[13.351s]   7650K .......... .......... .......... .......... .......... 49% 14.4M 1s
[13.354s]   7700K .......... .......... .......... .......... .......... 49% 12.1M 1s
[13.368s]   7750K .......... .......... .......... .......... .......... 49% 3.74M 1s
[13.368s]   7800K .......... .......... .......... .......... .......... 50% 90.8M 1s
[13.369s]   7850K .......... .......... .......... .......... .......... 50%  162M 1s
[13.373s]   7900K .......... .......... .......... .......... .......... 50% 10.3M 1s
[13.379s]   7950K .......... .......... .......... .......... .......... 51% 8.57M 1s
[13.381s]   8000K .......... .......... .......... .......... .......... 51% 28.8M 1s
[13.387s]   8050K .......... .......... .......... .......... .......... 51% 8.13M 1s
[13.389s]   8100K .......... .......... .......... .......... .......... 52% 18.9M 1s
[13.395s]   8150K .......... .......... .......... .......... .......... 52% 8.17M 1s
[13.401s]   8200K .......... .......... .......... .......... .......... 52% 8.85M 1s
[13.403s]   8250K .......... .......... .......... .......... .......... 53% 20.9M 1s
[13.408s]   8300K .......... .......... .......... .......... .......... 53% 9.25M 1s
[13.411s]   8350K .......... .......... .......... .......... .......... 53% 19.7M 1s
[13.417s]   8400K .......... .......... .......... .......... .......... 54% 7.58M 1s
[13.420s]   8450K .......... .......... .......... .......... .......... 54% 15.2M 1s
[13.426s]   8500K .......... .......... .......... .......... .......... 54% 9.04M 1s
[13.432s]   8550K .......... .......... .......... .......... .......... 55% 8.29M 1s
[13.432s]   8600K .......... .......... .......... .......... .......... 55%  160M 1s
[13.436s]   8650K .......... .......... .......... .......... .......... 55% 10.8M 1s
[13.441s]   8700K .......... .......... .......... .......... .......... 55% 10.5M 1s
[13.446s]   8750K .......... .......... .......... .......... .......... 56% 11.0M 1s
[13.448s]   8800K .......... .......... .......... .......... .......... 56% 21.9M 1s
[13.453s]   8850K .......... .......... .......... .......... .......... 56% 8.79M 1s
[13.457s]   8900K .......... .......... .......... .......... .......... 57% 12.4M 1s
[13.466s]   8950K .......... .......... .......... .......... .......... 57% 5.49M 1s
[13.468s]   9000K .......... .......... .......... .......... .......... 57% 25.6M 1s
[13.472s]   9050K .......... .......... .......... .......... .......... 58% 11.2M 1s
[13.475s]   9100K .......... .......... .......... .......... .......... 58% 16.4M 1s
[13.482s]   9150K .......... .......... .......... .......... .......... 58% 8.08M 1s
[13.483s]   9200K .......... .......... .......... .......... .......... 59% 25.1M 1s
[13.489s]   9250K .......... .......... .......... .......... .......... 59% 8.96M 1s
[13.492s]   9300K .......... .......... .......... .......... .......... 59% 15.1M 1s
[13.498s]   9350K .......... .......... .......... .......... .......... 60% 8.70M 1s
[13.510s]   9400K .......... .......... .......... .......... .......... 60% 4.01M 1s
[13.510s]   9450K .......... .......... .......... .......... .......... 60% 89.8M 1s
[13.519s]   9500K .......... .......... .......... .......... .......... 61% 5.98M 1s
[13.520s]   9550K .......... .......... .......... .......... .......... 61%  128M 1s
[13.523s]   9600K .......... .......... .......... .......... .......... 61% 10.9M 1s
[13.529s]   9650K .......... .......... .......... .......... .......... 62% 9.63M 1s
[13.532s]   9700K .......... .......... .......... .......... .......... 62% 14.0M 1s
[13.536s]   9750K .......... .......... .......... .......... .......... 62% 12.2M 1s
[13.541s]   9800K .......... .......... .......... .......... .......... 63% 9.44M 1s
[13.542s]   9850K .......... .......... .......... .......... .......... 63% 58.3M 0s
[13.547s]   9900K .......... .......... .......... .......... .......... 63% 8.92M 0s
[13.552s]   9950K .......... .......... .......... .......... .......... 63% 10.5M 0s
[13.554s]  10000K .......... .......... .......... .......... .......... 64% 19.9M 0s
[13.561s]  10050K .......... .......... .......... .......... .......... 64% 7.39M 0s
[13.564s]  10100K .......... .......... .......... .......... .......... 64% 18.6M 0s
[13.572s]  10150K .......... .......... .......... .......... .......... 65% 6.91M 0s
[13.578s]  10200K .......... .......... .......... .......... .......... 65% 6.85M 0s
[13.579s]  10250K .......... .......... .......... .......... .......... 65% 33.1M 0s
[13.589s]  10300K .......... .......... .......... .......... .......... 66% 5.38M 0s
[13.589s]  10350K .......... .......... .......... .......... .......... 66%  137M 0s
[13.598s]  10400K .......... .......... .......... .......... .......... 66% 5.58M 0s
[13.599s]  10450K .......... .......... .......... .......... .......... 67% 34.5M 0s
[13.605s]  10500K .......... .......... .......... .......... .......... 67% 8.24M 0s
[13.609s]  10550K .......... .......... .......... .......... .......... 67% 12.5M 0s
[13.616s]  10600K .......... .......... .......... .......... .......... 68% 7.42M 0s
[13.623s]  10650K .......... .......... .......... .......... .......... 68% 6.65M 0s
[13.624s]  10700K .......... .......... .......... .......... .......... 68% 37.7M 0s
[13.628s]  10750K .......... .......... .......... .......... .......... 69% 15.7M 0s
[13.632s]  10800K .......... .......... .......... .......... .......... 69% 10.7M 0s
[13.637s]  10850K .......... .......... .......... .......... .......... 69% 10.6M 0s
[13.639s]  10900K .......... .......... .......... .......... .......... 70% 15.7M 0s
[13.646s]  10950K .......... .......... .......... .......... .......... 70% 16.0M 0s
[13.650s]  11000K .......... .......... .......... .......... .......... 70% 6.84M 0s
[13.653s]  11050K .......... .......... .......... .......... .......... 71% 16.5M 0s
[13.655s]  11100K .......... .......... .......... .......... .......... 71% 21.9M 0s
[13.663s]  11150K .......... .......... .......... .......... .......... 71% 6.50M 0s
[13.673s]  11200K .......... .......... .......... .......... .......... 71% 4.71M 0s
[13.674s]  11250K .......... .......... .......... .......... .......... 72% 97.0M 0s
[13.674s]  11300K .......... .......... .......... .......... .......... 72%  146M 0s
[13.681s]  11350K .......... .......... .......... .......... .......... 72% 6.93M 0s
[13.683s]  11400K .......... .......... .......... .......... .......... 73% 22.4M 0s
[13.689s]  11450K .......... .......... .......... .......... .......... 73% 7.43M 0s
[13.696s]  11500K .......... .......... .......... .......... .......... 73% 7.53M 0s
[13.700s]  11550K .......... .......... .......... .......... .......... 74% 13.2M 0s
[13.704s]  11600K .......... .......... .......... .......... .......... 74% 13.0M 0s
[13.706s]  11650K .......... .......... .......... .......... .......... 74% 18.8M 0s
[13.715s]  11700K .......... .......... .......... .......... .......... 75% 5.65M 0s
[13.715s]  11750K .......... .......... .......... .......... .......... 75% 95.5M 0s
[13.720s]  11800K .......... .......... .......... .......... .......... 75% 11.8M 0s
[13.722s]  11850K .......... .......... .......... .......... .......... 76% 17.4M 0s
[13.728s]  11900K .......... .......... .......... .......... .......... 76% 9.78M 0s
[13.733s]  11950K .......... .......... .......... .......... .......... 76% 7.92M 0s
[13.736s]  12000K .......... .......... .......... .......... .......... 77% 21.2M 0s
[13.741s]  12050K .......... .......... .......... .......... .......... 77% 9.55M 0s
[13.743s]  12100K .......... .......... .......... .......... .......... 77% 19.9M 0s
[13.750s]  12150K .......... .......... .......... .......... .......... 78% 7.75M 0s
[13.754s]  12200K .......... .......... .......... .......... .......... 78% 10.2M 0s
[13.757s]  12250K .......... .......... .......... .......... .......... 78% 14.8M 0s
[13.765s]  12300K .......... .......... .......... .......... .......... 79% 6.52M 0s
[13.768s]  12350K .......... .......... .......... .......... .......... 79% 15.0M 0s
[13.773s]  12400K .......... .......... .......... .......... .......... 79% 9.73M 0s
[13.777s]  12450K .......... .......... .......... .......... .......... 79% 13.1M 0s
[13.781s]  12500K .......... .......... .......... .......... .......... 80% 13.0M 0s
[13.786s]  12550K .......... .......... .......... .......... .......... 80% 8.78M 0s
[13.801s]  12600K .......... .......... .......... .......... .......... 80% 3.64M 0s
[13.802s]  12650K .......... .......... .......... .......... .......... 81%  114M 0s
[13.805s]  12700K .......... .......... .......... .......... .......... 81% 9.62M 0s
[13.808s]  12750K .......... .......... .......... .......... .......... 81% 17.0M 0s
[13.817s]  12800K .......... .......... .......... .......... .......... 82% 5.98M 0s
[13.818s]  12850K .......... .......... .......... .......... .......... 82% 32.8M 0s
[13.823s]  12900K .......... .......... .......... .......... .......... 82% 10.5M 0s
[13.823s]  12950K .......... .......... .......... .......... .......... 83% 90.7M 0s
[13.843s]  13000K .......... .......... .......... .......... .......... 83% 2.53M 0s
[13.843s]  13050K .......... .......... .......... .......... .......... 83%  101M 0s
[13.847s]  13100K .......... .......... .......... .......... .......... 84% 12.1M 0s
[13.855s]  13150K .......... .......... .......... .......... .......... 84% 6.72M 0s
[13.855s]  13200K .......... .......... .......... .......... .......... 84% 50.1M 0s
[13.867s]  13250K .......... .......... .......... .......... .......... 85% 4.24M 0s
[13.868s]  13300K .......... .......... .......... .......... .......... 85% 98.5M 0s
[13.871s]  13350K .......... .......... .......... .......... .......... 85% 12.0M 0s
[13.873s]  13400K .......... .......... .......... .......... .......... 86% 23.6M 0s
[13.876s]  13450K .......... .......... .......... .......... .......... 86% 16.8M 0s
[13.884s]  13500K .......... .......... .......... .......... .......... 86% 6.55M 0s
[13.888s]  13550K .......... .......... .......... .......... .......... 87% 11.4M 0s
[13.890s]  13600K .......... .......... .......... .......... .......... 87% 23.5M 0s
[13.903s]  13650K .......... .......... .......... .......... .......... 87% 4.05M 0s
[13.903s]  13700K .......... .......... .......... .......... .......... 87% 70.1M 0s
[13.907s]  13750K .......... .......... .......... .......... .......... 88% 13.2M 0s
[13.913s]  13800K .......... .......... .......... .......... .......... 88% 7.35M 0s
[13.915s]  13850K .......... .......... .......... .......... .......... 88% 21.7M 0s
[13.925s]  13900K .......... .......... .......... .......... .......... 89% 4.89M 0s
[13.926s]  13950K .......... .......... .......... .......... .......... 89%  114M 0s
[13.930s]  14000K .......... .......... .......... .......... .......... 89% 12.1M 0s
[13.935s]  14050K .......... .......... .......... .......... .......... 90% 9.30M 0s
[13.938s]  14100K .......... .......... .......... .......... .......... 90% 15.9M 0s
[13.942s]  14150K .......... .......... .......... .......... .......... 90% 14.0M 0s
[13.948s]  14200K .......... .......... .......... .......... .......... 91% 7.57M 0s
[13.950s]  14250K .......... .......... .......... .......... .......... 91% 21.1M 0s
[13.957s]  14300K .......... .......... .......... .......... .......... 91% 7.70M 0s
[13.959s]  14350K .......... .......... .......... .......... .......... 92% 24.1M 0s
[13.964s]  14400K .......... .......... .......... .......... .......... 92% 12.6M 0s
[13.968s]  14450K .......... .......... .......... .......... .......... 92% 25.1M 0s
[13.970s]  14500K .......... .......... .......... .......... .......... 93% 8.24M 0s
[13.979s]  14550K .......... .......... .......... .......... .......... 93% 6.22M 0s
[13.987s]  14600K .......... .......... .......... .......... .......... 93% 7.79M 0s
[13.987s]  14650K .......... .......... .......... .......... .......... 94% 47.7M 0s
[13.991s]  14700K .......... .......... .......... .......... .......... 94% 8.99M 0s
[13.994s]  14750K .......... .......... .......... .......... .......... 94% 15.9M 0s
[14.002s]  14800K .......... .......... .......... .......... .......... 95% 6.12M 0s
[14.004s]  14850K .......... .......... .......... .......... .......... 95% 96.9M 0s
[14.005s]  14900K .......... .......... .......... .......... .......... 95% 16.4M 0s
[14.014s]  14950K .......... .......... .......... .......... .......... 95% 7.56M 0s
[14.020s]  15000K .......... .......... .......... .......... .......... 96% 5.98M 0s
[14.021s]  15050K .......... .......... .......... .......... .......... 96% 75.3M 0s
[14.028s]  15100K .......... .......... .......... .......... .......... 96% 6.77M 0s
[14.030s]  15150K .......... .......... .......... .......... .......... 97% 26.7M 0s
[14.036s]  15200K .......... .......... .......... .......... .......... 97% 9.67M 0s
[14.041s]  15250K .......... .......... .......... .......... .......... 97% 9.52M 0s
[14.041s]  15300K .......... .......... .......... .......... .......... 98%  100M 0s
[14.048s]  15350K .......... .......... .......... .......... .......... 98% 8.47M 0s
[14.052s]  15400K .......... .......... .......... .......... .......... 98% 10.2M 0s
[14.054s]  15450K .......... .......... .......... .......... .......... 99% 15.2M 0s
[14.061s]  15500K .......... .......... .......... .......... .......... 99% 8.70M 0s
[14.066s]  15550K .......... .......... .......... .......... .......... 99% 8.76M 0s
[14.067s]  15600K .......... .......... .....                           100% 50.2M=1.4s
[14.067s] 
[14.068s] 2026-04-19 02:55:50 (11.0 MB/s) - ‘/home/kanika/kanika/build/multirobot_map_merge/2012-01-28-11-12-01.pgm’ saved [16000058/16000058]
[14.068s] 
[14.069s] Checking MD5 sum of /home/kanika/kanika/build/multirobot_map_merge/2012-01-28-11-12-01.pgm
[14.148s] /home/kanika/kanika/build/multirobot_map_merge/2012-01-28-11-12-01.pgm: OK
[14.179s] -- Found gtest sources under '/opt/ros/jazzy/src/gtest_vendor': C++ tests using 'Google Test' will be built
[14.197s] -- Found Threads: TRUE  
[14.238s] -- Added test 'cppcheck' to perform static code analysis on C / C++ code
[14.241s] -- Configured cppcheck include dirs: /home/kanika/kanika/src/m-explore-ros2/map_merge/include;$<BUILD_INTERFACE:/home/kanika/kanika/src/m-explore-ros2/map_merge/include>
[14.241s] -- Configured cppcheck exclude dirs and/or files: 
[14.248s] -- Added test 'flake8' to check Python code syntax and style conventions
[14.249s] -- Configured 'flake8' exclude dirs and/or files: 
[14.257s] -- Added test 'lint_cmake' to check CMake code style
[14.264s] -- Added test 'pep257' to check Python code against some of the docstring style conventions in PEP 257
[14.278s] -- Added test 'uncrustify' to check C / C++ code style
[14.278s] -- Configured uncrustify additional arguments: 
[14.286s] -- Added test 'xmllint' to check XML markup files
[14.306s] -- Configuring done (13.7s)
[14.726s] -- Generating done (0.3s)
[14.770s] -- Build files have been written to: /home/kanika/kanika/build/multirobot_map_merge
[14.808s] Invoked command in '/home/kanika/kanika/build/multirobot_map_merge' returned '0': CMAKE_PREFIX_PATH=${CMAKE_PREFIX_PATH}:/home/kanika/kanika/install/turtlebot3_teleop:/home/kanika/kanika/install/turtlebot3_example:/home/kanika/tb3_ws/install/turtlebot3_teleop:/home/kanika/tb3_ws/install/turtlebot3_example:/opt/ros/jazzy /usr/bin/cmake /home/kanika/kanika/src/m-explore-ros2/map_merge -DAMENT_CMAKE_SYMLINK_INSTALL=1 -DCMAKE_INSTALL_PREFIX=/home/kanika/kanika/install/multirobot_map_merge
[14.813s] Invoking command in '/home/kanika/kanika/build/multirobot_map_merge': CMAKE_PREFIX_PATH=${CMAKE_PREFIX_PATH}:/home/kanika/kanika/install/turtlebot3_teleop:/home/kanika/kanika/install/turtlebot3_example:/home/kanika/tb3_ws/install/turtlebot3_teleop:/home/kanika/tb3_ws/install/turtlebot3_example:/opt/ros/jazzy /usr/bin/cmake --build /home/kanika/kanika/build/multirobot_map_merge -- -j8 -l8
[15.027s] [ 16%] [32mBuilding CXX object CMakeFiles/combine_grids.dir/src/combine_grids/grid_warper.cpp.o[0m
[15.027s] [ 16%] [32mBuilding CXX object gtest/CMakeFiles/gtest_main.dir/src/gtest_main.cc.o[0m
[15.031s] [ 33%] [32mBuilding CXX object CMakeFiles/combine_grids.dir/src/combine_grids/grid_compositor.cpp.o[0m
[15.032s] [ 33%] [32mBuilding CXX object gtest/CMakeFiles/gtest.dir/src/gtest-all.cc.o[0m
[15.033s] [ 41%] [32mBuilding CXX object CMakeFiles/combine_grids.dir/src/combine_grids/merging_pipeline.cpp.o[0m
[19.744s] [ 50%] [32m[1mLinking CXX static library libgtest_main.a[0m
[19.885s] [ 50%] Built target gtest_main
[28.339s] [ 58%] [32m[1mLinking CXX static library libgtest.a[0m
[28.472s] [ 66%] [32m[1mLinking CXX static library libcombine_grids.a[0m
[28.513s] [ 66%] Built target gtest
[28.583s] [ 66%] Built target combine_grids
[28.633s] [ 75%] [32mBuilding CXX object CMakeFiles/test_merging_pipeline.dir/test/test_merging_pipeline.cpp.o[0m
[28.634s] [ 83%] [32mBuilding CXX object CMakeFiles/map_merge.dir/src/map_merge.cpp.o[0m
[45.219s] [ 91%] [32m[1mLinking CXX executable test_merging_pipeline[0m
[47.896s] [ 91%] Built target test_merging_pipeline
[62.735s] [100%] [32m[1mLinking CXX executable map_merge[0m
[64.510s] [100%] Built target map_merge
[64.531s] Invoked command in '/home/kanika/kanika/build/multirobot_map_merge' returned '0': CMAKE_PREFIX_PATH=${CMAKE_PREFIX_PATH}:/home/kanika/kanika/install/turtlebot3_teleop:/home/kanika/kanika/install/turtlebot3_example:/home/kanika/tb3_ws/install/turtlebot3_teleop:/home/kanika/tb3_ws/install/turtlebot3_example:/opt/ros/jazzy /usr/bin/cmake --build /home/kanika/kanika/build/multirobot_map_merge -- -j8 -l8
[64.533s] Invoking command in '/home/kanika/kanika/build/multirobot_map_merge': CMAKE_PREFIX_PATH=${CMAKE_PREFIX_PATH}:/home/kanika/kanika/install/turtlebot3_teleop:/home/kanika/kanika/install/turtlebot3_example:/home/kanika/tb3_ws/install/turtlebot3_teleop:/home/kanika/tb3_ws/install/turtlebot3_example:/opt/ros/jazzy /usr/bin/cmake --install /home/kanika/kanika/build/multirobot_map_merge
[64.545s] -- Install configuration: ""
[64.546s] -- Execute custom install script
[64.548s] -- Symlinking: /home/kanika/kanika/install/multirobot_map_merge/include/map_merge//map_merge.h
[64.562s] -- Symlinking: /home/kanika/kanika/install/multirobot_map_merge/include/map_merge//ros1_names.hpp
[64.578s] -- Symlinking: /home/kanika/kanika/install/multirobot_map_merge/share/multirobot_map_merge/launch/from_map_server.launch.py
[64.595s] -- Symlinking: /home/kanika/kanika/install/multirobot_map_merge/share/multirobot_map_merge/launch/map_merge.launch.py
[64.611s] -- Symlinking: /home/kanika/kanika/install/multirobot_map_merge/share/multirobot_map_merge/launch/map_merge.rviz
[64.630s] -- Symlinking: /home/kanika/kanika/install/multirobot_map_merge/share/multirobot_map_merge/launch/tb3_simulation/bringup_launch.py
[64.645s] -- Symlinking: /home/kanika/kanika/install/multirobot_map_merge/share/multirobot_map_merge/launch/tb3_simulation/config/nav2_multirobot_params_1.yaml
[64.661s] -- Symlinking: /home/kanika/kanika/install/multirobot_map_merge/share/multirobot_map_merge/launch/tb3_simulation/config/nav2_multirobot_params_2.yaml
[64.676s] -- Symlinking: /home/kanika/kanika/install/multirobot_map_merge/share/multirobot_map_merge/launch/tb3_simulation/multi_tb3_simulation_launch.py
[64.694s] -- Symlinking: /home/kanika/kanika/install/multirobot_map_merge/share/multirobot_map_merge/launch/tb3_simulation/slam_toolbox.py
[64.710s] -- Symlinking: /home/kanika/kanika/install/multirobot_map_merge/share/multirobot_map_merge/launch/tb3_simulation/tb3_simulation_launch.py
[64.730s] -- Symlinking: /home/kanika/kanika/install/multirobot_map_merge/share/multirobot_map_merge/launch/tb3_simulation/worlds/world_only.model
[64.744s] -- Symlinking: /home/kanika/kanika/install/multirobot_map_merge/share/multirobot_map_merge/config/params.yaml
[64.764s] -- Symlinking: /home/kanika/kanika/install/multirobot_map_merge/lib/multirobot_map_merge/map_merge
[64.779s] -- Symlinking: /home/kanika/kanika/install/multirobot_map_merge/share/multirobot_map_merge/environment/library_path.sh
[64.793s] -- Symlinking: /home/kanika/kanika/install/multirobot_map_merge/share/multirobot_map_merge/environment/library_path.dsv
[64.810s] -- Symlinking: /home/kanika/kanika/install/multirobot_map_merge/share/ament_index/resource_index/package_run_dependencies/multirobot_map_merge
[64.824s] -- Symlinking: /home/kanika/kanika/install/multirobot_map_merge/share/ament_index/resource_index/parent_prefix_path/multirobot_map_merge
[64.838s] -- Symlinking: /home/kanika/kanika/install/multirobot_map_merge/share/multirobot_map_merge/environment/ament_prefix_path.sh
[64.856s] -- Symlinking: /home/kanika/kanika/install/multirobot_map_merge/share/multirobot_map_merge/environment/ament_prefix_path.dsv
[64.869s] -- Symlinking: /home/kanika/kanika/install/multirobot_map_merge/share/multirobot_map_merge/environment/path.sh
[64.888s] -- Symlinking: /home/kanika/kanika/install/multirobot_map_merge/share/multirobot_map_merge/environment/path.dsv
[64.908s] -- Symlinking: /home/kanika/kanika/install/multirobot_map_merge/share/multirobot_map_merge/local_setup.bash
[64.922s] -- Symlinking: /home/kanika/kanika/install/multirobot_map_merge/share/multirobot_map_merge/local_setup.sh
[64.935s] -- Symlinking: /home/kanika/kanika/install/multirobot_map_merge/share/multirobot_map_merge/local_setup.zsh
[64.951s] -- Symlinking: /home/kanika/kanika/install/multirobot_map_merge/share/multirobot_map_merge/local_setup.dsv
[64.966s] -- Symlinking: /home/kanika/kanika/install/multirobot_map_merge/share/multirobot_map_merge/package.dsv
[64.983s] -- Symlinking: /home/kanika/kanika/install/multirobot_map_merge/share/ament_index/resource_index/packages/multirobot_map_merge
[65.002s] -- Symlinking: /home/kanika/kanika/install/multirobot_map_merge/share/multirobot_map_merge/cmake/ament_cmake_export_include_directories-extras.cmake
[65.018s] -- Symlinking: /home/kanika/kanika/install/multirobot_map_merge/share/multirobot_map_merge/cmake/ament_cmake_export_libraries-extras.cmake
[65.032s] -- Symlinking: /home/kanika/kanika/install/multirobot_map_merge/share/multirobot_map_merge/cmake/multirobot_map_mergeConfig.cmake
[65.053s] -- Symlinking: /home/kanika/kanika/install/multirobot_map_merge/share/multirobot_map_merge/cmake/multirobot_map_mergeConfig-version.cmake
[65.074s] -- Symlinking: /home/kanika/kanika/install/multirobot_map_merge/share/multirobot_map_merge/package.xml
[65.089s] -- Installing: /home/kanika/kanika/install/multirobot_map_merge/lib/libcombine_grids.a
[65.094s] Invoked command in '/home/kanika/kanika/build/multirobot_map_merge' returned '0': CMAKE_PREFIX_PATH=${CMAKE_PREFIX_PATH}:/home/kanika/kanika/install/turtlebot3_teleop:/home/kanika/kanika/install/turtlebot3_example:/home/kanika/tb3_ws/install/turtlebot3_teleop:/home/kanika/tb3_ws/install/turtlebot3_example:/opt/ros/jazzy /usr/bin/cmake --install /home/kanika/kanika/build/multirobot_map_merge
