[0.093s] Invoking command in '/home/kanika/kanika/build/turtlebot3_node': CMAKE_PREFIX_PATH=${CMAKE_PREFIX_PATH}:/home/kanika/kanika/install/turtlebot3_teleop:/home/kanika/kanika/install/turtlebot3_example:/home/kanika/tb3_ws/install/turtlebot3_teleop:/home/kanika/tb3_ws/install/turtlebot3_example:/opt/ros/jazzy /usr/bin/cmake --build /home/kanika/kanika/build/turtlebot3_node -- -j8 -l8
[0.595s] -- Found ament_cmake: 2.5.5 (/opt/ros/jazzy/share/ament_cmake/cmake)
[0.848s] -- Override CMake install command with custom implementation using symlinks instead of copying resources
[0.872s] -- Found dynamixel_sdk: 4.0.3 (/opt/ros/jazzy/share/dynamixel_sdk/cmake)
[0.884s] -- Found geometry_msgs: 5.3.6 (/opt/ros/jazzy/share/geometry_msgs/cmake)
[1.630s] -- Found rosidl_generator_c: 4.6.7 (/opt/ros/jazzy/share/rosidl_generator_c/cmake)
[1.656s] -- Found rosidl_generator_cpp: 4.6.7 (/opt/ros/jazzy/share/rosidl_generator_cpp/cmake)
[1.692s] -- Using all available rosidl_typesupport_c: rosidl_typesupport_fastrtps_c;rosidl_typesupport_introspection_c
[1.734s] -- Using all available rosidl_typesupport_cpp: rosidl_typesupport_fastrtps_cpp;rosidl_typesupport_introspection_cpp
[1.862s] -- Found message_filters: 4.11.10 (/opt/ros/jazzy/share/message_filters/cmake)
[1.977s] -- Found rmw_implementation_cmake: 7.3.3 (/opt/ros/jazzy/share/rmw_implementation_cmake/cmake)
[1.981s] -- Found rmw_fastrtps_cpp: 8.4.3 (/opt/ros/jazzy/share/rmw_fastrtps_cpp/cmake)
[2.425s] -- Using RMW implementation 'rmw_fastrtps_cpp' as default
[2.758s] -- Found nav_msgs: 5.3.6 (/opt/ros/jazzy/share/nav_msgs/cmake)
[2.836s] -- Found sensor_msgs: 5.3.6 (/opt/ros/jazzy/share/sensor_msgs/cmake)
[2.902s] -- Found std_srvs: 5.3.6 (/opt/ros/jazzy/share/std_srvs/cmake)
[2.952s] -- Found tf2: 0.36.19 (/opt/ros/jazzy/share/tf2/cmake)
[2.960s] -- Found tf2_ros: 0.36.19 (/opt/ros/jazzy/share/tf2_ros/cmake)
[3.249s] -- Found turtlebot3_msgs: 2.4.0 (/opt/ros/jazzy/share/turtlebot3_msgs/cmake)
[3.557s] -- Configuring done (3.2s)
[3.624s] -- Generating done (0.0s)
[3.641s] -- Build files have been written to: /home/kanika/kanika/build/turtlebot3_node
[3.822s] [ 85%] Built target turtlebot3_node_lib
[3.877s] [100%] Built target turtlebot3_ros
[3.904s] Invoked command in '/home/kanika/kanika/build/turtlebot3_node' returned '0': CMAKE_PREFIX_PATH=${CMAKE_PREFIX_PATH}:/home/kanika/kanika/install/turtlebot3_teleop:/home/kanika/kanika/install/turtlebot3_example:/home/kanika/tb3_ws/install/turtlebot3_teleop:/home/kanika/tb3_ws/install/turtlebot3_example:/opt/ros/jazzy /usr/bin/cmake --build /home/kanika/kanika/build/turtlebot3_node -- -j8 -l8
[3.907s] Invoking command in '/home/kanika/kanika/build/turtlebot3_node': CMAKE_PREFIX_PATH=${CMAKE_PREFIX_PATH}:/home/kanika/kanika/install/turtlebot3_teleop:/home/kanika/kanika/install/turtlebot3_example:/home/kanika/tb3_ws/install/turtlebot3_teleop:/home/kanika/tb3_ws/install/turtlebot3_example:/opt/ros/jazzy /usr/bin/cmake --install /home/kanika/kanika/build/turtlebot3_node
[3.925s] -- Install configuration: ""
[3.925s] -- Execute custom install script
[3.931s] -- Up-to-date symlink: /home/kanika/kanika/install/turtlebot3_node/share/turtlebot3_node/param/burger.yaml
[3.931s] -- Up-to-date symlink: /home/kanika/kanika/install/turtlebot3_node/share/turtlebot3_node/param/waffle.yaml
[3.932s] -- Up-to-date symlink: /home/kanika/kanika/install/turtlebot3_node/share/turtlebot3_node/param/waffle_pi.yaml
[3.933s] -- Up-to-date symlink: /home/kanika/kanika/install/turtlebot3_node/lib/turtlebot3_node/turtlebot3_ros
[3.934s] -- Up-to-date symlink: /home/kanika/kanika/install/turtlebot3_node/share/ament_index/resource_index/package_run_dependencies/turtlebot3_node
[3.935s] -- Up-to-date symlink: /home/kanika/kanika/install/turtlebot3_node/share/ament_index/resource_index/parent_prefix_path/turtlebot3_node
[3.936s] -- Up-to-date symlink: /home/kanika/kanika/install/turtlebot3_node/share/turtlebot3_node/environment/ament_prefix_path.sh
[3.937s] -- Up-to-date symlink: /home/kanika/kanika/install/turtlebot3_node/share/turtlebot3_node/environment/ament_prefix_path.dsv
[3.938s] -- Up-to-date symlink: /home/kanika/kanika/install/turtlebot3_node/share/turtlebot3_node/environment/path.sh
[3.939s] -- Up-to-date symlink: /home/kanika/kanika/install/turtlebot3_node/share/turtlebot3_node/environment/path.dsv
[3.940s] -- Up-to-date symlink: /home/kanika/kanika/install/turtlebot3_node/share/turtlebot3_node/local_setup.bash
[3.941s] -- Up-to-date symlink: /home/kanika/kanika/install/turtlebot3_node/share/turtlebot3_node/local_setup.sh
[3.942s] -- Up-to-date symlink: /home/kanika/kanika/install/turtlebot3_node/share/turtlebot3_node/local_setup.zsh
[3.942s] -- Up-to-date symlink: /home/kanika/kanika/install/turtlebot3_node/share/turtlebot3_node/local_setup.dsv
[3.942s] -- Symlinking: /home/kanika/kanika/install/turtlebot3_node/share/turtlebot3_node/package.dsv
[3.962s] -- Up-to-date symlink: /home/kanika/kanika/install/turtlebot3_node/share/ament_index/resource_index/packages/turtlebot3_node
[3.963s] -- Up-to-date symlink: /home/kanika/kanika/install/turtlebot3_node/share/turtlebot3_node/cmake/ament_cmake_export_dependencies-extras.cmake
[3.964s] -- Up-to-date symlink: /home/kanika/kanika/install/turtlebot3_node/share/turtlebot3_node/cmake/ament_cmake_export_include_directories-extras.cmake
[3.964s] -- Up-to-date symlink: /home/kanika/kanika/install/turtlebot3_node/share/turtlebot3_node/cmake/turtlebot3_nodeConfig.cmake
[3.966s] -- Up-to-date symlink: /home/kanika/kanika/install/turtlebot3_node/share/turtlebot3_node/cmake/turtlebot3_nodeConfig-version.cmake
[3.966s] -- Up-to-date symlink: /home/kanika/kanika/install/turtlebot3_node/share/turtlebot3_node/package.xml
[3.970s] Invoked command in '/home/kanika/kanika/build/turtlebot3_node' returned '0': CMAKE_PREFIX_PATH=${CMAKE_PREFIX_PATH}:/home/kanika/kanika/install/turtlebot3_teleop:/home/kanika/kanika/install/turtlebot3_example:/home/kanika/tb3_ws/install/turtlebot3_teleop:/home/kanika/tb3_ws/install/turtlebot3_example:/opt/ros/jazzy /usr/bin/cmake --install /home/kanika/kanika/build/turtlebot3_node
