[0.527s] Invoking command in '/home/kanika/kanika/build/turtlebot3_fake_node': CMAKE_PREFIX_PATH=${CMAKE_PREFIX_PATH}:/home/kanika/kanika/install/turtlebot3_teleop:/home/kanika/kanika/install/turtlebot3_example:/home/kanika/tb3_ws/install/turtlebot3_teleop:/home/kanika/tb3_ws/install/turtlebot3_example:/opt/ros/jazzy /usr/bin/cmake --build /home/kanika/kanika/build/turtlebot3_fake_node -- -j8 -l8
[0.626s] -- Found ament_cmake: 2.5.5 (/opt/ros/jazzy/share/ament_cmake/cmake)
[1.180s] -- Override CMake install command with custom implementation using symlinks instead of copying resources
[1.199s] -- Found geometry_msgs: 5.3.6 (/opt/ros/jazzy/share/geometry_msgs/cmake)
[1.579s] -- Found rosidl_generator_c: 4.6.7 (/opt/ros/jazzy/share/rosidl_generator_c/cmake)
[1.604s] -- Found rosidl_generator_cpp: 4.6.7 (/opt/ros/jazzy/share/rosidl_generator_cpp/cmake)
[1.641s] -- Using all available rosidl_typesupport_c: rosidl_typesupport_fastrtps_c;rosidl_typesupport_introspection_c
[1.683s] -- Using all available rosidl_typesupport_cpp: rosidl_typesupport_fastrtps_cpp;rosidl_typesupport_introspection_cpp
[1.811s] -- Found nav_msgs: 5.3.6 (/opt/ros/jazzy/share/nav_msgs/cmake)
[1.891s] -- Found rclcpp: 28.1.16 (/opt/ros/jazzy/share/rclcpp/cmake)
[1.961s] -- Found rmw_implementation_cmake: 7.3.3 (/opt/ros/jazzy/share/rmw_implementation_cmake/cmake)
[1.967s] -- Found rmw_fastrtps_cpp: 8.4.3 (/opt/ros/jazzy/share/rmw_fastrtps_cpp/cmake)
[2.405s] -- Using RMW implementation 'rmw_fastrtps_cpp' as default
[2.701s] -- Found sensor_msgs: 5.3.6 (/opt/ros/jazzy/share/sensor_msgs/cmake)
[2.786s] -- Found tf2: 0.36.19 (/opt/ros/jazzy/share/tf2/cmake)
[2.795s] -- Found tf2_msgs: 0.36.19 (/opt/ros/jazzy/share/tf2_msgs/cmake)
[2.965s] -- Found turtlebot3_msgs: 2.4.0 (/opt/ros/jazzy/share/turtlebot3_msgs/cmake)
[3.338s] -- Configuring done (2.7s)
[3.385s] -- Generating done (0.0s)
[3.399s] -- Build files have been written to: /home/kanika/kanika/build/turtlebot3_fake_node
[3.614s] [100%] Built target turtlebot3_fake_node
[3.637s] Invoked command in '/home/kanika/kanika/build/turtlebot3_fake_node' returned '0': CMAKE_PREFIX_PATH=${CMAKE_PREFIX_PATH}:/home/kanika/kanika/install/turtlebot3_teleop:/home/kanika/kanika/install/turtlebot3_example:/home/kanika/tb3_ws/install/turtlebot3_teleop:/home/kanika/tb3_ws/install/turtlebot3_example:/opt/ros/jazzy /usr/bin/cmake --build /home/kanika/kanika/build/turtlebot3_fake_node -- -j8 -l8
[3.641s] Invoking command in '/home/kanika/kanika/build/turtlebot3_fake_node': CMAKE_PREFIX_PATH=${CMAKE_PREFIX_PATH}:/home/kanika/kanika/install/turtlebot3_teleop:/home/kanika/kanika/install/turtlebot3_example:/home/kanika/tb3_ws/install/turtlebot3_teleop:/home/kanika/tb3_ws/install/turtlebot3_example:/opt/ros/jazzy /usr/bin/cmake --install /home/kanika/kanika/build/turtlebot3_fake_node
[3.656s] -- Install configuration: ""
[3.656s] -- Execute custom install script
[3.657s] -- Up-to-date symlink: /home/kanika/kanika/install/turtlebot3_fake_node/lib/turtlebot3_fake_node/turtlebot3_fake_node
[3.660s] -- Up-to-date symlink: /home/kanika/kanika/install/turtlebot3_fake_node/share/turtlebot3_fake_node/launch/rviz2.launch.py
[3.661s] -- Up-to-date symlink: /home/kanika/kanika/install/turtlebot3_fake_node/share/turtlebot3_fake_node/launch/turtlebot3_fake_node.launch.py
[3.663s] -- Up-to-date symlink: /home/kanika/kanika/install/turtlebot3_fake_node/share/turtlebot3_fake_node/param/burger.yaml
[3.664s] -- Up-to-date symlink: /home/kanika/kanika/install/turtlebot3_fake_node/share/turtlebot3_fake_node/param/waffle.yaml
[3.665s] -- Up-to-date symlink: /home/kanika/kanika/install/turtlebot3_fake_node/share/turtlebot3_fake_node/param/waffle_pi.yaml
[3.667s] -- Up-to-date symlink: /home/kanika/kanika/install/turtlebot3_fake_node/include//turtlebot3_fake_node/turtlebot3_fake_node.hpp
[3.668s] -- Up-to-date symlink: /home/kanika/kanika/install/turtlebot3_fake_node/share/ament_index/resource_index/package_run_dependencies/turtlebot3_fake_node
[3.669s] -- Up-to-date symlink: /home/kanika/kanika/install/turtlebot3_fake_node/share/ament_index/resource_index/parent_prefix_path/turtlebot3_fake_node
[3.670s] -- Up-to-date symlink: /home/kanika/kanika/install/turtlebot3_fake_node/share/turtlebot3_fake_node/environment/ament_prefix_path.sh
[3.671s] -- Up-to-date symlink: /home/kanika/kanika/install/turtlebot3_fake_node/share/turtlebot3_fake_node/environment/ament_prefix_path.dsv
[3.672s] -- Up-to-date symlink: /home/kanika/kanika/install/turtlebot3_fake_node/share/turtlebot3_fake_node/environment/path.sh
[3.672s] -- Up-to-date symlink: /home/kanika/kanika/install/turtlebot3_fake_node/share/turtlebot3_fake_node/environment/path.dsv
[3.673s] -- Up-to-date symlink: /home/kanika/kanika/install/turtlebot3_fake_node/share/turtlebot3_fake_node/local_setup.bash
[3.673s] -- Up-to-date symlink: /home/kanika/kanika/install/turtlebot3_fake_node/share/turtlebot3_fake_node/local_setup.sh
[3.674s] -- Up-to-date symlink: /home/kanika/kanika/install/turtlebot3_fake_node/share/turtlebot3_fake_node/local_setup.zsh
[3.675s] -- Up-to-date symlink: /home/kanika/kanika/install/turtlebot3_fake_node/share/turtlebot3_fake_node/local_setup.dsv
[3.675s] -- Symlinking: /home/kanika/kanika/install/turtlebot3_fake_node/share/turtlebot3_fake_node/package.dsv
[3.695s] -- Up-to-date symlink: /home/kanika/kanika/install/turtlebot3_fake_node/share/ament_index/resource_index/packages/turtlebot3_fake_node
[3.696s] -- Up-to-date symlink: /home/kanika/kanika/install/turtlebot3_fake_node/share/turtlebot3_fake_node/cmake/ament_cmake_export_include_directories-extras.cmake
[3.697s] -- Up-to-date symlink: /home/kanika/kanika/install/turtlebot3_fake_node/share/turtlebot3_fake_node/cmake/ament_cmake_export_dependencies-extras.cmake
[3.698s] -- Up-to-date symlink: /home/kanika/kanika/install/turtlebot3_fake_node/share/turtlebot3_fake_node/cmake/turtlebot3_fake_nodeConfig.cmake
[3.699s] -- Up-to-date symlink: /home/kanika/kanika/install/turtlebot3_fake_node/share/turtlebot3_fake_node/cmake/turtlebot3_fake_nodeConfig-version.cmake
[3.699s] -- Up-to-date symlink: /home/kanika/kanika/install/turtlebot3_fake_node/share/turtlebot3_fake_node/package.xml
[3.702s] Invoked command in '/home/kanika/kanika/build/turtlebot3_fake_node' returned '0': CMAKE_PREFIX_PATH=${CMAKE_PREFIX_PATH}:/home/kanika/kanika/install/turtlebot3_teleop:/home/kanika/kanika/install/turtlebot3_example:/home/kanika/tb3_ws/install/turtlebot3_teleop:/home/kanika/tb3_ws/install/turtlebot3_example:/opt/ros/jazzy /usr/bin/cmake --install /home/kanika/kanika/build/turtlebot3_fake_node
