[0.543s] Invoking command in '/home/kanika/kanika/build/turtlebot3_navigation2': CMAKE_PREFIX_PATH=${CMAKE_PREFIX_PATH}:/home/kanika/kanika/install/turtlebot3_teleop:/home/kanika/kanika/install/turtlebot3_example:/home/kanika/tb3_ws/install/turtlebot3_teleop:/home/kanika/tb3_ws/install/turtlebot3_example:/opt/ros/jazzy /usr/bin/cmake --build /home/kanika/kanika/build/turtlebot3_navigation2 -- -j8 -l8
[1.069s] -- Found ament_cmake: 2.5.5 (/opt/ros/jazzy/share/ament_cmake/cmake)
[1.185s] -- Override CMake install command with custom implementation using symlinks instead of copying resources
[1.404s] -- Configuring done (0.8s)
[1.418s] -- Generating done (0.0s)
[1.424s] -- Build files have been written to: /home/kanika/kanika/build/turtlebot3_navigation2
[1.474s] Invoked command in '/home/kanika/kanika/build/turtlebot3_navigation2' returned '0': CMAKE_PREFIX_PATH=${CMAKE_PREFIX_PATH}:/home/kanika/kanika/install/turtlebot3_teleop:/home/kanika/kanika/install/turtlebot3_example:/home/kanika/tb3_ws/install/turtlebot3_teleop:/home/kanika/tb3_ws/install/turtlebot3_example:/opt/ros/jazzy /usr/bin/cmake --build /home/kanika/kanika/build/turtlebot3_navigation2 -- -j8 -l8
[1.476s] Invoking command in '/home/kanika/kanika/build/turtlebot3_navigation2': CMAKE_PREFIX_PATH=${CMAKE_PREFIX_PATH}:/home/kanika/kanika/install/turtlebot3_teleop:/home/kanika/kanika/install/turtlebot3_example:/home/kanika/tb3_ws/install/turtlebot3_teleop:/home/kanika/tb3_ws/install/turtlebot3_example:/opt/ros/jazzy /usr/bin/cmake --install /home/kanika/kanika/build/turtlebot3_navigation2
[1.491s] -- Install configuration: ""
[1.493s] -- Execute custom install script
[1.493s] -- Up-to-date symlink: /home/kanika/kanika/install/turtlebot3_navigation2/share/turtlebot3_navigation2/launch/navigation2.launch.py
[1.494s] -- Up-to-date symlink: /home/kanika/kanika/install/turtlebot3_navigation2/share/turtlebot3_navigation2/map/map.pgm
[1.495s] -- Up-to-date symlink: /home/kanika/kanika/install/turtlebot3_navigation2/share/turtlebot3_navigation2/map/map.yaml
[1.495s] -- Up-to-date symlink: /home/kanika/kanika/install/turtlebot3_navigation2/share/turtlebot3_navigation2/param/burger.yaml
[1.496s] -- Up-to-date symlink: /home/kanika/kanika/install/turtlebot3_navigation2/share/turtlebot3_navigation2/param/burger_cam.yaml
[1.496s] -- Up-to-date symlink: /home/kanika/kanika/install/turtlebot3_navigation2/share/turtlebot3_navigation2/param/humble/burger.yaml
[1.496s] -- Up-to-date symlink: /home/kanika/kanika/install/turtlebot3_navigation2/share/turtlebot3_navigation2/param/humble/burger_cam.yaml
[1.497s] -- Up-to-date symlink: /home/kanika/kanika/install/turtlebot3_navigation2/share/turtlebot3_navigation2/param/humble/waffle.yaml
[1.497s] -- Up-to-date symlink: /home/kanika/kanika/install/turtlebot3_navigation2/share/turtlebot3_navigation2/param/humble/waffle_pi.yaml
[1.498s] -- Up-to-date symlink: /home/kanika/kanika/install/turtlebot3_navigation2/share/turtlebot3_navigation2/param/waffle.yaml
[1.498s] -- Up-to-date symlink: /home/kanika/kanika/install/turtlebot3_navigation2/share/turtlebot3_navigation2/param/waffle_pi.yaml
[1.500s] -- Up-to-date symlink: /home/kanika/kanika/install/turtlebot3_navigation2/share/turtlebot3_navigation2/rviz/tb3_navigation2.rviz
[1.501s] -- Up-to-date symlink: /home/kanika/kanika/install/turtlebot3_navigation2/share/ament_index/resource_index/package_run_dependencies/turtlebot3_navigation2
[1.501s] -- Up-to-date symlink: /home/kanika/kanika/install/turtlebot3_navigation2/share/ament_index/resource_index/parent_prefix_path/turtlebot3_navigation2
[1.502s] -- Up-to-date symlink: /home/kanika/kanika/install/turtlebot3_navigation2/share/turtlebot3_navigation2/environment/ament_prefix_path.sh
[1.502s] -- Up-to-date symlink: /home/kanika/kanika/install/turtlebot3_navigation2/share/turtlebot3_navigation2/environment/ament_prefix_path.dsv
[1.503s] -- Up-to-date symlink: /home/kanika/kanika/install/turtlebot3_navigation2/share/turtlebot3_navigation2/environment/path.sh
[1.503s] -- Up-to-date symlink: /home/kanika/kanika/install/turtlebot3_navigation2/share/turtlebot3_navigation2/environment/path.dsv
[1.504s] -- Up-to-date symlink: /home/kanika/kanika/install/turtlebot3_navigation2/share/turtlebot3_navigation2/local_setup.bash
[1.505s] -- Up-to-date symlink: /home/kanika/kanika/install/turtlebot3_navigation2/share/turtlebot3_navigation2/local_setup.sh
[1.505s] -- Up-to-date symlink: /home/kanika/kanika/install/turtlebot3_navigation2/share/turtlebot3_navigation2/local_setup.zsh
[1.505s] -- Up-to-date symlink: /home/kanika/kanika/install/turtlebot3_navigation2/share/turtlebot3_navigation2/local_setup.dsv
[1.506s] -- Symlinking: /home/kanika/kanika/install/turtlebot3_navigation2/share/turtlebot3_navigation2/package.dsv
[1.525s] -- Up-to-date symlink: /home/kanika/kanika/install/turtlebot3_navigation2/share/ament_index/resource_index/packages/turtlebot3_navigation2
[1.526s] -- Up-to-date symlink: /home/kanika/kanika/install/turtlebot3_navigation2/share/turtlebot3_navigation2/cmake/turtlebot3_navigation2Config.cmake
[1.526s] -- Up-to-date symlink: /home/kanika/kanika/install/turtlebot3_navigation2/share/turtlebot3_navigation2/cmake/turtlebot3_navigation2Config-version.cmake
[1.527s] -- Up-to-date symlink: /home/kanika/kanika/install/turtlebot3_navigation2/share/turtlebot3_navigation2/package.xml
[1.569s] Invoked command in '/home/kanika/kanika/build/turtlebot3_navigation2' returned '0': CMAKE_PREFIX_PATH=${CMAKE_PREFIX_PATH}:/home/kanika/kanika/install/turtlebot3_teleop:/home/kanika/kanika/install/turtlebot3_example:/home/kanika/tb3_ws/install/turtlebot3_teleop:/home/kanika/tb3_ws/install/turtlebot3_example:/opt/ros/jazzy /usr/bin/cmake --install /home/kanika/kanika/build/turtlebot3_navigation2
