running develop
running egg_info
creating autonomous_exploration.egg-info
writing autonomous_exploration.egg-info/PKG-INFO
writing dependency_links to autonomous_exploration.egg-info/dependency_links.txt
writing requirements to autonomous_exploration.egg-info/requires.txt
writing top-level names to autonomous_exploration.egg-info/top_level.txt
writing manifest file 'autonomous_exploration.egg-info/SOURCES.txt'
reading manifest file 'autonomous_exploration.egg-info/SOURCES.txt'
writing manifest file 'autonomous_exploration.egg-info/SOURCES.txt'
running build_ext
Creating /home/kanika/kanika/install/autonomous_exploration/lib/python3.12/site-packages/autonomous-exploration.egg-link (link to .)

Installed /home/kanika/kanika/build/autonomous_exploration
running symlink_data
creating /home/kanika/kanika/install/autonomous_exploration/share/ament_index
creating /home/kanika/kanika/install/autonomous_exploration/share/ament_index/resource_index
creating /home/kanika/kanika/install/autonomous_exploration/share/ament_index/resource_index/packages
symbolically linking /home/kanika/kanika/build/autonomous_exploration/resource/autonomous_exploration -> /home/kanika/kanika/install/autonomous_exploration/share/ament_index/resource_index/packages
symbolically linking /home/kanika/kanika/build/autonomous_exploration/package.xml -> /home/kanika/kanika/install/autonomous_exploration/share/autonomous_exploration
creating /home/kanika/kanika/install/autonomous_exploration/share/autonomous_exploration/launch
symbolically linking /home/kanika/kanika/build/autonomous_exploration/launch/autonomous_exploration.launch.py -> /home/kanika/kanika/install/autonomous_exploration/share/autonomous_exploration/launch
