[0.084s] Invoking command in '/home/kanika/kanika/build/turtlebot3_node': CMAKE_PREFIX_PATH=${CMAKE_PREFIX_PATH}:/home/kanika/kanika/install/turtlebot3_teleop:/home/kanika/kanika/install/turtlebot3_example:/home/kanika/tb3_ws/install/turtlebot3_teleop:/home/kanika/tb3_ws/install/turtlebot3_example:/opt/ros/jazzy /usr/bin/cmake --build /home/kanika/kanika/build/turtlebot3_node -- -j8 -l8
[0.513s] [ 85%] Built target turtlebot3_node_lib
[0.514s] [100%] Built target turtlebot3_ros
[0.535s] Invoked command in '/home/kanika/kanika/build/turtlebot3_node' returned '0': CMAKE_PREFIX_PATH=${CMAKE_PREFIX_PATH}:/home/kanika/kanika/install/turtlebot3_teleop:/home/kanika/kanika/install/turtlebot3_example:/home/kanika/tb3_ws/install/turtlebot3_teleop:/home/kanika/tb3_ws/install/turtlebot3_example:/opt/ros/jazzy /usr/bin/cmake --build /home/kanika/kanika/build/turtlebot3_node -- -j8 -l8
[0.538s] Invoking command in '/home/kanika/kanika/build/turtlebot3_node': CMAKE_PREFIX_PATH=${CMAKE_PREFIX_PATH}:/home/kanika/kanika/install/turtlebot3_teleop:/home/kanika/kanika/install/turtlebot3_example:/home/kanika/tb3_ws/install/turtlebot3_teleop:/home/kanika/tb3_ws/install/turtlebot3_example:/opt/ros/jazzy /usr/bin/cmake --install /home/kanika/kanika/build/turtlebot3_node
[0.560s] -- Install configuration: ""
[0.561s] -- Execute custom install script
[0.563s] -- Up-to-date symlink: /home/kanika/kanika/install/turtlebot3_node/share/turtlebot3_node/param/burger.yaml
[0.563s] -- Up-to-date symlink: /home/kanika/kanika/install/turtlebot3_node/share/turtlebot3_node/param/waffle.yaml
[0.563s] -- Up-to-date symlink: /home/kanika/kanika/install/turtlebot3_node/share/turtlebot3_node/param/waffle_pi.yaml
[0.564s] -- Up-to-date symlink: /home/kanika/kanika/install/turtlebot3_node/lib/turtlebot3_node/turtlebot3_ros
[0.564s] -- Up-to-date symlink: /home/kanika/kanika/install/turtlebot3_node/share/ament_index/resource_index/package_run_dependencies/turtlebot3_node
[0.564s] -- Up-to-date symlink: /home/kanika/kanika/install/turtlebot3_node/share/ament_index/resource_index/parent_prefix_path/turtlebot3_node
[0.564s] -- Up-to-date symlink: /home/kanika/kanika/install/turtlebot3_node/share/turtlebot3_node/environment/ament_prefix_path.sh
[0.564s] -- Up-to-date symlink: /home/kanika/kanika/install/turtlebot3_node/share/turtlebot3_node/environment/ament_prefix_path.dsv
[0.565s] -- Up-to-date symlink: /home/kanika/kanika/install/turtlebot3_node/share/turtlebot3_node/environment/path.sh
[0.565s] -- Up-to-date symlink: /home/kanika/kanika/install/turtlebot3_node/share/turtlebot3_node/environment/path.dsv
[0.565s] -- Up-to-date symlink: /home/kanika/kanika/install/turtlebot3_node/share/turtlebot3_node/local_setup.bash
[0.565s] -- Up-to-date symlink: /home/kanika/kanika/install/turtlebot3_node/share/turtlebot3_node/local_setup.sh
[0.565s] -- Up-to-date symlink: /home/kanika/kanika/install/turtlebot3_node/share/turtlebot3_node/local_setup.zsh
[0.565s] -- Up-to-date symlink: /home/kanika/kanika/install/turtlebot3_node/share/turtlebot3_node/local_setup.dsv
[0.565s] -- Symlinking: /home/kanika/kanika/install/turtlebot3_node/share/turtlebot3_node/package.dsv
[0.582s] -- Up-to-date symlink: /home/kanika/kanika/install/turtlebot3_node/share/ament_index/resource_index/packages/turtlebot3_node
[0.582s] -- Up-to-date symlink: /home/kanika/kanika/install/turtlebot3_node/share/turtlebot3_node/cmake/ament_cmake_export_dependencies-extras.cmake
[0.582s] -- Up-to-date symlink: /home/kanika/kanika/install/turtlebot3_node/share/turtlebot3_node/cmake/ament_cmake_export_include_directories-extras.cmake
[0.583s] -- Up-to-date symlink: /home/kanika/kanika/install/turtlebot3_node/share/turtlebot3_node/cmake/turtlebot3_nodeConfig.cmake
[0.583s] -- Up-to-date symlink: /home/kanika/kanika/install/turtlebot3_node/share/turtlebot3_node/cmake/turtlebot3_nodeConfig-version.cmake
[0.586s] -- Up-to-date symlink: /home/kanika/kanika/install/turtlebot3_node/share/turtlebot3_node/package.xml
[0.594s] Invoked command in '/home/kanika/kanika/build/turtlebot3_node' returned '0': CMAKE_PREFIX_PATH=${CMAKE_PREFIX_PATH}:/home/kanika/kanika/install/turtlebot3_teleop:/home/kanika/kanika/install/turtlebot3_example:/home/kanika/tb3_ws/install/turtlebot3_teleop:/home/kanika/tb3_ws/install/turtlebot3_example:/opt/ros/jazzy /usr/bin/cmake --install /home/kanika/kanika/build/turtlebot3_node
