[0.226s] Invoking command in '/home/kanika/kanika/build/turtlebot3_bringup': AMENT_PREFIX_PATH=/home/kanika/kanika/install/turtlebot3_node:/home/kanika/kanika/install/turtlebot3_description:${AMENT_PREFIX_PATH} CMAKE_PREFIX_PATH=/home/kanika/kanika/install/turtlebot3_node:/home/kanika/kanika/install/turtlebot3_description:/home/kanika/tb3_ws/install/turtlebot3:/home/kanika/tb3_ws/install/turtlebot3_simulations:/home/kanika/tb3_ws/install/turtlebot3_bringup:/home/kanika/tb3_ws/install/turtlebot3_node:/home/kanika/tb3_ws/install/turtlebot3_navigation2:/home/kanika/tb3_ws/install/turtlebot3_gazebo:/home/kanika/tb3_ws/install/turtlebot3_fake_node:/home/kanika/tb3_ws/install/turtlebot3_description:/home/kanika/tb3_ws/install/turtlebot3_cartographer:/opt/ros/jazzy/opt/gz_sim_vendor:/opt/ros/jazzy/opt/gz_sensors_vendor:/opt/ros/jazzy/opt/gz_physics_vendor:/opt/ros/jazzy/opt/sdformat_vendor:/opt/ros/jazzy/opt/gz_gui_vendor:/opt/ros/jazzy/opt/gz_transport_vendor:/opt/ros/jazzy/opt/gz_rendering_vendor:/opt/ros/jazzy/opt/gz_plugin_vendor:/opt/ros/jazzy/opt/gz_fuel_tools_vendor:/opt/ros/jazzy/opt/gz_msgs_vendor:/opt/ros/jazzy/opt/gz_common_vendor:/opt/ros/jazzy/opt/gz_math_vendor:/opt/ros/jazzy/opt/gz_utils_vendor:/opt/ros/jazzy/opt/gz_tools_vendor:/opt/ros/jazzy/opt/gz_ogre_next_vendor:/opt/ros/jazzy/opt/gz_dartsim_vendor:/opt/ros/jazzy/opt/gz_cmake_vendor:/home/kanika/tb3_ws/install/turtlebot3_teleop:/home/kanika/tb3_ws/install/turtlebot3_example:/opt/ros/jazzy /usr/bin/cmake /home/kanika/kanika/src/turtlebot3/turtlebot3_bringup -DCMAKE_INSTALL_PREFIX=/home/kanika/kanika/install/turtlebot3_bringup
[0.480s] -- The C compiler identification is GNU 13.3.0
[1.880s] -- The CXX compiler identification is GNU 13.3.0
[3.254s] -- Detecting C compiler ABI info
[3.995s] -- Detecting C compiler ABI info - done
[4.005s] -- Check for working C compiler: /usr/bin/cc - skipped
[4.005s] -- Detecting C compile features
[4.006s] -- Detecting C compile features - done
[4.187s] -- Detecting CXX compiler ABI info
[4.602s] -- Detecting CXX compiler ABI info - done
[4.613s] -- Check for working CXX compiler: /usr/bin/c++ - skipped
[4.613s] -- Detecting CXX compile features
[4.614s] -- Detecting CXX compile features - done
[4.624s] -- Found ament_cmake: 2.5.5 (/opt/ros/jazzy/share/ament_cmake/cmake)
[4.938s] -- Found Python3: /usr/bin/python3 (found version "3.12.3") found components: Interpreter 
[5.282s] -- Configuring done (5.0s)
[5.287s] -- Generating done (0.0s)
[5.289s] -- Build files have been written to: /home/kanika/kanika/build/turtlebot3_bringup
[5.297s] Invoked command in '/home/kanika/kanika/build/turtlebot3_bringup' returned '0': AMENT_PREFIX_PATH=/home/kanika/kanika/install/turtlebot3_node:/home/kanika/kanika/install/turtlebot3_description:${AMENT_PREFIX_PATH} CMAKE_PREFIX_PATH=/home/kanika/kanika/install/turtlebot3_node:/home/kanika/kanika/install/turtlebot3_description:/home/kanika/tb3_ws/install/turtlebot3:/home/kanika/tb3_ws/install/turtlebot3_simulations:/home/kanika/tb3_ws/install/turtlebot3_bringup:/home/kanika/tb3_ws/install/turtlebot3_node:/home/kanika/tb3_ws/install/turtlebot3_navigation2:/home/kanika/tb3_ws/install/turtlebot3_gazebo:/home/kanika/tb3_ws/install/turtlebot3_fake_node:/home/kanika/tb3_ws/install/turtlebot3_description:/home/kanika/tb3_ws/install/turtlebot3_cartographer:/opt/ros/jazzy/opt/gz_sim_vendor:/opt/ros/jazzy/opt/gz_sensors_vendor:/opt/ros/jazzy/opt/gz_physics_vendor:/opt/ros/jazzy/opt/sdformat_vendor:/opt/ros/jazzy/opt/gz_gui_vendor:/opt/ros/jazzy/opt/gz_transport_vendor:/opt/ros/jazzy/opt/gz_rendering_vendor:/opt/ros/jazzy/opt/gz_plugin_vendor:/opt/ros/jazzy/opt/gz_fuel_tools_vendor:/opt/ros/jazzy/opt/gz_msgs_vendor:/opt/ros/jazzy/opt/gz_common_vendor:/opt/ros/jazzy/opt/gz_math_vendor:/opt/ros/jazzy/opt/gz_utils_vendor:/opt/ros/jazzy/opt/gz_tools_vendor:/opt/ros/jazzy/opt/gz_ogre_next_vendor:/opt/ros/jazzy/opt/gz_dartsim_vendor:/opt/ros/jazzy/opt/gz_cmake_vendor:/home/kanika/tb3_ws/install/turtlebot3_teleop:/home/kanika/tb3_ws/install/turtlebot3_example:/opt/ros/jazzy /usr/bin/cmake /home/kanika/kanika/src/turtlebot3/turtlebot3_bringup -DCMAKE_INSTALL_PREFIX=/home/kanika/kanika/install/turtlebot3_bringup
[5.298s] Invoking command in '/home/kanika/kanika/build/turtlebot3_bringup': AMENT_PREFIX_PATH=/home/kanika/kanika/install/turtlebot3_node:/home/kanika/kanika/install/turtlebot3_description:${AMENT_PREFIX_PATH} CMAKE_PREFIX_PATH=/home/kanika/kanika/install/turtlebot3_node:/home/kanika/kanika/install/turtlebot3_description:/home/kanika/tb3_ws/install/turtlebot3:/home/kanika/tb3_ws/install/turtlebot3_simulations:/home/kanika/tb3_ws/install/turtlebot3_bringup:/home/kanika/tb3_ws/install/turtlebot3_node:/home/kanika/tb3_ws/install/turtlebot3_navigation2:/home/kanika/tb3_ws/install/turtlebot3_gazebo:/home/kanika/tb3_ws/install/turtlebot3_fake_node:/home/kanika/tb3_ws/install/turtlebot3_description:/home/kanika/tb3_ws/install/turtlebot3_cartographer:/opt/ros/jazzy/opt/gz_sim_vendor:/opt/ros/jazzy/opt/gz_sensors_vendor:/opt/ros/jazzy/opt/gz_physics_vendor:/opt/ros/jazzy/opt/sdformat_vendor:/opt/ros/jazzy/opt/gz_gui_vendor:/opt/ros/jazzy/opt/gz_transport_vendor:/opt/ros/jazzy/opt/gz_rendering_vendor:/opt/ros/jazzy/opt/gz_plugin_vendor:/opt/ros/jazzy/opt/gz_fuel_tools_vendor:/opt/ros/jazzy/opt/gz_msgs_vendor:/opt/ros/jazzy/opt/gz_common_vendor:/opt/ros/jazzy/opt/gz_math_vendor:/opt/ros/jazzy/opt/gz_utils_vendor:/opt/ros/jazzy/opt/gz_tools_vendor:/opt/ros/jazzy/opt/gz_ogre_next_vendor:/opt/ros/jazzy/opt/gz_dartsim_vendor:/opt/ros/jazzy/opt/gz_cmake_vendor:/home/kanika/tb3_ws/install/turtlebot3_teleop:/home/kanika/tb3_ws/install/turtlebot3_example:/opt/ros/jazzy /usr/bin/cmake --build /home/kanika/kanika/build/turtlebot3_bringup -- -j8 -l8
[5.346s] Invoked command in '/home/kanika/kanika/build/turtlebot3_bringup' returned '0': AMENT_PREFIX_PATH=/home/kanika/kanika/install/turtlebot3_node:/home/kanika/kanika/install/turtlebot3_description:${AMENT_PREFIX_PATH} CMAKE_PREFIX_PATH=/home/kanika/kanika/install/turtlebot3_node:/home/kanika/kanika/install/turtlebot3_description:/home/kanika/tb3_ws/install/turtlebot3:/home/kanika/tb3_ws/install/turtlebot3_simulations:/home/kanika/tb3_ws/install/turtlebot3_bringup:/home/kanika/tb3_ws/install/turtlebot3_node:/home/kanika/tb3_ws/install/turtlebot3_navigation2:/home/kanika/tb3_ws/install/turtlebot3_gazebo:/home/kanika/tb3_ws/install/turtlebot3_fake_node:/home/kanika/tb3_ws/install/turtlebot3_description:/home/kanika/tb3_ws/install/turtlebot3_cartographer:/opt/ros/jazzy/opt/gz_sim_vendor:/opt/ros/jazzy/opt/gz_sensors_vendor:/opt/ros/jazzy/opt/gz_physics_vendor:/opt/ros/jazzy/opt/sdformat_vendor:/opt/ros/jazzy/opt/gz_gui_vendor:/opt/ros/jazzy/opt/gz_transport_vendor:/opt/ros/jazzy/opt/gz_rendering_vendor:/opt/ros/jazzy/opt/gz_plugin_vendor:/opt/ros/jazzy/opt/gz_fuel_tools_vendor:/opt/ros/jazzy/opt/gz_msgs_vendor:/opt/ros/jazzy/opt/gz_common_vendor:/opt/ros/jazzy/opt/gz_math_vendor:/opt/ros/jazzy/opt/gz_utils_vendor:/opt/ros/jazzy/opt/gz_tools_vendor:/opt/ros/jazzy/opt/gz_ogre_next_vendor:/opt/ros/jazzy/opt/gz_dartsim_vendor:/opt/ros/jazzy/opt/gz_cmake_vendor:/home/kanika/tb3_ws/install/turtlebot3_teleop:/home/kanika/tb3_ws/install/turtlebot3_example:/opt/ros/jazzy /usr/bin/cmake --build /home/kanika/kanika/build/turtlebot3_bringup -- -j8 -l8
[5.347s] Invoking command in '/home/kanika/kanika/build/turtlebot3_bringup': AMENT_PREFIX_PATH=/home/kanika/kanika/install/turtlebot3_node:/home/kanika/kanika/install/turtlebot3_description:${AMENT_PREFIX_PATH} CMAKE_PREFIX_PATH=/home/kanika/kanika/install/turtlebot3_node:/home/kanika/kanika/install/turtlebot3_description:/home/kanika/tb3_ws/install/turtlebot3:/home/kanika/tb3_ws/install/turtlebot3_simulations:/home/kanika/tb3_ws/install/turtlebot3_bringup:/home/kanika/tb3_ws/install/turtlebot3_node:/home/kanika/tb3_ws/install/turtlebot3_navigation2:/home/kanika/tb3_ws/install/turtlebot3_gazebo:/home/kanika/tb3_ws/install/turtlebot3_fake_node:/home/kanika/tb3_ws/install/turtlebot3_description:/home/kanika/tb3_ws/install/turtlebot3_cartographer:/opt/ros/jazzy/opt/gz_sim_vendor:/opt/ros/jazzy/opt/gz_sensors_vendor:/opt/ros/jazzy/opt/gz_physics_vendor:/opt/ros/jazzy/opt/sdformat_vendor:/opt/ros/jazzy/opt/gz_gui_vendor:/opt/ros/jazzy/opt/gz_transport_vendor:/opt/ros/jazzy/opt/gz_rendering_vendor:/opt/ros/jazzy/opt/gz_plugin_vendor:/opt/ros/jazzy/opt/gz_fuel_tools_vendor:/opt/ros/jazzy/opt/gz_msgs_vendor:/opt/ros/jazzy/opt/gz_common_vendor:/opt/ros/jazzy/opt/gz_math_vendor:/opt/ros/jazzy/opt/gz_utils_vendor:/opt/ros/jazzy/opt/gz_tools_vendor:/opt/ros/jazzy/opt/gz_ogre_next_vendor:/opt/ros/jazzy/opt/gz_dartsim_vendor:/opt/ros/jazzy/opt/gz_cmake_vendor:/home/kanika/tb3_ws/install/turtlebot3_teleop:/home/kanika/tb3_ws/install/turtlebot3_example:/opt/ros/jazzy /usr/bin/cmake --install /home/kanika/kanika/build/turtlebot3_bringup
[5.363s] -- Install configuration: ""
[5.364s] -- Installing: /home/kanika/kanika/install/turtlebot3_bringup/share/turtlebot3_bringup/launch
[5.365s] -- Installing: /home/kanika/kanika/install/turtlebot3_bringup/share/turtlebot3_bringup/launch/turtlebot3_state_publisher.launch.py
[5.367s] -- Installing: /home/kanika/kanika/install/turtlebot3_bringup/share/turtlebot3_bringup/launch/rviz2.launch.py
[5.367s] -- Installing: /home/kanika/kanika/install/turtlebot3_bringup/share/turtlebot3_bringup/launch/camera.launch.py
[5.367s] -- Installing: /home/kanika/kanika/install/turtlebot3_bringup/share/turtlebot3_bringup/launch/robot.launch.py
[5.368s] -- Installing: /home/kanika/kanika/install/turtlebot3_bringup/share/turtlebot3_bringup/param
[5.368s] -- Installing: /home/kanika/kanika/install/turtlebot3_bringup/share/turtlebot3_bringup/param/humble
[5.368s] -- Installing: /home/kanika/kanika/install/turtlebot3_bringup/share/turtlebot3_bringup/param/humble/waffle_pi.yaml
[5.368s] -- Installing: /home/kanika/kanika/install/turtlebot3_bringup/share/turtlebot3_bringup/param/humble/waffle.yaml
[5.368s] -- Installing: /home/kanika/kanika/install/turtlebot3_bringup/share/turtlebot3_bringup/param/humble/burger.yaml
[5.369s] -- Installing: /home/kanika/kanika/install/turtlebot3_bringup/share/turtlebot3_bringup/param/waffle_pi.yaml
[5.369s] -- Installing: /home/kanika/kanika/install/turtlebot3_bringup/share/turtlebot3_bringup/param/waffle.yaml
[5.370s] -- Installing: /home/kanika/kanika/install/turtlebot3_bringup/share/turtlebot3_bringup/param/burger.yaml
[5.370s] -- Installing: /home/kanika/kanika/install/turtlebot3_bringup/share/turtlebot3_bringup/script
[5.370s] -- Installing: /home/kanika/kanika/install/turtlebot3_bringup/share/turtlebot3_bringup/script/99-turtlebot3-cdc.rules
[5.370s] -- Installing: /home/kanika/kanika/install/turtlebot3_bringup/share/turtlebot3_bringup/script/create_udev_rules
[5.370s] -- Installing: /home/kanika/kanika/install/turtlebot3_bringup/share/ament_index/resource_index/package_run_dependencies/turtlebot3_bringup
[5.371s] -- Installing: /home/kanika/kanika/install/turtlebot3_bringup/share/ament_index/resource_index/parent_prefix_path/turtlebot3_bringup
[5.371s] -- Installing: /home/kanika/kanika/install/turtlebot3_bringup/share/turtlebot3_bringup/environment/ament_prefix_path.sh
[5.371s] -- Installing: /home/kanika/kanika/install/turtlebot3_bringup/share/turtlebot3_bringup/environment/ament_prefix_path.dsv
[5.371s] -- Installing: /home/kanika/kanika/install/turtlebot3_bringup/share/turtlebot3_bringup/environment/path.sh
[5.371s] -- Installing: /home/kanika/kanika/install/turtlebot3_bringup/share/turtlebot3_bringup/environment/path.dsv
[5.371s] -- Installing: /home/kanika/kanika/install/turtlebot3_bringup/share/turtlebot3_bringup/local_setup.bash
[5.371s] -- Installing: /home/kanika/kanika/install/turtlebot3_bringup/share/turtlebot3_bringup/local_setup.sh
[5.371s] -- Installing: /home/kanika/kanika/install/turtlebot3_bringup/share/turtlebot3_bringup/local_setup.zsh
[5.371s] -- Installing: /home/kanika/kanika/install/turtlebot3_bringup/share/turtlebot3_bringup/local_setup.dsv
[5.371s] -- Installing: /home/kanika/kanika/install/turtlebot3_bringup/share/turtlebot3_bringup/package.dsv
[5.372s] -- Installing: /home/kanika/kanika/install/turtlebot3_bringup/share/ament_index/resource_index/packages/turtlebot3_bringup
[5.372s] -- Installing: /home/kanika/kanika/install/turtlebot3_bringup/share/turtlebot3_bringup/cmake/turtlebot3_bringupConfig.cmake
[5.372s] -- Installing: /home/kanika/kanika/install/turtlebot3_bringup/share/turtlebot3_bringup/cmake/turtlebot3_bringupConfig-version.cmake
[5.372s] -- Installing: /home/kanika/kanika/install/turtlebot3_bringup/share/turtlebot3_bringup/package.xml
[5.376s] Invoked command in '/home/kanika/kanika/build/turtlebot3_bringup' returned '0': AMENT_PREFIX_PATH=/home/kanika/kanika/install/turtlebot3_node:/home/kanika/kanika/install/turtlebot3_description:${AMENT_PREFIX_PATH} CMAKE_PREFIX_PATH=/home/kanika/kanika/install/turtlebot3_node:/home/kanika/kanika/install/turtlebot3_description:/home/kanika/tb3_ws/install/turtlebot3:/home/kanika/tb3_ws/install/turtlebot3_simulations:/home/kanika/tb3_ws/install/turtlebot3_bringup:/home/kanika/tb3_ws/install/turtlebot3_node:/home/kanika/tb3_ws/install/turtlebot3_navigation2:/home/kanika/tb3_ws/install/turtlebot3_gazebo:/home/kanika/tb3_ws/install/turtlebot3_fake_node:/home/kanika/tb3_ws/install/turtlebot3_description:/home/kanika/tb3_ws/install/turtlebot3_cartographer:/opt/ros/jazzy/opt/gz_sim_vendor:/opt/ros/jazzy/opt/gz_sensors_vendor:/opt/ros/jazzy/opt/gz_physics_vendor:/opt/ros/jazzy/opt/sdformat_vendor:/opt/ros/jazzy/opt/gz_gui_vendor:/opt/ros/jazzy/opt/gz_transport_vendor:/opt/ros/jazzy/opt/gz_rendering_vendor:/opt/ros/jazzy/opt/gz_plugin_vendor:/opt/ros/jazzy/opt/gz_fuel_tools_vendor:/opt/ros/jazzy/opt/gz_msgs_vendor:/opt/ros/jazzy/opt/gz_common_vendor:/opt/ros/jazzy/opt/gz_math_vendor:/opt/ros/jazzy/opt/gz_utils_vendor:/opt/ros/jazzy/opt/gz_tools_vendor:/opt/ros/jazzy/opt/gz_ogre_next_vendor:/opt/ros/jazzy/opt/gz_dartsim_vendor:/opt/ros/jazzy/opt/gz_cmake_vendor:/home/kanika/tb3_ws/install/turtlebot3_teleop:/home/kanika/tb3_ws/install/turtlebot3_example:/opt/ros/jazzy /usr/bin/cmake --install /home/kanika/kanika/build/turtlebot3_bringup
