[0.057s] Invoking command in '/home/kanika/kanika/build/turtlebot3_cartographer': CMAKE_PREFIX_PATH=${CMAKE_PREFIX_PATH}:/home/kanika/tb3_ws/install/turtlebot3_teleop:/home/kanika/tb3_ws/install/turtlebot3_example:/opt/ros/jazzy /usr/bin/cmake /home/kanika/kanika/src/turtlebot3/turtlebot3_cartographer -DCMAKE_INSTALL_PREFIX=/home/kanika/kanika/install/turtlebot3_cartographer
[0.467s] -- The C compiler identification is GNU 13.3.0
[1.089s] -- The CXX compiler identification is GNU 13.3.0
[1.757s] -- Detecting C compiler ABI info
[2.081s] -- Detecting C compiler ABI info - done
[2.103s] -- Check for working C compiler: /usr/bin/cc - skipped
[2.104s] -- Detecting C compile features
[2.105s] -- Detecting C compile features - done
[2.176s] -- Detecting CXX compiler ABI info
[2.487s] -- Detecting CXX compiler ABI info - done
[2.512s] -- Check for working CXX compiler: /usr/bin/c++ - skipped
[2.512s] -- Detecting CXX compile features
[2.516s] -- Detecting CXX compile features - done
[2.524s] -- Found ament_cmake: 2.5.5 (/opt/ros/jazzy/share/ament_cmake/cmake)
[2.827s] -- Found Python3: /usr/bin/python3 (found version "3.12.3") found components: Interpreter 
[3.234s] -- Configuring done (3.1s)
[3.241s] -- Generating done (0.0s)
[3.244s] -- Build files have been written to: /home/kanika/kanika/build/turtlebot3_cartographer
[3.252s] Invoked command in '/home/kanika/kanika/build/turtlebot3_cartographer' returned '0': CMAKE_PREFIX_PATH=${CMAKE_PREFIX_PATH}:/home/kanika/tb3_ws/install/turtlebot3_teleop:/home/kanika/tb3_ws/install/turtlebot3_example:/opt/ros/jazzy /usr/bin/cmake /home/kanika/kanika/src/turtlebot3/turtlebot3_cartographer -DCMAKE_INSTALL_PREFIX=/home/kanika/kanika/install/turtlebot3_cartographer
[3.255s] Invoking command in '/home/kanika/kanika/build/turtlebot3_cartographer': CMAKE_PREFIX_PATH=${CMAKE_PREFIX_PATH}:/home/kanika/tb3_ws/install/turtlebot3_teleop:/home/kanika/tb3_ws/install/turtlebot3_example:/opt/ros/jazzy /usr/bin/cmake --build /home/kanika/kanika/build/turtlebot3_cartographer -- -j8 -l8
[3.330s] Invoked command in '/home/kanika/kanika/build/turtlebot3_cartographer' returned '0': CMAKE_PREFIX_PATH=${CMAKE_PREFIX_PATH}:/home/kanika/tb3_ws/install/turtlebot3_teleop:/home/kanika/tb3_ws/install/turtlebot3_example:/opt/ros/jazzy /usr/bin/cmake --build /home/kanika/kanika/build/turtlebot3_cartographer -- -j8 -l8
[3.348s] Invoking command in '/home/kanika/kanika/build/turtlebot3_cartographer': CMAKE_PREFIX_PATH=${CMAKE_PREFIX_PATH}:/home/kanika/tb3_ws/install/turtlebot3_teleop:/home/kanika/tb3_ws/install/turtlebot3_example:/opt/ros/jazzy /usr/bin/cmake --install /home/kanika/kanika/build/turtlebot3_cartographer
[3.368s] -- Install configuration: ""
[3.369s] -- Installing: /home/kanika/kanika/install/turtlebot3_cartographer/share/turtlebot3_cartographer/config
[3.371s] -- Installing: /home/kanika/kanika/install/turtlebot3_cartographer/share/turtlebot3_cartographer/config/turtlebot3_lds_2d.lua
[3.371s] -- Installing: /home/kanika/kanika/install/turtlebot3_cartographer/share/turtlebot3_cartographer/launch
[3.372s] -- Installing: /home/kanika/kanika/install/turtlebot3_cartographer/share/turtlebot3_cartographer/launch/occupancy_grid.launch.py
[3.372s] -- Installing: /home/kanika/kanika/install/turtlebot3_cartographer/share/turtlebot3_cartographer/launch/cartographer.launch.py
[3.372s] -- Installing: /home/kanika/kanika/install/turtlebot3_cartographer/share/turtlebot3_cartographer/rviz
[3.372s] -- Installing: /home/kanika/kanika/install/turtlebot3_cartographer/share/turtlebot3_cartographer/rviz/tb3_cartographer.rviz
[3.374s] -- Installing: /home/kanika/kanika/install/turtlebot3_cartographer/share/ament_index/resource_index/package_run_dependencies/turtlebot3_cartographer
[3.374s] -- Installing: /home/kanika/kanika/install/turtlebot3_cartographer/share/ament_index/resource_index/parent_prefix_path/turtlebot3_cartographer
[3.375s] -- Installing: /home/kanika/kanika/install/turtlebot3_cartographer/share/turtlebot3_cartographer/environment/ament_prefix_path.sh
[3.375s] -- Installing: /home/kanika/kanika/install/turtlebot3_cartographer/share/turtlebot3_cartographer/environment/ament_prefix_path.dsv
[3.375s] -- Installing: /home/kanika/kanika/install/turtlebot3_cartographer/share/turtlebot3_cartographer/environment/path.sh
[3.375s] -- Installing: /home/kanika/kanika/install/turtlebot3_cartographer/share/turtlebot3_cartographer/environment/path.dsv
[3.376s] -- Installing: /home/kanika/kanika/install/turtlebot3_cartographer/share/turtlebot3_cartographer/local_setup.bash
[3.376s] -- Installing: /home/kanika/kanika/install/turtlebot3_cartographer/share/turtlebot3_cartographer/local_setup.sh
[3.376s] -- Installing: /home/kanika/kanika/install/turtlebot3_cartographer/share/turtlebot3_cartographer/local_setup.zsh
[3.376s] -- Installing: /home/kanika/kanika/install/turtlebot3_cartographer/share/turtlebot3_cartographer/local_setup.dsv
[3.377s] -- Installing: /home/kanika/kanika/install/turtlebot3_cartographer/share/turtlebot3_cartographer/package.dsv
[3.378s] -- Installing: /home/kanika/kanika/install/turtlebot3_cartographer/share/ament_index/resource_index/packages/turtlebot3_cartographer
[3.378s] -- Installing: /home/kanika/kanika/install/turtlebot3_cartographer/share/turtlebot3_cartographer/cmake/turtlebot3_cartographerConfig.cmake
[3.378s] -- Installing: /home/kanika/kanika/install/turtlebot3_cartographer/share/turtlebot3_cartographer/cmake/turtlebot3_cartographerConfig-version.cmake
[3.379s] -- Installing: /home/kanika/kanika/install/turtlebot3_cartographer/share/turtlebot3_cartographer/package.xml
[3.383s] Invoked command in '/home/kanika/kanika/build/turtlebot3_cartographer' returned '0': CMAKE_PREFIX_PATH=${CMAKE_PREFIX_PATH}:/home/kanika/tb3_ws/install/turtlebot3_teleop:/home/kanika/tb3_ws/install/turtlebot3_example:/opt/ros/jazzy /usr/bin/cmake --install /home/kanika/kanika/build/turtlebot3_cartographer
