[0.146s] Invoking command in '/home/kanika/kanika/build/turtlebot3_bringup': CMAKE_PREFIX_PATH=/home/kanika/kanika/install/turtlebot3_node:/home/kanika/kanika/install/turtlebot3_description:/home/kanika/kanika/install/turtlebot3:/home/kanika/kanika/install/turtlebot3_simulations:/home/kanika/kanika/install/turtlebot3_bringup:/home/kanika/kanika/install/turtlebot3_navigation2:/home/kanika/kanika/install/turtlebot3_gazebo:/home/kanika/kanika/install/turtlebot3_fake_node:/home/kanika/kanika/install/turtlebot3_cartographer:/home/kanika/tb3_ws/install/turtlebot3:/home/kanika/tb3_ws/install/turtlebot3_simulations:/home/kanika/tb3_ws/install/turtlebot3_bringup:/home/kanika/tb3_ws/install/turtlebot3_node:/home/kanika/tb3_ws/install/turtlebot3_navigation2:/home/kanika/tb3_ws/install/turtlebot3_gazebo:/home/kanika/tb3_ws/install/turtlebot3_fake_node:/home/kanika/tb3_ws/install/turtlebot3_description:/home/kanika/tb3_ws/install/turtlebot3_cartographer:/opt/ros/jazzy/opt/gz_sim_vendor:/opt/ros/jazzy/opt/gz_sensors_vendor:/opt/ros/jazzy/opt/gz_physics_vendor:/opt/ros/jazzy/opt/sdformat_vendor:/opt/ros/jazzy/opt/gz_gui_vendor:/opt/ros/jazzy/opt/gz_transport_vendor:/opt/ros/jazzy/opt/gz_rendering_vendor:/opt/ros/jazzy/opt/gz_plugin_vendor:/opt/ros/jazzy/opt/gz_fuel_tools_vendor:/opt/ros/jazzy/opt/gz_msgs_vendor:/opt/ros/jazzy/opt/gz_common_vendor:/opt/ros/jazzy/opt/gz_math_vendor:/opt/ros/jazzy/opt/gz_utils_vendor:/opt/ros/jazzy/opt/gz_tools_vendor:/opt/ros/jazzy/opt/gz_ogre_next_vendor:/opt/ros/jazzy/opt/gz_dartsim_vendor:/opt/ros/jazzy/opt/gz_cmake_vendor:/home/kanika/kanika/install/turtlebot3_teleop:/home/kanika/kanika/install/turtlebot3_example:/home/kanika/tb3_ws/install/turtlebot3_teleop:/home/kanika/tb3_ws/install/turtlebot3_example:/opt/ros/jazzy /usr/bin/cmake --build /home/kanika/kanika/build/turtlebot3_bringup -- -j8 -l8
[0.208s] -- Found ament_cmake: 2.5.5 (/opt/ros/jazzy/share/ament_cmake/cmake)
[0.615s] -- Override CMake install command with custom implementation using symlinks instead of copying resources
[0.808s] -- Configuring done (0.6s)
[0.820s] -- Generating done (0.0s)
[0.825s] -- Build files have been written to: /home/kanika/kanika/build/turtlebot3_bringup
[0.862s] Invoked command in '/home/kanika/kanika/build/turtlebot3_bringup' returned '0': CMAKE_PREFIX_PATH=/home/kanika/kanika/install/turtlebot3_node:/home/kanika/kanika/install/turtlebot3_description:/home/kanika/kanika/install/turtlebot3:/home/kanika/kanika/install/turtlebot3_simulations:/home/kanika/kanika/install/turtlebot3_bringup:/home/kanika/kanika/install/turtlebot3_navigation2:/home/kanika/kanika/install/turtlebot3_gazebo:/home/kanika/kanika/install/turtlebot3_fake_node:/home/kanika/kanika/install/turtlebot3_cartographer:/home/kanika/tb3_ws/install/turtlebot3:/home/kanika/tb3_ws/install/turtlebot3_simulations:/home/kanika/tb3_ws/install/turtlebot3_bringup:/home/kanika/tb3_ws/install/turtlebot3_node:/home/kanika/tb3_ws/install/turtlebot3_navigation2:/home/kanika/tb3_ws/install/turtlebot3_gazebo:/home/kanika/tb3_ws/install/turtlebot3_fake_node:/home/kanika/tb3_ws/install/turtlebot3_description:/home/kanika/tb3_ws/install/turtlebot3_cartographer:/opt/ros/jazzy/opt/gz_sim_vendor:/opt/ros/jazzy/opt/gz_sensors_vendor:/opt/ros/jazzy/opt/gz_physics_vendor:/opt/ros/jazzy/opt/sdformat_vendor:/opt/ros/jazzy/opt/gz_gui_vendor:/opt/ros/jazzy/opt/gz_transport_vendor:/opt/ros/jazzy/opt/gz_rendering_vendor:/opt/ros/jazzy/opt/gz_plugin_vendor:/opt/ros/jazzy/opt/gz_fuel_tools_vendor:/opt/ros/jazzy/opt/gz_msgs_vendor:/opt/ros/jazzy/opt/gz_common_vendor:/opt/ros/jazzy/opt/gz_math_vendor:/opt/ros/jazzy/opt/gz_utils_vendor:/opt/ros/jazzy/opt/gz_tools_vendor:/opt/ros/jazzy/opt/gz_ogre_next_vendor:/opt/ros/jazzy/opt/gz_dartsim_vendor:/opt/ros/jazzy/opt/gz_cmake_vendor:/home/kanika/kanika/install/turtlebot3_teleop:/home/kanika/kanika/install/turtlebot3_example:/home/kanika/tb3_ws/install/turtlebot3_teleop:/home/kanika/tb3_ws/install/turtlebot3_example:/opt/ros/jazzy /usr/bin/cmake --build /home/kanika/kanika/build/turtlebot3_bringup -- -j8 -l8
[0.865s] Invoking command in '/home/kanika/kanika/build/turtlebot3_bringup': CMAKE_PREFIX_PATH=/home/kanika/kanika/install/turtlebot3_node:/home/kanika/kanika/install/turtlebot3_description:/home/kanika/kanika/install/turtlebot3:/home/kanika/kanika/install/turtlebot3_simulations:/home/kanika/kanika/install/turtlebot3_bringup:/home/kanika/kanika/install/turtlebot3_navigation2:/home/kanika/kanika/install/turtlebot3_gazebo:/home/kanika/kanika/install/turtlebot3_fake_node:/home/kanika/kanika/install/turtlebot3_cartographer:/home/kanika/tb3_ws/install/turtlebot3:/home/kanika/tb3_ws/install/turtlebot3_simulations:/home/kanika/tb3_ws/install/turtlebot3_bringup:/home/kanika/tb3_ws/install/turtlebot3_node:/home/kanika/tb3_ws/install/turtlebot3_navigation2:/home/kanika/tb3_ws/install/turtlebot3_gazebo:/home/kanika/tb3_ws/install/turtlebot3_fake_node:/home/kanika/tb3_ws/install/turtlebot3_description:/home/kanika/tb3_ws/install/turtlebot3_cartographer:/opt/ros/jazzy/opt/gz_sim_vendor:/opt/ros/jazzy/opt/gz_sensors_vendor:/opt/ros/jazzy/opt/gz_physics_vendor:/opt/ros/jazzy/opt/sdformat_vendor:/opt/ros/jazzy/opt/gz_gui_vendor:/opt/ros/jazzy/opt/gz_transport_vendor:/opt/ros/jazzy/opt/gz_rendering_vendor:/opt/ros/jazzy/opt/gz_plugin_vendor:/opt/ros/jazzy/opt/gz_fuel_tools_vendor:/opt/ros/jazzy/opt/gz_msgs_vendor:/opt/ros/jazzy/opt/gz_common_vendor:/opt/ros/jazzy/opt/gz_math_vendor:/opt/ros/jazzy/opt/gz_utils_vendor:/opt/ros/jazzy/opt/gz_tools_vendor:/opt/ros/jazzy/opt/gz_ogre_next_vendor:/opt/ros/jazzy/opt/gz_dartsim_vendor:/opt/ros/jazzy/opt/gz_cmake_vendor:/home/kanika/kanika/install/turtlebot3_teleop:/home/kanika/kanika/install/turtlebot3_example:/home/kanika/tb3_ws/install/turtlebot3_teleop:/home/kanika/tb3_ws/install/turtlebot3_example:/opt/ros/jazzy /usr/bin/cmake --install /home/kanika/kanika/build/turtlebot3_bringup
[0.879s] -- Install configuration: ""
[0.879s] -- Execute custom install script
[0.884s] -- Up-to-date symlink: /home/kanika/kanika/install/turtlebot3_bringup/share/turtlebot3_bringup/launch/camera.launch.py
[0.885s] -- Up-to-date symlink: /home/kanika/kanika/install/turtlebot3_bringup/share/turtlebot3_bringup/launch/robot.launch.py
[0.885s] -- Up-to-date symlink: /home/kanika/kanika/install/turtlebot3_bringup/share/turtlebot3_bringup/launch/rviz2.launch.py
[0.886s] -- Up-to-date symlink: /home/kanika/kanika/install/turtlebot3_bringup/share/turtlebot3_bringup/launch/turtlebot3_state_publisher.launch.py
[0.889s] -- Up-to-date symlink: /home/kanika/kanika/install/turtlebot3_bringup/share/turtlebot3_bringup/param/burger.yaml
[0.890s] -- Up-to-date symlink: /home/kanika/kanika/install/turtlebot3_bringup/share/turtlebot3_bringup/param/humble/burger.yaml
[0.891s] -- Up-to-date symlink: /home/kanika/kanika/install/turtlebot3_bringup/share/turtlebot3_bringup/param/humble/waffle.yaml
[0.892s] -- Up-to-date symlink: /home/kanika/kanika/install/turtlebot3_bringup/share/turtlebot3_bringup/param/humble/waffle_pi.yaml
[0.892s] -- Up-to-date symlink: /home/kanika/kanika/install/turtlebot3_bringup/share/turtlebot3_bringup/param/waffle.yaml
[0.893s] -- Up-to-date symlink: /home/kanika/kanika/install/turtlebot3_bringup/share/turtlebot3_bringup/param/waffle_pi.yaml
[0.894s] -- Up-to-date symlink: /home/kanika/kanika/install/turtlebot3_bringup/share/turtlebot3_bringup/script/99-turtlebot3-cdc.rules
[0.895s] -- Up-to-date symlink: /home/kanika/kanika/install/turtlebot3_bringup/share/turtlebot3_bringup/script/create_udev_rules
[0.896s] -- Up-to-date symlink: /home/kanika/kanika/install/turtlebot3_bringup/share/ament_index/resource_index/package_run_dependencies/turtlebot3_bringup
[0.897s] -- Up-to-date symlink: /home/kanika/kanika/install/turtlebot3_bringup/share/ament_index/resource_index/parent_prefix_path/turtlebot3_bringup
[0.898s] -- Up-to-date symlink: /home/kanika/kanika/install/turtlebot3_bringup/share/turtlebot3_bringup/environment/ament_prefix_path.sh
[0.898s] -- Up-to-date symlink: /home/kanika/kanika/install/turtlebot3_bringup/share/turtlebot3_bringup/environment/ament_prefix_path.dsv
[0.900s] -- Up-to-date symlink: /home/kanika/kanika/install/turtlebot3_bringup/share/turtlebot3_bringup/environment/path.sh
[0.900s] -- Up-to-date symlink: /home/kanika/kanika/install/turtlebot3_bringup/share/turtlebot3_bringup/environment/path.dsv
[0.900s] -- Up-to-date symlink: /home/kanika/kanika/install/turtlebot3_bringup/share/turtlebot3_bringup/local_setup.bash
[0.901s] -- Up-to-date symlink: /home/kanika/kanika/install/turtlebot3_bringup/share/turtlebot3_bringup/local_setup.sh
[0.902s] -- Up-to-date symlink: /home/kanika/kanika/install/turtlebot3_bringup/share/turtlebot3_bringup/local_setup.zsh
[0.902s] -- Up-to-date symlink: /home/kanika/kanika/install/turtlebot3_bringup/share/turtlebot3_bringup/local_setup.dsv
[0.902s] -- Symlinking: /home/kanika/kanika/install/turtlebot3_bringup/share/turtlebot3_bringup/package.dsv
[0.922s] -- Up-to-date symlink: /home/kanika/kanika/install/turtlebot3_bringup/share/ament_index/resource_index/packages/turtlebot3_bringup
[0.923s] -- Up-to-date symlink: /home/kanika/kanika/install/turtlebot3_bringup/share/turtlebot3_bringup/cmake/turtlebot3_bringupConfig.cmake
[0.923s] -- Up-to-date symlink: /home/kanika/kanika/install/turtlebot3_bringup/share/turtlebot3_bringup/cmake/turtlebot3_bringupConfig-version.cmake
[0.924s] -- Up-to-date symlink: /home/kanika/kanika/install/turtlebot3_bringup/share/turtlebot3_bringup/package.xml
[0.927s] Invoked command in '/home/kanika/kanika/build/turtlebot3_bringup' returned '0': CMAKE_PREFIX_PATH=/home/kanika/kanika/install/turtlebot3_node:/home/kanika/kanika/install/turtlebot3_description:/home/kanika/kanika/install/turtlebot3:/home/kanika/kanika/install/turtlebot3_simulations:/home/kanika/kanika/install/turtlebot3_bringup:/home/kanika/kanika/install/turtlebot3_navigation2:/home/kanika/kanika/install/turtlebot3_gazebo:/home/kanika/kanika/install/turtlebot3_fake_node:/home/kanika/kanika/install/turtlebot3_cartographer:/home/kanika/tb3_ws/install/turtlebot3:/home/kanika/tb3_ws/install/turtlebot3_simulations:/home/kanika/tb3_ws/install/turtlebot3_bringup:/home/kanika/tb3_ws/install/turtlebot3_node:/home/kanika/tb3_ws/install/turtlebot3_navigation2:/home/kanika/tb3_ws/install/turtlebot3_gazebo:/home/kanika/tb3_ws/install/turtlebot3_fake_node:/home/kanika/tb3_ws/install/turtlebot3_description:/home/kanika/tb3_ws/install/turtlebot3_cartographer:/opt/ros/jazzy/opt/gz_sim_vendor:/opt/ros/jazzy/opt/gz_sensors_vendor:/opt/ros/jazzy/opt/gz_physics_vendor:/opt/ros/jazzy/opt/sdformat_vendor:/opt/ros/jazzy/opt/gz_gui_vendor:/opt/ros/jazzy/opt/gz_transport_vendor:/opt/ros/jazzy/opt/gz_rendering_vendor:/opt/ros/jazzy/opt/gz_plugin_vendor:/opt/ros/jazzy/opt/gz_fuel_tools_vendor:/opt/ros/jazzy/opt/gz_msgs_vendor:/opt/ros/jazzy/opt/gz_common_vendor:/opt/ros/jazzy/opt/gz_math_vendor:/opt/ros/jazzy/opt/gz_utils_vendor:/opt/ros/jazzy/opt/gz_tools_vendor:/opt/ros/jazzy/opt/gz_ogre_next_vendor:/opt/ros/jazzy/opt/gz_dartsim_vendor:/opt/ros/jazzy/opt/gz_cmake_vendor:/home/kanika/kanika/install/turtlebot3_teleop:/home/kanika/kanika/install/turtlebot3_example:/home/kanika/tb3_ws/install/turtlebot3_teleop:/home/kanika/tb3_ws/install/turtlebot3_example:/opt/ros/jazzy /usr/bin/cmake --install /home/kanika/kanika/build/turtlebot3_bringup
