[0.480s] Invoking command in '/home/kanika/kanika/build/explore_lite': AMENT_PREFIX_PATH=/home/kanika/kanika/install/explore_lite_msgs:${AMENT_PREFIX_PATH} CMAKE_PREFIX_PATH=/home/kanika/kanika/install/explore_lite_msgs:/home/kanika/kanika/install/turtlebot3:/home/kanika/kanika/install/turtlebot3_simulations:/home/kanika/kanika/install/turtlebot3_bringup:/home/kanika/kanika/install/turtlebot3_node:/home/kanika/kanika/install/turtlebot3_navigation2:/home/kanika/kanika/install/turtlebot3_gazebo:/home/kanika/kanika/install/turtlebot3_fake_node:/home/kanika/kanika/install/turtlebot3_description:/home/kanika/kanika/install/turtlebot3_cartographer:/home/kanika/tb3_ws/install/turtlebot3:/home/kanika/tb3_ws/install/turtlebot3_simulations:/home/kanika/tb3_ws/install/turtlebot3_bringup:/home/kanika/tb3_ws/install/turtlebot3_node:/home/kanika/tb3_ws/install/turtlebot3_navigation2:/home/kanika/tb3_ws/install/turtlebot3_gazebo:/home/kanika/tb3_ws/install/turtlebot3_fake_node:/home/kanika/tb3_ws/install/turtlebot3_description:/home/kanika/tb3_ws/install/turtlebot3_cartographer:/opt/ros/jazzy/opt/gz_sim_vendor:/opt/ros/jazzy/opt/gz_sensors_vendor:/opt/ros/jazzy/opt/gz_physics_vendor:/opt/ros/jazzy/opt/sdformat_vendor:/opt/ros/jazzy/opt/gz_gui_vendor:/opt/ros/jazzy/opt/gz_transport_vendor:/opt/ros/jazzy/opt/gz_rendering_vendor:/opt/ros/jazzy/opt/gz_plugin_vendor:/opt/ros/jazzy/opt/gz_fuel_tools_vendor:/opt/ros/jazzy/opt/gz_msgs_vendor:/opt/ros/jazzy/opt/gz_common_vendor:/opt/ros/jazzy/opt/gz_math_vendor:/opt/ros/jazzy/opt/gz_utils_vendor:/opt/ros/jazzy/opt/gz_tools_vendor:/opt/ros/jazzy/opt/gz_ogre_next_vendor:/opt/ros/jazzy/opt/gz_dartsim_vendor:/opt/ros/jazzy/opt/gz_cmake_vendor:/home/kanika/kanika/install/turtlebot3_teleop:/home/kanika/kanika/install/turtlebot3_example:/home/kanika/tb3_ws/install/turtlebot3_teleop:/home/kanika/tb3_ws/install/turtlebot3_example:/opt/ros/jazzy LD_LIBRARY_PATH=/home/kanika/kanika/install/explore_lite_msgs/lib:${LD_LIBRARY_PATH} PYTHONPATH=/home/kanika/kanika/install/explore_lite_msgs/lib/python3.12/site-packages:${PYTHONPATH} /usr/bin/cmake /home/kanika/kanika/src/m-explore-ros2/explore -DAMENT_CMAKE_SYMLINK_INSTALL=1 -DCMAKE_INSTALL_PREFIX=/home/kanika/kanika/install/explore_lite
[1.081s] -- The C compiler identification is GNU 13.3.0
[3.296s] -- The CXX compiler identification is GNU 13.3.0
[4.751s] -- Detecting C compiler ABI info
[5.270s] -- Detecting C compiler ABI info - done
[5.300s] -- Check for working C compiler: /usr/bin/cc - skipped
[5.300s] -- Detecting C compile features
[5.302s] -- Detecting C compile features - done
[5.526s] -- Detecting CXX compiler ABI info
[6.376s] -- Detecting CXX compiler ABI info - done
[6.419s] -- Check for working CXX compiler: /usr/bin/c++ - skipped
[6.422s] -- Detecting CXX compile features
[6.423s] -- Detecting CXX compile features - done
[6.425s] -- BuilD for ROS2: jazzy
[6.446s] -- Found ament_cmake: 2.5.5 (/opt/ros/jazzy/share/ament_cmake/cmake)
[6.997s] -- Found Python3: /usr/bin/python3 (found version "3.12.3") found components: Interpreter 
[7.232s] -- Override CMake install command with custom implementation using symlinks instead of copying resources
[7.452s] -- Found rclcpp: 28.1.16 (/opt/ros/jazzy/share/rclcpp/cmake)
[7.926s] -- Found rosidl_generator_c: 4.6.7 (/opt/ros/jazzy/share/rosidl_generator_c/cmake)
[7.986s] -- Found rosidl_generator_cpp: 4.6.7 (/opt/ros/jazzy/share/rosidl_generator_cpp/cmake)
[8.061s] -- Using all available rosidl_typesupport_c: rosidl_typesupport_fastrtps_c;rosidl_typesupport_introspection_c
[8.139s] -- Using all available rosidl_typesupport_cpp: rosidl_typesupport_fastrtps_cpp;rosidl_typesupport_introspection_cpp
[8.433s] -- Found rmw_implementation_cmake: 7.3.3 (/opt/ros/jazzy/share/rmw_implementation_cmake/cmake)
[8.452s] -- Found rmw_fastrtps_cpp: 8.4.3 (/opt/ros/jazzy/share/rmw_fastrtps_cpp/cmake)
[8.775s] -- Found OpenSSL: /usr/lib/x86_64-linux-gnu/libcrypto.so (found version "3.0.13")  
[9.274s] -- Found FastRTPS: /opt/ros/jazzy/include (Required is at least version "2.13") 
[9.559s] -- Using RMW implementation 'rmw_fastrtps_cpp' as default
[10.115s] -- Found std_msgs: 5.3.6 (/opt/ros/jazzy/share/std_msgs/cmake)
[10.167s] -- Found sensor_msgs: 5.3.6 (/opt/ros/jazzy/share/sensor_msgs/cmake)
[10.292s] -- Found tf2_ros: 0.36.19 (/opt/ros/jazzy/share/tf2_ros/cmake)
[10.756s] -- Found tf2_geometry_msgs: 0.36.19 (/opt/ros/jazzy/share/tf2_geometry_msgs/cmake)
[10.925s] -- Found eigen3_cmake_module: 0.3.0 (/opt/ros/jazzy/share/eigen3_cmake_module/cmake)
[10.929s] -- Found Eigen3: TRUE (found version "3.4.0") 
[10.930s] -- Ensuring Eigen3 include directory is part of orocos-kdl CMake target
[10.951s] -- Found nav2_msgs: 1.3.10 (/opt/ros/jazzy/share/nav2_msgs/cmake)
[11.319s] -- Found map_msgs: 2.4.1 (/opt/ros/jazzy/share/map_msgs/cmake)
[11.415s] -- Found visualization_msgs: 5.3.6 (/opt/ros/jazzy/share/visualization_msgs/cmake)
[11.546s] -- Found nav2_costmap_2d: 1.3.10 (/opt/ros/jazzy/share/nav2_costmap_2d/cmake)
[12.260s] -- Found explore_lite_msgs: 1.0.0 (/home/kanika/kanika/install/explore_lite_msgs/share/explore_lite_msgs/cmake)
[12.306s] -- Found ament_lint_auto: 0.17.4 (/opt/ros/jazzy/share/ament_lint_auto/cmake)
[12.638s] -- Found ament_cmake_gtest: 2.5.5 (/opt/ros/jazzy/share/ament_cmake_gtest/cmake)
[12.655s] -- Found gtest sources under '/opt/ros/jazzy/src/gtest_vendor': C++ tests using 'Google Test' will be built
[12.667s] -- Performing Test CMAKE_HAVE_LIBC_PTHREAD
[13.157s] -- Performing Test CMAKE_HAVE_LIBC_PTHREAD - Success
[13.160s] -- Found Threads: TRUE  
[13.179s] -- Added test 'cppcheck' to perform static code analysis on C / C++ code
[13.181s] -- Configured cppcheck include dirs: /home/kanika/kanika/src/m-explore-ros2/explore/include;$<BUILD_INTERFACE:/home/kanika/kanika/src/m-explore-ros2/explore/include>
[13.181s] -- Configured cppcheck exclude dirs and/or files: 
[13.186s] -- Added test 'flake8' to check Python code syntax and style conventions
[13.187s] -- Configured 'flake8' exclude dirs and/or files: 
[13.191s] -- Added test 'lint_cmake' to check CMake code style
[13.195s] -- Added test 'pep257' to check Python code against some of the docstring style conventions in PEP 257
[13.203s] -- Added test 'uncrustify' to check C / C++ code style
[13.203s] -- Configured uncrustify additional arguments: 
[13.208s] -- Added test 'xmllint' to check XML markup files
[13.225s] -- Configuring done (12.7s)
[13.347s] -- Generating done (0.1s)
[13.371s] -- Build files have been written to: /home/kanika/kanika/build/explore_lite
[13.405s] Invoked command in '/home/kanika/kanika/build/explore_lite' returned '0': AMENT_PREFIX_PATH=/home/kanika/kanika/install/explore_lite_msgs:${AMENT_PREFIX_PATH} CMAKE_PREFIX_PATH=/home/kanika/kanika/install/explore_lite_msgs:/home/kanika/kanika/install/turtlebot3:/home/kanika/kanika/install/turtlebot3_simulations:/home/kanika/kanika/install/turtlebot3_bringup:/home/kanika/kanika/install/turtlebot3_node:/home/kanika/kanika/install/turtlebot3_navigation2:/home/kanika/kanika/install/turtlebot3_gazebo:/home/kanika/kanika/install/turtlebot3_fake_node:/home/kanika/kanika/install/turtlebot3_description:/home/kanika/kanika/install/turtlebot3_cartographer:/home/kanika/tb3_ws/install/turtlebot3:/home/kanika/tb3_ws/install/turtlebot3_simulations:/home/kanika/tb3_ws/install/turtlebot3_bringup:/home/kanika/tb3_ws/install/turtlebot3_node:/home/kanika/tb3_ws/install/turtlebot3_navigation2:/home/kanika/tb3_ws/install/turtlebot3_gazebo:/home/kanika/tb3_ws/install/turtlebot3_fake_node:/home/kanika/tb3_ws/install/turtlebot3_description:/home/kanika/tb3_ws/install/turtlebot3_cartographer:/opt/ros/jazzy/opt/gz_sim_vendor:/opt/ros/jazzy/opt/gz_sensors_vendor:/opt/ros/jazzy/opt/gz_physics_vendor:/opt/ros/jazzy/opt/sdformat_vendor:/opt/ros/jazzy/opt/gz_gui_vendor:/opt/ros/jazzy/opt/gz_transport_vendor:/opt/ros/jazzy/opt/gz_rendering_vendor:/opt/ros/jazzy/opt/gz_plugin_vendor:/opt/ros/jazzy/opt/gz_fuel_tools_vendor:/opt/ros/jazzy/opt/gz_msgs_vendor:/opt/ros/jazzy/opt/gz_common_vendor:/opt/ros/jazzy/opt/gz_math_vendor:/opt/ros/jazzy/opt/gz_utils_vendor:/opt/ros/jazzy/opt/gz_tools_vendor:/opt/ros/jazzy/opt/gz_ogre_next_vendor:/opt/ros/jazzy/opt/gz_dartsim_vendor:/opt/ros/jazzy/opt/gz_cmake_vendor:/home/kanika/kanika/install/turtlebot3_teleop:/home/kanika/kanika/install/turtlebot3_example:/home/kanika/tb3_ws/install/turtlebot3_teleop:/home/kanika/tb3_ws/install/turtlebot3_example:/opt/ros/jazzy LD_LIBRARY_PATH=/home/kanika/kanika/install/explore_lite_msgs/lib:${LD_LIBRARY_PATH} PYTHONPATH=/home/kanika/kanika/install/explore_lite_msgs/lib/python3.12/site-packages:${PYTHONPATH} /usr/bin/cmake /home/kanika/kanika/src/m-explore-ros2/explore -DAMENT_CMAKE_SYMLINK_INSTALL=1 -DCMAKE_INSTALL_PREFIX=/home/kanika/kanika/install/explore_lite
[13.408s] Invoking command in '/home/kanika/kanika/build/explore_lite': AMENT_PREFIX_PATH=/home/kanika/kanika/install/explore_lite_msgs:${AMENT_PREFIX_PATH} CMAKE_PREFIX_PATH=/home/kanika/kanika/install/explore_lite_msgs:/home/kanika/kanika/install/turtlebot3:/home/kanika/kanika/install/turtlebot3_simulations:/home/kanika/kanika/install/turtlebot3_bringup:/home/kanika/kanika/install/turtlebot3_node:/home/kanika/kanika/install/turtlebot3_navigation2:/home/kanika/kanika/install/turtlebot3_gazebo:/home/kanika/kanika/install/turtlebot3_fake_node:/home/kanika/kanika/install/turtlebot3_description:/home/kanika/kanika/install/turtlebot3_cartographer:/home/kanika/tb3_ws/install/turtlebot3:/home/kanika/tb3_ws/install/turtlebot3_simulations:/home/kanika/tb3_ws/install/turtlebot3_bringup:/home/kanika/tb3_ws/install/turtlebot3_node:/home/kanika/tb3_ws/install/turtlebot3_navigation2:/home/kanika/tb3_ws/install/turtlebot3_gazebo:/home/kanika/tb3_ws/install/turtlebot3_fake_node:/home/kanika/tb3_ws/install/turtlebot3_description:/home/kanika/tb3_ws/install/turtlebot3_cartographer:/opt/ros/jazzy/opt/gz_sim_vendor:/opt/ros/jazzy/opt/gz_sensors_vendor:/opt/ros/jazzy/opt/gz_physics_vendor:/opt/ros/jazzy/opt/sdformat_vendor:/opt/ros/jazzy/opt/gz_gui_vendor:/opt/ros/jazzy/opt/gz_transport_vendor:/opt/ros/jazzy/opt/gz_rendering_vendor:/opt/ros/jazzy/opt/gz_plugin_vendor:/opt/ros/jazzy/opt/gz_fuel_tools_vendor:/opt/ros/jazzy/opt/gz_msgs_vendor:/opt/ros/jazzy/opt/gz_common_vendor:/opt/ros/jazzy/opt/gz_math_vendor:/opt/ros/jazzy/opt/gz_utils_vendor:/opt/ros/jazzy/opt/gz_tools_vendor:/opt/ros/jazzy/opt/gz_ogre_next_vendor:/opt/ros/jazzy/opt/gz_dartsim_vendor:/opt/ros/jazzy/opt/gz_cmake_vendor:/home/kanika/kanika/install/turtlebot3_teleop:/home/kanika/kanika/install/turtlebot3_example:/home/kanika/tb3_ws/install/turtlebot3_teleop:/home/kanika/tb3_ws/install/turtlebot3_example:/opt/ros/jazzy LD_LIBRARY_PATH=/home/kanika/kanika/install/explore_lite_msgs/lib:${LD_LIBRARY_PATH} PYTHONPATH=/home/kanika/kanika/install/explore_lite_msgs/lib/python3.12/site-packages:${PYTHONPATH} /usr/bin/cmake --build /home/kanika/kanika/build/explore_lite -- -j8 -l8
[13.560s] [ 20%] [32mBuilding CXX object CMakeFiles/explore.dir/src/frontier_search.cpp.o[0m
[13.560s] [ 20%] [32mBuilding CXX object CMakeFiles/explore.dir/src/explore.cpp.o[0m
[13.565s] [ 40%] [32mBuilding CXX object gtest/CMakeFiles/gtest.dir/src/gtest-all.cc.o[0m
[13.573s] [ 50%] [32mBuilding CXX object CMakeFiles/explore.dir/src/costmap_client.cpp.o[0m
[13.574s] [ 50%] [32mBuilding CXX object gtest/CMakeFiles/gtest_main.dir/src/gtest_main.cc.o[0m
[16.984s] [ 60%] [32m[1mLinking CXX static library libgtest_main.a[0m
[17.101s] [ 60%] Built target gtest_main
[26.817s] [ 70%] [32m[1mLinking CXX static library libgtest.a[0m
[27.015s] [ 70%] Built target gtest
[27.083s] [ 80%] [32mBuilding CXX object CMakeFiles/test_explore.dir/test/test_explore.cpp.o[0m
[30.523s] [ 90%] [32m[1mLinking CXX executable test_explore[0m
[31.105s] [ 90%] Built target test_explore
[48.018s] [100%] [32m[1mLinking CXX executable explore[0m
[50.125s] [100%] Built target explore
[50.160s] Invoked command in '/home/kanika/kanika/build/explore_lite' returned '0': AMENT_PREFIX_PATH=/home/kanika/kanika/install/explore_lite_msgs:${AMENT_PREFIX_PATH} CMAKE_PREFIX_PATH=/home/kanika/kanika/install/explore_lite_msgs:/home/kanika/kanika/install/turtlebot3:/home/kanika/kanika/install/turtlebot3_simulations:/home/kanika/kanika/install/turtlebot3_bringup:/home/kanika/kanika/install/turtlebot3_node:/home/kanika/kanika/install/turtlebot3_navigation2:/home/kanika/kanika/install/turtlebot3_gazebo:/home/kanika/kanika/install/turtlebot3_fake_node:/home/kanika/kanika/install/turtlebot3_description:/home/kanika/kanika/install/turtlebot3_cartographer:/home/kanika/tb3_ws/install/turtlebot3:/home/kanika/tb3_ws/install/turtlebot3_simulations:/home/kanika/tb3_ws/install/turtlebot3_bringup:/home/kanika/tb3_ws/install/turtlebot3_node:/home/kanika/tb3_ws/install/turtlebot3_navigation2:/home/kanika/tb3_ws/install/turtlebot3_gazebo:/home/kanika/tb3_ws/install/turtlebot3_fake_node:/home/kanika/tb3_ws/install/turtlebot3_description:/home/kanika/tb3_ws/install/turtlebot3_cartographer:/opt/ros/jazzy/opt/gz_sim_vendor:/opt/ros/jazzy/opt/gz_sensors_vendor:/opt/ros/jazzy/opt/gz_physics_vendor:/opt/ros/jazzy/opt/sdformat_vendor:/opt/ros/jazzy/opt/gz_gui_vendor:/opt/ros/jazzy/opt/gz_transport_vendor:/opt/ros/jazzy/opt/gz_rendering_vendor:/opt/ros/jazzy/opt/gz_plugin_vendor:/opt/ros/jazzy/opt/gz_fuel_tools_vendor:/opt/ros/jazzy/opt/gz_msgs_vendor:/opt/ros/jazzy/opt/gz_common_vendor:/opt/ros/jazzy/opt/gz_math_vendor:/opt/ros/jazzy/opt/gz_utils_vendor:/opt/ros/jazzy/opt/gz_tools_vendor:/opt/ros/jazzy/opt/gz_ogre_next_vendor:/opt/ros/jazzy/opt/gz_dartsim_vendor:/opt/ros/jazzy/opt/gz_cmake_vendor:/home/kanika/kanika/install/turtlebot3_teleop:/home/kanika/kanika/install/turtlebot3_example:/home/kanika/tb3_ws/install/turtlebot3_teleop:/home/kanika/tb3_ws/install/turtlebot3_example:/opt/ros/jazzy LD_LIBRARY_PATH=/home/kanika/kanika/install/explore_lite_msgs/lib:${LD_LIBRARY_PATH} PYTHONPATH=/home/kanika/kanika/install/explore_lite_msgs/lib/python3.12/site-packages:${PYTHONPATH} /usr/bin/cmake --build /home/kanika/kanika/build/explore_lite -- -j8 -l8
[50.163s] Invoking command in '/home/kanika/kanika/build/explore_lite': AMENT_PREFIX_PATH=/home/kanika/kanika/install/explore_lite_msgs:${AMENT_PREFIX_PATH} CMAKE_PREFIX_PATH=/home/kanika/kanika/install/explore_lite_msgs:/home/kanika/kanika/install/turtlebot3:/home/kanika/kanika/install/turtlebot3_simulations:/home/kanika/kanika/install/turtlebot3_bringup:/home/kanika/kanika/install/turtlebot3_node:/home/kanika/kanika/install/turtlebot3_navigation2:/home/kanika/kanika/install/turtlebot3_gazebo:/home/kanika/kanika/install/turtlebot3_fake_node:/home/kanika/kanika/install/turtlebot3_description:/home/kanika/kanika/install/turtlebot3_cartographer:/home/kanika/tb3_ws/install/turtlebot3:/home/kanika/tb3_ws/install/turtlebot3_simulations:/home/kanika/tb3_ws/install/turtlebot3_bringup:/home/kanika/tb3_ws/install/turtlebot3_node:/home/kanika/tb3_ws/install/turtlebot3_navigation2:/home/kanika/tb3_ws/install/turtlebot3_gazebo:/home/kanika/tb3_ws/install/turtlebot3_fake_node:/home/kanika/tb3_ws/install/turtlebot3_description:/home/kanika/tb3_ws/install/turtlebot3_cartographer:/opt/ros/jazzy/opt/gz_sim_vendor:/opt/ros/jazzy/opt/gz_sensors_vendor:/opt/ros/jazzy/opt/gz_physics_vendor:/opt/ros/jazzy/opt/sdformat_vendor:/opt/ros/jazzy/opt/gz_gui_vendor:/opt/ros/jazzy/opt/gz_transport_vendor:/opt/ros/jazzy/opt/gz_rendering_vendor:/opt/ros/jazzy/opt/gz_plugin_vendor:/opt/ros/jazzy/opt/gz_fuel_tools_vendor:/opt/ros/jazzy/opt/gz_msgs_vendor:/opt/ros/jazzy/opt/gz_common_vendor:/opt/ros/jazzy/opt/gz_math_vendor:/opt/ros/jazzy/opt/gz_utils_vendor:/opt/ros/jazzy/opt/gz_tools_vendor:/opt/ros/jazzy/opt/gz_ogre_next_vendor:/opt/ros/jazzy/opt/gz_dartsim_vendor:/opt/ros/jazzy/opt/gz_cmake_vendor:/home/kanika/kanika/install/turtlebot3_teleop:/home/kanika/kanika/install/turtlebot3_example:/home/kanika/tb3_ws/install/turtlebot3_teleop:/home/kanika/tb3_ws/install/turtlebot3_example:/opt/ros/jazzy LD_LIBRARY_PATH=/home/kanika/kanika/install/explore_lite_msgs/lib:${LD_LIBRARY_PATH} PYTHONPATH=/home/kanika/kanika/install/explore_lite_msgs/lib/python3.12/site-packages:${PYTHONPATH} /usr/bin/cmake --install /home/kanika/kanika/build/explore_lite
[50.182s] -- Install configuration: ""
[50.183s] -- Execute custom install script
[50.186s] -- Symlinking: /home/kanika/kanika/install/explore_lite/include/explore//costmap_client.h
[50.206s] -- Symlinking: /home/kanika/kanika/install/explore_lite/include/explore//costmap_tools.h
[50.224s] -- Symlinking: /home/kanika/kanika/install/explore_lite/include/explore//explore.h
[50.242s] -- Symlinking: /home/kanika/kanika/install/explore_lite/include/explore//frontier_search.h
[50.261s] -- Symlinking: /home/kanika/kanika/install/explore_lite/share/explore_lite/config/params.yaml
[50.274s] -- Symlinking: /home/kanika/kanika/install/explore_lite/share/explore_lite/config/params_costmap.yaml
[50.292s] -- Symlinking: /home/kanika/kanika/install/explore_lite/share/explore_lite/launch/explore.launch.py
[50.335s] -- Symlinking: /home/kanika/kanika/install/explore_lite/lib/explore_lite/explore
[50.367s] -- Symlinking: /home/kanika/kanika/install/explore_lite/share/ament_index/resource_index/package_run_dependencies/explore_lite
[50.391s] -- Symlinking: /home/kanika/kanika/install/explore_lite/share/ament_index/resource_index/parent_prefix_path/explore_lite
[50.412s] -- Symlinking: /home/kanika/kanika/install/explore_lite/share/explore_lite/environment/ament_prefix_path.sh
[50.428s] -- Symlinking: /home/kanika/kanika/install/explore_lite/share/explore_lite/environment/ament_prefix_path.dsv
[50.447s] -- Symlinking: /home/kanika/kanika/install/explore_lite/share/explore_lite/environment/path.sh
[50.466s] -- Symlinking: /home/kanika/kanika/install/explore_lite/share/explore_lite/environment/path.dsv
[50.481s] -- Symlinking: /home/kanika/kanika/install/explore_lite/share/explore_lite/local_setup.bash
[50.502s] -- Symlinking: /home/kanika/kanika/install/explore_lite/share/explore_lite/local_setup.sh
[50.515s] -- Symlinking: /home/kanika/kanika/install/explore_lite/share/explore_lite/local_setup.zsh
[50.529s] -- Symlinking: /home/kanika/kanika/install/explore_lite/share/explore_lite/local_setup.dsv
[50.542s] -- Symlinking: /home/kanika/kanika/install/explore_lite/share/explore_lite/package.dsv
[50.557s] -- Symlinking: /home/kanika/kanika/install/explore_lite/share/ament_index/resource_index/packages/explore_lite
[50.569s] -- Symlinking: /home/kanika/kanika/install/explore_lite/share/explore_lite/cmake/ament_cmake_export_dependencies-extras.cmake
[50.584s] -- Symlinking: /home/kanika/kanika/install/explore_lite/share/explore_lite/cmake/ament_cmake_export_include_directories-extras.cmake
[50.599s] -- Symlinking: /home/kanika/kanika/install/explore_lite/share/explore_lite/cmake/explore_liteConfig.cmake
[50.611s] -- Symlinking: /home/kanika/kanika/install/explore_lite/share/explore_lite/cmake/explore_liteConfig-version.cmake
[50.627s] -- Symlinking: /home/kanika/kanika/install/explore_lite/share/explore_lite/package.xml
[50.646s] Invoked command in '/home/kanika/kanika/build/explore_lite' returned '0': AMENT_PREFIX_PATH=/home/kanika/kanika/install/explore_lite_msgs:${AMENT_PREFIX_PATH} CMAKE_PREFIX_PATH=/home/kanika/kanika/install/explore_lite_msgs:/home/kanika/kanika/install/turtlebot3:/home/kanika/kanika/install/turtlebot3_simulations:/home/kanika/kanika/install/turtlebot3_bringup:/home/kanika/kanika/install/turtlebot3_node:/home/kanika/kanika/install/turtlebot3_navigation2:/home/kanika/kanika/install/turtlebot3_gazebo:/home/kanika/kanika/install/turtlebot3_fake_node:/home/kanika/kanika/install/turtlebot3_description:/home/kanika/kanika/install/turtlebot3_cartographer:/home/kanika/tb3_ws/install/turtlebot3:/home/kanika/tb3_ws/install/turtlebot3_simulations:/home/kanika/tb3_ws/install/turtlebot3_bringup:/home/kanika/tb3_ws/install/turtlebot3_node:/home/kanika/tb3_ws/install/turtlebot3_navigation2:/home/kanika/tb3_ws/install/turtlebot3_gazebo:/home/kanika/tb3_ws/install/turtlebot3_fake_node:/home/kanika/tb3_ws/install/turtlebot3_description:/home/kanika/tb3_ws/install/turtlebot3_cartographer:/opt/ros/jazzy/opt/gz_sim_vendor:/opt/ros/jazzy/opt/gz_sensors_vendor:/opt/ros/jazzy/opt/gz_physics_vendor:/opt/ros/jazzy/opt/sdformat_vendor:/opt/ros/jazzy/opt/gz_gui_vendor:/opt/ros/jazzy/opt/gz_transport_vendor:/opt/ros/jazzy/opt/gz_rendering_vendor:/opt/ros/jazzy/opt/gz_plugin_vendor:/opt/ros/jazzy/opt/gz_fuel_tools_vendor:/opt/ros/jazzy/opt/gz_msgs_vendor:/opt/ros/jazzy/opt/gz_common_vendor:/opt/ros/jazzy/opt/gz_math_vendor:/opt/ros/jazzy/opt/gz_utils_vendor:/opt/ros/jazzy/opt/gz_tools_vendor:/opt/ros/jazzy/opt/gz_ogre_next_vendor:/opt/ros/jazzy/opt/gz_dartsim_vendor:/opt/ros/jazzy/opt/gz_cmake_vendor:/home/kanika/kanika/install/turtlebot3_teleop:/home/kanika/kanika/install/turtlebot3_example:/home/kanika/tb3_ws/install/turtlebot3_teleop:/home/kanika/tb3_ws/install/turtlebot3_example:/opt/ros/jazzy LD_LIBRARY_PATH=/home/kanika/kanika/install/explore_lite_msgs/lib:${LD_LIBRARY_PATH} PYTHONPATH=/home/kanika/kanika/install/explore_lite_msgs/lib/python3.12/site-packages:${PYTHONPATH} /usr/bin/cmake --install /home/kanika/kanika/build/explore_lite
