[2.503s] Invoking command in '/home/kanika/kanika/src/turtlebot3/turtlebot3_teleop': PYTHONPATH=/home/kanika/kanika/build/turtlebot3_teleop/prefix_override:/usr/lib/python3/dist-packages/colcon_core/task/python/colcon_distutils_commands:/home/kanika/kanika/install/turtlebot3_teleop/lib/python3.12/site-packages:${PYTHONPATH} /usr/bin/python3 -W ignore:setup.py install is deprecated -W ignore:easy_install command is deprecated setup.py egg_info --egg-base ../../../build/turtlebot3_teleop build --build-base /home/kanika/kanika/build/turtlebot3_teleop/build install --record /home/kanika/kanika/build/turtlebot3_teleop/install.log --single-version-externally-managed install_data
[3.047s] running egg_info
[3.048s] creating ../../../build/turtlebot3_teleop/turtlebot3_teleop.egg-info
[3.094s] writing ../../../build/turtlebot3_teleop/turtlebot3_teleop.egg-info/PKG-INFO
[3.094s] writing dependency_links to ../../../build/turtlebot3_teleop/turtlebot3_teleop.egg-info/dependency_links.txt
[3.094s] writing entry points to ../../../build/turtlebot3_teleop/turtlebot3_teleop.egg-info/entry_points.txt
[3.094s] writing requirements to ../../../build/turtlebot3_teleop/turtlebot3_teleop.egg-info/requires.txt
[3.094s] writing top-level names to ../../../build/turtlebot3_teleop/turtlebot3_teleop.egg-info/top_level.txt
[3.095s] writing manifest file '../../../build/turtlebot3_teleop/turtlebot3_teleop.egg-info/SOURCES.txt'
[3.192s] reading manifest file '../../../build/turtlebot3_teleop/turtlebot3_teleop.egg-info/SOURCES.txt'
[3.193s] writing manifest file '../../../build/turtlebot3_teleop/turtlebot3_teleop.egg-info/SOURCES.txt'
[3.193s] running build
[3.194s] running build_py
[3.194s] creating /home/kanika/kanika/build/turtlebot3_teleop/build
[3.195s] creating /home/kanika/kanika/build/turtlebot3_teleop/build/lib
[3.196s] creating /home/kanika/kanika/build/turtlebot3_teleop/build/lib/turtlebot3_teleop
[3.196s] copying turtlebot3_teleop/__init__.py -> /home/kanika/kanika/build/turtlebot3_teleop/build/lib/turtlebot3_teleop
[3.196s] creating /home/kanika/kanika/build/turtlebot3_teleop/build/lib/turtlebot3_teleop/script
[3.197s] copying turtlebot3_teleop/script/__init__.py -> /home/kanika/kanika/build/turtlebot3_teleop/build/lib/turtlebot3_teleop/script
[3.197s] copying turtlebot3_teleop/script/teleop_keyboard.py -> /home/kanika/kanika/build/turtlebot3_teleop/build/lib/turtlebot3_teleop/script
[3.198s] running install
[3.209s] running install_lib
[3.253s] creating /home/kanika/kanika/install/turtlebot3_teleop/lib/python3.12/site-packages/turtlebot3_teleop
[3.254s] creating /home/kanika/kanika/install/turtlebot3_teleop/lib/python3.12/site-packages/turtlebot3_teleop/script
[3.255s] copying /home/kanika/kanika/build/turtlebot3_teleop/build/lib/turtlebot3_teleop/script/__init__.py -> /home/kanika/kanika/install/turtlebot3_teleop/lib/python3.12/site-packages/turtlebot3_teleop/script
[3.255s] copying /home/kanika/kanika/build/turtlebot3_teleop/build/lib/turtlebot3_teleop/script/teleop_keyboard.py -> /home/kanika/kanika/install/turtlebot3_teleop/lib/python3.12/site-packages/turtlebot3_teleop/script
[3.255s] copying /home/kanika/kanika/build/turtlebot3_teleop/build/lib/turtlebot3_teleop/__init__.py -> /home/kanika/kanika/install/turtlebot3_teleop/lib/python3.12/site-packages/turtlebot3_teleop
[3.256s] byte-compiling /home/kanika/kanika/install/turtlebot3_teleop/lib/python3.12/site-packages/turtlebot3_teleop/script/__init__.py to __init__.cpython-312.pyc
[3.257s] byte-compiling /home/kanika/kanika/install/turtlebot3_teleop/lib/python3.12/site-packages/turtlebot3_teleop/script/teleop_keyboard.py to teleop_keyboard.cpython-312.pyc
[3.259s] byte-compiling /home/kanika/kanika/install/turtlebot3_teleop/lib/python3.12/site-packages/turtlebot3_teleop/__init__.py to __init__.cpython-312.pyc
[3.260s] running install_data
[3.260s] creating /home/kanika/kanika/install/turtlebot3_teleop/share/ament_index
[3.261s] creating /home/kanika/kanika/install/turtlebot3_teleop/share/ament_index/resource_index
[3.261s] creating /home/kanika/kanika/install/turtlebot3_teleop/share/ament_index/resource_index/packages
[3.261s] copying resource/turtlebot3_teleop -> /home/kanika/kanika/install/turtlebot3_teleop/share/ament_index/resource_index/packages
[3.262s] copying package.xml -> /home/kanika/kanika/install/turtlebot3_teleop/share/turtlebot3_teleop
[3.262s] running install_egg_info
[3.306s] Copying ../../../build/turtlebot3_teleop/turtlebot3_teleop.egg-info to /home/kanika/kanika/install/turtlebot3_teleop/lib/python3.12/site-packages/turtlebot3_teleop-2.3.6-py3.12.egg-info
[3.308s] running install_scripts
[3.564s] Installing teleop_keyboard script to /home/kanika/kanika/install/turtlebot3_teleop/lib/turtlebot3_teleop
[3.565s] writing list of installed files to '/home/kanika/kanika/build/turtlebot3_teleop/install.log'
[3.630s] Invoked command in '/home/kanika/kanika/src/turtlebot3/turtlebot3_teleop' returned '0': PYTHONPATH=/home/kanika/kanika/build/turtlebot3_teleop/prefix_override:/usr/lib/python3/dist-packages/colcon_core/task/python/colcon_distutils_commands:/home/kanika/kanika/install/turtlebot3_teleop/lib/python3.12/site-packages:${PYTHONPATH} /usr/bin/python3 -W ignore:setup.py install is deprecated -W ignore:easy_install command is deprecated setup.py egg_info --egg-base ../../../build/turtlebot3_teleop build --build-base /home/kanika/kanika/build/turtlebot3_teleop/build install --record /home/kanika/kanika/build/turtlebot3_teleop/install.log --single-version-externally-managed install_data
